Initilizing Simulation.
October, 18 2022 - 02:14:39
           ---Quantum System Input Parameters---       

              # Light-Matter Interaction #             
Rabi Frequency (ΩR):                                   0.2 eV

                # Molecular Properties #               
Number of molecules (Nm):                              20000
Average intermolecular distance (a):                   10 nm
Intermolecular distance standard deviation (σa):       0 nm
Average molecular excitation energy (ωM):              2.0 eV
Molecular excitation energy standard deviation (σM):   0 eV

                # Cavity/Wire Properties #               
Number of positive cavity modes (Nc):                  800
Cavity y dimension size (Ly):                          200 nm
Cavity z dimension size (Lz):                          400 nm
y-momentum quantum number (ny):                        1
z-momentum quantum number (nz):                        1
Index of refraction squared (ϵ):                       3.0

Length along x (Nm * a) 200000.00000000 nm

 Minimum Cavity energy:    2.0007863989
 Maximum Cavity energy:    3.4930773910

 # Total System Dimensions: 21601x21601
Memory required for Hamiltonian Matrix: 7.466 Gb | 7465.651 Mb

## Constructing Hamiltonian Matrix
Allocating memory... Done.
Populating diagonal... Done.
Populating off-diagonal... Done.

## Diagonalization
BLAS Config: LBTConfig([ILP64] libmkl_rt.so)
BLAS Number of Threads: 28

Diagonalization started... Done in 21756.82949 seconds.


 --- System Summary

 Molecular Energies (eV)
              ┌                                        ┐ 
   [2.0, 3.0) ┤█████████████████████████████████  20000  
              └                                        ┘ 
                               Frequency                 

 Cavity Energies
                 ┌────────────────────────────────────────┐ 
               4 │⠀⠀⠀⠀⠀⠀⠀⠀⠀⠀⠀⠀⠀⠀⠀⠀⠀⠀⠀⠀⠀⠀⠀⠀⠀⠀⠀⠀⠀⠀⠀⠀⠀⠀⠀⠀⠀⠀⠀⠀│ 
                 │⠀⠀⠀⠀⠀⠀⠀⠀⠀⠀⠀⠀⠀⠀⠀⠀⠀⠀⠀⠀⠀⠀⠀⠀⠀⠀⠀⠀⠀⠀⠀⠀⠀⠀⠀⠀⠀⠀⠀⠀│ 
                 │⠀⠀⠀⠀⠀⠀⠀⠀⠀⠀⠀⠀⠀⠀⠀⠀⠀⠀⠀⠀⠀⠀⠀⠀⠀⠀⠀⠀⠀⠀⠀⠀⠀⠀⠀⠀⠀⠀⠀⠀│ 
                 │⠀⠀⠀⠀⠀⠀⠀⠀⠀⠀⠀⠀⠀⠀⠀⠀⠀⠀⠀⠀⠀⠀⠀⠀⠀⠀⠀⠀⠀⠀⠀⢀⡀⠀⠀⠀⠀⠀⠀⠀│ 
                 │⠀⠀⠀⠀⠀⠀⠀⠀⠀⠀⠀⠀⠀⠀⠀⠀⠀⠀⠀⠀⠀⠀⠀⠀⠀⠀⠀⠀⠀⢀⡴⠋⠀⠀⠀⠀⠀⠀⠀⠀│ 
                 │⠀⠀⠀⠀⠀⠀⠀⠀⠀⠀⠀⠀⠀⠀⠀⠀⠀⠀⠀⠀⠀⠀⠀⠀⠀⠀⠀⢀⡴⠋⠀⠀⠀⠀⠀⠀⠀⠀⠀⠀│ 
                 │⠀⠀⠀⠀⠀⠀⠀⠀⠀⠀⠀⠀⠀⠀⠀⠀⠀⠀⠀⠀⠀⠀⠀⠀⠀⠀⡴⠋⠀⠀⠀⠀⠀⠀⠀⠀⠀⠀⠀⠀│ 
   Energy (ev)   │⠀⠀⠀⠀⠀⠀⠀⠀⠀⠀⠀⠀⠀⠀⠀⠀⠀⠀⠀⠀⠀⠀⠀⠀⣠⠚⠀⠀⠀⠀⠀⠀⠀⠀⠀⠀⠀⠀⠀⠀│ 
                 │⠀⠀⠀⠀⠀⠀⠀⠀⠀⠀⠀⠀⠀⠀⠀⠀⠀⠀⠀⠀⠀⢀⡴⠋⠀⠀⠀⠀⠀⠀⠀⠀⠀⠀⠀⠀⠀⠀⠀⠀│ 
                 │⠀⠀⠀⠀⠀⠀⠀⠀⠀⠀⠀⠀⠀⠀⠀⠀⠀⠀⠀⢀⡴⠋⠀⠀⠀⠀⠀⠀⠀⠀⠀⠀⠀⠀⠀⠀⠀⠀⠀⠀│ 
                 │⠀⠀⠀⠀⠀⠀⠀⠀⠀⠀⠀⠀⠀⠀⠀⠀⠀⣀⠴⠋⠀⠀⠀⠀⠀⠀⠀⠀⠀⠀⠀⠀⠀⠀⠀⠀⠀⠀⠀⠀│ 
                 │⠀⠀⠀⠀⠀⠀⠀⠀⠀⠀⠀⠀⠀⠀⢀⡤⠞⠁⠀⠀⠀⠀⠀⠀⠀⠀⠀⠀⠀⠀⠀⠀⠀⠀⠀⠀⠀⠀⠀⠀│ 
                 │⠀⠀⠀⠀⠀⠀⠀⠀⠀⠀⠀⢀⣠⠖⠋⠀⠀⠀⠀⠀⠀⠀⠀⠀⠀⠀⠀⠀⠀⠀⠀⠀⠀⠀⠀⠀⠀⠀⠀⠀│ 
                 │⠀⠀⠀⠀⠀⠀⠀⠀⣀⡤⠖⠋⠀⠀⠀⠀⠀⠀⠀⠀⠀⠀⠀⠀⠀⠀⠀⠀⠀⠀⠀⠀⠀⠀⠀⠀⠀⠀⠀⠀│ 
               2 │⣀⣀⣀⣀⡤⠴⠒⠋⠁⠀⠀⠀⠀⠀⠀⠀⠀⠀⠀⠀⠀⠀⠀⠀⠀⠀⠀⠀⠀⠀⠀⠀⠀⠀⠀⠀⠀⠀⠀⠀│ 
                 └────────────────────────────────────────┘ 
                 ⠀0⠀⠀⠀⠀⠀⠀⠀⠀⠀⠀⠀⠀⠀⠀⠀⠀⠀⠀⠀⠀⠀⠀⠀⠀⠀⠀⠀⠀⠀⠀⠀⠀⠀⠀⠀2000⠀ 
                 ⠀⠀⠀⠀⠀⠀⠀⠀⠀⠀⠀⠀⠀⠀⠀⠀⠀⠀⠀⠀⠀q⠀⠀⠀⠀⠀⠀⠀⠀⠀⠀⠀⠀⠀⠀⠀⠀⠀⠀⠀⠀ 

 System Eigenenergies
                 ┌────────────────────────────────────────┐ 
               4 │⠀⠀⠀⠀⠀⠀⠀⠀⠀⠀⠀⠀⠀⠀⠀⠀⠀⠀⠀⠀⠀⠀⠀⠀⠀⠀⠀⠀⠀⠀⠀⠀⠀⠀⠀⠀⠀⠀⠀⠀│ 
                 │⠀⠀⠀⠀⠀⠀⠀⠀⠀⠀⠀⠀⠀⠀⠀⠀⠀⠀⠀⠀⠀⠀⠀⠀⠀⠀⠀⠀⠀⠀⠀⠀⠀⠀⠀⠀⠀⠀⠀⠀│ 
                 │⠀⠀⠀⠀⠀⠀⠀⠀⠀⠀⠀⠀⠀⠀⠀⠀⠀⠀⠀⠀⠀⠀⠀⠀⠀⠀⠀⠀⢠⠀⠀⠀⠀⠀⠀⠀⠀⠀⠀⠀│ 
                 │⠀⠀⠀⠀⠀⠀⠀⠀⠀⠀⠀⠀⠀⠀⠀⠀⠀⠀⠀⠀⠀⠀⠀⠀⠀⠀⠀⠀⢸⠀⠀⠀⠀⠀⠀⠀⠀⠀⠀⠀│ 
                 │⠀⠀⠀⠀⠀⠀⠀⠀⠀⠀⠀⠀⠀⠀⠀⠀⠀⠀⠀⠀⠀⠀⠀⠀⠀⠀⠀⠀⡏⠀⠀⠀⠀⠀⠀⠀⠀⠀⠀⠀│ 
                 │⠀⠀⠀⠀⠀⠀⠀⠀⠀⠀⠀⠀⠀⠀⠀⠀⠀⠀⠀⠀⠀⠀⠀⠀⠀⠀⠀⠀⡇⠀⠀⠀⠀⠀⠀⠀⠀⠀⠀⠀│ 
                 │⠀⠀⠀⠀⠀⠀⠀⠀⠀⠀⠀⠀⠀⠀⠀⠀⠀⠀⠀⠀⠀⠀⠀⠀⠀⠀⠀⢠⠇⠀⠀⠀⠀⠀⠀⠀⠀⠀⠀⠀│ 
   Energy (ev)   │⠀⠀⠀⠀⠀⠀⠀⠀⠀⠀⠀⠀⠀⠀⠀⠀⠀⠀⠀⠀⠀⠀⠀⠀⠀⠀⠀⢸⠀⠀⠀⠀⠀⠀⠀⠀⠀⠀⠀⠀│ 
                 │⠀⠀⠀⠀⠀⠀⠀⠀⠀⠀⠀⠀⠀⠀⠀⠀⠀⠀⠀⠀⠀⠀⠀⠀⠀⠀⠀⡞⠀⠀⠀⠀⠀⠀⠀⠀⠀⠀⠀⠀│ 
                 │⠀⠀⠀⠀⠀⠀⠀⠀⠀⠀⠀⠀⠀⠀⢀⣀⣀⣀⣀⣀⣀⣀⣀⣀⣀⣀⣐⠃⠀⠀⠀⠀⠀⠀⠀⠀⠀⠀⠀⠀│ 
                 │⠚⠉⠉⠉⠉⠉⠉⠉⠉⠉⠉⠉⠉⠉⠉⠀⠀⠀⠀⠀⠀⠀⠀⠀⠀⠀⠀⠀⠀⠀⠀⠀⠀⠀⠀⠀⠀⠀⠀⠀│ 
                 │⠀⠀⠀⠀⠀⠀⠀⠀⠀⠀⠀⠀⠀⠀⠀⠀⠀⠀⠀⠀⠀⠀⠀⠀⠀⠀⠀⠀⠀⠀⠀⠀⠀⠀⠀⠀⠀⠀⠀⠀│ 
                 │⠀⠀⠀⠀⠀⠀⠀⠀⠀⠀⠀⠀⠀⠀⠀⠀⠀⠀⠀⠀⠀⠀⠀⠀⠀⠀⠀⠀⠀⠀⠀⠀⠀⠀⠀⠀⠀⠀⠀⠀│ 
                 │⠀⠀⠀⠀⠀⠀⠀⠀⠀⠀⠀⠀⠀⠀⠀⠀⠀⠀⠀⠀⠀⠀⠀⠀⠀⠀⠀⠀⠀⠀⠀⠀⠀⠀⠀⠀⠀⠀⠀⠀│ 
               1 │⠀⠀⠀⠀⠀⠀⠀⠀⠀⠀⠀⠀⠀⠀⠀⠀⠀⠀⠀⠀⠀⠀⠀⠀⠀⠀⠀⠀⠀⠀⠀⠀⠀⠀⠀⠀⠀⠀⠀⠀│ 
                 └────────────────────────────────────────┘ 
                 ⠀0⠀⠀⠀⠀⠀⠀⠀⠀⠀⠀⠀⠀⠀⠀⠀⠀⠀⠀⠀⠀⠀⠀⠀⠀⠀⠀⠀⠀⠀⠀⠀⠀⠀⠀30000⠀ 
                 ⠀⠀⠀⠀⠀⠀⠀⠀⠀⠀⠀⠀⠀Eigenstate index⠀⠀⠀⠀⠀⠀⠀⠀⠀⠀⠀⠀⠀ 


## Time evolution Started

Initial time:     0.0   ps
Final time:       50.000 ps
Time intervals:   0.010 ps

Total Number of steps:  5001

 Displaying results for every 100 steps

Exciton profile at time = 0.0 ps
                    ┌────────────────────────────────────────┐ 
               0.07 │⠀⠀⠀⠀⠀⠀⠀⠀⠀⠀⠀⠀⠀⠀⠀⠀⠀⠀⠀⠀⡀⠀⠀⠀⠀⠀⠀⠀⠀⠀⠀⠀⠀⠀⠀⠀⠀⠀⠀⠀│ 
                    │⠀⠀⠀⠀⠀⠀⠀⠀⠀⠀⠀⠀⠀⠀⠀⠀⠀⠀⠀⢸⡇⠀⠀⠀⠀⠀⠀⠀⠀⠀⠀⠀⠀⠀⠀⠀⠀⠀⠀⠀│ 
                    │⠀⠀⠀⠀⠀⠀⠀⠀⠀⠀⠀⠀⠀⠀⠀⠀⠀⠀⠀⢸⡇⠀⠀⠀⠀⠀⠀⠀⠀⠀⠀⠀⠀⠀⠀⠀⠀⠀⠀⠀│ 
                    │⠀⠀⠀⠀⠀⠀⠀⠀⠀⠀⠀⠀⠀⠀⠀⠀⠀⠀⠀⢸⡇⠀⠀⠀⠀⠀⠀⠀⠀⠀⠀⠀⠀⠀⠀⠀⠀⠀⠀⠀│ 
                    │⠀⠀⠀⠀⠀⠀⠀⠀⠀⠀⠀⠀⠀⠀⠀⠀⠀⠀⠀⢸⡇⠀⠀⠀⠀⠀⠀⠀⠀⠀⠀⠀⠀⠀⠀⠀⠀⠀⠀⠀│ 
                    │⠀⠀⠀⠀⠀⠀⠀⠀⠀⠀⠀⠀⠀⠀⠀⠀⠀⠀⠀⢸⡇⠀⠀⠀⠀⠀⠀⠀⠀⠀⠀⠀⠀⠀⠀⠀⠀⠀⠀⠀│ 
                    │⠀⠀⠀⠀⠀⠀⠀⠀⠀⠀⠀⠀⠀⠀⠀⠀⠀⠀⠀⢸⡇⠀⠀⠀⠀⠀⠀⠀⠀⠀⠀⠀⠀⠀⠀⠀⠀⠀⠀⠀│ 
   Probability      │⠀⠀⠀⠀⠀⠀⠀⠀⠀⠀⠀⠀⠀⠀⠀⠀⠀⠀⠀⢸⡇⠀⠀⠀⠀⠀⠀⠀⠀⠀⠀⠀⠀⠀⠀⠀⠀⠀⠀⠀│ 
                    │⠀⠀⠀⠀⠀⠀⠀⠀⠀⠀⠀⠀⠀⠀⠀⠀⠀⠀⠀⢸⡇⠀⠀⠀⠀⠀⠀⠀⠀⠀⠀⠀⠀⠀⠀⠀⠀⠀⠀⠀│ 
                    │⠀⠀⠀⠀⠀⠀⠀⠀⠀⠀⠀⠀⠀⠀⠀⠀⠀⠀⠀⢸⡇⠀⠀⠀⠀⠀⠀⠀⠀⠀⠀⠀⠀⠀⠀⠀⠀⠀⠀⠀│ 
                    │⠀⠀⠀⠀⠀⠀⠀⠀⠀⠀⠀⠀⠀⠀⠀⠀⠀⠀⠀⢸⡇⠀⠀⠀⠀⠀⠀⠀⠀⠀⠀⠀⠀⠀⠀⠀⠀⠀⠀⠀│ 
                    │⠀⠀⠀⠀⠀⠀⠀⠀⠀⠀⠀⠀⠀⠀⠀⠀⠀⠀⠀⢸⡇⠀⠀⠀⠀⠀⠀⠀⠀⠀⠀⠀⠀⠀⠀⠀⠀⠀⠀⠀│ 
                    │⠀⠀⠀⠀⠀⠀⠀⠀⠀⠀⠀⠀⠀⠀⠀⠀⠀⠀⠀⢸⡇⠀⠀⠀⠀⠀⠀⠀⠀⠀⠀⠀⠀⠀⠀⠀⠀⠀⠀⠀│ 
                    │⠀⠀⠀⠀⠀⠀⠀⠀⠀⠀⠀⠀⠀⠀⠀⠀⠀⠀⠀⢸⡇⠀⠀⠀⠀⠀⠀⠀⠀⠀⠀⠀⠀⠀⠀⠀⠀⠀⠀⠀│ 
                  0 │⣀⣀⣀⣀⣀⣀⣀⣀⣀⣀⣀⣀⣀⣀⣀⣀⣀⣀⣀⣸⣇⣀⣀⣀⣀⣀⣀⣀⣀⣀⣀⣀⣀⣀⣀⣀⣀⣀⣀⣀│ 
                    └────────────────────────────────────────┘ 
                    ⠀0⠀⠀⠀⠀⠀⠀⠀⠀⠀⠀⠀⠀⠀⠀⠀⠀⠀⠀⠀⠀⠀⠀⠀⠀⠀⠀⠀⠀⠀⠀⠀⠀⠀⠀20000⠀ 
                    ⠀⠀⠀⠀⠀⠀⠀⠀⠀⠀⠀⠀⠀⠀⠀⠀⠀Molecule⠀⠀⠀⠀⠀⠀⠀⠀⠀⠀⠀⠀⠀⠀⠀⠀⠀ 

Exciton profile at time = 1.0 ps
                      ┌────────────────────────────────────────┐ 
               0.0007 │⠀⠀⠀⠀⠀⠀⠀⠀⠀⠀⠀⠀⠀⠀⠀⠀⢀⠀⠀⠀⠀⠀⠀⡀⠀⠀⠀⠀⠀⠀⠀⠀⠀⠀⠀⠀⠀⠀⠀⠀│ 
                      │⠀⠀⠀⠀⠀⠀⠀⠀⠀⠀⠀⠀⠀⠀⠀⠀⢸⡆⠀⠀⠀⠀⢠⡇⠀⠀⠀⠀⠀⠀⠀⠀⠀⠀⠀⠀⠀⠀⠀⠀│ 
                      │⠀⠀⠀⠀⠀⠀⠀⠀⠀⠀⠀⠀⠀⠀⠀⠀⢸⡇⠀⢰⡆⠀⢸⡇⠀⠀⠀⠀⠀⠀⠀⠀⠀⠀⠀⠀⠀⠀⠀⠀│ 
                      │⠀⠀⠀⠀⠀⠀⠀⠀⠀⠀⠀⠀⠀⠀⠀⠀⢸⡇⠀⣿⣿⠀⢸⡇⠀⠀⠀⠀⠀⠀⠀⠀⠀⠀⠀⠀⠀⠀⠀⠀│ 
                      │⠀⠀⠀⠀⠀⠀⠀⠀⠀⠀⠀⠀⠀⠀⠀⠀⢸⡇⣸⣿⣿⣇⢸⡇⠀⠀⠀⠀⠀⠀⠀⠀⠀⠀⠀⠀⠀⠀⠀⠀│ 
                      │⠀⠀⠀⠀⠀⠀⠀⠀⠀⠀⠀⠀⠀⠀⠀⠀⢸⣇⣿⣿⣿⣿⣸⡇⠀⠀⠀⠀⠀⠀⠀⠀⠀⠀⠀⠀⠀⠀⠀⠀│ 
                      │⠀⠀⠀⠀⠀⠀⠀⠀⠀⠀⠀⠀⠀⠀⠀⠀⢸⣿⣿⣿⣿⣿⣿⡇⠀⠀⠀⠀⠀⠀⠀⠀⠀⠀⠀⠀⠀⠀⠀⠀│ 
   Probability        │⠀⠀⠀⠀⠀⠀⠀⠀⠀⠀⠀⠀⠀⠀⠀⠀⢸⣿⣿⣿⣿⣿⣿⡇⠀⠀⠀⠀⠀⠀⠀⠀⠀⠀⠀⠀⠀⠀⠀⠀│ 
                      │⠀⠀⠀⠀⠀⠀⠀⠀⠀⠀⠀⠀⠀⠀⠀⠀⢸⣿⣿⣿⣿⣿⣿⡇⠀⠀⠀⠀⠀⠀⠀⠀⠀⠀⠀⠀⠀⠀⠀⠀│ 
                      │⠀⠀⠀⠀⠀⠀⠀⠀⠀⠀⠀⠀⠀⠀⠀⠀⢸⣿⣿⣿⣿⣿⣿⡇⠀⠀⠀⠀⠀⠀⠀⠀⠀⠀⠀⠀⠀⠀⠀⠀│ 
                      │⠀⠀⠀⠀⠀⠀⠀⠀⠀⠀⠀⠀⠀⠀⠀⠀⢸⣿⣿⣿⣿⣿⣿⡇⠀⠀⠀⠀⠀⠀⠀⠀⠀⠀⠀⠀⠀⠀⠀⠀│ 
                      │⠀⠀⠀⠀⠀⠀⠀⠀⠀⠀⠀⠀⠀⠀⠀⠀⢸⣿⣿⣿⣿⣿⣿⡇⠀⠀⠀⠀⠀⠀⠀⠀⠀⠀⠀⠀⠀⠀⠀⠀│ 
                      │⠀⠀⠀⠀⠀⠀⠀⠀⠀⠀⠀⠀⠀⠀⠀⠀⢸⣿⣿⣿⣿⣿⣿⡇⠀⠀⠀⠀⠀⠀⠀⠀⠀⠀⠀⠀⠀⠀⠀⠀│ 
                      │⠀⠀⠀⠀⠀⠀⠀⠀⠀⠀⠀⠀⠀⠀⠀⠀⢸⢻⣿⢹⡏⣿⡟⡇⠀⠀⠀⠀⠀⠀⠀⠀⠀⠀⠀⠀⠀⠀⠀⠀│ 
                    0 │⣀⣀⣀⣀⣀⣀⣀⣀⣀⣀⣀⣀⣀⣀⣀⡤⣼⠈⠉⢸⡇⠉⠁⣧⢤⣀⣀⣀⣀⣀⣀⣀⣀⣀⣀⣀⣀⣀⣀⣀│ 
                      └────────────────────────────────────────┘ 
                      ⠀0⠀⠀⠀⠀⠀⠀⠀⠀⠀⠀⠀⠀⠀⠀⠀⠀⠀⠀⠀⠀⠀⠀⠀⠀⠀⠀⠀⠀⠀⠀⠀⠀⠀⠀20000⠀ 
                      ⠀⠀⠀⠀⠀⠀⠀⠀⠀⠀⠀⠀⠀⠀⠀⠀⠀Molecule⠀⠀⠀⠀⠀⠀⠀⠀⠀⠀⠀⠀⠀⠀⠀⠀⠀ 

Exciton profile at time = 2.0 ps
                      ┌────────────────────────────────────────┐ 
               0.0005 │⠀⠀⠀⠀⠀⠀⠀⠀⠀⠀⠀⠀⠀⠀⠀⠀⠀⠀⠀⠀⠀⠀⠀⠀⠀⠀⠀⠀⠀⠀⠀⠀⠀⠀⠀⠀⠀⠀⠀⠀│ 
                      │⠀⠀⠀⠀⠀⠀⠀⠀⠀⠀⠀⠀⠀⠀⠀⠀⠀⠀⠀⠀⠀⠀⠀⠀⠀⠀⠀⠀⠀⠀⠀⠀⠀⠀⠀⠀⠀⠀⠀⠀│ 
                      │⠀⠀⠀⠀⠀⠀⠀⠀⠀⠀⠀⠀⠀⢀⡄⠀⠀⠀⠀⠀⠀⠀⠀⠀⠀⢠⡀⠀⠀⠀⠀⠀⠀⠀⠀⠀⠀⠀⠀⠀│ 
                      │⠀⠀⠀⠀⠀⠀⠀⠀⠀⠀⠀⠀⠀⢸⡇⠀⠀⠀⠀⠀⠀⠀⠀⠀⠀⢸⡇⠀⠀⠀⠀⠀⠀⠀⠀⠀⠀⠀⠀⠀│ 
                      │⠀⠀⠀⠀⠀⠀⠀⠀⠀⠀⠀⠀⠀⢸⣷⠀⠀⠀⠀⠀⠀⠀⠀⠀⠀⣾⡇⠀⠀⠀⠀⠀⠀⠀⠀⠀⠀⠀⠀⠀│ 
                      │⠀⠀⠀⠀⠀⠀⠀⠀⠀⠀⠀⠀⠀⢸⣿⠀⠀⠀⠀⣄⣠⠀⠀⠀⠀⣿⡇⠀⠀⠀⠀⠀⠀⠀⠀⠀⠀⠀⠀⠀│ 
                      │⠀⠀⠀⠀⠀⠀⠀⠀⠀⠀⠀⠀⠀⢸⣿⡆⠀⠀⢸⣿⣿⡇⠀⠀⢰⣿⡇⠀⠀⠀⠀⠀⠀⠀⠀⠀⠀⠀⠀⠀│ 
   Probability        │⠀⠀⠀⠀⠀⠀⠀⠀⠀⠀⠀⠀⠀⢸⣿⡇⠀⠀⣾⣿⣿⣷⠀⠀⢸⣿⡇⠀⠀⠀⠀⠀⠀⠀⠀⠀⠀⠀⠀⠀│ 
                      │⠀⠀⠀⠀⠀⠀⠀⠀⠀⠀⠀⠀⠀⢸⣿⣇⠀⢰⣿⣿⣿⣿⡆⠀⣸⣿⡇⠀⠀⠀⠀⠀⠀⠀⠀⠀⠀⠀⠀⠀│ 
                      │⠀⠀⠀⠀⠀⠀⠀⠀⠀⠀⠀⠀⠀⢸⣿⣿⠀⣼⣿⣿⣿⣿⣧⠀⣿⣿⡇⠀⠀⠀⠀⠀⠀⠀⠀⠀⠀⠀⠀⠀│ 
                      │⠀⠀⠀⠀⠀⠀⠀⠀⠀⠀⠀⠀⠀⢸⣿⣿⣿⣿⣿⣿⣿⣿⣿⣿⣿⣿⡇⠀⠀⠀⠀⠀⠀⠀⠀⠀⠀⠀⠀⠀│ 
                      │⠀⠀⠀⠀⠀⠀⠀⠀⠀⠀⠀⠀⠀⢸⣿⣿⣿⣿⣿⣿⣿⣿⣿⣿⣿⣿⡇⠀⠀⠀⠀⠀⠀⠀⠀⠀⠀⠀⠀⠀│ 
                      │⠀⠀⠀⠀⠀⠀⠀⠀⠀⠀⠀⠀⠀⡼⣿⣿⣿⣿⣿⣿⣿⣿⣿⣿⣿⣿⢧⠀⠀⠀⠀⠀⠀⠀⠀⠀⠀⠀⠀⠀│ 
                      │⠀⠀⠀⠀⠀⠀⠀⠀⠀⠀⠀⠀⠀⡇⣿⣿⡿⠿⠟⣿⣿⠻⠿⢿⣿⣿⢸⠀⠀⠀⠀⠀⠀⠀⠀⠀⠀⠀⠀⠀│ 
                    0 │⣀⣀⣀⣀⣀⣀⣀⣀⣀⣀⣠⣤⣤⡇⣿⡟⠁⠀⠀⢸⡇⠀⠀⠈⢻⣿⢸⣤⣤⣄⣀⣀⣀⣀⣀⣀⣀⣀⣀⣀│ 
                      └────────────────────────────────────────┘ 
                      ⠀0⠀⠀⠀⠀⠀⠀⠀⠀⠀⠀⠀⠀⠀⠀⠀⠀⠀⠀⠀⠀⠀⠀⠀⠀⠀⠀⠀⠀⠀⠀⠀⠀⠀⠀20000⠀ 
                      ⠀⠀⠀⠀⠀⠀⠀⠀⠀⠀⠀⠀⠀⠀⠀⠀⠀Molecule⠀⠀⠀⠀⠀⠀⠀⠀⠀⠀⠀⠀⠀⠀⠀⠀⠀ 

Exciton profile at time = 3.0 ps
                      ┌────────────────────────────────────────┐ 
               0.0004 │⠀⠀⠀⠀⠀⠀⠀⠀⠀⠀⠀⠀⠀⠀⠀⠀⠀⠀⠀⠀⠀⠀⠀⠀⠀⠀⠀⠀⠀⠀⠀⠀⠀⠀⠀⠀⠀⠀⠀⠀│ 
                      │⠀⠀⠀⠀⠀⠀⠀⠀⠀⠀⢰⠀⠀⠀⠀⠀⠀⠀⠀⠀⠀⠀⠀⠀⠀⠀⠀⠀⠀⡆⠀⠀⠀⠀⠀⠀⠀⠀⠀⠀│ 
                      │⠀⠀⠀⠀⠀⠀⠀⠀⠀⠀⢸⠀⠀⠀⠀⠀⠀⠀⠀⠀⠀⠀⠀⠀⠀⠀⠀⠀⠀⡇⠀⠀⠀⠀⠀⠀⠀⠀⠀⠀│ 
                      │⠀⠀⠀⠀⠀⠀⠀⠀⠀⠀⢸⠀⠀⠀⠀⠀⠀⠀⠀⠀⠀⠀⠀⠀⠀⠀⠀⠀⠀⡇⠀⠀⠀⠀⠀⠀⠀⠀⠀⠀│ 
                      │⠀⠀⠀⠀⠀⠀⠀⠀⠀⠀⢸⠀⠀⠀⠀⠀⠀⠀⠀⡀⢀⠀⠀⠀⠀⠀⠀⠀⠀⡇⠀⠀⠀⠀⠀⠀⠀⠀⠀⠀│ 
                      │⠀⠀⠀⠀⠀⠀⠀⠀⠀⠀⢸⠀⠀⠀⠀⠀⠀⠀⣸⡇⣼⣇⠀⠀⠀⠀⠀⠀⠀⡇⠀⠀⠀⠀⠀⠀⠀⠀⠀⠀│ 
                      │⠀⠀⠀⠀⠀⠀⠀⠀⠀⠀⢸⠀⠀⠀⠀⠀⠀⣾⣿⣷⣿⣿⣷⠀⠀⠀⠀⠀⠀⡇⠀⠀⠀⠀⠀⠀⠀⠀⠀⠀│ 
   Probability        │⠀⠀⠀⠀⠀⠀⠀⠀⠀⠀⢸⠀⠀⢠⣀⣄⣤⣿⣿⣿⣿⣿⣿⣤⣠⣀⡄⠀⠀⡇⠀⠀⠀⠀⠀⠀⠀⠀⠀⠀│ 
                      │⠀⠀⠀⠀⠀⠀⠀⠀⠀⠀⢸⡆⢸⣿⣿⣿⣿⣿⣿⣿⣿⣿⣿⣿⣿⣿⣿⡇⢰⡇⠀⠀⠀⠀⠀⠀⠀⠀⠀⠀│ 
                      │⠀⠀⠀⠀⠀⠀⠀⠀⠀⠀⢸⡇⣿⣿⣿⣿⣿⣿⣿⣿⣿⣿⣿⣿⣿⣿⣿⣿⢸⡇⠀⠀⠀⠀⠀⠀⠀⠀⠀⠀│ 
                      │⠀⠀⠀⠀⠀⠀⠀⠀⠀⠀⢸⡇⣿⣿⣿⣿⣿⣿⣿⣿⣿⣿⣿⣿⣿⣿⣿⣿⢸⡇⠀⠀⠀⠀⠀⠀⠀⠀⠀⠀│ 
                      │⠀⠀⠀⠀⠀⠀⠀⠀⠀⠀⢸⣿⣿⣿⣿⣿⣿⣿⣿⣿⣿⣿⣿⣿⣿⣿⣿⣿⣿⡇⠀⠀⠀⠀⠀⠀⠀⠀⠀⠀│ 
                      │⠀⠀⠀⠀⠀⠀⠀⠀⠀⠀⡾⣿⣿⣿⣿⣿⣿⣿⣿⣿⣿⣿⣿⣿⣿⣿⣿⣿⣿⢷⠀⠀⠀⠀⠀⠀⠀⠀⠀⠀│ 
                      │⠀⠀⠀⠀⠀⠀⠀⠀⠀⠀⡇⣿⣿⣿⣿⣿⣿⣿⣿⣿⣿⣿⣿⣿⣿⣿⣿⣿⣿⢸⠀⠀⠀⠀⠀⠀⠀⠀⠀⠀│ 
                    0 │⣤⣤⣤⣤⣤⣤⣤⣤⣤⣤⡇⡿⣿⣿⣿⣿⣿⣿⣿⣿⣿⣿⣿⣿⣿⣿⣿⣿⢿⢸⣤⣤⣤⣤⣤⣤⣤⣤⣤⣤│ 
                      └────────────────────────────────────────┘ 
                      ⠀0⠀⠀⠀⠀⠀⠀⠀⠀⠀⠀⠀⠀⠀⠀⠀⠀⠀⠀⠀⠀⠀⠀⠀⠀⠀⠀⠀⠀⠀⠀⠀⠀⠀⠀20000⠀ 
                      ⠀⠀⠀⠀⠀⠀⠀⠀⠀⠀⠀⠀⠀⠀⠀⠀⠀Molecule⠀⠀⠀⠀⠀⠀⠀⠀⠀⠀⠀⠀⠀⠀⠀⠀⠀ 

Exciton profile at time = 4.0 ps
                      ┌────────────────────────────────────────┐ 
               0.0004 │⠀⠀⠀⠀⠀⠀⠀⢰⠀⠀⠀⠀⠀⠀⠀⠀⠀⠀⠀⠀⠀⠀⠀⠀⠀⠀⠀⠀⠀⠀⠀⠀⡆⠀⠀⠀⠀⠀⠀⠀│ 
                      │⠀⠀⠀⠀⠀⠀⠀⢸⠀⠀⠀⠀⠀⠀⠀⠀⠀⠀⠀⠀⠀⠀⠀⠀⠀⠀⠀⠀⠀⠀⠀⠀⡇⠀⠀⠀⠀⠀⠀⠀│ 
                      │⠀⠀⠀⠀⠀⠀⠀⢸⠀⠀⠀⠀⠀⠀⠀⠀⠀⠀⠀⠀⠀⠀⠀⠀⠀⠀⠀⠀⠀⠀⠀⠀⡇⠀⠀⠀⠀⠀⠀⠀│ 
                      │⠀⠀⠀⠀⠀⠀⠀⢸⠀⠀⠀⠀⠀⠀⠀⠀⠀⠀⠀⠀⠀⠀⠀⠀⠀⠀⠀⠀⠀⠀⠀⠀⡇⠀⠀⠀⠀⠀⠀⠀│ 
                      │⠀⠀⠀⠀⠀⠀⠀⢸⠀⠀⠀⠀⠀⠀⠀⠀⠀⠀⠀⠀⠀⠀⠀⠀⠀⠀⠀⠀⠀⠀⠀⠀⡇⠀⠀⠀⠀⠀⠀⠀│ 
                      │⠀⠀⠀⠀⠀⠀⠀⣸⠀⠀⠀⠀⠀⠀⠀⠀⠀⠀⠀⠀⠀⠀⠀⠀⠀⠀⠀⠀⠀⠀⠀⠀⣷⠀⠀⠀⠀⠀⠀⠀│ 
                      │⠀⠀⠀⠀⠀⠀⠀⣿⢸⠀⠀⠀⠀⠀⠀⠀⠀⠀⠀⠀⡄⠀⠀⠀⠀⠀⠀⠀⠀⠀⠀⡇⣿⠀⠀⠀⠀⠀⠀⠀│ 
   Probability        │⠀⠀⠀⠀⠀⠀⠀⣿⢸⠀⠀⠀⠀⠀⠀⠀⠀⠀⠀⢰⡇⠀⠀⠀⠀⠀⠀⠀⠀⠀⠀⡇⣿⠀⠀⠀⠀⠀⠀⠀│ 
                      │⠀⠀⠀⠀⠀⠀⠀⣿⣸⡆⠀⠀⢠⣤⡀⡀⠀⠀⠀⢸⡇⠀⠀⠀⢀⢀⣄⡄⠀⠀⢰⣇⣿⠀⠀⠀⠀⠀⠀⠀│ 
                      │⠀⠀⠀⠀⠀⠀⠀⣿⣿⡇⠀⢠⢸⣿⣿⣿⣾⣦⣶⣼⣧⣶⣴⣷⣿⣿⣿⡇⡄⠀⢸⣿⣿⠀⠀⠀⠀⠀⠀⠀│ 
                      │⠀⠀⠀⠀⠀⠀⠀⣿⣿⣇⠀⣾⣿⣿⣿⣿⣿⣿⣿⣿⣿⣿⣿⣿⣿⣿⣿⣿⣷⠀⣸⣿⣿⠀⠀⠀⠀⠀⠀⠀│ 
                      │⠀⠀⠀⠀⠀⠀⠀⣿⣿⣿⣸⣿⣿⣿⣿⣿⣿⣿⣿⣿⣿⣿⣿⣿⣿⣿⣿⣿⣿⣇⣿⣿⣿⠀⠀⠀⠀⠀⠀⠀│ 
                      │⠀⠀⠀⠀⠀⠀⠀⣿⣿⣿⣿⣿⣿⣿⣿⣿⣿⣿⣿⣿⣿⣿⣿⣿⣿⣿⣿⣿⣿⣿⣿⣿⣿⠀⠀⠀⠀⠀⠀⠀│ 
                      │⠀⠀⠀⠀⠀⠀⢀⣿⣿⣿⣿⣿⣿⣿⣿⣿⣿⣿⣿⣿⣿⣿⣿⣿⣿⣿⣿⣿⣿⣿⣿⣿⣿⡀⠀⠀⠀⠀⠀⠀│ 
                    0 │⣦⣶⣶⣶⣶⣶⣾⠏⢿⣿⠿⣿⣿⣿⣿⡿⠿⠃⠈⣿⣿⠁⠘⠿⢿⣿⣿⣿⣿⠿⣿⡿⠹⣷⣶⣶⣶⣶⣶⣴│ 
                      └────────────────────────────────────────┘ 
                      ⠀0⠀⠀⠀⠀⠀⠀⠀⠀⠀⠀⠀⠀⠀⠀⠀⠀⠀⠀⠀⠀⠀⠀⠀⠀⠀⠀⠀⠀⠀⠀⠀⠀⠀⠀20000⠀ 
                      ⠀⠀⠀⠀⠀⠀⠀⠀⠀⠀⠀⠀⠀⠀⠀⠀⠀Molecule⠀⠀⠀⠀⠀⠀⠀⠀⠀⠀⠀⠀⠀⠀⠀⠀⠀ 

Exciton profile at time = 5.0 ps
                      ┌────────────────────────────────────────┐ 
               0.0003 │⠀⠀⠀⠀⡆⠀⠀⠀⠀⠀⠀⠀⠀⠀⠀⠀⠀⠀⠀⠀⠀⠀⠀⠀⠀⠀⠀⠀⠀⠀⠀⠀⠀⠀⠀⢰⠀⠀⠀⠀│ 
                      │⠀⠀⠀⠀⡇⠀⠀⠀⠀⠀⠀⠀⠀⠀⠀⠀⠀⠀⠀⠀⠀⠀⠀⠀⠀⠀⠀⠀⠀⠀⠀⠀⠀⠀⠀⢸⠀⠀⠀⠀│ 
                      │⠀⠀⠀⠀⡇⠀⠀⠀⠀⠀⠀⠀⠀⠀⠀⠀⠀⠀⠀⠀⠀⠀⠀⠀⠀⠀⠀⠀⠀⠀⠀⠀⠀⠀⠀⢸⠀⠀⠀⠀│ 
                      │⠀⠀⠀⠀⣧⠀⠀⠀⠀⠀⠀⠀⠀⠀⠀⠀⠀⠀⠀⢰⡆⠀⠀⠀⠀⠀⠀⠀⠀⠀⠀⠀⠀⠀⠀⣼⠀⠀⠀⠀│ 
                      │⠀⠀⠀⠀⣿⡇⠀⠀⠀⠀⠀⠀⠀⠀⠀⠀⠀⠀⠀⢸⡇⠀⠀⠀⠀⠀⠀⠀⠀⠀⠀⠀⠀⠀⢸⣿⠀⠀⠀⠀│ 
                      │⠀⠀⠀⠀⣿⡇⠀⠀⠀⠀⠀⠀⠀⠀⠀⠀⠀⠀⠀⢸⡇⠀⠀⠀⠀⠀⠀⠀⠀⠀⠀⠀⠀⠀⢸⣿⠀⠀⠀⠀│ 
                      │⠀⠀⠀⠀⣿⣧⠀⢀⡀⠀⠀⠀⠀⠀⠀⠀⠀⠀⣾⣾⣷⣷⠀⠀⠀⠀⠀⠀⠀⠀⠀⢀⡀⠀⣼⣿⠀⠀⠀⠀│ 
   Probability        │⠀⠀⠀⠀⣿⣿⠀⣿⡇⠀⠀⠀⠀⠀⠀⠀⢠⣼⣿⣿⣿⣿⣧⡄⠀⠀⠀⠀⠀⠀⠀⢸⣿⠀⣿⣿⠀⠀⠀⠀│ 
                      │⠀⠀⠀⠀⣿⣿⢸⣿⡇⠀⠀⠀⠀⠀⠀⠀⢸⣿⣿⣿⣿⣿⣿⣧⠀⠀⠀⠀⠀⠀⠀⢸⣿⡇⣿⣿⠀⠀⠀⠀│ 
                      │⠀⠀⠀⠀⣿⣿⣿⣿⣿⠀⠀⠀⠀⠀⢀⣄⣿⣿⣿⣿⣿⣿⣿⣿⣠⡀⠀⠀⠀⠀⠀⣿⣿⣿⣿⣿⠀⠀⠀⠀│ 
                      │⠀⠀⠀⠀⣿⣿⣿⣿⣿⣶⠀⠀⠀⢀⣼⣿⣿⣿⣿⣿⣿⣿⣿⣿⣿⣧⡀⠀⠀⠀⣶⣿⣿⣿⣿⣿⠀⠀⠀⠀│ 
                      │⠀⠀⠀⠀⣿⣿⣿⣿⣿⣿⣷⣴⣤⣿⣿⣿⣿⣿⣿⣿⣿⣿⣿⣿⣿⣿⣿⣤⣦⣼⣿⣿⣿⣿⣿⣿⠀⠀⠀⠀│ 
                      │⠀⠀⠀⠀⣿⣿⣿⣿⣿⣿⣿⣿⣿⣿⣿⣿⣿⣿⣿⣿⣿⣿⣿⣿⣿⣿⣿⣿⣿⣿⣿⣿⣿⣿⣿⣿⠀⠀⠀⠀│ 
                      │⠀⠀⠀⢰⣿⣿⣿⣿⣿⣿⣿⣿⣿⣿⣿⣿⣿⣿⣿⣿⣿⣿⣿⣿⣿⣿⣿⣿⣿⣿⣿⣿⣿⣿⣿⣿⡆⠀⠀⠀│ 
                    0 │⣿⣿⣿⣿⣿⡿⢿⣿⣿⡟⠋⠘⠉⠉⠉⠛⠟⠟⢿⣿⣿⡿⠻⠻⠛⠉⠉⠉⠃⠙⢻⣿⣿⡿⢿⣿⣿⣿⣿⣿│ 
                      └────────────────────────────────────────┘ 
                      ⠀0⠀⠀⠀⠀⠀⠀⠀⠀⠀⠀⠀⠀⠀⠀⠀⠀⠀⠀⠀⠀⠀⠀⠀⠀⠀⠀⠀⠀⠀⠀⠀⠀⠀⠀20000⠀ 
                      ⠀⠀⠀⠀⠀⠀⠀⠀⠀⠀⠀⠀⠀⠀⠀⠀⠀Molecule⠀⠀⠀⠀⠀⠀⠀⠀⠀⠀⠀⠀⠀⠀⠀⠀⠀ 

Exciton profile at time = 6.0 ps
                      ┌────────────────────────────────────────┐ 
               0.0002 │⠀⠀⠀⠀⠀⠀⠀⠀⠀⠀⠀⠀⠀⠀⠀⠀⠀⠀⠀⠀⠀⠀⠀⠀⠀⠀⠀⠀⠀⠀⠀⠀⠀⠀⠀⠀⠀⠀⠀⠀│ 
                      │⠀⣸⠀⠀⠀⠀⠀⠀⠀⠀⠀⠀⠀⠀⠀⠀⠀⠀⠀⠀⠀⠀⠀⠀⠀⠀⠀⠀⠀⠀⠀⠀⠀⠀⠀⠀⠀⠀⣇⠀│ 
                      │⠀⣿⠀⠀⠀⠀⠀⠀⠀⠀⠀⠀⠀⠀⠀⠀⣆⠀⠀⠀⠀⠀⠀⣰⡀⠀⠀⠀⠀⠀⠀⠀⠀⠀⠀⠀⠀⠀⣿⠀│ 
                      │⠀⣿⠀⠀⠀⠀⠀⠀⠀⠀⠀⠀⠀⠀⢰⢀⣿⡄⢸⠀⠀⡇⢠⣿⡇⡆⠀⠀⠀⠀⠀⠀⠀⠀⠀⠀⠀⠀⣿⠀│ 
                      │⠀⣿⡇⠀⠀⠀⢸⡀⠀⠀⠀⠀⠀⡀⣾⢸⣿⣷⣼⣼⣧⣧⣾⣿⡇⣷⢀⠀⠀⠀⠀⠀⢀⡇⠀⠀⠀⢸⣿⠀│ 
                      │⠀⣿⡇⡄⠀⠀⢸⡇⡄⠀⡆⠀⡄⡇⣿⣸⣿⣿⣿⣿⣿⣿⣿⣿⣇⣿⢸⢠⠀⢰⠀⢠⢸⡇⠀⠀⢠⢸⣿⠀│ 
                      │⠀⣿⡇⡇⠀⠀⣾⣧⣷⡆⣷⡆⣷⣧⣿⣿⣿⣿⣿⣿⣿⣿⣿⣿⣿⣿⣼⣾⢰⣾⢰⣾⣼⣷⠀⠀⢸⢸⣿⡄│ 
   Probability        │⢸⣿⣇⡇⠀⠀⣿⣿⣿⣧⣿⣿⣿⣿⣿⣿⣿⣿⣿⣿⣿⣿⣿⣿⣿⣿⣿⣿⣿⣿⣼⣿⣿⣿⠀⠀⢸⣸⣿⡇│ 
                      │⢸⣿⣿⣿⠀⣦⣿⣿⣿⣿⣿⣿⣿⣿⣿⣿⣿⣿⣿⣿⣿⣿⣿⣿⣿⣿⣿⣿⣿⣿⣿⣿⣿⣿⣴⠀⣿⣿⣿⡇│ 
                      │⢸⣿⣿⣿⣤⣿⣿⣿⣿⣿⣿⣿⣿⣿⣿⣿⣿⣿⣿⣿⣿⣿⣿⣿⣿⣿⣿⣿⣿⣿⣿⣿⣿⣿⣿⣤⣿⣿⣿⡇│ 
                      │⢸⢸⣿⣿⣿⣿⣿⣿⣿⣿⣿⣿⣿⣿⣿⣿⣿⣿⣿⣿⣿⣿⣿⣿⣿⣿⣿⣿⣿⣿⣿⣿⣿⣿⣿⣿⣿⣿⡇⡇│ 
                      │⢸⢸⣿⣿⣿⣿⣿⣿⣿⣿⣿⣿⣿⣿⣿⣿⣿⣿⣿⣿⣿⣿⣿⣿⣿⣿⣿⣿⣿⣿⣿⣿⣿⣿⣿⣿⣿⣿⡇⡇│ 
                      │⢸⢸⣿⣿⣿⣿⣿⣿⣿⣿⣿⣿⣿⣿⣿⣿⣿⣿⣿⣿⣿⣿⣿⣿⣿⣿⣿⣿⣿⣿⣿⣿⣿⣿⣿⣿⣿⣿⡇⡇│ 
                      │⣼⢸⣿⣿⣿⣿⣿⣿⣿⣿⣿⣿⣿⣿⣿⣿⣿⣿⣿⣿⣿⣿⣿⣿⣿⣿⣿⣿⣿⣿⣿⣿⣿⣿⣿⣿⣿⣿⡇⣧│ 
                    0 │⣿⢸⣿⢻⡿⣿⣿⣿⣿⣿⣿⣿⣿⣿⣿⣿⣿⣿⣿⣿⣿⣿⣿⣿⣿⣿⣿⣿⣿⣿⣿⣿⣿⣿⣿⢿⡟⣿⡇⣿│ 
                      └────────────────────────────────────────┘ 
                      ⠀0⠀⠀⠀⠀⠀⠀⠀⠀⠀⠀⠀⠀⠀⠀⠀⠀⠀⠀⠀⠀⠀⠀⠀⠀⠀⠀⠀⠀⠀⠀⠀⠀⠀⠀20000⠀ 
                      ⠀⠀⠀⠀⠀⠀⠀⠀⠀⠀⠀⠀⠀⠀⠀⠀⠀Molecule⠀⠀⠀⠀⠀⠀⠀⠀⠀⠀⠀⠀⠀⠀⠀⠀⠀ 

Exciton profile at time = 7.0 ps
                      ┌────────────────────────────────────────┐ 
               0.0006 │⠀⠀⠀⠀⠀⠀⠀⠀⠀⠀⠀⠀⠀⠀⠀⠀⠀⠀⠀⠀⠀⠀⠀⠀⠀⠀⠀⠀⠀⠀⠀⠀⠀⠀⠀⠀⠀⠀⠀⠀│ 
                      │⠀⠀⠀⠀⠀⠀⠀⠀⠀⠀⠀⠀⠀⠀⠀⠀⠀⠀⠀⠀⠀⠀⠀⠀⠀⠀⠀⠀⠀⠀⠀⠀⠀⠀⠀⠀⠀⠀⠀⠀│ 
                      │⠀⢸⠀⠀⠀⠀⠀⠀⠀⠀⠀⠀⠀⠀⠀⠀⠀⠀⠀⠀⠀⠀⠀⠀⠀⠀⠀⠀⠀⠀⠀⠀⠀⠀⠀⠀⠀⠀⡇⠀│ 
                      │⠀⢸⠀⠀⠀⠀⠀⠀⠀⠀⠀⠀⠀⠀⠀⠀⠀⠀⠀⠀⠀⠀⠀⠀⠀⠀⠀⠀⠀⠀⠀⠀⠀⠀⠀⠀⠀⠀⡇⠀│ 
                      │⡄⢸⠀⠀⠀⠀⠀⠀⠀⠀⠀⠀⠀⠀⠀⠀⠀⠀⠀⠀⠀⠀⠀⠀⠀⠀⠀⠀⠀⠀⠀⠀⠀⠀⠀⠀⠀⠀⡇⢠│ 
                      │⡇⢸⠀⠀⠀⠀⠀⠀⠀⠀⠀⠀⠀⠀⠀⠀⠀⠀⠀⠀⠀⠀⠀⠀⠀⠀⠀⠀⠀⠀⠀⠀⠀⠀⠀⠀⠀⠀⡇⢸│ 
                      │⡇⣿⡄⠀⠀⠀⠀⠀⠀⠀⠀⠀⠀⠀⠀⠀⠀⠀⠀⠀⠀⠀⠀⠀⠀⠀⠀⠀⠀⠀⠀⠀⠀⠀⠀⠀⠀⢠⣿⢸│ 
   Probability        │⡇⣿⡇⠀⠀⠀⠀⠀⠀⠀⠀⠀⠀⠀⠀⠀⠀⠀⠀⠀⠀⠀⠀⠀⠀⠀⠀⠀⠀⠀⠀⠀⠀⠀⠀⠀⠀⢸⣿⢸│ 
                      │⣇⣿⡇⠀⠀⠀⠀⠀⠀⠀⠀⠀⠀⠀⠀⠀⠀⠀⠀⠀⠀⠀⠀⠀⠀⠀⠀⠀⠀⠀⠀⠀⠀⠀⠀⠀⠀⢸⣿⣸│ 
                      │⣿⣿⡇⠀⠀⠀⠀⠀⠀⠀⠀⠀⠀⠀⠀⠀⠀⠀⠀⠀⠀⠀⠀⠀⠀⠀⠀⠀⠀⠀⠀⠀⠀⠀⠀⠀⠀⢸⣿⣿│ 
                      │⣿⣿⡇⠀⠀⠀⠀⠀⠀⠀⠀⠀⠀⠀⠀⠀⠀⠀⠀⠀⠀⠀⠀⠀⠀⠀⠀⠀⠀⠀⠀⠀⠀⠀⠀⠀⠀⢸⣿⣿│ 
                      │⣿⣿⡇⠀⠀⠀⠀⣀⢠⠀⣰⢀⠀⠀⠀⠀⠀⠀⠀⠀⠀⠀⠀⠀⠀⠀⠀⠀⡀⣆⠀⡄⣀⠀⠀⠀⠀⢸⣿⣿│ 
                      │⣿⣿⣇⠀⢰⣤⣿⣿⣿⣷⣿⣿⣴⣼⣴⣦⣤⣀⣄⢰⡆⣠⣀⣤⣴⣦⣷⣦⣿⣿⣾⣿⣿⣿⣤⡆⠀⣸⣿⣿│ 
                      │⣿⣿⣿⣶⣿⣿⣿⣿⣿⣿⣿⣿⣿⣿⣿⣿⣿⣿⣿⣼⣧⣿⣿⣿⣿⣿⣿⣿⣿⣿⣿⣿⣿⣿⣿⣿⣶⣿⣿⣿│ 
                    0 │⣿⣿⣿⣿⣿⣿⣿⣿⣿⣿⣿⣿⣿⣿⣿⣿⡿⣿⣿⣿⣿⣿⣿⢿⣿⣿⣿⣿⣿⣿⣿⣿⣿⣿⣿⣿⣿⣿⣿⣿│ 
                      └────────────────────────────────────────┘ 
                      ⠀0⠀⠀⠀⠀⠀⠀⠀⠀⠀⠀⠀⠀⠀⠀⠀⠀⠀⠀⠀⠀⠀⠀⠀⠀⠀⠀⠀⠀⠀⠀⠀⠀⠀⠀20000⠀ 
                      ⠀⠀⠀⠀⠀⠀⠀⠀⠀⠀⠀⠀⠀⠀⠀⠀⠀Molecule⠀⠀⠀⠀⠀⠀⠀⠀⠀⠀⠀⠀⠀⠀⠀⠀⠀ 

Exciton profile at time = 8.0 ps
                      ┌────────────────────────────────────────┐ 
               0.0004 │⠀⠀⠀⠀⠀⠀⠀⠀⠀⠀⠀⠀⠀⠀⠀⠀⠀⠀⠀⠀⠀⠀⠀⠀⠀⠀⠀⠀⠀⠀⠀⠀⠀⠀⠀⠀⠀⠀⠀⠀│ 
                      │⠀⠀⠀⠀⠀⠀⠀⠀⠀⠀⠀⠀⠀⠀⠀⠀⠀⠀⠀⠀⠀⠀⠀⠀⠀⠀⠀⠀⠀⠀⠀⠀⠀⠀⠀⠀⠀⠀⠀⠀│ 
                      │⠀⠀⠀⠀⢸⠀⠀⠀⠀⠀⠀⠀⠀⠀⠀⠀⠀⠀⠀⠀⠀⠀⠀⠀⠀⠀⠀⠀⠀⠀⠀⠀⠀⠀⠀⡇⠀⠀⠀⠀│ 
                      │⡄⠀⡇⠀⢸⠀⠀⠀⠀⠀⠀⠀⠀⠀⠀⠀⠀⠀⠀⠀⠀⠀⠀⠀⠀⠀⠀⠀⠀⠀⠀⠀⠀⠀⠀⡇⠀⢸⠀⢠│ 
                      │⡇⠀⡇⠀⢸⡆⠀⠀⠀⠀⠀⠀⠀⠀⠀⠀⠀⠀⠀⠀⠀⠀⠀⠀⠀⠀⠀⠀⠀⠀⠀⠀⠀⠀⢰⡇⠀⢸⠀⢸│ 
                      │⣷⠀⡇⢠⣼⡇⠀⠀⠀⠀⠀⠀⠀⠀⠀⠀⠀⠀⠀⠀⠀⠀⠀⠀⠀⠀⠀⠀⠀⠀⠀⠀⠀⠀⢸⣧⡄⢸⠀⣾│ 
                      │⣿⢀⡇⢸⣿⡇⠀⠀⠀⠀⠀⠀⠀⠀⠀⠀⠀⠀⠀⠀⠀⠀⠀⠀⠀⠀⠀⠀⠀⠀⠀⠀⠀⠀⢸⣿⡇⢸⡀⣿│ 
   Probability        │⣿⣼⣷⢸⣿⡇⠀⠀⠀⠀⠀⠀⠀⠀⠀⠀⠀⠀⠀⢠⡄⠀⠀⠀⠀⠀⠀⠀⠀⠀⠀⠀⠀⠀⢸⣿⡇⣾⣧⣿│ 
                      │⣿⣿⣿⢸⣿⡇⠀⠀⠀⠀⠀⠀⠀⠀⠀⠀⠀⠀⢀⢸⡇⡀⠀⠀⠀⠀⠀⠀⠀⠀⠀⠀⠀⠀⢸⣿⡇⣿⣿⣿│ 
                      │⣿⣿⣿⣼⣿⡇⠀⠀⠀⠀⠀⠀⠀⠀⠀⠀⠀⣧⣸⢸⡇⣇⣼⠀⠀⠀⠀⠀⠀⠀⠀⠀⠀⠀⢸⣿⣧⣿⣿⣿│ 
                      │⣿⣿⣿⣿⣿⡇⠀⠀⠀⠀⠀⠀⠀⠀⣀⣆⡇⣿⣿⢸⡇⣿⣿⣼⣰⣀⠀⠀⠀⠀⠀⠀⠀⠀⢸⣿⣿⣿⣿⣿│ 
                      │⣿⣿⣿⣿⣿⣿⢀⡀⠀⠀⡀⠀⢰⣸⣿⣿⣿⣿⣿⢸⡇⣿⣿⣿⣿⣿⣇⡆⠀⢀⠀⠀⢀⡀⣿⣿⣿⣿⣿⣿│ 
                      │⣿⣿⣿⣿⣿⣿⣼⣿⣾⣶⣷⣴⣸⣿⣿⣿⣿⣿⣿⣿⣿⣿⣿⣿⣿⣿⣿⣇⣦⣾⣶⣷⣿⣧⣿⣿⣿⣿⣿⣿│ 
                      │⣿⣿⣿⣿⣿⣿⣿⣿⣿⣿⣿⣿⣿⣿⣿⣿⣿⣿⣿⣿⣿⣿⣿⣿⣿⣿⣿⣿⣿⣿⣿⣿⣿⣿⣿⣿⣿⣿⣿⣿│ 
                    0 │⣿⣿⣿⣿⣿⣿⣿⣿⠿⣿⠿⡿⢿⣿⣿⣿⣿⣿⣿⣿⣿⣿⣿⣿⣿⣿⣿⡿⢿⠿⣿⠿⣿⣿⣿⣿⣿⣿⣿⣿│ 
                      └────────────────────────────────────────┘ 
                      ⠀0⠀⠀⠀⠀⠀⠀⠀⠀⠀⠀⠀⠀⠀⠀⠀⠀⠀⠀⠀⠀⠀⠀⠀⠀⠀⠀⠀⠀⠀⠀⠀⠀⠀⠀20000⠀ 
                      ⠀⠀⠀⠀⠀⠀⠀⠀⠀⠀⠀⠀⠀⠀⠀⠀⠀Molecule⠀⠀⠀⠀⠀⠀⠀⠀⠀⠀⠀⠀⠀⠀⠀⠀⠀ 

Exciton profile at time = 9.0 ps
                      ┌────────────────────────────────────────┐ 
               0.0004 │⠀⠀⠀⠀⠀⠀⠀⠀⡄⠀⠀⠀⠀⠀⠀⠀⠀⠀⠀⠀⠀⠀⠀⠀⠀⠀⠀⠀⠀⠀⠀⢠⠀⠀⠀⠀⠀⠀⠀⠀│ 
                      │⠀⠀⠀⠀⠀⠀⠀⠀⡇⠀⠀⠀⠀⠀⠀⠀⠀⠀⠀⠀⠀⠀⠀⠀⠀⠀⠀⠀⠀⠀⠀⢸⠀⠀⠀⠀⠀⠀⠀⠀│ 
                      │⠀⠀⠀⠀⠀⠀⠀⠀⡇⠀⠀⠀⠀⠀⠀⠀⠀⠀⠀⠀⠀⠀⠀⠀⠀⠀⠀⠀⠀⠀⠀⢸⠀⠀⠀⠀⠀⠀⠀⠀│ 
                      │⠀⠀⠀⠀⠀⠀⠀⠀⡇⠀⠀⠀⠀⠀⠀⠀⠀⠀⠀⠀⠀⠀⠀⠀⠀⠀⠀⠀⠀⠀⠀⢸⠀⠀⠀⠀⠀⠀⠀⠀│ 
                      │⠀⠀⠀⠀⠀⠀⠀⢰⡇⠀⠀⠀⠀⠀⠀⠀⠀⠀⠀⠀⠀⠀⠀⠀⠀⠀⠀⠀⠀⠀⠀⢸⡆⠀⠀⠀⠀⠀⠀⠀│ 
                      │⠀⠀⠀⠀⠀⠀⠀⣾⡇⠀⠀⠀⠀⠀⠀⠀⠀⠀⠀⠀⠀⠀⠀⠀⠀⠀⠀⠀⠀⠀⠀⢸⣷⠀⠀⠀⠀⠀⠀⠀│ 
                      │⠀⠀⠀⠀⠀⠀⠀⣿⡇⠀⠀⠀⠀⠀⠀⠀⠀⠀⠀⠀⠀⠀⠀⠀⠀⠀⠀⠀⠀⠀⠀⢸⣿⠀⠀⠀⠀⠀⠀⠀│ 
   Probability        │⣾⠀⠀⠀⠀⠀⢠⣿⡇⠀⠀⠀⠀⠀⠀⠀⠀⠀⠀⢀⡀⠀⠀⠀⠀⠀⠀⠀⠀⠀⠀⢸⣿⡄⠀⠀⠀⠀⠀⣷│ 
                      │⣿⡄⠀⠀⡇⢸⣿⣿⡇⠀⠀⠀⠀⠀⠀⠀⠀⠀⠀⢸⡇⠀⠀⠀⠀⠀⠀⠀⠀⠀⠀⢸⣿⣿⡇⢸⠀⠀⢠⣿│ 
                      │⣿⣿⢀⣸⣇⢸⣿⣿⡇⠀⠀⠀⠀⢠⠀⠀⠀⠀⠀⢸⡇⠀⠀⠀⠀⠀⡄⠀⠀⠀⠀⢸⣿⣿⡇⣸⣇⡀⣿⣿│ 
                      │⣿⣿⣿⣿⣿⣾⣿⣿⣷⠀⡆⢸⢠⣸⣿⣀⣴⣆⡀⢸⡇⢀⣰⣦⣀⣿⣇⡄⡇⢰⠀⣾⣿⣿⣷⣿⣿⣿⣿⣿│ 
                      │⣿⣿⣿⣿⣿⣿⣿⣿⣿⣰⣧⣾⣿⣿⣿⣿⣿⣿⣿⢸⡇⣿⣿⣿⣿⣿⣿⣿⣷⣼⣆⣿⣿⣿⣿⣿⣿⣿⣿⣿│ 
                      │⣿⣿⣿⣿⣿⣿⣿⣿⣿⣿⣿⣿⣿⣿⣿⣿⣿⣿⣿⣾⣷⣿⣿⣿⣿⣿⣿⣿⣿⣿⣿⣿⣿⣿⣿⣿⣿⣿⣿⣿│ 
                      │⣿⣿⣿⣿⣿⣿⣿⣿⣿⣿⣿⣿⣿⣿⣿⣿⣿⣿⣿⣿⣿⣿⣿⣿⣿⣿⣿⣿⣿⣿⣿⣿⣿⣿⣿⣿⣿⣿⣿⣿│ 
                    0 │⣿⣿⣿⣿⣿⣿⣿⣿⣿⣿⣿⣿⣿⣿⣿⣿⣿⣿⣿⣿⣿⣿⣿⣿⣿⣿⣿⣿⣿⣿⣿⣿⣿⣿⣿⣿⣿⣿⣿⣿│ 
                      └────────────────────────────────────────┘ 
                      ⠀0⠀⠀⠀⠀⠀⠀⠀⠀⠀⠀⠀⠀⠀⠀⠀⠀⠀⠀⠀⠀⠀⠀⠀⠀⠀⠀⠀⠀⠀⠀⠀⠀⠀⠀20000⠀ 
                      ⠀⠀⠀⠀⠀⠀⠀⠀⠀⠀⠀⠀⠀⠀⠀⠀⠀Molecule⠀⠀⠀⠀⠀⠀⠀⠀⠀⠀⠀⠀⠀⠀⠀⠀⠀ 

Exciton profile at time = 10.0 ps
                      ┌────────────────────────────────────────┐ 
               0.0004 │⠀⠀⠀⠀⠀⠀⠀⠀⠀⠀⠀⡀⠀⠀⠀⠀⠀⠀⠀⠀⠀⠀⠀⠀⠀⠀⠀⠀⢀⠀⠀⠀⠀⠀⠀⠀⠀⠀⠀⠀│ 
                      │⠀⠀⠀⠀⠀⠀⠀⠀⠀⠀⠀⡇⠀⠀⠀⠀⠀⠀⠀⠀⠀⠀⠀⠀⠀⠀⠀⠀⢸⠀⠀⠀⠀⠀⠀⠀⠀⠀⠀⠀│ 
                      │⠀⠀⠀⠀⠀⠀⠀⠀⠀⠀⠀⡇⠀⠀⠀⠀⠀⠀⠀⠀⠀⠀⠀⠀⠀⠀⠀⠀⢸⠀⠀⠀⠀⠀⠀⠀⠀⠀⠀⠀│ 
                      │⠀⠀⠀⠀⠀⠀⠀⠀⠀⠀⢸⡇⠀⠀⠀⠀⠀⠀⠀⠀⠀⠀⠀⠀⠀⠀⠀⠀⢸⡇⠀⠀⠀⠀⠀⠀⠀⠀⠀⠀│ 
                      │⠀⠀⠀⠀⠀⠀⠀⢠⠀⠀⢸⡇⠀⠀⠀⠀⠀⠀⠀⠀⠀⠀⠀⠀⠀⠀⠀⠀⢸⡇⠀⠀⡄⠀⠀⠀⠀⠀⠀⠀│ 
                      │⠀⠀⠀⠀⠀⢠⠀⢸⠀⡇⣸⣿⠀⠀⠀⠀⠀⠀⠀⠀⠀⠀⠀⠀⠀⠀⠀⠀⢸⣇⢸⠀⡇⠀⡄⠀⠀⠀⠀⠀│ 
                      │⠀⠀⠀⠀⠀⣼⠀⣾⠀⣷⣿⣿⠀⠀⠀⠀⠀⠀⠀⠀⠀⠀⠀⠀⠀⠀⠀⠀⣾⣿⣾⠀⣷⠀⣧⠀⠀⠀⠀⠀│ 
   Probability        │⣿⠀⠀⠀⠀⣿⠀⣿⣦⣿⣿⣿⠀⠀⠀⠀⠀⠀⠀⠀⠀⠀⠀⠀⠀⠀⠀⠀⣿⣿⣿⣴⣿⠀⣿⠀⠀⠀⠀⣿│ 
                      │⣿⠀⡆⢸⣷⣿⣆⣿⣿⣿⣿⣿⠀⠀⠀⠀⠀⠀⠀⠀⠀⠀⠀⠀⠀⠀⠀⠀⣿⣿⣿⣿⣿⣰⣿⣾⡇⢰⠀⣿│ 
                      │⣿⣤⡇⣼⣿⣿⣿⣿⣿⣿⣿⣿⠀⠀⠀⠀⠀⠀⠀⠀⠀⠀⠀⠀⠀⠀⠀⠀⣿⣿⣿⣿⣿⣿⣿⣿⣧⢸⣤⣿│ 
                      │⣿⣿⣿⣿⣿⣿⣿⣿⣿⣿⣿⣿⠀⠀⠀⠀⠀⠀⠀⠀⠀⠀⠀⠀⠀⠀⠀⠀⣿⣿⣿⣿⣿⣿⣿⣿⣿⣿⣿⣿│ 
                      │⣿⣿⣿⣿⣿⣿⣿⣿⣿⣿⣿⣿⡀⡀⠀⡀⠀⠀⠀⢸⡇⠀⠀⠀⢀⠀⢀⢀⣿⣿⣿⣿⣿⣿⣿⣿⣿⣿⣿⣿│ 
                      │⣿⣿⣿⣿⣿⣿⣿⣿⣿⣿⣿⣿⣿⣷⣶⣷⣧⣼⣄⢸⡇⣠⣧⣼⣾⣶⣾⣿⣿⣿⣿⣿⣿⣿⣿⣿⣿⣿⣿⣿│ 
                      │⣿⣿⣿⣿⣿⣿⣿⣿⣿⣿⣿⣿⣿⣿⣿⣿⣿⣿⣿⢸⡇⣿⣿⣿⣿⣿⣿⣿⣿⣿⣿⣿⣿⣿⣿⣿⣿⣿⣿⣿│ 
                    0 │⣿⣿⣿⣿⣿⣿⣿⣿⣿⣿⣿⢿⣿⣿⣿⣿⣿⣿⣿⣾⣷⣿⣿⣿⣿⣿⣿⣿⡿⣿⣿⣿⣿⣿⣿⣿⣿⣿⣿⣿│ 
                      └────────────────────────────────────────┘ 
                      ⠀0⠀⠀⠀⠀⠀⠀⠀⠀⠀⠀⠀⠀⠀⠀⠀⠀⠀⠀⠀⠀⠀⠀⠀⠀⠀⠀⠀⠀⠀⠀⠀⠀⠀⠀20000⠀ 
                      ⠀⠀⠀⠀⠀⠀⠀⠀⠀⠀⠀⠀⠀⠀⠀⠀⠀Molecule⠀⠀⠀⠀⠀⠀⠀⠀⠀⠀⠀⠀⠀⠀⠀⠀⠀ 

Exciton profile at time = 11.0 ps
                      ┌────────────────────────────────────────┐ 
               0.0004 │⠀⠀⠀⠀⠀⠀⠀⠀⠀⠀⠀⠀⠀⠀⠀⠀⠀⠀⠀⠀⠀⠀⠀⠀⠀⠀⠀⠀⠀⠀⠀⠀⠀⠀⠀⠀⠀⠀⠀⠀│ 
                      │⠀⠀⠀⠀⠀⠀⠀⠀⠀⠀⠀⠀⠀⠀⡄⠀⠀⠀⠀⠀⠀⠀⠀⠀⠀⢠⠀⠀⠀⠀⠀⠀⠀⠀⠀⠀⠀⠀⠀⠀│ 
                      │⠀⠀⠀⠀⠀⠀⠀⠀⠀⠀⠀⠀⠀⠀⡇⠀⠀⠀⠀⠀⠀⠀⠀⠀⠀⢸⠀⠀⠀⠀⠀⠀⠀⠀⠀⠀⠀⠀⠀⠀│ 
                      │⠀⠀⠀⠀⠀⠀⠀⠀⠀⠀⠀⠀⠀⠀⡇⠀⠀⠀⠀⠀⠀⠀⠀⠀⠀⢸⠀⠀⠀⠀⠀⠀⠀⠀⠀⠀⠀⠀⠀⠀│ 
                      │⠀⠀⠀⠀⠀⠀⠀⠀⠀⠀⠀⠀⢀⠀⣿⠀⠀⠀⠀⠀⠀⠀⠀⠀⠀⣿⠀⡀⠀⠀⠀⠀⠀⠀⠀⠀⠀⠀⠀⠀│ 
                      │⠀⠀⠀⠀⠀⠀⠀⠀⠀⠀⠀⠀⢸⡄⣿⠀⠀⠀⠀⠀⠀⠀⠀⠀⠀⣿⢠⡇⠀⠀⠀⠀⠀⠀⠀⠀⠀⠀⠀⠀│ 
                      │⠀⠀⠀⠀⠀⢰⠀⠀⠀⠀⠀⢀⢸⣿⣿⠀⠀⠀⠀⠀⠀⠀⠀⠀⠀⣿⣿⡇⡀⠀⠀⠀⠀⠀⡆⠀⠀⠀⠀⠀│ 
   Probability        │⠀⠀⠀⠀⠀⢸⠀⠀⠀⢠⠀⣿⢸⣿⣿⠀⠀⠀⠀⠀⠀⠀⠀⠀⠀⣿⣿⡇⣿⠀⡄⠀⠀⠀⡇⠀⠀⠀⠀⠀│ 
                      │⠀⠀⠀⠀⠀⢸⠀⠀⢀⢸⢠⣿⣸⣿⣿⠀⠀⠀⠀⠀⠀⠀⠀⠀⠀⣿⣿⣇⣿⡄⡇⡀⠀⠀⡇⠀⠀⠀⠀⠀│ 
                      │⡇⡀⠀⠀⢀⢸⣷⠀⢸⣼⣼⣿⣿⣿⣿⠀⠀⠀⠀⠀⠀⠀⠀⠀⠀⣿⣿⣿⣿⣧⣧⡇⠀⣾⡇⡀⠀⠀⢀⢸│ 
                      │⡇⣿⣦⣸⢸⣾⣿⣴⣾⣿⣿⣿⣿⣿⣿⣧⣄⣄⢀⢀⡆⡀⣠⣠⣼⣿⣿⣿⣿⣿⣿⣷⣦⣿⣷⡇⣇⣴⣿⢸│ 
                      │⣿⣿⣿⣿⣾⣿⣿⣿⣿⣿⣿⣿⣿⣿⣿⣿⣿⣿⣿⢸⡇⣿⣿⣿⣿⣿⣿⣿⣿⣿⣿⣿⣿⣿⣿⣷⣿⣿⣿⣿│ 
                      │⣿⣿⣿⣿⣿⣿⣿⣿⣿⣿⣿⣿⣿⣿⣿⣿⣿⣿⣿⢸⡇⣿⣿⣿⣿⣿⣿⣿⣿⣿⣿⣿⣿⣿⣿⣿⣿⣿⣿⣿│ 
                      │⣿⣿⣿⣿⣿⣿⣿⣿⣿⣿⣿⣿⣿⣿⣿⣿⣿⣿⣿⣾⣷⣿⣿⣿⣿⣿⣿⣿⣿⣿⣿⣿⣿⣿⣿⣿⣿⣿⣿⣿│ 
                    0 │⣿⣿⣿⣿⣿⣿⣿⣿⣿⣿⣿⣿⣿⣿⢿⣿⣿⣿⣿⣿⣿⣿⣿⣿⣿⡿⣿⣿⣿⣿⣿⣿⣿⣿⣿⣿⣿⣿⣿⣿│ 
                      └────────────────────────────────────────┘ 
                      ⠀0⠀⠀⠀⠀⠀⠀⠀⠀⠀⠀⠀⠀⠀⠀⠀⠀⠀⠀⠀⠀⠀⠀⠀⠀⠀⠀⠀⠀⠀⠀⠀⠀⠀⠀20000⠀ 
                      ⠀⠀⠀⠀⠀⠀⠀⠀⠀⠀⠀⠀⠀⠀⠀⠀⠀Molecule⠀⠀⠀⠀⠀⠀⠀⠀⠀⠀⠀⠀⠀⠀⠀⠀⠀ 

Exciton profile at time = 12.0 ps
                      ┌────────────────────────────────────────┐ 
               0.0004 │⠀⠀⠀⠀⠀⠀⠀⠀⠀⠀⠀⠀⠀⠀⠀⠀⠀⠀⠀⠀⠀⠀⠀⠀⠀⠀⠀⠀⠀⠀⠀⠀⠀⠀⠀⠀⠀⠀⠀⠀│ 
                      │⠀⠀⠀⠀⠀⠀⠀⠀⠀⠀⠀⠀⠀⠀⠀⠀⠀⠀⠀⠀⠀⠀⠀⠀⠀⠀⠀⠀⠀⠀⠀⠀⠀⠀⠀⠀⠀⠀⠀⠀│ 
                      │⠀⠀⠀⠀⠀⠀⠀⠀⠀⠀⠀⠀⠀⠀⠀⠀⠀⡇⠀⠀⠀⠀⢸⠀⠀⠀⠀⠀⠀⠀⠀⠀⠀⠀⠀⠀⠀⠀⠀⠀│ 
                      │⠀⠀⠀⠀⠀⠀⠀⠀⠀⠀⠀⠀⠀⠀⠀⠀⠀⡇⠀⠀⠀⠀⢸⠀⠀⠀⠀⠀⠀⠀⠀⠀⠀⠀⠀⠀⠀⠀⠀⠀│ 
                      │⠀⠀⠀⠀⠀⠀⠀⠀⠀⠀⢀⡆⠀⠀⠀⠀⠀⣇⠀⠀⠀⠀⣸⠀⠀⠀⠀⠀⢰⡀⠀⠀⠀⠀⠀⠀⠀⠀⠀⠀│ 
                      │⠀⠀⠀⠀⠀⠀⠀⠀⠀⠀⢸⡇⠀⠀⢸⠀⡀⣿⠀⠀⠀⠀⣿⢀⠀⡇⠀⠀⢸⡇⠀⠀⠀⠀⠀⠀⠀⠀⠀⠀│ 
                      │⠀⠀⠀⠀⡇⠀⠀⠀⠀⠀⢸⡇⠀⣆⢸⢸⣧⣿⠀⠀⠀⠀⣿⣼⡇⡇⢰⠀⢸⡇⠀⠀⠀⠀⠀⢸⠀⠀⠀⠀│ 
   Probability        │⠀⠀⠀⠀⡇⠀⠀⠀⠀⠀⢸⡇⡀⣿⢸⣸⣿⣿⠀⠀⠀⠀⣿⣿⣇⡇⣸⢀⢸⡇⠀⠀⠀⠀⠀⢸⠀⠀⠀⠀│ 
                      │⠀⠀⠀⠀⡇⢰⡄⣠⡄⢸⣿⣿⡇⣿⢸⣿⣿⣿⠀⠀⠀⠀⣿⣿⣿⡇⣿⢸⣿⣿⡇⢠⣄⢠⡆⢸⠀⠀⠀⠀│ 
                      │⠀⠀⠀⠀⣷⣾⣿⣿⡇⣼⣿⣿⣿⣿⣿⣿⣿⣿⠀⠀⠀⠀⣿⣿⣿⣿⣿⣿⣿⣿⣧⢸⣿⣿⣷⣾⠀⠀⠀⠀│ 
                      │⢠⡄⢰⢰⣿⣿⣿⣿⣇⣿⣿⣿⣿⣿⣿⣿⣿⣿⡇⠀⠀⢠⣿⣿⣿⣿⣿⣿⣿⣿⣿⣸⣿⣿⣿⣿⡆⡆⢠⡄│ 
                      │⣿⣷⣿⣾⣿⣿⣿⣿⣿⣿⣿⣿⣿⣿⣿⣿⣿⣿⡇⢠⡇⢸⣿⣿⣿⣿⣿⣿⣿⣿⣿⣿⣿⣿⣿⣿⣷⣿⣾⣿│ 
                      │⣿⣿⣿⣿⣿⣿⣿⣿⣿⣿⣿⣿⣿⣿⣿⣿⣿⣿⡇⢸⡇⢸⣿⣿⣿⣿⣿⣿⣿⣿⣿⣿⣿⣿⣿⣿⣿⣿⣿⣿│ 
                      │⣿⣿⣿⣿⣿⣿⣿⣿⣿⣿⣿⣿⣿⣿⣿⣿⣿⣿⣿⣸⣇⣿⣿⣿⣿⣿⣿⣿⣿⣿⣿⣿⣿⣿⣿⣿⣿⣿⣿⣿│ 
                    0 │⣿⣿⣿⣿⣿⣿⣿⣿⣿⣿⣿⣿⣿⣿⣿⣿⣿⣿⣿⣿⣿⣿⣿⣿⣿⣿⣿⣿⣿⣿⣿⣿⣿⣿⣿⣿⣿⣿⣿⣿│ 
                      └────────────────────────────────────────┘ 
                      ⠀0⠀⠀⠀⠀⠀⠀⠀⠀⠀⠀⠀⠀⠀⠀⠀⠀⠀⠀⠀⠀⠀⠀⠀⠀⠀⠀⠀⠀⠀⠀⠀⠀⠀⠀20000⠀ 
                      ⠀⠀⠀⠀⠀⠀⠀⠀⠀⠀⠀⠀⠀⠀⠀⠀⠀Molecule⠀⠀⠀⠀⠀⠀⠀⠀⠀⠀⠀⠀⠀⠀⠀⠀⠀ 

Exciton profile at time = 13.0 ps
                      ┌────────────────────────────────────────┐ 
               0.0004 │⠀⠀⠀⠀⠀⠀⠀⠀⠀⠀⠀⠀⠀⠀⠀⠀⠀⠀⠀⠀⠀⠀⠀⠀⠀⠀⠀⠀⠀⠀⠀⠀⠀⠀⠀⠀⠀⠀⠀⠀│ 
                      │⠀⠀⠀⠀⠀⠀⠀⠀⠀⠀⠀⠀⠀⠀⠀⠀⠀⠀⠀⠀⠀⠀⠀⠀⠀⠀⠀⠀⠀⠀⠀⠀⠀⠀⠀⠀⠀⠀⠀⠀│ 
                      │⠀⠀⠀⠀⠀⠀⠀⠀⠀⠀⠀⠀⠀⠀⠀⠀⠀⠀⠀⠀⠀⠀⠀⠀⠀⠀⠀⠀⠀⠀⠀⠀⠀⠀⠀⠀⠀⠀⠀⠀│ 
                      │⠀⠀⠀⠀⠀⠀⠀⠀⠀⠀⠀⠀⠀⠀⠀⠀⠀⠀⠀⢰⡆⠀⠀⠀⠀⠀⠀⠀⠀⠀⠀⠀⠀⠀⠀⠀⠀⠀⠀⠀│ 
                      │⠀⠀⠀⠀⠀⠀⠀⠀⠀⠀⠀⠀⠀⠀⠀⠀⠀⠀⠀⣸⣇⠀⠀⠀⠀⠀⠀⠀⠀⠀⠀⠀⠀⠀⠀⠀⠀⠀⠀⠀│ 
                      │⠀⠀⠀⠀⠀⠀⡆⠀⠀⠀⠀⠀⠀⠀⠀⠀⠀⠀⠀⣿⣿⠀⠀⠀⠀⠀⠀⠀⠀⠀⠀⠀⠀⢰⠀⠀⠀⠀⠀⠀│ 
                      │⡇⠀⠀⠀⠀⠀⡇⠀⠀⠀⠀⠀⠀⠀⠀⠀⠀⠀⢠⣿⣿⡄⠀⠀⠀⠀⠀⠀⠀⠀⠀⠀⠀⢸⠀⠀⠀⠀⠀⢸│ 
   Probability        │⡇⡆⠀⠀⠀⠀⡇⢠⠀⠀⠀⠀⡄⠀⢀⠀⢀⠀⢸⣿⣿⡇⠀⡀⠀⡀⠀⢠⠀⠀⠀⠀⡄⢸⠀⠀⠀⠀⢰⢸│ 
                      │⡇⡇⡀⣿⡄⠀⡇⢸⡇⠀⠀⠀⡇⠀⢸⡀⢸⠀⢸⣿⣿⡇⠀⡇⢀⡇⠀⢸⠀⠀⠀⢸⡇⢸⠀⢠⣿⢀⢸⢸│ 
                      │⣷⣿⣷⣿⣷⡇⡇⣸⡇⠀⠀⣦⣧⠀⢸⡇⢸⣄⣸⣿⣿⣇⣠⡇⢸⡇⠀⣼⣴⠀⠀⢸⣇⢸⣾⣾⣿⣾⣿⣾│ 
                      │⣿⣿⣿⣿⣿⣧⣷⣿⣧⣰⣼⣿⣿⣿⣾⣧⢸⣿⣿⣿⣿⣿⣿⡇⣼⣷⣿⣿⣿⣧⣆⣼⣿⣾⣿⣿⣿⣿⣿⣿│ 
                      │⣿⣿⣿⣿⣿⣿⣿⣿⣿⣿⣿⣿⣿⣿⣿⣿⣿⣿⣿⣿⣿⣿⣿⣿⣿⣿⣿⣿⣿⣿⣿⣿⣿⣿⣿⣿⣿⣿⣿⣿│ 
                      │⣿⣿⣿⣿⣿⣿⣿⣿⣿⣿⣿⣿⣿⣿⣿⣿⣿⣿⣿⣿⣿⣿⣿⣿⣿⣿⣿⣿⣿⣿⣿⣿⣿⣿⣿⣿⣿⣿⣿⣿│ 
                      │⣿⣿⣿⣿⣿⣿⣿⣿⣿⣿⣿⣿⣿⣿⣿⣿⣿⣿⣿⣿⣿⣿⣿⣿⣿⣿⣿⣿⣿⣿⣿⣿⣿⣿⣿⣿⣿⣿⣿⣿│ 
                    0 │⣿⣿⣿⣿⣿⣿⣿⣿⣿⣿⣿⣿⣿⣿⣿⣿⣿⣿⣿⣿⣿⣿⣿⣿⣿⣿⣿⣿⣿⣿⣿⣿⣿⣿⣿⣿⣿⣿⣿⣿│ 
                      └────────────────────────────────────────┘ 
                      ⠀0⠀⠀⠀⠀⠀⠀⠀⠀⠀⠀⠀⠀⠀⠀⠀⠀⠀⠀⠀⠀⠀⠀⠀⠀⠀⠀⠀⠀⠀⠀⠀⠀⠀⠀20000⠀ 
                      ⠀⠀⠀⠀⠀⠀⠀⠀⠀⠀⠀⠀⠀⠀⠀⠀⠀Molecule⠀⠀⠀⠀⠀⠀⠀⠀⠀⠀⠀⠀⠀⠀⠀⠀⠀ 

Exciton profile at time = 14.0 ps
                      ┌────────────────────────────────────────┐ 
               0.0005 │⠀⠀⠀⠀⠀⠀⠀⠀⠀⠀⠀⠀⠀⠀⠀⠀⠀⠀⠀⠀⠀⠀⠀⠀⠀⠀⠀⠀⠀⠀⠀⠀⠀⠀⠀⠀⠀⠀⠀⠀│ 
                      │⠀⠀⠀⠀⠀⠀⠀⠀⠀⠀⠀⠀⠀⠀⠀⠀⠀⠀⠀⠀⠀⠀⠀⠀⠀⠀⠀⠀⠀⠀⠀⠀⠀⠀⠀⠀⠀⠀⠀⠀│ 
                      │⠀⠀⠀⠀⠀⠀⠀⠀⠀⠀⠀⠀⠀⠀⠀⠀⡄⠀⠀⠀⠀⠀⠀⢠⠀⠀⠀⠀⠀⠀⠀⠀⠀⠀⠀⠀⠀⠀⠀⠀│ 
                      │⠀⠀⠀⠀⠀⠀⠀⠀⠀⠀⠀⠀⠀⠀⠀⠀⡇⠀⠀⠀⠀⠀⠀⢸⠀⠀⠀⠀⠀⠀⠀⠀⠀⠀⠀⠀⠀⠀⠀⠀│ 
                      │⠀⠀⠀⠀⠀⠀⠀⠀⠀⠀⠀⠀⠀⠀⠀⠀⡇⠀⠀⠀⠀⠀⠀⢸⠀⠀⠀⠀⠀⠀⠀⠀⠀⠀⠀⠀⠀⠀⠀⠀│ 
                      │⠀⠀⠀⠀⠀⠀⠀⠀⠀⠀⠀⠀⠀⠀⠀⠀⡇⠀⠀⠀⠀⠀⠀⢸⠀⠀⠀⠀⠀⠀⠀⠀⠀⠀⠀⠀⠀⠀⠀⠀│ 
                      │⠀⠀⠀⠀⠀⠀⠀⠀⠀⠀⠀⠀⠀⠀⠀⠀⡇⢠⠀⠀⠀⠀⡄⢸⠀⠀⠀⠀⠀⠀⠀⠀⠀⠀⠀⠀⠀⠀⠀⠀│ 
   Probability        │⠀⠀⠀⠀⠀⠀⠀⠀⠀⠀⠀⠀⠀⠀⠀⢀⣇⣾⡀⠀⠀⢀⣷⣸⡀⠀⠀⠀⠀⠀⠀⠀⠀⠀⠀⠀⠀⠀⠀⠀│ 
                      │⠀⠀⠀⠀⠀⠀⠀⠀⠀⠀⠀⠀⢀⢀⠀⣼⣿⣿⡇⠀⡄⢸⣿⣿⣧⠀⡀⡀⠀⠀⠀⠀⠀⠀⠀⠀⠀⠀⠀⠀│ 
                      │⡄⠀⠀⠀⠀⠀⠀⠀⠀⠀⠀⠀⣼⣼⡇⣿⣿⣿⡇⢰⡇⢸⣿⣿⣿⢸⣧⣧⠀⠀⠀⠀⠀⠀⠀⠀⠀⠀⠀⢠│ 
                      │⣷⡀⠀⡀⠀⠀⠀⠀⠀⠀⠀⢰⣿⣿⣇⣿⣿⣿⣿⢸⡇⣿⣿⣿⣿⣸⣿⣿⡆⠀⠀⠀⠀⠀⠀⠀⢀⠀⢀⣾│ 
                      │⣿⣷⣾⣇⣿⣧⡄⣷⣤⢰⣶⣿⣿⣿⣿⣿⣿⣿⣿⣿⣿⣿⣿⣿⣿⣿⣿⣿⣿⣶⡆⣤⣾⢠⣼⣿⣸⣷⣾⣿│ 
                      │⣿⣿⣿⣿⣿⣿⣿⣿⣿⣿⣿⣿⣿⣿⣿⣿⣿⣿⣿⣿⣿⣿⣿⣿⣿⣿⣿⣿⣿⣿⣿⣿⣿⣿⣿⣿⣿⣿⣿⣿│ 
                      │⣿⣿⣿⣿⣿⣿⣿⣿⣿⣿⣿⣿⣿⣿⣿⣿⣿⣿⣿⣿⣿⣿⣿⣿⣿⣿⣿⣿⣿⣿⣿⣿⣿⣿⣿⣿⣿⣿⣿⣿│ 
                    0 │⣿⣿⣿⣿⣿⣿⣿⣿⣿⣿⣿⣿⣿⣿⣿⣿⣿⣿⣿⣿⣿⣿⣿⣿⣿⣿⣿⣿⣿⣿⣿⣿⣿⣿⣿⣿⣿⣿⣿⣿│ 
                      └────────────────────────────────────────┘ 
                      ⠀0⠀⠀⠀⠀⠀⠀⠀⠀⠀⠀⠀⠀⠀⠀⠀⠀⠀⠀⠀⠀⠀⠀⠀⠀⠀⠀⠀⠀⠀⠀⠀⠀⠀⠀20000⠀ 
                      ⠀⠀⠀⠀⠀⠀⠀⠀⠀⠀⠀⠀⠀⠀⠀⠀⠀Molecule⠀⠀⠀⠀⠀⠀⠀⠀⠀⠀⠀⠀⠀⠀⠀⠀⠀ 

Exciton profile at time = 15.0 ps
                      ┌────────────────────────────────────────┐ 
               0.0005 │⠀⠀⠀⠀⠀⠀⠀⠀⠀⠀⠀⠀⠀⡇⠀⠀⠀⠀⠀⠀⠀⠀⠀⠀⠀⠀⢸⠀⠀⠀⠀⠀⠀⠀⠀⠀⠀⠀⠀⠀│ 
                      │⠀⠀⠀⠀⠀⠀⠀⠀⠀⠀⠀⠀⠀⡇⠀⠀⠀⠀⠀⠀⠀⠀⠀⠀⠀⠀⢸⠀⠀⠀⠀⠀⠀⠀⠀⠀⠀⠀⠀⠀│ 
                      │⠀⠀⠀⠀⠀⠀⠀⠀⠀⠀⠀⠀⢠⡇⠀⠀⠀⠀⠀⠀⠀⠀⠀⠀⠀⠀⢸⡄⠀⠀⠀⠀⠀⠀⠀⠀⠀⠀⠀⠀│ 
                      │⠀⠀⠀⠀⠀⠀⠀⠀⠀⠀⠀⠀⢸⡇⡇⠀⠀⠀⠀⠀⠀⠀⠀⠀⠀⢸⢸⡇⠀⠀⠀⠀⠀⠀⠀⠀⠀⠀⠀⠀│ 
                      │⠀⠀⠀⠀⠀⠀⠀⠀⠀⠀⠀⠀⢸⡇⡇⠀⠀⠀⠀⠀⠀⠀⠀⠀⠀⢸⢸⡇⠀⠀⠀⠀⠀⠀⠀⠀⠀⠀⠀⠀│ 
                      │⠀⠀⠀⠀⠀⠀⠀⠀⠀⠀⠀⠀⢸⡇⡇⢠⠀⡆⠀⠀⠀⠀⢰⠀⡄⢸⢸⡇⠀⠀⠀⠀⠀⠀⠀⠀⠀⠀⠀⠀│ 
                      │⠀⠀⠀⠀⠀⠀⠀⠀⠀⠀⠀⠀⢸⡇⡇⢸⠀⡇⠀⠀⠀⠀⢸⠀⡇⢸⢸⡇⠀⠀⠀⠀⠀⠀⠀⠀⠀⠀⠀⠀│ 
   Probability        │⠀⠀⠀⠀⠀⠀⠀⠀⠀⠀⠀⠀⢸⣿⣿⢸⠀⡇⡀⠀⠀⢀⢸⠀⡇⣿⣿⡇⠀⠀⠀⠀⠀⠀⠀⠀⠀⠀⠀⠀│ 
                      │⠀⠀⠀⠀⠀⠀⠀⠀⠀⠀⠀⠀⣾⣿⣿⢸⣤⣿⡇⢠⡄⢸⣿⣤⡇⣿⣿⣷⠀⠀⠀⠀⠀⠀⠀⠀⠀⠀⠀⠀│ 
                      │⠀⠀⠀⠀⠀⠀⠀⠀⠀⡆⢰⢰⣿⣿⣿⣾⣿⣿⣷⢸⡇⣾⣿⣿⣷⣿⣿⣿⡆⡆⢰⠀⠀⠀⠀⠀⠀⠀⠀⠀│ 
                      │⠀⠀⠀⠀⠀⢀⢀⠀⢀⣿⢸⢸⣿⣿⣿⣿⣿⣿⣿⢸⡇⣿⣿⣿⣿⣿⣿⣿⡇⡇⣿⡀⠀⡀⡀⠀⠀⠀⠀⠀│ 
                      │⠀⡀⣀⣠⣿⣾⣾⣇⣿⣿⣿⣾⣿⣿⣿⣿⣿⣿⣿⣿⣿⣿⣿⣿⣿⣿⣿⣿⣷⣿⣿⣿⣸⣷⣷⣿⣄⣀⢀⠀│ 
                      │⣷⣷⣿⣿⣿⣿⣿⣿⣿⣿⣿⣿⣿⣿⣿⣿⣿⣿⣿⣿⣿⣿⣿⣿⣿⣿⣿⣿⣿⣿⣿⣿⣿⣿⣿⣿⣿⣿⣾⣾│ 
                      │⣿⣿⣿⣿⣿⣿⣿⣿⣿⣿⣿⣿⣿⣿⣿⣿⣿⣿⣿⣿⣿⣿⣿⣿⣿⣿⣿⣿⣿⣿⣿⣿⣿⣿⣿⣿⣿⣿⣿⣿│ 
                    0 │⣿⣿⣿⣿⣿⣿⣿⣿⣿⣿⣿⣿⣿⣿⣿⣿⣿⣿⣿⣿⣿⣿⣿⣿⣿⣿⣿⣿⣿⣿⣿⣿⣿⣿⣿⣿⣿⣿⣿⣿│ 
                      └────────────────────────────────────────┘ 
                      ⠀0⠀⠀⠀⠀⠀⠀⠀⠀⠀⠀⠀⠀⠀⠀⠀⠀⠀⠀⠀⠀⠀⠀⠀⠀⠀⠀⠀⠀⠀⠀⠀⠀⠀⠀20000⠀ 
                      ⠀⠀⠀⠀⠀⠀⠀⠀⠀⠀⠀⠀⠀⠀⠀⠀⠀Molecule⠀⠀⠀⠀⠀⠀⠀⠀⠀⠀⠀⠀⠀⠀⠀⠀⠀ 

Exciton profile at time = 16.0 ps
                      ┌────────────────────────────────────────┐ 
               0.0004 │⠀⠀⠀⠀⠀⠀⠀⠀⠀⢀⠀⠀⠀⠀⠀⠀⠀⠀⠀⠀⠀⠀⠀⠀⠀⠀⠀⠀⠀⠀⡀⠀⠀⠀⠀⠀⠀⠀⠀⠀│ 
                      │⠀⠀⠀⠀⠀⠀⠀⠀⠀⢸⠀⠀⠀⠀⠀⠀⠀⠀⠀⠀⠀⠀⠀⠀⠀⠀⠀⠀⠀⠀⡇⠀⠀⠀⠀⠀⠀⠀⠀⠀│ 
                      │⠀⠀⠀⠀⠀⠀⠀⠀⠀⣸⠀⠀⠀⠀⠀⠀⠀⠀⠀⠀⠀⠀⠀⠀⠀⠀⠀⠀⠀⠀⣇⠀⠀⠀⠀⠀⠀⠀⠀⠀│ 
                      │⠀⠀⠀⠀⠀⠀⠀⠀⠀⣿⠀⠀⡇⠀⠀⡄⠀⠀⠀⠀⠀⠀⠀⠀⢠⠀⠀⢸⠀⠀⣿⠀⠀⠀⠀⠀⠀⠀⠀⠀│ 
                      │⠀⠀⠀⠀⠀⠀⠀⠀⠀⣿⡆⠀⡇⢀⠀⡇⠀⠀⠀⠀⡆⠀⠀⠀⢸⠀⡀⢸⠀⢰⣿⠀⠀⠀⠀⠀⠀⠀⠀⠀│ 
                      │⠀⠀⠀⠀⠀⠀⠀⠀⠀⣿⡇⠀⡇⢸⠀⡇⠀⠀⠀⢸⡇⠀⠀⠀⢸⠀⡇⢸⠀⢸⣿⠀⠀⠀⠀⠀⠀⠀⠀⠀│ 
                      │⠀⠀⠀⠀⠀⠀⠀⠀⠀⣿⣧⣶⡇⢸⠀⣧⠀⠀⠀⢸⡇⠀⠀⠀⣼⠀⡇⢸⣶⣼⣿⠀⠀⠀⠀⠀⠀⠀⠀⠀│ 
   Probability        │⢰⠀⠀⠀⠀⠀⠀⠀⠀⣿⣿⣿⣿⣸⠀⣿⠀⡄⡀⢸⡇⢀⢠⠀⣿⠀⣇⣿⣿⣿⣿⠀⠀⠀⠀⠀⠀⠀⠀⡆│ 
                      │⢸⢰⢸⣸⢀⠀⠀⠀⠀⣿⣿⣿⣿⣿⣧⣿⠀⡇⡇⢸⡇⢸⢸⠀⣿⣼⣿⣿⣿⣿⣿⠀⠀⠀⠀⡀⣇⡇⡆⡇│ 
                      │⣾⢸⢸⣿⢸⢠⠀⣰⠀⣿⣿⣿⣿⣿⣿⣿⣼⡇⡇⢸⡇⢸⢸⣧⣿⣿⣿⣿⣿⣿⣿⠀⣦⠀⡄⡇⣿⡇⡇⣷│ 
                      │⣿⣿⣿⣿⣾⣾⣤⣿⣰⣿⣿⣿⣿⣿⣿⣿⣿⣿⣿⢸⡇⣿⣿⣿⣿⣿⣿⣿⣿⣿⣿⣆⣿⣤⣷⣷⣿⣿⣿⣿│ 
                      │⣿⣿⣿⣿⣿⣿⣿⣿⣿⣿⣿⣿⣿⣿⣿⣿⣿⣿⣿⣸⣇⣿⣿⣿⣿⣿⣿⣿⣿⣿⣿⣿⣿⣿⣿⣿⣿⣿⣿⣿│ 
                      │⣿⣿⣿⣿⣿⣿⣿⣿⣿⣿⣿⣿⣿⣿⣿⣿⣿⣿⣿⣿⣿⣿⣿⣿⣿⣿⣿⣿⣿⣿⣿⣿⣿⣿⣿⣿⣿⣿⣿⣿│ 
                      │⣿⣿⣿⣿⣿⣿⣿⣿⣿⣿⣿⣿⣿⣿⣿⣿⣿⣿⣿⣿⣿⣿⣿⣿⣿⣿⣿⣿⣿⣿⣿⣿⣿⣿⣿⣿⣿⣿⣿⣿│ 
                    0 │⣿⣿⣿⣿⣿⣿⣿⣿⣿⡿⣿⣿⣿⣿⣿⣿⣿⣿⣿⣿⣿⣿⣿⣿⣿⣿⣿⣿⣿⣿⢿⣿⣿⣿⣿⣿⣿⣿⣿⣿│ 
                      └────────────────────────────────────────┘ 
                      ⠀0⠀⠀⠀⠀⠀⠀⠀⠀⠀⠀⠀⠀⠀⠀⠀⠀⠀⠀⠀⠀⠀⠀⠀⠀⠀⠀⠀⠀⠀⠀⠀⠀⠀⠀20000⠀ 
                      ⠀⠀⠀⠀⠀⠀⠀⠀⠀⠀⠀⠀⠀⠀⠀⠀⠀Molecule⠀⠀⠀⠀⠀⠀⠀⠀⠀⠀⠀⠀⠀⠀⠀⠀⠀ 

Exciton profile at time = 17.0 ps
                      ┌────────────────────────────────────────┐ 
               0.0004 │⠀⠀⠀⠀⠀⠀⠀⠀⠀⠀⠀⠀⠀⠀⠀⠀⠀⠀⠀⠀⠀⠀⠀⠀⠀⠀⠀⠀⠀⠀⠀⠀⠀⠀⠀⠀⠀⠀⠀⠀│ 
                      │⠀⠀⠀⠀⠀⠀⠀⠀⢰⠀⠀⠀⠀⠀⠀⠀⠀⠀⠀⠀⠀⠀⠀⠀⠀⠀⠀⠀⠀⠀⠀⡆⠀⠀⠀⠀⠀⠀⠀⠀│ 
                      │⠀⠀⠀⠀⠀⠀⠀⠀⢸⠀⠀⠀⠀⢠⠀⠀⠀⠀⠀⠀⠀⠀⠀⠀⠀⠀⡄⠀⠀⠀⠀⡇⠀⠀⠀⠀⠀⠀⠀⠀│ 
                      │⠀⠀⠀⠀⠀⠀⠀⢰⢸⡄⠀⠀⠀⢸⠀⠀⠀⡄⠀⠀⠀⠀⢠⠀⠀⠀⡇⠀⠀⠀⢠⡇⡆⠀⠀⠀⠀⠀⠀⠀│ 
                      │⠀⠀⠀⠀⠀⠀⢀⢸⢸⡇⢸⠀⠀⢸⠀⠀⡀⡇⠀⠀⠀⠀⢸⢀⠀⠀⡇⠀⠀⡇⢸⡇⡇⡀⠀⠀⠀⠀⠀⠀│ 
                      │⠀⠀⠀⠀⠀⠀⢸⣾⢸⡇⢸⠀⢠⢸⠀⠀⡇⡇⠀⠀⠀⠀⢸⢸⠀⠀⡇⡄⠀⡇⢸⡇⣷⡇⠀⠀⠀⠀⠀⠀│ 
                      │⠀⠀⠀⠀⠀⠀⢸⣿⢸⡇⢸⡄⣾⢸⣠⢀⡇⡇⠀⠀⠀⠀⢸⢸⡀⣄⡇⣷⢠⡇⢸⡇⣿⡇⠀⠀⠀⠀⠀⠀│ 
   Probability        │⠀⠀⠀⠀⠀⠀⢸⣿⣸⣧⣸⣇⣿⢸⣿⣿⡇⡇⠀⢰⡆⠀⢸⢸⣿⣿⡇⣿⣸⣇⣼⣇⣿⡇⠀⠀⠀⠀⠀⠀│ 
                      │⠀⠀⠀⠀⠀⠀⣼⣿⣿⣿⣿⣿⣿⣸⣿⣿⣷⣧⠀⢸⡇⠀⣼⣾⣿⣿⣇⣿⣿⣿⣿⣿⣿⣧⠀⠀⠀⠀⠀⠀│ 
                      │⠀⢰⢠⠀⡄⠀⣿⣿⣿⣿⣿⣿⣿⣿⣿⣿⣿⣿⢰⣸⣇⡆⣿⣿⣿⣿⣿⣿⣿⣿⣿⣿⣿⣿⠀⢠⠀⡄⡆⠀│ 
                      │⠀⢸⢸⣇⣇⢠⣿⣿⣿⣿⣿⣿⣿⣿⣿⣿⣿⣿⢸⣿⣿⡇⣿⣿⣿⣿⣿⣿⣿⣿⣿⣿⣿⣿⡄⣸⣸⡇⡇⠀│ 
                      │⣿⣼⣼⣿⣿⣿⣿⣿⣿⣿⣿⣿⣿⣿⣿⣿⣿⣿⣼⣿⣿⣧⣿⣿⣿⣿⣿⣿⣿⣿⣿⣿⣿⣿⣿⣿⣿⣧⣧⣿│ 
                      │⣿⣿⣿⣿⣿⣿⣿⣿⣿⣿⣿⣿⣿⣿⣿⣿⣿⣿⣿⣿⣿⣿⣿⣿⣿⣿⣿⣿⣿⣿⣿⣿⣿⣿⣿⣿⣿⣿⣿⣿│ 
                      │⣿⣿⣿⣿⣿⣿⣿⣿⣿⣿⣿⣿⣿⣿⣿⣿⣿⣿⣿⣿⣿⣿⣿⣿⣿⣿⣿⣿⣿⣿⣿⣿⣿⣿⣿⣿⣿⣿⣿⣿│ 
                    0 │⣿⣿⣿⣿⣿⣿⡿⣿⣿⣿⣿⣿⣿⣿⣿⣿⣿⣿⣿⣿⣿⣿⣿⣿⣿⣿⣿⣿⣿⣿⣿⣿⣿⢿⣿⣿⣿⣿⣿⣿│ 
                      └────────────────────────────────────────┘ 
                      ⠀0⠀⠀⠀⠀⠀⠀⠀⠀⠀⠀⠀⠀⠀⠀⠀⠀⠀⠀⠀⠀⠀⠀⠀⠀⠀⠀⠀⠀⠀⠀⠀⠀⠀⠀20000⠀ 
                      ⠀⠀⠀⠀⠀⠀⠀⠀⠀⠀⠀⠀⠀⠀⠀⠀⠀Molecule⠀⠀⠀⠀⠀⠀⠀⠀⠀⠀⠀⠀⠀⠀⠀⠀⠀ 

Exciton profile at time = 18.0 ps
                      ┌────────────────────────────────────────┐ 
               0.0005 │⠀⠀⠀⠀⠀⠀⠀⠀⠀⠀⠀⠀⠀⠀⠀⠀⠀⠀⠀⠀⠀⠀⠀⠀⠀⠀⠀⠀⠀⠀⠀⠀⠀⠀⠀⠀⠀⠀⠀⠀│ 
                      │⠀⠀⠀⠀⠀⠀⠀⠀⠀⠀⠀⠀⠀⠀⠀⠀⠀⠀⠀⠀⠀⠀⠀⠀⠀⠀⠀⠀⠀⠀⠀⠀⠀⠀⠀⠀⠀⠀⠀⠀│ 
                      │⠀⠀⠀⡀⠀⠀⠀⠀⠀⠀⠀⠀⠀⠀⠀⠀⠀⠀⠀⠀⠀⠀⠀⠀⠀⠀⠀⠀⠀⠀⠀⠀⠀⠀⠀⠀⢀⠀⠀⠀│ 
                      │⠀⠀⠀⡇⠀⠀⠀⠀⠀⠀⠀⠀⠀⠀⠀⠀⠀⠀⠀⠀⠀⠀⠀⠀⠀⠀⠀⠀⠀⠀⠀⠀⠀⠀⠀⠀⢸⠀⠀⠀│ 
                      │⠀⠀⠀⣷⠀⠀⠀⠀⠀⠀⠀⠀⠀⠀⠀⠀⠀⠀⠀⠀⠀⠀⠀⠀⠀⠀⠀⠀⠀⠀⠀⠀⠀⠀⠀⠀⣾⠀⠀⠀│ 
                      │⠀⠀⠀⣿⠀⠀⠀⠀⠀⠀⠀⠀⠀⠀⠀⠀⠀⠀⠀⠀⠀⠀⠀⠀⠀⠀⠀⠀⠀⠀⠀⠀⠀⠀⠀⠀⣿⠀⠀⠀│ 
                      │⠀⠀⠀⣿⠀⠀⡆⠀⠀⠀⠀⠀⠀⠀⠀⠀⠀⠀⠀⠀⠀⠀⠀⠀⠀⠀⠀⠀⠀⠀⠀⠀⠀⢰⠀⠀⣿⠀⠀⠀│ 
   Probability        │⠀⠀⠀⣿⡀⡇⡇⠀⠀⠀⠀⠀⠀⠀⠀⠀⠀⠀⠀⢀⡆⠀⠀⠀⠀⠀⠀⠀⠀⠀⠀⠀⠀⢸⢸⢀⣿⠀⠀⠀│ 
                      │⠀⠀⠀⣿⣿⡇⣇⠀⡆⢀⠀⠀⠀⠀⠀⢸⡄⠀⠀⢸⡇⠀⠀⠀⡇⠀⠀⠀⠀⠀⡀⢰⠀⣸⢸⣿⣿⠀⠀⠀│ 
                      │⠀⠀⠀⣿⣿⣷⣿⡆⡇⢸⢸⣆⡀⡇⡀⢸⡇⢰⠀⢸⡇⠀⡆⢰⡇⢀⢸⢀⣰⡇⡇⢸⢰⣿⣾⣿⣿⠀⠀⠀│ 
                      │⠀⠀⢸⣿⣿⣿⣿⣧⣧⣿⢸⣿⣿⡇⣷⢸⣧⣸⡄⣼⣧⢠⣇⣼⡇⣾⢸⣿⣿⡇⣿⣼⣼⣿⣿⣿⣿⡇⠀⠀│ 
                      │⡄⣿⣿⣿⣿⣿⣿⣿⣿⣿⣿⣿⣿⣧⣿⣿⣿⣿⣿⣿⣿⣿⣿⣿⣿⣿⣼⣿⣿⣿⣿⣿⣿⣿⣿⣿⣿⣿⣿⢀│ 
                      │⣧⣿⣿⣿⣿⣿⣿⣿⣿⣿⣿⣿⣿⣿⣿⣿⣿⣿⣿⣿⣿⣿⣿⣿⣿⣿⣿⣿⣿⣿⣿⣿⣿⣿⣿⣿⣿⣿⣿⣼│ 
                      │⣿⣿⣿⣿⣿⣿⣿⣿⣿⣿⣿⣿⣿⣿⣿⣿⣿⣿⣿⣿⣿⣿⣿⣿⣿⣿⣿⣿⣿⣿⣿⣿⣿⣿⣿⣿⣿⣿⣿⣿│ 
                    0 │⣿⣿⣿⡟⣿⣿⣿⣿⣿⣿⣿⣿⣿⣿⣿⣿⣿⣿⣿⣿⣿⣿⣿⣿⣿⣿⣿⣿⣿⣿⣿⣿⣿⣿⣿⣿⢻⣿⣿⣿│ 
                      └────────────────────────────────────────┘ 
                      ⠀0⠀⠀⠀⠀⠀⠀⠀⠀⠀⠀⠀⠀⠀⠀⠀⠀⠀⠀⠀⠀⠀⠀⠀⠀⠀⠀⠀⠀⠀⠀⠀⠀⠀⠀20000⠀ 
                      ⠀⠀⠀⠀⠀⠀⠀⠀⠀⠀⠀⠀⠀⠀⠀⠀⠀Molecule⠀⠀⠀⠀⠀⠀⠀⠀⠀⠀⠀⠀⠀⠀⠀⠀⠀ 

Exciton profile at time = 19.0 ps
                      ┌────────────────────────────────────────┐ 
               0.0004 │⠀⠀⠀⠀⠀⠀⠀⠀⠀⠀⠀⠀⠀⠀⠀⠀⠀⠀⠀⠀⠀⠀⠀⠀⠀⠀⠀⠀⠀⠀⠀⠀⠀⠀⠀⠀⠀⠀⠀⠀│ 
                      │⠀⠀⠀⠀⢀⠀⠀⠀⠀⠀⠀⠀⠀⠀⠀⠀⠀⠀⠀⠀⠀⠀⠀⠀⠀⠀⠀⠀⠀⠀⠀⠀⠀⠀⠀⡀⠀⠀⠀⠀│ 
                      │⣿⠀⠀⠀⢸⠀⠀⠀⠀⠀⠀⠀⠀⠀⠀⠀⠀⠀⠀⠀⠀⠀⠀⠀⠀⠀⠀⠀⠀⠀⠀⠀⠀⠀⠀⡇⠀⠀⠀⣾│ 
                      │⣿⠀⠀⠀⢸⠀⠀⠀⠀⠀⠀⠀⠀⠀⠀⠀⠀⠀⠀⠀⡄⠀⠀⠀⠀⠀⠀⠀⠀⠀⠀⠀⠀⠀⠀⡇⠀⠀⠀⣿│ 
                      │⣿⢸⠀⠀⢸⠀⠀⠀⠀⠀⠀⠀⠀⠀⠀⠀⠀⠀⠀⢠⡇⠀⠀⠀⠀⠀⠀⠀⠀⠀⠀⠀⠀⠀⠀⡇⠀⠀⡇⣿│ 
                      │⣿⢸⠀⡆⢸⠀⠀⠀⠀⠀⠀⠀⠀⠀⠀⠀⠀⠀⠀⢸⡇⠀⠀⠀⠀⠀⠀⠀⠀⠀⠀⠀⠀⠀⠀⡇⢰⠀⡇⣿│ 
                      │⣿⢸⣄⡇⣸⢰⠀⠀⠀⠀⡀⠀⠀⠀⠀⠀⠀⠀⠀⢸⡇⠀⠀⠀⠀⠀⠀⠀⠀⢀⠀⠀⠀⠀⡆⣇⢸⣠⡇⣿│ 
   Probability        │⣿⣾⣿⡇⣿⣾⡀⠀⠀⠀⡇⠀⠀⠀⠀⠀⡀⠀⠀⢸⡇⠀⠀⢀⠀⠀⠀⠀⠀⢸⠀⠀⠀⠀⣷⣿⢸⣿⣷⣿│ 
                      │⣿⣿⣿⣧⣿⣿⣿⡄⠀⠀⣇⡄⠀⠀⣀⠀⡇⠀⠀⢸⡇⠀⠀⢸⠀⣀⠀⠀⢠⣸⠀⠀⢠⣿⣿⣿⣼⣿⣿⣿│ 
                      │⣿⣿⣿⣿⣿⣿⣿⣧⢠⠀⣿⡇⠀⠀⣿⡇⣇⡀⠀⣼⣧⠀⢀⣸⢸⣿⠀⠀⢸⣿⠀⡄⣼⣿⣿⣿⣿⣿⣿⣿│ 
                      │⣿⣿⣿⣿⣿⣿⣿⣿⣾⣼⣿⣧⣄⣆⣿⣧⣿⣧⢸⣿⣿⡇⣼⣿⣼⣿⣶⣠⣼⣿⣧⣷⣿⣿⣿⣿⣿⣿⣿⣿│ 
                      │⣿⣿⣿⣿⣿⣿⣿⣿⣿⣿⣿⣿⣿⣿⣿⣿⣿⣿⣸⣿⣿⣇⣿⣿⣿⣿⣿⣿⣿⣿⣿⣿⣿⣿⣿⣿⣿⣿⣿⣿│ 
                      │⣿⣿⣿⣿⣿⣿⣿⣿⣿⣿⣿⣿⣿⣿⣿⣿⣿⣿⣿⣿⣿⣿⣿⣿⣿⣿⣿⣿⣿⣿⣿⣿⣿⣿⣿⣿⣿⣿⣿⣿│ 
                      │⣿⣿⣿⣿⣿⣿⣿⣿⣿⣿⣿⣿⣿⣿⣿⣿⣿⣿⣿⣿⣿⣿⣿⣿⣿⣿⣿⣿⣿⣿⣿⣿⣿⣿⣿⣿⣿⣿⣿⣿│ 
                    0 │⡿⣿⣿⣿⣿⣿⣿⣿⣿⣿⣿⣿⣿⣿⣿⣿⣿⣿⣿⣿⣿⣿⣿⣿⣿⣿⣿⣿⣿⣿⣿⣿⣿⣿⣿⣿⣿⣿⣿⢿│ 
                      └────────────────────────────────────────┘ 
                      ⠀0⠀⠀⠀⠀⠀⠀⠀⠀⠀⠀⠀⠀⠀⠀⠀⠀⠀⠀⠀⠀⠀⠀⠀⠀⠀⠀⠀⠀⠀⠀⠀⠀⠀⠀20000⠀ 
                      ⠀⠀⠀⠀⠀⠀⠀⠀⠀⠀⠀⠀⠀⠀⠀⠀⠀Molecule⠀⠀⠀⠀⠀⠀⠀⠀⠀⠀⠀⠀⠀⠀⠀⠀⠀ 

Exciton profile at time = 20.0 ps
                      ┌────────────────────────────────────────┐ 
               0.0005 │⠀⠀⠀⠀⠀⠀⠀⠀⠀⠀⠀⠀⠀⠀⠀⠀⠀⠀⠀⠀⠀⠀⠀⠀⠀⠀⠀⠀⠀⠀⠀⠀⠀⠀⠀⠀⠀⠀⠀⠀│ 
                      │⠀⠀⢰⠀⠀⠀⠀⠀⠀⠀⠀⠀⠀⠀⠀⠀⠀⠀⠀⠀⠀⠀⠀⠀⠀⠀⠀⠀⠀⠀⠀⠀⠀⠀⠀⠀⠀⡆⠀⠀│ 
                      │⠀⠀⢸⠀⠀⠀⠀⠀⠀⠀⠀⠀⠀⠀⠀⠀⠀⠀⠀⠀⠀⠀⠀⠀⠀⠀⠀⠀⠀⠀⠀⠀⠀⠀⠀⠀⠀⡇⠀⠀│ 
                      │⠀⠀⢸⠀⠀⠀⠀⠀⠀⠀⠀⠀⠀⠀⠀⠀⠀⠀⠀⠀⠀⠀⠀⠀⠀⠀⠀⠀⠀⠀⠀⠀⠀⠀⠀⠀⠀⡇⠀⠀│ 
                      │⠀⠀⢸⠀⠀⠀⠀⠀⠀⠀⠀⠀⠀⠀⠀⠀⠀⠀⠀⠀⠀⠀⠀⠀⠀⠀⠀⠀⠀⠀⠀⠀⠀⠀⠀⠀⠀⡇⠀⠀│ 
                      │⠀⠀⣾⠀⠀⠀⠀⠀⠀⠀⠀⠀⠀⠀⠀⠀⠀⠀⠀⢠⡄⠀⠀⠀⠀⠀⠀⠀⠀⠀⠀⠀⠀⠀⠀⠀⠀⣷⠀⠀│ 
                      │⠀⡆⣿⠀⠀⠀⠀⠀⠀⠀⠀⠀⠀⠀⠀⠀⠀⠀⠀⢸⡇⠀⠀⠀⠀⠀⠀⠀⠀⠀⠀⠀⠀⠀⠀⠀⠀⣿⢰⠀│ 
   Probability        │⡀⣧⣿⠀⠀⠀⠀⠀⠀⡄⠀⠀⠀⠀⠀⡄⠀⠀⠀⢸⡇⠀⠀⠀⢠⠀⠀⠀⠀⠀⢠⠀⠀⠀⠀⠀⠀⣿⣼⢀│ 
                      │⣧⣿⣿⠀⠀⠀⠀⠀⠀⡇⠀⠀⠀⡆⡄⡇⠀⠀⠀⢸⡇⠀⠀⠀⢸⢠⢰⠀⠀⠀⢸⠀⠀⠀⠀⠀⠀⣿⣿⣼│ 
                      │⣿⣿⣿⡆⠀⣠⠀⣸⡄⣿⢰⠀⢸⣇⡇⡇⢠⠀⠀⢸⡇⠀⠀⡄⢸⢸⣸⡇⠀⡆⣿⢠⣇⠀⣄⠀⢰⣿⣿⣿│ 
                      │⣿⣿⣿⣧⣧⣿⣤⣿⡇⣿⣸⣧⢸⣿⣧⡇⣿⠀⢰⢸⡇⡆⠀⣿⢸⣼⣿⡇⣼⣇⣿⢸⣿⣤⣿⣼⣼⣿⣿⣿│ 
                      │⣿⣿⣿⣿⣿⣿⣿⣿⡇⣿⣿⣿⣼⣿⣿⣷⣿⣦⣼⣿⣿⣧⣤⣿⣾⣿⣿⣧⣿⣿⣿⢸⣿⣿⣿⣿⣿⣿⣿⣿│ 
                      │⣿⣿⣿⣿⣿⣿⣿⣿⣿⣿⣿⣿⣿⣿⣿⣿⣿⣿⣿⣿⣿⣿⣿⣿⣿⣿⣿⣿⣿⣿⣿⣿⣿⣿⣿⣿⣿⣿⣿⣿│ 
                      │⣿⣿⣿⣿⣿⣿⣿⣿⣿⣿⣿⣿⣿⣿⣿⣿⣿⣿⣿⣿⣿⣿⣿⣿⣿⣿⣿⣿⣿⣿⣿⣿⣿⣿⣿⣿⣿⣿⣿⣿│ 
                    0 │⣿⣿⢿⣿⣿⣿⣿⣿⣿⣿⣿⣿⣿⣿⣿⣿⣿⣿⣿⣿⣿⣿⣿⣿⣿⣿⣿⣿⣿⣿⣿⣿⣿⣿⣿⣿⣿⡿⣿⣿│ 
                      └────────────────────────────────────────┘ 
                      ⠀0⠀⠀⠀⠀⠀⠀⠀⠀⠀⠀⠀⠀⠀⠀⠀⠀⠀⠀⠀⠀⠀⠀⠀⠀⠀⠀⠀⠀⠀⠀⠀⠀⠀⠀20000⠀ 
                      ⠀⠀⠀⠀⠀⠀⠀⠀⠀⠀⠀⠀⠀⠀⠀⠀⠀Molecule⠀⠀⠀⠀⠀⠀⠀⠀⠀⠀⠀⠀⠀⠀⠀⠀⠀ 

Exciton profile at time = 21.0 ps
                      ┌────────────────────────────────────────┐ 
               0.0006 │⠀⠀⠀⠀⠀⠀⠀⠀⠀⠀⠀⠀⠀⠀⠀⠀⠀⠀⠀⠀⠀⠀⠀⠀⠀⠀⠀⠀⠀⠀⠀⠀⠀⠀⠀⠀⠀⠀⠀⠀│ 
                      │⠀⠀⠀⠀⢀⠀⠀⠀⠀⠀⠀⠀⠀⠀⠀⠀⠀⠀⠀⠀⠀⠀⠀⠀⠀⠀⠀⠀⠀⠀⠀⠀⠀⠀⠀⡀⠀⠀⠀⠀│ 
                      │⠀⠀⠀⠀⢸⠀⠀⠀⠀⠀⠀⠀⠀⠀⠀⠀⠀⠀⠀⠀⠀⠀⠀⠀⠀⠀⠀⠀⠀⠀⠀⠀⠀⠀⠀⡇⠀⠀⠀⠀│ 
                      │⠀⠀⠀⠀⢸⠀⠀⠀⠀⠀⠀⠀⠀⠀⠀⠀⠀⠀⠀⠀⠀⠀⠀⠀⠀⠀⠀⠀⠀⠀⠀⠀⠀⠀⠀⡇⠀⠀⠀⠀│ 
                      │⠀⡀⢠⠀⢸⠀⠀⠀⠀⠀⠀⠀⠀⠀⠀⠀⠀⠀⠀⠀⠀⠀⠀⠀⠀⠀⠀⠀⠀⠀⠀⠀⠀⠀⠀⡇⠀⡄⢀⠀│ 
                      │⠀⡇⢸⠀⢸⢸⠀⠀⠀⠀⠀⠀⠀⠀⠀⠀⠀⠀⠀⠀⠀⠀⠀⠀⠀⠀⠀⠀⠀⠀⠀⠀⠀⠀⡇⡇⠀⡇⢸⠀│ 
                      │⠀⡇⢸⠀⢸⢸⠀⠀⠀⠀⠀⠀⠀⠀⠀⠀⠀⠀⠀⠀⠀⠀⠀⠀⠀⠀⠀⠀⠀⠀⠀⠀⠀⠀⡇⡇⠀⡇⢸⠀│ 
   Probability        │⠀⡇⢸⠀⢸⢸⡀⠀⠀⠀⠀⠀⠀⠀⠀⠀⠀⠀⠀⠀⠀⠀⠀⠀⠀⠀⠀⠀⠀⠀⠀⠀⠀⢀⡇⡇⠀⡇⢸⠀│ 
                      │⠀⡇⢸⠀⢸⣼⡇⠀⠀⠀⠀⠀⠀⠀⠀⠀⠀⠀⠀⠀⠀⠀⠀⠀⠀⠀⠀⠀⠀⠀⠀⠀⠀⢸⣧⡇⠀⡇⢸⠀│ 
                      │⡄⣧⣸⠀⢸⣿⣷⠀⠀⡇⠀⠀⠀⠀⡄⠀⠀⠀⠀⠀⠀⠀⠀⠀⠀⢠⠀⠀⠀⠀⢸⠀⠀⣾⣿⡇⠀⡇⣼⢠│ 
                      │⣿⣿⣿⣦⣼⣿⣿⠀⣄⡇⠀⠀⠀⡀⡇⠀⡀⠀⠀⠀⠀⠀⠀⢀⠀⢸⢀⠀⠀⠀⢸⣠⠀⣿⣿⣧⣴⣷⣿⣿│ 
                      │⣿⣿⣿⣿⣿⣿⣿⣼⣿⣧⢸⣰⣠⣿⡇⡆⣷⡆⠀⢠⡆⠀⢰⢸⢰⢸⣿⣄⣆⡇⣼⣿⣧⣿⣿⣿⣿⣿⣿⣿│ 
                      │⣿⣿⣿⣿⣿⣿⣿⣿⣿⣿⣼⣿⣿⣿⣿⣷⣿⣧⠀⢸⡇⠀⣼⣿⣾⣿⣿⣿⣿⣧⣿⣿⣿⣿⣿⣿⣿⣿⣿⣿│ 
                      │⣿⣿⣿⣿⣿⣿⣿⣿⣿⣿⣿⣿⣿⣿⣿⣿⣿⣿⣿⣼⣧⣷⣿⣿⣿⣿⣿⣿⣿⣿⣿⣿⣿⣿⣿⣿⣿⣿⣿⣿│ 
                    0 │⣿⣿⣿⣿⣿⣿⣿⣿⣿⣿⣿⣿⣿⣿⣿⣿⣿⣿⣿⣿⣿⣿⣿⣿⣿⣿⣿⣿⣿⣿⣿⣿⣿⣿⣿⣿⣿⣿⣿⣿│ 
                      └────────────────────────────────────────┘ 
                      ⠀0⠀⠀⠀⠀⠀⠀⠀⠀⠀⠀⠀⠀⠀⠀⠀⠀⠀⠀⠀⠀⠀⠀⠀⠀⠀⠀⠀⠀⠀⠀⠀⠀⠀⠀20000⠀ 
                      ⠀⠀⠀⠀⠀⠀⠀⠀⠀⠀⠀⠀⠀⠀⠀⠀⠀Molecule⠀⠀⠀⠀⠀⠀⠀⠀⠀⠀⠀⠀⠀⠀⠀⠀⠀ 

Exciton profile at time = 22.0 ps
                      ┌────────────────────────────────────────┐ 
               0.0004 │⠀⠀⠀⠀⠀⠀⠀⠀⠀⠀⠀⠀⠀⠀⠀⠀⠀⠀⠀⠀⠀⠀⠀⠀⠀⠀⠀⠀⠀⠀⠀⠀⠀⠀⠀⠀⠀⠀⠀⠀│ 
                      │⠀⠀⠀⠀⠀⠀⠀⠀⠀⠀⠀⠀⠀⠀⠀⠀⠀⠀⠀⠀⠀⠀⠀⠀⠀⠀⠀⠀⠀⠀⠀⠀⠀⠀⠀⠀⠀⠀⠀⠀│ 
                      │⠀⠀⠀⠀⠀⠀⠀⠀⢸⠀⠀⠀⠀⠀⠀⠀⠀⠀⠀⠀⠀⠀⠀⠀⠀⠀⠀⠀⠀⠀⠀⡇⠀⠀⠀⠀⠀⠀⠀⠀│ 
                      │⠀⡇⠀⠀⠀⠀⠀⢸⢸⡄⠀⠀⠀⠀⠀⠀⠀⠀⠀⠀⠀⠀⠀⠀⠀⠀⠀⠀⠀⠀⢠⡇⡇⠀⠀⠀⠀⠀⢸⠀│ 
                      │⠀⡇⠀⠀⠀⠀⠀⢸⢸⡇⠀⠀⠀⠀⠀⠀⠀⠀⠀⠀⠀⠀⠀⠀⠀⠀⠀⠀⠀⠀⢸⡇⡇⠀⠀⠀⠀⠀⢸⠀│ 
                      │⢸⣿⠀⠀⢰⠀⠀⢸⢸⡇⠀⠀⠀⠀⢀⠀⠀⠀⠀⠀⠀⠀⠀⠀⠀⡀⠀⠀⠀⠀⢸⡇⡇⠀⠀⡆⠀⠀⣿⡇│ 
                      │⢸⣿⠀⠀⢸⠀⢰⣿⢸⡇⠀⠀⠀⢀⢸⠀⠀⠀⠀⠀⠀⠀⠀⠀⠀⡇⡀⠀⠀⠀⢸⡇⣿⡆⠀⡇⠀⠀⣿⡇│ 
   Probability        │⢸⣿⢠⢸⢸⣾⢸⣿⢸⡇⠀⠀⠀⢸⢸⠀⠀⠀⠀⠀⠀⠀⠀⠀⠀⡇⡇⠀⠀⠀⢸⡇⣿⡇⣷⡇⡇⡄⣿⡇│ 
                      │⣿⣿⣼⢸⣿⣿⣼⣿⢸⣿⠀⠀⡀⣼⢸⠀⢠⠀⠀⠀⡀⠀⠀⡄⠀⡇⣧⢀⠀⠀⣿⡇⣿⣧⣿⣿⡇⣧⣿⣿│ 
                      │⣿⣿⣿⢸⣿⣿⣿⣿⣾⣿⡀⣠⣷⣿⢸⢀⣸⡇⠀⢰⡇⠀⢸⣇⡀⡇⣿⣾⣄⢀⣿⣷⣿⣿⣿⣿⡇⣿⣿⣿│ 
                      │⣿⣿⣿⣿⣿⣿⣿⣿⣿⣿⡇⣿⣿⣿⣸⣸⣿⡇⠀⢸⡇⠀⢸⣿⣇⣇⣿⣿⣿⢸⣿⣿⣿⣿⣿⣿⣿⣿⣿⣿│ 
                      │⣿⣿⣿⣿⣿⣿⣿⣿⣿⣿⣷⣿⣿⣿⣿⣿⣿⣷⣀⣾⣷⣀⣾⣿⣿⣿⣿⣿⣿⣾⣿⣿⣿⣿⣿⣿⣿⣿⣿⣿│ 
                      │⣿⣿⣿⣿⣿⣿⣿⣿⣿⣿⣿⣿⣿⣿⣿⣿⣿⣿⣿⣿⣿⣿⣿⣿⣿⣿⣿⣿⣿⣿⣿⣿⣿⣿⣿⣿⣿⣿⣿⣿│ 
                      │⣿⣿⣿⣿⣿⣿⣿⣿⣿⣿⣿⣿⣿⣿⣿⣿⣿⣿⣿⣿⣿⣿⣿⣿⣿⣿⣿⣿⣿⣿⣿⣿⣿⣿⣿⣿⣿⣿⣿⣿│ 
                    0 │⣿⣿⣿⣿⣿⣿⣿⣿⣿⣿⣿⣿⣿⣿⣿⣿⣿⣿⣿⣿⣿⣿⣿⣿⣿⣿⣿⣿⣿⣿⣿⣿⣿⣿⣿⣿⣿⣿⣿⣿│ 
                      └────────────────────────────────────────┘ 
                      ⠀0⠀⠀⠀⠀⠀⠀⠀⠀⠀⠀⠀⠀⠀⠀⠀⠀⠀⠀⠀⠀⠀⠀⠀⠀⠀⠀⠀⠀⠀⠀⠀⠀⠀⠀20000⠀ 
                      ⠀⠀⠀⠀⠀⠀⠀⠀⠀⠀⠀⠀⠀⠀⠀⠀⠀Molecule⠀⠀⠀⠀⠀⠀⠀⠀⠀⠀⠀⠀⠀⠀⠀⠀⠀ 

Exciton profile at time = 23.0 ps
                      ┌────────────────────────────────────────┐ 
               0.0004 │⠀⠀⠀⠀⠀⠀⠀⠀⠀⠀⠀⠀⠀⠀⠀⠀⠀⠀⠀⠀⠀⠀⠀⠀⠀⠀⠀⠀⠀⠀⠀⠀⠀⠀⠀⠀⠀⠀⠀⠀│ 
                      │⠀⠀⠀⠀⠀⠀⠀⠀⠀⠀⠀⠀⠀⠀⠀⠀⠀⠀⠀⠀⠀⠀⠀⠀⠀⠀⠀⠀⠀⠀⠀⠀⠀⠀⠀⠀⠀⠀⠀⠀│ 
                      │⠀⠀⠀⠀⠀⠀⠀⠀⠀⠀⠀⠀⠀⠀⠀⠀⠀⠀⠀⠀⠀⠀⠀⠀⠀⠀⠀⠀⠀⠀⠀⠀⠀⠀⠀⠀⠀⠀⠀⠀│ 
                      │⠀⠀⠀⠀⠀⠀⠀⠀⡄⠀⠀⢠⡄⠀⠀⠀⠀⠀⠀⠀⠀⠀⠀⠀⠀⠀⠀⢠⡄⠀⠀⢠⠀⠀⠀⠀⠀⠀⠀⠀│ 
                      │⠀⠀⠀⠀⠀⠀⠀⠀⡇⠀⠀⢸⡇⠀⠀⠀⠀⠀⠀⠀⠀⠀⠀⠀⠀⠀⠀⢸⡇⠀⠀⢸⠀⠀⠀⠀⠀⠀⠀⠀│ 
                      │⠀⠀⠀⠀⠀⠀⠀⠀⣷⠀⣧⢸⡇⠀⠀⡄⠀⠀⠀⠀⠀⠀⠀⠀⢠⠀⠀⢸⡇⣼⠀⣾⠀⠀⠀⠀⠀⠀⠀⠀│ 
                      │⠀⠀⠀⠀⠀⠀⢠⢰⣿⡀⣿⢸⡇⠀⠀⡇⠀⠀⠀⠀⠀⠀⠀⠀⢸⠀⠀⢸⡇⣿⢀⣿⡆⡄⠀⠀⠀⠀⠀⠀│ 
   Probability        │⡀⠀⠀⠀⠀⠀⣸⢸⣿⣇⣿⢸⣿⢠⢰⣷⠀⠀⠀⢰⡆⠀⠀⠀⢸⡆⡄⣿⡇⣿⣸⣿⡇⣇⠀⠀⠀⠀⠀⢀│ 
                      │⣧⡄⠀⡀⢀⡀⣿⣸⣿⣿⣿⣸⣿⣿⢸⣿⠀⢀⠀⢸⡇⠀⡀⠀⣸⡇⣿⣿⡇⣿⣿⣿⣇⣿⢀⡀⢀⠀⢠⣼│ 
                      │⣿⣧⢰⣷⣾⡇⣿⣿⣿⣿⣿⣿⣿⣿⣿⣿⡇⢸⢠⢸⡇⡄⡇⢸⣿⣷⣿⣿⣿⣿⣿⣿⣿⣿⢸⣷⣾⡆⣼⣿│ 
                      │⣿⣿⣿⣿⣿⣇⣿⣿⣿⣿⣿⣿⣿⣿⣿⣿⣧⣿⢸⢸⡇⡇⣿⣼⣿⣿⣿⣿⣿⣿⣿⣿⣿⣿⣸⣿⣿⣿⣿⣿│ 
                      │⣿⣿⣿⣿⣿⣿⣿⣿⣿⣿⣿⣿⣿⣿⣿⣿⣿⣿⣿⣿⣇⣿⣿⣿⣿⣿⣿⣿⣿⣿⣿⣿⣿⣿⣿⣿⣿⣿⣿⣿│ 
                      │⣿⣿⣿⣿⣿⣿⣿⣿⣿⣿⣿⣿⣿⣿⣿⣿⣿⣿⣿⣿⣿⣿⣿⣿⣿⣿⣿⣿⣿⣿⣿⣿⣿⣿⣿⣿⣿⣿⣿⣿│ 
                      │⣿⣿⣿⣿⣿⣿⣿⣿⣿⣿⣿⣿⣿⣿⣿⣿⣿⣿⣿⣿⣿⣿⣿⣿⣿⣿⣿⣿⣿⣿⣿⣿⣿⣿⣿⣿⣿⣿⣿⣿│ 
                    0 │⣿⣿⣿⣿⣿⣿⣿⣿⣿⣿⣿⣿⣿⣿⣿⣿⣿⣿⣿⣿⣿⣿⣿⣿⣿⣿⣿⣿⣿⣿⣿⣿⣿⣿⣿⣿⣿⣿⣿⣿│ 
                      └────────────────────────────────────────┘ 
                      ⠀0⠀⠀⠀⠀⠀⠀⠀⠀⠀⠀⠀⠀⠀⠀⠀⠀⠀⠀⠀⠀⠀⠀⠀⠀⠀⠀⠀⠀⠀⠀⠀⠀⠀⠀20000⠀ 
                      ⠀⠀⠀⠀⠀⠀⠀⠀⠀⠀⠀⠀⠀⠀⠀⠀⠀Molecule⠀⠀⠀⠀⠀⠀⠀⠀⠀⠀⠀⠀⠀⠀⠀⠀⠀ 

Exciton profile at time = 24.0 ps
                      ┌────────────────────────────────────────┐ 
               0.0004 │⠀⠀⠀⠀⠀⠀⠀⠀⠀⠀⠀⠀⠀⠀⠀⠀⠀⠀⠀⠀⠀⠀⠀⠀⠀⠀⠀⠀⠀⠀⠀⠀⠀⠀⠀⠀⠀⠀⠀⠀│ 
                      │⠀⠀⠀⠀⠀⠀⠀⠀⠀⠀⠀⠀⠀⠀⠀⠀⠀⠀⠀⠀⠀⠀⠀⠀⠀⠀⠀⠀⠀⠀⠀⠀⠀⠀⠀⠀⠀⠀⠀⠀│ 
                      │⠀⠀⠀⠀⠀⠀⠀⠀⠀⠀⠀⠀⠀⠀⠀⠀⠀⠀⠀⠀⠀⠀⠀⠀⠀⠀⠀⠀⠀⠀⠀⠀⠀⠀⠀⠀⠀⠀⠀⠀│ 
                      │⠀⠀⡀⠀⠀⠀⠀⠀⠀⠀⠀⠀⠀⠀⠀⡆⠀⠀⠀⠀⠀⠀⠀⠀⢰⠀⠀⠀⠀⠀⠀⠀⠀⠀⠀⠀⠀⢀⠀⠀│ 
                      │⢀⠀⡇⠀⠀⠀⢰⡆⠀⠀⠀⠀⠀⢠⢠⡇⠀⠀⠀⠀⠀⠀⠀⠀⢸⡄⡄⠀⠀⠀⠀⠀⢰⡆⠀⠀⠀⢸⠀⡀│ 
                      │⢸⠀⡇⠀⠀⢸⢸⡇⢸⠀⠀⠀⠀⢸⢸⡇⠀⠀⠀⠀⠀⠀⠀⠀⢸⡇⡇⠀⠀⠀⠀⡇⢸⡇⡇⠀⠀⢸⠀⡇│ 
                      │⢸⢀⡇⠀⠀⣸⢸⡇⢸⢀⠀⠀⠀⢸⢸⣷⠀⠀⠀⠀⠀⠀⠀⠀⣾⡇⡇⠀⠀⠀⡀⡇⢸⡇⣇⠀⠀⢸⡀⡇│ 
   Probability        │⢸⢸⡇⠀⡀⣿⢸⣿⣸⢸⠀⢠⠀⢸⢸⣿⠀⠀⠀⢰⡆⠀⠀⠀⣿⡇⡇⠀⡄⠀⡇⣇⣿⡇⣿⢀⠀⢸⡇⡇│ 
                      │⣸⣼⣷⠀⡇⣿⢸⣿⣿⢸⣆⣸⡆⣸⣾⣿⡄⠀⠀⢸⡇⠀⠀⢠⣿⣷⣇⢰⣇⣰⡇⣿⣿⡇⣿⢸⠀⣾⣧⣇│ 
                      │⣿⣿⣿⣤⣿⣿⣼⣿⣿⣼⣿⣿⣿⣿⣿⣿⡇⡀⠀⢸⡇⠀⢀⢸⣿⣿⣿⣿⣿⣿⣧⣿⣿⣧⣿⣿⣄⣿⣿⣿│ 
                      │⣿⣿⣿⣿⣿⣿⣿⣿⣿⣿⣿⣿⣿⣿⣿⣿⣿⡇⢀⢸⡇⡀⢸⣿⣿⣿⣿⣿⣿⣿⣿⣿⣿⣿⣿⣿⣿⣿⣿⣿│ 
                      │⣿⣿⣿⣿⣿⣿⣿⣿⣿⣿⣿⣿⣿⣿⣿⣿⣿⡇⣿⣾⣷⣿⢸⣿⣿⣿⣿⣿⣿⣿⣿⣿⣿⣿⣿⣿⣿⣿⣿⣿│ 
                      │⣿⣿⣿⣿⣿⣿⣿⣿⣿⣿⣿⣿⣿⣿⣿⣿⣿⣿⣿⣿⣿⣿⣿⣿⣿⣿⣿⣿⣿⣿⣿⣿⣿⣿⣿⣿⣿⣿⣿⣿│ 
                      │⣿⣿⣿⣿⣿⣿⣿⣿⣿⣿⣿⣿⣿⣿⣿⣿⣿⣿⣿⣿⣿⣿⣿⣿⣿⣿⣿⣿⣿⣿⣿⣿⣿⣿⣿⣿⣿⣿⣿⣿│ 
                    0 │⣿⣿⣿⣿⣿⣿⣿⣿⣿⣿⣿⣿⣿⣿⣿⣿⣿⣿⣿⣿⣿⣿⣿⣿⣿⣿⣿⣿⣿⣿⣿⣿⣿⣿⣿⣿⣿⣿⣿⣿│ 
                      └────────────────────────────────────────┘ 
                      ⠀0⠀⠀⠀⠀⠀⠀⠀⠀⠀⠀⠀⠀⠀⠀⠀⠀⠀⠀⠀⠀⠀⠀⠀⠀⠀⠀⠀⠀⠀⠀⠀⠀⠀⠀20000⠀ 
                      ⠀⠀⠀⠀⠀⠀⠀⠀⠀⠀⠀⠀⠀⠀⠀⠀⠀Molecule⠀⠀⠀⠀⠀⠀⠀⠀⠀⠀⠀⠀⠀⠀⠀⠀⠀ 

Exciton profile at time = 25.0 ps
                      ┌────────────────────────────────────────┐ 
               0.0003 │⠀⠀⠀⠀⠀⠀⠀⠀⡄⠀⠀⠀⠀⠀⠀⠀⠀⠀⠀⠀⠀⠀⠀⠀⠀⠀⠀⠀⠀⠀⠀⢠⠀⠀⠀⠀⠀⠀⠀⠀│ 
                      │⠀⠀⠀⠀⠀⠀⠀⠀⡇⠀⠀⠀⠀⠀⠀⠀⠀⡆⠀⠀⠀⠀⢰⠀⠀⠀⠀⠀⠀⠀⠀⢸⠀⠀⠀⠀⠀⠀⠀⠀│ 
                      │⠀⠀⠀⠀⠀⣇⠀⠀⡇⠀⡄⠀⠀⠀⠀⠀⠀⡇⡇⠀⠀⢸⢸⠀⠀⠀⠀⠀⠀⢠⠀⢸⠀⠀⢸⠀⠀⠀⠀⠀│ 
                      │⠀⠀⠀⠀⠀⣿⠀⠀⣇⠀⡇⠀⠀⠀⠀⠀⠀⡇⡇⠀⠀⢸⢸⠀⠀⠀⠀⠀⠀⢸⠀⣸⠀⠀⢸⠀⠀⠀⠀⠀│ 
                      │⠀⠀⠀⠀⠀⣿⣾⠀⣿⠀⡇⠀⠀⠀⠀⠀⠀⡇⡇⠀⠀⢸⢸⠀⠀⠀⠀⠀⠀⢸⠀⣿⠀⣷⣾⠀⠀⠀⠀⠀│ 
                      │⢸⡇⢠⣰⠀⣿⣿⠀⣿⠀⡇⡄⣄⢀⠀⠀⡄⡇⡇⠀⠀⢸⢸⢠⠀⠀⡀⣠⢠⢸⠀⣿⠀⣿⣿⠀⣆⡄⢸⡇│ 
                      │⢸⡇⢸⣿⢸⣿⣿⡆⣿⠀⡇⡇⣿⣼⠀⠀⡇⡇⣇⢀⡀⣸⢸⢸⠀⠀⣧⣿⢸⢸⠀⣿⢰⣿⣿⡇⣿⡇⢸⡇│ 
   Probability        │⣾⣧⣼⣿⣿⣿⣿⡇⣿⣾⣧⣿⣿⣿⢸⡇⣧⡇⣿⢸⡇⣿⢸⣼⢸⡇⣿⣿⣿⣼⣷⣿⢸⣿⣿⣿⣿⣧⣼⣷│ 
                      │⣿⣿⣿⣿⣿⣿⣿⡇⣿⣿⣿⣿⣿⣿⣿⣧⣿⣇⣿⣾⣷⣿⣸⣿⣼⣿⣿⣿⣿⣿⣿⣿⢸⣿⣿⣿⣿⣿⣿⣿│ 
                      │⣿⣿⣿⣿⣿⣿⣿⣿⣿⣿⣿⣿⣿⣿⣿⣿⣿⣿⣿⣿⣿⣿⣿⣿⣿⣿⣿⣿⣿⣿⣿⣿⣿⣿⣿⣿⣿⣿⣿⣿│ 
                      │⣿⣿⣿⣿⣿⣿⣿⣿⣿⣿⣿⣿⣿⣿⣿⣿⣿⣿⣿⣿⣿⣿⣿⣿⣿⣿⣿⣿⣿⣿⣿⣿⣿⣿⣿⣿⣿⣿⣿⣿│ 
                      │⣿⣿⣿⣿⣿⣿⣿⣿⣿⣿⣿⣿⣿⣿⣿⣿⣿⣿⣿⣿⣿⣿⣿⣿⣿⣿⣿⣿⣿⣿⣿⣿⣿⣿⣿⣿⣿⣿⣿⣿│ 
                      │⣿⣿⣿⣿⣿⣿⣿⣿⣿⣿⣿⣿⣿⣿⣿⣿⣿⣿⣿⣿⣿⣿⣿⣿⣿⣿⣿⣿⣿⣿⣿⣿⣿⣿⣿⣿⣿⣿⣿⣿│ 
                      │⣿⣿⣿⣿⣿⣿⣿⣿⣿⣿⣿⣿⣿⣿⣿⣿⣿⣿⣿⣿⣿⣿⣿⣿⣿⣿⣿⣿⣿⣿⣿⣿⣿⣿⣿⣿⣿⣿⣿⣿│ 
                    0 │⣿⣿⣿⣿⣿⣿⣿⣿⣿⣿⣿⣿⣿⣿⣿⣿⣿⣿⢻⣿⣿⡟⣿⣿⣿⣿⣿⣿⣿⣿⣿⣿⣿⣿⣿⣿⣿⣿⣿⣿│ 
                      └────────────────────────────────────────┘ 
                      ⠀0⠀⠀⠀⠀⠀⠀⠀⠀⠀⠀⠀⠀⠀⠀⠀⠀⠀⠀⠀⠀⠀⠀⠀⠀⠀⠀⠀⠀⠀⠀⠀⠀⠀⠀20000⠀ 
                      ⠀⠀⠀⠀⠀⠀⠀⠀⠀⠀⠀⠀⠀⠀⠀⠀⠀Molecule⠀⠀⠀⠀⠀⠀⠀⠀⠀⠀⠀⠀⠀⠀⠀⠀⠀ 

Exciton profile at time = 26.0 ps
                      ┌────────────────────────────────────────┐ 
               0.0004 │⠀⠀⠀⠀⠀⠀⠀⠀⠀⠀⠀⠀⠀⠀⠀⠀⠀⠀⠀⠀⠀⠀⠀⠀⠀⠀⠀⠀⠀⠀⠀⠀⠀⠀⠀⠀⠀⠀⠀⠀│ 
                      │⠀⠀⠀⠀⠀⠀⠀⠀⠀⠀⠀⠀⠀⠀⠀⠀⠀⠀⠀⠀⠀⠀⠀⠀⠀⠀⠀⠀⠀⠀⠀⠀⠀⠀⠀⠀⠀⠀⠀⠀│ 
                      │⠀⠀⠀⠀⠀⠀⠀⠀⠀⠀⠀⠀⠀⠀⠀⠀⠀⠀⡆⠀⠀⢰⠀⠀⠀⠀⠀⠀⠀⠀⠀⠀⠀⠀⠀⠀⠀⠀⠀⠀│ 
                      │⠀⠀⠀⠀⠀⠀⠀⠀⠀⠀⠀⠀⠀⠀⡇⠀⠀⠀⣿⠀⠀⣿⠀⠀⠀⢸⠀⠀⠀⠀⠀⠀⠀⠀⠀⠀⠀⠀⠀⠀│ 
                      │⠀⠀⠀⠀⠀⠀⠀⠀⠀⠀⠀⠀⠀⠀⡇⠀⠀⠀⣿⠀⠀⣿⠀⠀⠀⢸⠀⠀⠀⠀⠀⠀⠀⠀⠀⠀⠀⠀⠀⠀│ 
                      │⠀⠀⠀⠀⠀⠀⠀⠀⠀⠀⠀⠀⠀⠀⡇⣧⠀⢀⣿⣄⣠⣿⡀⠀⢸⢸⠀⠀⠀⠀⠀⠀⠀⠀⠀⠀⠀⠀⠀⠀│ 
                      │⠀⠀⠀⠀⠀⡀⠀⠀⠀⢀⠀⠀⡀⢀⡇⣿⠀⢸⣿⣿⣿⣿⡇⠀⢸⢸⡀⢀⠀⠀⡀⠀⠀⠀⢀⠀⠀⠀⠀⠀│ 
   Probability        │⠀⠀⠀⠀⠀⣿⢀⠀⠀⣿⠀⢰⡇⢸⡇⣿⠀⢸⣿⣿⣿⣿⡇⠀⣿⢸⡇⢸⡆⠀⣿⠀⠀⡀⣿⠀⠀⠀⠀⠀│ 
                      │⡀⠀⡇⠀⢸⣿⢸⠀⠀⣿⡇⣸⡇⣸⣇⣿⡄⢸⣿⣿⣿⣿⡇⢠⣿⣸⣇⢸⣇⢸⣿⠀⠀⡇⣿⣧⠀⢸⠀⢀│ 
                      │⡇⢠⣿⠀⣼⣿⣿⢰⠀⣿⣿⣿⡇⣿⣿⣿⡇⣿⣿⣿⣿⣿⣿⢸⣿⣿⣿⢸⣿⣿⣿⠀⣦⣿⣿⣿⠀⣿⡄⢸│ 
                      │⣇⣸⣿⣴⣿⣿⣿⣼⣶⣿⣿⣿⡇⣿⣿⣿⡇⣿⣿⣿⣿⣿⣿⢸⣿⣿⣿⢸⣿⣿⣿⣶⣿⣿⣿⣿⣦⣿⣇⣸│ 
                      │⣿⣿⣿⣿⣿⣿⣿⣿⣿⣿⣿⣿⣿⣿⣿⣿⣿⣿⣿⣿⣿⣿⣿⣿⣿⣿⣿⣿⣿⣿⣿⣿⣿⣿⣿⣿⣿⣿⣿⣿│ 
                      │⣿⣿⣿⣿⣿⣿⣿⣿⣿⣿⣿⣿⣿⣿⣿⣿⣿⣿⣿⣿⣿⣿⣿⣿⣿⣿⣿⣿⣿⣿⣿⣿⣿⣿⣿⣿⣿⣿⣿⣿│ 
                      │⣿⣿⣿⣿⣿⣿⣿⣿⣿⣿⣿⣿⣿⣿⣿⣿⣿⣿⣿⣿⣿⣿⣿⣿⣿⣿⣿⣿⣿⣿⣿⣿⣿⣿⣿⣿⣿⣿⣿⣿│ 
                    0 │⣿⣿⣿⣿⣿⣿⣿⣿⣿⣿⣿⣿⣿⣿⣿⣿⣿⣿⣿⣿⣿⣿⣿⣿⣿⣿⣿⣿⣿⣿⣿⣿⣿⣿⣿⣿⣿⣿⣿⣿│ 
                      └────────────────────────────────────────┘ 
                      ⠀0⠀⠀⠀⠀⠀⠀⠀⠀⠀⠀⠀⠀⠀⠀⠀⠀⠀⠀⠀⠀⠀⠀⠀⠀⠀⠀⠀⠀⠀⠀⠀⠀⠀⠀20000⠀ 
                      ⠀⠀⠀⠀⠀⠀⠀⠀⠀⠀⠀⠀⠀⠀⠀⠀⠀Molecule⠀⠀⠀⠀⠀⠀⠀⠀⠀⠀⠀⠀⠀⠀⠀⠀⠀ 

Exciton profile at time = 27.0 ps
                      ┌────────────────────────────────────────┐ 
               0.0004 │⠀⠀⠀⠀⠀⠀⠀⠀⠀⠀⠀⠀⠀⠀⠀⠀⠀⠀⠀⠀⠀⠀⠀⠀⠀⠀⠀⠀⠀⠀⠀⠀⠀⠀⠀⠀⠀⠀⠀⠀│ 
                      │⠀⠀⠀⠀⠀⠀⠀⠀⠀⠀⠀⠀⠀⠀⠀⠀⠀⠀⠀⠀⠀⠀⠀⠀⠀⠀⠀⠀⠀⠀⠀⠀⠀⠀⠀⠀⠀⠀⠀⠀│ 
                      │⠀⠀⠀⠀⠀⠀⠀⠀⠀⠀⠀⠀⠀⠀⠀⡇⠀⠀⠀⠀⠀⠀⠀⠀⢸⠀⠀⠀⠀⠀⠀⠀⠀⠀⠀⠀⠀⠀⠀⠀│ 
                      │⠀⠀⠀⠀⠀⠀⠀⠀⠀⠀⠀⠀⠀⠀⠀⣇⠀⠀⠀⠀⠀⠀⠀⠀⣸⠀⠀⠀⠀⠀⠀⠀⠀⠀⠀⠀⠀⠀⠀⠀│ 
                      │⠀⠀⠀⠀⠀⠀⠀⠀⡆⠀⠀⠀⠀⠀⠀⣿⠀⠀⠀⣤⣠⠀⠀⠀⣿⠀⠀⠀⠀⠀⠀⢰⠀⠀⠀⠀⠀⠀⠀⠀│ 
                      │⡇⠀⠀⠀⠀⠀⠀⠀⡇⠀⠀⠀⠀⠀⠀⣿⢠⠀⠀⣿⣿⠀⠀⡄⣿⠀⠀⠀⠀⠀⠀⢸⠀⠀⠀⠀⠀⠀⠀⢰│ 
                      │⡇⠀⠀⠀⠀⠀⠀⠀⣇⠀⡀⠀⠀⠀⢸⣿⢸⠀⠀⣿⣿⠀⠀⡇⣿⡇⠀⠀⠀⢀⠀⣸⠀⠀⠀⠀⠀⠀⠀⢸│ 
   Probability        │⣇⠀⠀⠀⡄⠀⢠⠀⣿⠀⡇⠀⠀⠀⢸⣿⣸⠀⢠⣿⣿⡄⠀⣇⣿⡇⠀⠀⠀⢸⠀⣿⠀⡄⠀⢠⠀⠀⠀⣸│ 
                      │⣿⡆⠀⠀⡇⡆⢸⡇⣿⠀⡇⠀⠀⡀⢸⣿⣿⢠⣾⣿⣿⣷⡄⣿⣿⡇⢀⠀⠀⢸⠀⣿⢀⡇⢰⢸⠀⠀⢰⣿│ 
                      │⣿⡇⢰⣠⡇⣇⢸⣷⣿⢰⡇⢠⡀⣇⣿⣿⣿⢸⣿⣿⣿⣿⣧⣿⣿⣿⣼⢀⡄⢸⡆⣿⣾⡇⣸⢸⣄⡆⢸⣿│ 
                      │⣿⣷⣾⣿⣧⣿⣾⣿⣿⢸⡇⣼⡇⣿⣿⣿⣿⣾⣿⣿⣿⣿⣿⣿⣿⣿⣿⢸⣧⢸⡇⣿⣿⣷⣿⣼⣿⣿⣾⣿│ 
                      │⣿⣿⣿⣿⣿⣿⣿⣿⣿⣿⣿⣿⣿⣿⣿⣿⣿⣿⣿⣿⣿⣿⣿⣿⣿⣿⣿⣿⣿⣿⣿⣿⣿⣿⣿⣿⣿⣿⣿⣿│ 
                      │⣿⣿⣿⣿⣿⣿⣿⣿⣿⣿⣿⣿⣿⣿⣿⣿⣿⣿⣿⣿⣿⣿⣿⣿⣿⣿⣿⣿⣿⣿⣿⣿⣿⣿⣿⣿⣿⣿⣿⣿│ 
                      │⣿⣿⣿⣿⣿⣿⣿⣿⣿⣿⣿⣿⣿⣿⣿⣿⣿⣿⣿⣿⣿⣿⣿⣿⣿⣿⣿⣿⣿⣿⣿⣿⣿⣿⣿⣿⣿⣿⣿⣿│ 
                    0 │⣿⣿⣿⣿⣿⣿⣿⣿⣿⣿⣿⣿⣿⣿⣿⢿⣿⣿⣿⣿⣿⣿⣿⣿⡿⣿⣿⣿⣿⣿⣿⣿⣿⣿⣿⣿⣿⣿⣿⣿│ 
                      └────────────────────────────────────────┘ 
                      ⠀0⠀⠀⠀⠀⠀⠀⠀⠀⠀⠀⠀⠀⠀⠀⠀⠀⠀⠀⠀⠀⠀⠀⠀⠀⠀⠀⠀⠀⠀⠀⠀⠀⠀⠀20000⠀ 
                      ⠀⠀⠀⠀⠀⠀⠀⠀⠀⠀⠀⠀⠀⠀⠀⠀⠀Molecule⠀⠀⠀⠀⠀⠀⠀⠀⠀⠀⠀⠀⠀⠀⠀⠀⠀ 

Exciton profile at time = 28.0 ps
                      ┌────────────────────────────────────────┐ 
               0.0004 │⠀⠀⠀⠀⠀⠀⠀⠀⠀⠀⠀⠀⠀⠀⠀⠀⠀⠀⠀⠀⠀⠀⠀⠀⠀⠀⠀⠀⠀⠀⠀⠀⠀⠀⠀⠀⠀⠀⠀⠀│ 
                      │⠀⠀⠀⠀⠀⠀⠀⠀⠀⠀⠀⠀⠀⡆⢠⠀⠀⠀⠀⠀⠀⠀⠀⠀⠀⡄⢰⠀⠀⠀⠀⠀⠀⠀⠀⠀⠀⠀⠀⠀│ 
                      │⠀⠀⠀⠀⠀⠀⠀⠀⠀⠀⠀⠀⠀⡇⢸⠀⠀⠀⠀⠀⠀⠀⠀⠀⠀⡇⢸⠀⠀⠀⠀⠀⠀⠀⠀⠀⠀⠀⠀⠀│ 
                      │⠀⠀⠀⠀⠀⠀⠀⠀⠀⠀⠀⠀⢠⡇⢸⠀⠀⠀⠀⠀⠀⠀⠀⠀⠀⡇⢸⡄⠀⠀⠀⠀⠀⠀⠀⠀⠀⠀⠀⠀│ 
                      │⠀⠀⠀⠀⠀⠀⠀⡆⠀⠀⠀⠀⢸⣷⣸⠀⠀⠀⠀⠀⠀⠀⠀⠀⠀⣇⣾⡇⠀⠀⠀⠀⢰⠀⠀⠀⠀⠀⠀⠀│ 
                      │⠀⠀⠀⠀⠀⠀⠀⡇⠀⠀⠀⠀⣸⣿⣿⠀⠀⠀⠀⠀⠀⠀⠀⠀⠀⣿⣿⣇⠀⠀⠀⠀⢸⠀⠀⠀⠀⠀⠀⠀│ 
                      │⠀⠀⠀⠀⠀⢀⠀⡇⠀⠀⠀⣤⣿⣿⣿⢰⡇⡀⠀⠀⠀⠀⢀⢸⡆⣿⣿⣿⣤⠀⠀⠀⢸⠀⡀⠀⠀⠀⠀⠀│ 
   Probability        │⢸⢰⠀⠀⠀⢸⠀⡇⠀⢀⢠⣿⣿⣿⣿⣸⡇⡇⠀⠀⠀⠀⢸⢸⣇⣿⣿⣿⣿⡄⡀⠀⢸⠀⡇⠀⠀⠀⡆⡇│ 
                      │⣸⢸⠀⢀⢀⢸⢸⡇⠀⢸⣸⣿⣿⣿⣿⣿⡇⡇⠀⢸⡇⠀⢸⢸⣿⣿⣿⣿⣿⣇⡇⠀⢸⡇⡇⡀⡀⠀⡇⣇│ 
                      │⣿⣸⠀⣾⣿⢸⢸⣷⡆⣸⣿⣿⣿⣿⣿⣿⣿⣷⡄⣾⣷⢠⣾⣿⣿⣿⣿⣿⣿⣿⣇⢰⣾⡇⡇⣿⣷⠀⣇⣿│ 
                      │⣿⣿⣶⣿⣿⣾⣸⣿⣇⣿⣿⣿⣿⣿⣿⣿⣿⣿⣧⣿⣿⣾⣿⣿⣿⣿⣿⣿⣿⣿⣿⣸⣿⣇⣷⣿⣿⣶⣿⣿│ 
                      │⣿⣿⣿⣿⣿⣿⣿⣿⣿⣿⣿⣿⣿⣿⣿⣿⣿⣿⣿⣿⣿⣿⣿⣿⣿⣿⣿⣿⣿⣿⣿⣿⣿⣿⣿⣿⣿⣿⣿⣿│ 
                      │⣿⣿⣿⣿⣿⣿⣿⣿⣿⣿⣿⣿⣿⣿⣿⣿⣿⣿⣿⣿⣿⣿⣿⣿⣿⣿⣿⣿⣿⣿⣿⣿⣿⣿⣿⣿⣿⣿⣿⣿│ 
                      │⣿⣿⣿⣿⣿⣿⣿⣿⣿⣿⣿⣿⣿⣿⣿⣿⣿⣿⣿⣿⣿⣿⣿⣿⣿⣿⣿⣿⣿⣿⣿⣿⣿⣿⣿⣿⣿⣿⣿⣿│ 
                    0 │⣿⣿⣿⣿⣿⣿⣿⣿⣿⣿⣿⣿⢿⣿⣿⣿⣿⣿⣿⣿⣿⣿⣿⣿⣿⣿⣿⡿⣿⣿⣿⣿⣿⣿⣿⣿⣿⣿⣿⣿│ 
                      └────────────────────────────────────────┘ 
                      ⠀0⠀⠀⠀⠀⠀⠀⠀⠀⠀⠀⠀⠀⠀⠀⠀⠀⠀⠀⠀⠀⠀⠀⠀⠀⠀⠀⠀⠀⠀⠀⠀⠀⠀⠀20000⠀ 
                      ⠀⠀⠀⠀⠀⠀⠀⠀⠀⠀⠀⠀⠀⠀⠀⠀⠀Molecule⠀⠀⠀⠀⠀⠀⠀⠀⠀⠀⠀⠀⠀⠀⠀⠀⠀ 

Exciton profile at time = 29.0 ps
                      ┌────────────────────────────────────────┐ 
               0.0004 │⠀⠀⠀⠀⠀⠀⠀⠀⠀⠀⠀⠀⠀⠀⠀⠀⠀⠀⠀⠀⠀⠀⠀⠀⠀⠀⠀⠀⠀⠀⠀⠀⠀⠀⠀⠀⠀⠀⠀⠀│ 
                      │⠀⠀⠀⠀⠀⠀⠀⠀⠀⠀⠀⠀⠀⠀⠀⠀⠀⠀⠀⠀⠀⠀⠀⠀⠀⠀⠀⠀⠀⠀⠀⠀⠀⠀⠀⠀⠀⠀⠀⠀│ 
                      │⠀⠀⠀⠀⠀⠀⠀⠀⢀⠀⡄⠀⠀⠀⠀⠀⠀⠀⠀⠀⠀⠀⠀⠀⠀⠀⠀⠀⠀⢠⠀⡀⠀⠀⠀⠀⠀⠀⠀⠀│ 
                      │⠀⠀⠀⠀⠀⠀⠀⠀⢸⠀⡇⡇⠀⠀⠀⠀⠀⠀⠀⠀⠀⠀⠀⠀⠀⠀⠀⠀⢸⢸⠀⡇⠀⠀⠀⠀⠀⠀⠀⠀│ 
                      │⠀⠀⠀⠀⠀⠀⠀⠀⢸⡇⡇⡇⢠⠀⠀⠀⠀⠀⠀⠀⠀⠀⠀⠀⠀⠀⠀⡄⢸⢸⢸⡇⠀⠀⠀⠀⠀⠀⠀⠀│ 
                      │⠀⠀⠀⠀⠀⠀⠀⠀⢸⡇⡇⡇⢸⢸⠀⠀⠀⠀⢰⠀⠀⡆⠀⠀⠀⠀⡇⡇⢸⢸⢸⡇⠀⠀⠀⠀⠀⠀⠀⠀│ 
                      │⠀⠀⠀⠀⠀⡆⠀⠀⢸⡇⣧⣿⢸⣸⠀⢠⠀⠀⢸⠀⠀⡇⠀⠀⡄⠀⣇⡇⣿⣼⢸⡇⠀⠀⢰⠀⠀⠀⠀⠀│ 
   Probability        │⠀⡇⠀⠀⢀⡇⠀⠀⢸⡇⣿⣿⣸⣿⢀⣸⡆⢀⢸⢸⡇⡇⡀⢰⣇⡀⣿⣇⣿⣿⢸⡇⠀⠀⢸⡀⠀⠀⢸⠀│ 
                      │⠀⡇⢰⢀⢸⣧⠀⣄⣼⡇⣿⣿⣿⣿⣼⣿⡇⣸⢸⢸⡇⡇⣇⢸⣿⣧⣿⣿⣿⣿⢸⣧⣠⠀⢸⡇⡀⡆⢸⠀│ 
                      │⠀⡇⢸⢸⣼⣿⢀⣿⣿⣇⣿⣿⣿⣿⣿⣿⣷⣿⣼⢸⡇⣧⣿⣾⣿⣿⣿⣿⣿⣿⣸⣿⣿⡀⣼⣧⡇⡇⢸⠀│ 
                      │⣠⣿⣼⣼⣿⣿⣾⣿⣿⣿⣿⣿⣿⣿⣿⣿⣿⣿⣿⣼⣧⣿⣿⣿⣿⣿⣿⣿⣿⣿⣿⣿⣿⣷⣿⣿⣧⣧⣿⣄│ 
                      │⣿⣿⣿⣿⣿⣿⣿⣿⣿⣿⣿⣿⣿⣿⣿⣿⣿⣿⣿⣿⣿⣿⣿⣿⣿⣿⣿⣿⣿⣿⣿⣿⣿⣿⣿⣿⣿⣿⣿⣿│ 
                      │⣿⣿⣿⣿⣿⣿⣿⣿⣿⣿⣿⣿⣿⣿⣿⣿⣿⣿⣿⣿⣿⣿⣿⣿⣿⣿⣿⣿⣿⣿⣿⣿⣿⣿⣿⣿⣿⣿⣿⣿│ 
                      │⣿⣿⣿⣿⣿⣿⣿⣿⣿⣿⣿⣿⣿⣿⣿⣿⣿⣿⣿⣿⣿⣿⣿⣿⣿⣿⣿⣿⣿⣿⣿⣿⣿⣿⣿⣿⣿⣿⣿⣿│ 
                    0 │⣿⣿⣿⣿⣿⣿⣿⣿⣿⣿⣿⣿⣿⣿⣿⣿⣿⣿⣿⣿⣿⣿⣿⣿⣿⣿⣿⣿⣿⣿⣿⣿⣿⣿⣿⣿⣿⣿⣿⣿│ 
                      └────────────────────────────────────────┘ 
                      ⠀0⠀⠀⠀⠀⠀⠀⠀⠀⠀⠀⠀⠀⠀⠀⠀⠀⠀⠀⠀⠀⠀⠀⠀⠀⠀⠀⠀⠀⠀⠀⠀⠀⠀⠀20000⠀ 
                      ⠀⠀⠀⠀⠀⠀⠀⠀⠀⠀⠀⠀⠀⠀⠀⠀⠀Molecule⠀⠀⠀⠀⠀⠀⠀⠀⠀⠀⠀⠀⠀⠀⠀⠀⠀ 

Exciton profile at time = 30.0 ps
                      ┌────────────────────────────────────────┐ 
               0.0006 │⠀⠀⠀⠀⠀⠀⡇⠀⠀⠀⠀⠀⠀⠀⠀⠀⠀⠀⠀⠀⠀⠀⠀⠀⠀⠀⠀⠀⠀⠀⠀⠀⠀⢸⠀⠀⠀⠀⠀⠀│ 
                      │⠀⠀⠀⠀⠀⠀⡇⠀⠀⠀⠀⠀⠀⠀⠀⠀⠀⠀⠀⠀⠀⠀⠀⠀⠀⠀⠀⠀⠀⠀⠀⠀⠀⢸⠀⠀⠀⠀⠀⠀│ 
                      │⠀⠀⠀⠀⠀⠀⡇⠀⠀⠀⠀⠀⠀⠀⠀⠀⠀⠀⠀⠀⠀⠀⠀⠀⠀⠀⠀⠀⠀⠀⠀⠀⠀⢸⠀⠀⠀⠀⠀⠀│ 
                      │⠀⠀⠀⠀⠀⠀⡇⠀⠀⠀⠀⠀⠀⠀⠀⠀⠀⠀⠀⠀⠀⠀⠀⠀⠀⠀⠀⠀⠀⠀⠀⠀⠀⢸⠀⠀⠀⠀⠀⠀│ 
                      │⠀⠀⠀⠀⠀⠀⡇⠀⠀⠀⠀⠀⠀⠀⠀⠀⠀⠀⠀⠀⠀⠀⠀⠀⠀⠀⠀⠀⠀⠀⠀⠀⠀⢸⠀⠀⠀⠀⠀⠀│ 
                      │⠀⠀⠀⠀⠀⠀⡇⠀⠀⠀⠀⠀⠀⠀⠀⠀⠀⠀⠀⠀⠀⠀⠀⠀⠀⠀⠀⠀⠀⠀⠀⠀⠀⢸⠀⠀⠀⠀⠀⠀│ 
                      │⠀⠀⠀⠀⠀⠀⡇⡀⠀⠀⠀⠀⠀⠀⠀⠀⠀⠀⠀⠀⠀⠀⠀⠀⠀⠀⠀⠀⠀⠀⠀⠀⢀⢸⠀⠀⠀⠀⠀⠀│ 
   Probability        │⠀⠀⠀⠀⠀⠀⡇⡇⠀⠀⠀⡇⠀⠀⠀⠀⠀⠀⠀⠀⠀⠀⠀⠀⠀⠀⠀⠀⢸⠀⠀⠀⢸⢸⠀⠀⠀⠀⠀⠀│ 
                      │⠀⠀⠀⠀⠀⡆⡇⡇⠀⠀⠀⣧⠀⠀⠀⠀⡀⠀⠀⠀⠀⠀⠀⢀⠀⠀⠀⠀⣼⠀⠀⠀⢸⢸⢰⠀⠀⠀⠀⠀│ 
                      │⠀⠀⢸⠀⠀⣿⡇⡇⠀⡄⣆⣿⠀⠀⠀⢰⡇⠀⠀⢰⡆⠀⠀⢸⡆⠀⠀⠀⣿⣰⢠⠀⢸⢸⣿⠀⠀⡇⠀⠀│ 
                      │⣠⣄⢸⢀⣄⣿⣿⣇⢸⣷⣿⣿⠀⣆⢀⣸⡇⠀⠀⢸⡇⠀⠀⢸⡇⡀⣰⠀⣿⣿⣸⡇⣸⣿⣿⣠⣀⡇⣠⣄│ 
                      │⣿⣿⣾⣿⣿⣿⣿⣿⣿⣿⣿⣿⣀⣿⣼⣿⣷⡄⣶⣿⣿⣶⢠⣾⣿⣧⣿⣀⣿⣿⣿⣿⣿⣿⣿⣿⣿⣷⣿⣿│ 
                      │⣿⣿⣿⣿⣿⣿⣿⣿⣿⣿⣿⣿⣿⣿⣿⣿⣿⣿⣿⣿⣿⣿⣿⣿⣿⣿⣿⣿⣿⣿⣿⣿⣿⣿⣿⣿⣿⣿⣿⣿│ 
                      │⣿⣿⣿⣿⣿⣿⣿⣿⣿⣿⣿⣿⣿⣿⣿⣿⣿⣿⣿⣿⣿⣿⣿⣿⣿⣿⣿⣿⣿⣿⣿⣿⣿⣿⣿⣿⣿⣿⣿⣿│ 
                    0 │⣿⣿⣿⣿⣿⣿⣿⣿⣿⣿⣿⣿⣿⣿⣿⣿⣿⣿⣿⣿⣿⣿⣿⣿⣿⣿⣿⣿⣿⣿⣿⣿⣿⣿⣿⣿⣿⣿⣿⣿│ 
                      └────────────────────────────────────────┘ 
                      ⠀0⠀⠀⠀⠀⠀⠀⠀⠀⠀⠀⠀⠀⠀⠀⠀⠀⠀⠀⠀⠀⠀⠀⠀⠀⠀⠀⠀⠀⠀⠀⠀⠀⠀⠀20000⠀ 
                      ⠀⠀⠀⠀⠀⠀⠀⠀⠀⠀⠀⠀⠀⠀⠀⠀⠀Molecule⠀⠀⠀⠀⠀⠀⠀⠀⠀⠀⠀⠀⠀⠀⠀⠀⠀ 

Exciton profile at time = 31.0 ps
                      ┌────────────────────────────────────────┐ 
               0.0004 │⠀⠀⠀⠀⠀⠀⠀⠀⠀⠀⠀⠀⠀⠀⠀⠀⠀⠀⠀⠀⠀⠀⠀⠀⠀⠀⠀⠀⠀⠀⠀⠀⠀⠀⠀⠀⠀⠀⠀⠀│ 
                      │⠀⠀⠀⠀⠀⠀⠀⠀⠀⠀⠀⠀⠀⠀⠀⠀⠀⠀⠀⠀⠀⠀⠀⠀⠀⠀⠀⠀⠀⠀⠀⠀⠀⠀⠀⠀⠀⠀⠀⠀│ 
                      │⠀⠀⠀⠀⠀⠀⠀⠀⠀⠀⠀⠀⠀⠀⠀⠀⠀⠀⠀⠀⠀⠀⠀⠀⠀⠀⠀⠀⠀⠀⠀⠀⠀⠀⠀⠀⠀⠀⠀⠀│ 
                      │⠀⠀⣀⠀⡆⠀⠀⠀⠀⡄⠀⠀⢠⠀⠀⠀⠀⠀⠀⠀⠀⠀⠀⠀⠀⠀⠀⡄⠀⠀⢠⠀⠀⠀⠀⢰⠀⣀⠀⠀│ 
                      │⠀⠀⣿⠀⡇⠀⠀⠀⠀⡇⠀⠀⢸⡆⠀⠀⠀⠀⠀⠀⠀⠀⠀⠀⠀⠀⠀⡇⠀⠀⢸⠀⠀⠀⠀⢸⠀⣿⠀⠀│ 
                      │⠀⠀⣿⠀⡇⢀⠀⠀⠀⡇⠀⠀⢸⡇⠀⠀⠀⠀⠀⠀⠀⠀⠀⠀⠀⠀⠀⡇⠀⠀⢸⠀⠀⠀⡀⢸⠀⣿⠀⠀│ 
                      │⠀⠀⣿⠀⣇⢸⠀⠀⠀⣷⠀⠀⢸⡇⠀⠀⢰⠀⠀⣤⣤⠀⠀⡆⠀⠀⢸⡇⠀⠀⣾⠀⠀⠀⡇⣸⠀⣿⠀⠀│ 
   Probability        │⠀⢠⣿⣠⣿⣸⢸⡇⣸⣿⣴⢀⢸⡇⠀⢀⣾⠀⠀⣿⣿⠀⠀⣷⡀⠀⢸⡇⡀⣦⣿⣇⢸⡇⣇⣿⣄⣿⡄⠀│ 
                      │⠀⢸⣿⣿⣿⣿⢸⣧⣿⣿⣿⣼⢸⡇⣆⢸⣿⢸⢰⣿⣿⡆⡇⣿⡇⣰⢸⡇⣧⣿⣿⣿⣼⡇⣿⣿⣿⣿⡇⠀│ 
                      │⠀⣼⣿⣿⣿⣿⣸⣿⣿⣿⣿⣿⢸⣷⣿⢸⣿⣼⢸⣿⣿⡇⣧⣿⡇⣿⣾⡇⣿⣿⣿⣿⣿⣇⣿⣿⣿⣿⣧⠀│ 
                      │⢸⣿⣿⣿⣿⣿⣿⣿⣿⣿⣿⣿⣾⣿⣿⣾⣿⣿⢸⣿⣿⡇⣿⣿⣷⣿⣿⣷⣿⣿⣿⣿⣿⣿⣿⣿⣿⣿⣿⡇│ 
                      │⣸⣿⣿⣿⣿⣿⣿⣿⣿⣿⣿⣿⣿⣿⣿⣿⣿⣿⣾⣿⣿⣷⣿⣿⣿⣿⣿⣿⣿⣿⣿⣿⣿⣿⣿⣿⣿⣿⣿⣷│ 
                      │⣿⣿⣿⣿⣿⣿⣿⣿⣿⣿⣿⣿⣿⣿⣿⣿⣿⣿⣿⣿⣿⣿⣿⣿⣿⣿⣿⣿⣿⣿⣿⣿⣿⣿⣿⣿⣿⣿⣿⣿│ 
                      │⣿⣿⣿⣿⣿⣿⣿⣿⣿⣿⣿⣿⣿⣿⣿⣿⣿⣿⣿⣿⣿⣿⣿⣿⣿⣿⣿⣿⣿⣿⣿⣿⣿⣿⣿⣿⣿⣿⣿⣿│ 
                    0 │⣿⣿⣿⣿⣿⣿⣿⣿⣿⣿⣿⣿⣿⣿⣿⣿⣿⣿⣿⣿⣿⣿⣿⣿⣿⣿⣿⣿⣿⣿⣿⣿⣿⣿⣿⣿⣿⣿⣿⣿│ 
                      └────────────────────────────────────────┘ 
                      ⠀0⠀⠀⠀⠀⠀⠀⠀⠀⠀⠀⠀⠀⠀⠀⠀⠀⠀⠀⠀⠀⠀⠀⠀⠀⠀⠀⠀⠀⠀⠀⠀⠀⠀⠀20000⠀ 
                      ⠀⠀⠀⠀⠀⠀⠀⠀⠀⠀⠀⠀⠀⠀⠀⠀⠀Molecule⠀⠀⠀⠀⠀⠀⠀⠀⠀⠀⠀⠀⠀⠀⠀⠀⠀ 

Exciton profile at time = 32.0 ps
                      ┌────────────────────────────────────────┐ 
               0.0007 │⠀⠀⠀⠀⠀⠀⠀⠀⠀⠀⠀⠀⠀⠀⠀⠀⠀⠀⠀⠀⠀⠀⠀⠀⠀⠀⠀⠀⠀⠀⠀⠀⠀⠀⠀⠀⠀⠀⠀⠀│ 
                      │⢀⠀⠀⠀⠀⠀⠀⠀⠀⠀⠀⠀⠀⠀⠀⠀⠀⠀⠀⠀⠀⠀⠀⠀⠀⠀⠀⠀⠀⠀⠀⠀⠀⠀⠀⠀⠀⠀⠀⡀│ 
                      │⢸⠀⠀⠀⠀⠀⠀⠀⠀⠀⠀⠀⠀⠀⠀⠀⠀⠀⠀⠀⠀⠀⠀⠀⠀⠀⠀⠀⠀⠀⠀⠀⠀⠀⠀⠀⠀⠀⠀⡇│ 
                      │⢸⠀⠀⠀⠀⠀⠀⠀⠀⠀⠀⠀⠀⠀⠀⠀⠀⠀⠀⢀⡆⠀⠀⠀⠀⠀⠀⠀⠀⠀⠀⠀⠀⠀⠀⠀⠀⠀⠀⡇│ 
                      │⢸⠀⠀⠀⠀⠀⠀⠀⠀⠀⠀⠀⠀⠀⠀⠀⠀⠀⠀⢸⡇⠀⠀⠀⠀⠀⠀⠀⠀⠀⠀⠀⠀⠀⠀⠀⠀⠀⠀⡇│ 
                      │⢸⠀⠀⠀⠀⠀⠀⠀⠀⠀⠀⠀⠀⠀⠀⠀⠀⠀⠀⢸⡇⠀⠀⠀⠀⠀⠀⠀⠀⠀⠀⠀⠀⠀⠀⠀⠀⠀⠀⡇│ 
                      │⢸⠀⠀⢰⠀⠀⠀⠀⠀⠀⠀⠀⠀⠀⠀⠀⠀⠀⠀⢸⡇⠀⠀⠀⠀⠀⠀⠀⠀⠀⠀⠀⠀⠀⠀⠀⡆⠀⠀⡇│ 
   Probability        │⣾⠀⠀⢸⠀⠀⠀⠀⠀⠀⠀⠀⠀⠀⠀⠀⠀⠀⠀⢸⡇⠀⠀⠀⠀⠀⠀⠀⠀⠀⠀⠀⠀⠀⠀⠀⡇⠀⠀⣷│ 
                      │⣿⣷⠀⢸⠀⠀⠀⠀⠀⠀⠀⢰⠀⠀⠀⠀⠀⠀⠀⢸⡇⠀⠀⠀⠀⠀⠀⠀⡆⠀⠀⠀⠀⠀⠀⠀⡇⠀⣾⣿│ 
                      │⣿⣿⡇⢸⠀⠀⠀⠀⠀⠀⠀⢸⠀⢰⠀⠀⢀⠀⠀⢸⡇⠀⠀⡀⠀⠀⡆⠀⣿⠀⠀⠀⠀⠀⠀⠀⡇⢠⣿⣿│ 
                      │⣿⣿⡇⢸⣤⣠⡀⡄⠀⢸⠀⣾⠀⢸⠀⠀⣼⡇⠀⣸⣇⠀⢸⣧⠀⠀⡇⠀⣿⠀⡇⠀⢠⢀⣄⣠⡇⢸⣿⣿│ 
                      │⣿⣿⣇⣼⣿⣿⣷⣇⡇⢸⢀⣿⠀⢸⠀⣸⣿⡇⢰⣿⣿⡆⢸⣿⣇⠀⡇⠀⣿⡀⡇⢸⣸⣾⣿⣿⣧⣸⣿⣿│ 
                      │⣿⣿⣿⣿⣿⣿⣿⣿⣿⣿⣿⣿⣷⣾⣿⣿⣿⡇⣼⣿⣿⣧⢸⣿⣿⣿⣷⣾⣿⣿⣿⣿⣿⣿⣿⣿⣿⣿⣿⣿│ 
                      │⣿⣿⣿⣿⣿⣿⣿⣿⣿⣿⣿⣿⣿⣿⣿⣿⣿⣿⣿⣿⣿⣿⣿⣿⣿⣿⣿⣿⣿⣿⣿⣿⣿⣿⣿⣿⣿⣿⣿⣿│ 
                    0 │⣿⣿⣿⣿⣿⣿⣿⣿⣿⣿⣿⣿⣿⣿⣿⣿⣿⣿⣿⣿⣿⣿⣿⣿⣿⣿⣿⣿⣿⣿⣿⣿⣿⣿⣿⣿⣿⣿⣿⣿│ 
                      └────────────────────────────────────────┘ 
                      ⠀0⠀⠀⠀⠀⠀⠀⠀⠀⠀⠀⠀⠀⠀⠀⠀⠀⠀⠀⠀⠀⠀⠀⠀⠀⠀⠀⠀⠀⠀⠀⠀⠀⠀⠀20000⠀ 
                      ⠀⠀⠀⠀⠀⠀⠀⠀⠀⠀⠀⠀⠀⠀⠀⠀⠀Molecule⠀⠀⠀⠀⠀⠀⠀⠀⠀⠀⠀⠀⠀⠀⠀⠀⠀ 

Exciton profile at time = 33.0 ps
                      ┌────────────────────────────────────────┐ 
               0.0004 │⠀⠀⠀⠀⠀⠀⠀⠀⠀⠀⠀⠀⠀⠀⠀⠀⠀⠀⠀⠀⠀⠀⠀⠀⠀⠀⠀⠀⠀⠀⠀⠀⠀⠀⠀⠀⠀⠀⠀⠀│ 
                      │⠀⠀⠀⠀⠀⠀⠀⠀⠀⠀⠀⠀⠀⠀⠀⠀⠀⠀⠀⠀⠀⠀⠀⠀⠀⠀⠀⠀⠀⠀⠀⠀⠀⠀⠀⠀⠀⠀⠀⠀│ 
                      │⠀⠀⠀⡇⠀⠀⠀⠀⠀⠀⠀⠀⠀⠀⠀⠀⠀⠀⠀⠀⠀⠀⠀⠀⠀⠀⠀⠀⠀⠀⠀⠀⠀⠀⠀⠀⢸⠀⠀⠀│ 
                      │⠀⠀⠀⡇⠀⠀⠀⠀⠀⠀⠀⠀⠀⠀⠀⠀⠀⠀⠀⠀⠀⠀⠀⠀⠀⠀⠀⠀⠀⠀⠀⠀⠀⠀⠀⠀⢸⠀⠀⠀│ 
                      │⡀⠀⠀⡇⠀⠀⠀⠀⠀⠀⠀⠀⠀⠀⠀⠀⠀⠀⠀⢀⡀⠀⠀⠀⠀⠀⠀⠀⠀⠀⠀⠀⠀⠀⠀⠀⢸⠀⠀⢀│ 
                      │⡇⠀⢠⡇⠀⠀⠀⠀⢀⠀⠀⠀⠀⠀⠀⠀⠀⠀⠀⢸⡇⠀⠀⠀⠀⠀⠀⠀⠀⠀⠀⡀⠀⠀⠀⠀⢸⡄⠀⢸│ 
                      │⣇⡆⣿⣧⡇⠀⠀⠀⢸⠀⠀⠀⠀⠀⠀⠀⠀⠀⠀⢸⡇⠀⠀⠀⠀⠀⠀⠀⠀⠀⠀⡇⠀⠀⠀⢸⣼⣿⢰⣸│ 
   Probability        │⣿⡇⣿⣿⣧⠀⡇⢠⢸⠀⠀⠀⡇⠀⠀⠀⠀⠀⠀⢸⡇⠀⠀⠀⠀⠀⠀⢸⠀⠀⠀⡇⡄⢸⠀⣼⣿⣿⢸⣿│ 
                      │⣿⡇⣿⣿⣿⡇⡇⣾⢸⢀⠀⠀⡇⠀⣶⠀⠀⠀⠀⢸⡇⠀⠀⠀⠀⣶⠀⢸⠀⠀⡀⡇⣷⢸⢸⣿⣿⣿⢸⣿│ 
                      │⣿⣿⣿⣿⣿⣿⡇⣿⣿⣸⣤⣿⡇⡄⣿⣿⢰⢀⢰⢸⡇⡆⡀⡆⣿⣿⢠⢸⣿⣤⣇⣿⣿⢸⣿⣿⣿⣿⣿⣿│ 
                      │⣿⣿⣿⣿⣿⣿⣿⣿⣿⣿⣿⣿⣿⣷⣿⣿⢸⢸⢸⢸⡇⡇⡇⡇⣿⣿⣾⣿⣿⣿⣿⣿⣿⣿⣿⣿⣿⣿⣿⣿│ 
                      │⣿⣿⣿⣿⣿⣿⣿⣿⣿⣿⣿⣿⣿⣿⣿⣿⣾⣼⢸⣸⣇⡇⣧⣷⣿⣿⣿⣿⣿⣿⣿⣿⣿⣿⣿⣿⣿⣿⣿⣿│ 
                      │⣿⣿⣿⣿⣿⣿⣿⣿⣿⣿⣿⣿⣿⣿⣿⣿⣿⣿⣿⣿⣿⣿⣿⣿⣿⣿⣿⣿⣿⣿⣿⣿⣿⣿⣿⣿⣿⣿⣿⣿│ 
                      │⣿⣿⣿⣿⣿⣿⣿⣿⣿⣿⣿⣿⣿⣿⣿⣿⣿⣿⣿⣿⣿⣿⣿⣿⣿⣿⣿⣿⣿⣿⣿⣿⣿⣿⣿⣿⣿⣿⣿⣿│ 
                    0 │⣿⣿⣿⣿⣿⣿⣿⣿⣿⣿⣿⣿⣿⣿⣿⣿⣿⣿⣿⣿⣿⣿⣿⣿⣿⣿⣿⣿⣿⣿⣿⣿⣿⣿⣿⣿⣿⣿⣿⣿│ 
                      └────────────────────────────────────────┘ 
                      ⠀0⠀⠀⠀⠀⠀⠀⠀⠀⠀⠀⠀⠀⠀⠀⠀⠀⠀⠀⠀⠀⠀⠀⠀⠀⠀⠀⠀⠀⠀⠀⠀⠀⠀⠀20000⠀ 
                      ⠀⠀⠀⠀⠀⠀⠀⠀⠀⠀⠀⠀⠀⠀⠀⠀⠀Molecule⠀⠀⠀⠀⠀⠀⠀⠀⠀⠀⠀⠀⠀⠀⠀⠀⠀ 

Exciton profile at time = 34.0 ps
                      ┌────────────────────────────────────────┐ 
               0.0005 │⠀⠀⠀⠀⠀⠀⠀⠀⠀⠀⠀⠀⠀⠀⠀⠀⠀⠀⠀⠀⠀⠀⠀⠀⠀⠀⠀⠀⠀⠀⠀⠀⠀⠀⠀⠀⠀⠀⠀⠀│ 
                      │⠀⠀⠀⠀⠀⠀⠀⠀⠀⠀⠀⠀⠀⠀⠀⠀⠀⠀⠀⠀⠀⠀⠀⠀⠀⠀⠀⠀⠀⠀⠀⠀⠀⠀⠀⠀⠀⠀⠀⠀│ 
                      │⠀⠀⠀⠀⠀⠀⡆⠀⠀⠀⠀⠀⠀⠀⠀⠀⠀⠀⠀⠀⠀⠀⠀⠀⠀⠀⠀⠀⠀⠀⠀⠀⠀⢰⠀⠀⠀⠀⠀⠀│ 
                      │⠀⠀⠀⠀⠀⠀⡇⠀⠀⠀⠀⠀⠀⠀⠀⠀⠀⠀⠀⠀⠀⠀⠀⠀⠀⠀⠀⠀⠀⠀⠀⠀⠀⢸⠀⠀⠀⠀⠀⠀│ 
                      │⠀⠀⠀⠀⠀⠀⡇⠀⠀⠀⠀⠀⠀⠀⠀⠀⠀⠀⠀⠀⠀⠀⠀⠀⠀⠀⠀⠀⠀⠀⠀⠀⠀⢸⠀⠀⠀⠀⠀⠀│ 
                      │⠀⠀⠀⠀⠀⠀⣧⠀⠀⠀⠀⠀⠀⠀⠀⠀⠀⠀⠀⠀⠀⠀⠀⠀⠀⠀⠀⠀⠀⠀⠀⠀⠀⣼⠀⠀⠀⠀⠀⠀│ 
                      │⠀⠀⠀⠀⠀⠀⣿⠀⠀⠀⠀⠀⠀⠀⠀⠀⠀⠀⠀⠀⠀⠀⠀⠀⠀⠀⠀⠀⠀⠀⠀⠀⠀⣿⠀⠀⠀⠀⠀⠀│ 
   Probability        │⡀⢰⠀⠀⠀⠀⣿⠀⠀⠀⠀⠀⠀⠀⠀⠀⠀⠀⠀⢰⡇⠀⠀⠀⠀⠀⠀⠀⠀⠀⠀⠀⠀⣿⠀⠀⠀⠀⡆⠀│ 
                      │⣇⢸⠀⠀⣀⡆⣿⡇⡄⡀⠀⠀⠀⠀⡆⠀⠀⠀⠀⢸⡇⠀⠀⠀⠀⢰⠀⠀⠀⠀⢀⢠⢸⣿⢰⣀⠀⠀⡇⣸│ 
                      │⣿⣾⢀⢀⣿⡇⣿⣷⣇⡇⡇⢰⡇⠀⡇⡀⠀⠀⠀⢸⡇⠀⠀⠀⢀⢸⠀⢸⡆⢸⢸⣸⣾⣿⢸⣿⡀⡀⣷⣿│ 
                      │⣿⣿⣿⣼⣿⣿⣿⣿⣿⡇⣧⣸⡇⡆⡇⣷⠀⠀⠀⣼⣧⠀⠀⠀⣾⢸⢰⢸⣇⣼⢸⣿⣿⣿⣿⣿⣇⣿⣿⣿│ 
                      │⣿⣿⣿⣿⣿⣿⣿⣿⣿⣷⣿⣿⣿⣿⡇⣿⣇⣷⢀⣿⣿⡀⣾⣾⣿⢸⣿⣿⣿⣿⣾⣿⣿⣿⣿⣿⣿⣿⣿⣿│ 
                      │⣿⣿⣿⣿⣿⣿⣿⣿⣿⣿⣿⣿⣿⣿⣿⣿⣿⣿⣼⣿⣿⣇⣿⣿⣿⣿⣿⣿⣿⣿⣿⣿⣿⣿⣿⣿⣿⣿⣿⣿│ 
                      │⣿⣿⣿⣿⣿⣿⣿⣿⣿⣿⣿⣿⣿⣿⣿⣿⣿⣿⣿⣿⣿⣿⣿⣿⣿⣿⣿⣿⣿⣿⣿⣿⣿⣿⣿⣿⣿⣿⣿⣿│ 
                    0 │⣿⣿⣿⣿⣿⣿⣿⣿⣿⣿⣿⣿⣿⣿⣿⣿⣿⣿⣿⣿⣿⣿⣿⣿⣿⣿⣿⣿⣿⣿⣿⣿⣿⣿⣿⣿⣿⣿⣿⣿│ 
                      └────────────────────────────────────────┘ 
                      ⠀0⠀⠀⠀⠀⠀⠀⠀⠀⠀⠀⠀⠀⠀⠀⠀⠀⠀⠀⠀⠀⠀⠀⠀⠀⠀⠀⠀⠀⠀⠀⠀⠀⠀⠀20000⠀ 
                      ⠀⠀⠀⠀⠀⠀⠀⠀⠀⠀⠀⠀⠀⠀⠀⠀⠀Molecule⠀⠀⠀⠀⠀⠀⠀⠀⠀⠀⠀⠀⠀⠀⠀⠀⠀ 

Exciton profile at time = 35.0 ps
                      ┌────────────────────────────────────────┐ 
               0.0004 │⠀⠀⠀⠀⠀⠀⠀⠀⠀⠀⠀⠀⠀⠀⠀⠀⠀⠀⠀⠀⠀⠀⠀⠀⠀⠀⠀⠀⠀⠀⠀⠀⠀⠀⠀⠀⠀⠀⠀⠀│ 
                      │⠀⠀⠀⠀⠀⠀⠀⠀⠀⠀⠀⠀⠀⠀⠀⠀⠀⠀⠀⠀⠀⠀⠀⠀⠀⠀⠀⠀⠀⠀⠀⠀⠀⠀⠀⠀⠀⠀⠀⠀│ 
                      │⠀⠀⠀⠀⠀⠀⠀⠀⠀⠀⠀⠀⠀⠀⠀⠀⠀⠀⠀⠀⠀⠀⠀⠀⠀⠀⠀⠀⠀⠀⠀⠀⠀⠀⠀⠀⠀⠀⠀⠀│ 
                      │⠀⠀⠀⠀⠀⠀⠀⠀⠀⢰⡇⠀⠀⠀⠀⠀⠀⠀⠀⠀⠀⠀⠀⠀⠀⠀⠀⠀⠀⢸⡆⠀⠀⠀⠀⠀⠀⠀⠀⠀│ 
                      │⠀⠀⡄⠀⠀⠀⠀⠀⠀⢸⡇⠀⠀⠀⠀⠀⠀⠀⠀⠀⠀⠀⠀⠀⠀⠀⠀⠀⠀⢸⡇⠀⠀⠀⠀⠀⠀⢠⠀⠀│ 
                      │⠀⠀⡇⠀⠀⢠⠀⠀⠀⣸⡇⠀⠀⠀⠀⢀⠀⠀⠀⠀⠀⠀⠀⠀⡀⠀⠀⠀⠀⢸⣇⠀⠀⠀⡄⠀⠀⢸⠀⠀│ 
                      │⡀⡆⡇⠀⢀⢸⠀⠀⠀⣿⡇⠀⠀⠀⠀⢸⠀⢸⠀⠀⠀⠀⡇⠀⡇⠀⠀⠀⠀⢸⣿⠀⠀⠀⡇⡀⠀⢸⢰⢀│ 
   Probability        │⡇⡇⡇⣼⢸⣸⠀⠀⣿⣿⣷⠀⠀⠀⠀⢸⠀⢸⠀⢀⡀⠀⡇⠀⡇⠀⠀⠀⠀⣾⣿⣿⠀⠀⣇⡇⣧⢸⢸⣿│ 
                      │⣿⣿⡇⣿⣾⣿⢠⢠⣿⣿⣿⡄⢠⢸⠀⢸⠀⢸⠀⢸⡇⠀⡇⠀⡇⠀⡇⡄⢠⣿⣿⣿⡄⡄⣿⣷⣿⢸⣿⣿│ 
                      │⣿⣿⡇⣿⣿⣿⣼⣼⣿⣿⣿⣷⢸⣸⣿⣸⢰⢸⠀⣼⣧⠀⡇⡆⣇⣿⣇⡇⣾⣿⣿⣿⣧⣧⣿⣿⣿⢸⣿⣿│ 
                      │⣿⣿⣿⣿⣿⣿⣿⣿⣿⣿⣿⣿⣾⣿⣿⣿⣼⢸⢰⣿⣿⡆⡇⣧⣿⣿⣿⣷⣿⣿⣿⣿⣿⣿⣿⣿⣿⣿⣿⣿│ 
                      │⣿⣿⣿⣿⣿⣿⣿⣿⣿⣿⣿⣿⣿⣿⣿⣿⣿⣸⣸⣿⣿⣇⣇⣿⣿⣿⣿⣿⣿⣿⣿⣿⣿⣿⣿⣿⣿⣿⣿⣿│ 
                      │⣿⣿⣿⣿⣿⣿⣿⣿⣿⣿⣿⣿⣿⣿⣿⣿⣿⣿⣿⣿⣿⣿⣿⣿⣿⣿⣿⣿⣿⣿⣿⣿⣿⣿⣿⣿⣿⣿⣿⣿│ 
                      │⣿⣿⣿⣿⣿⣿⣿⣿⣿⣿⣿⣿⣿⣿⣿⣿⣿⣿⣿⣿⣿⣿⣿⣿⣿⣿⣿⣿⣿⣿⣿⣿⣿⣿⣿⣿⣿⣿⣿⣿│ 
                    0 │⣿⣿⣿⣿⣿⣿⣿⣿⣿⣿⣿⣿⣿⣿⣿⣿⣿⣿⣿⣿⣿⣿⣿⣿⣿⣿⣿⣿⣿⣿⣿⣿⣿⣿⣿⣿⣿⣿⣿⣿│ 
                      └────────────────────────────────────────┘ 
                      ⠀0⠀⠀⠀⠀⠀⠀⠀⠀⠀⠀⠀⠀⠀⠀⠀⠀⠀⠀⠀⠀⠀⠀⠀⠀⠀⠀⠀⠀⠀⠀⠀⠀⠀⠀20000⠀ 
                      ⠀⠀⠀⠀⠀⠀⠀⠀⠀⠀⠀⠀⠀⠀⠀⠀⠀Molecule⠀⠀⠀⠀⠀⠀⠀⠀⠀⠀⠀⠀⠀⠀⠀⠀⠀ 

Exciton profile at time = 36.0 ps
                      ┌────────────────────────────────────────┐ 
               0.0005 │⠀⠀⡀⠀⠀⠀⠀⠀⠀⠀⠀⠀⠀⠀⠀⠀⠀⠀⠀⠀⠀⠀⠀⠀⠀⠀⠀⠀⠀⠀⠀⠀⠀⠀⠀⠀⠀⢀⠀⠀│ 
                      │⠀⠀⡇⠀⠀⠀⠀⠀⠀⠀⠀⠀⠀⠀⠀⠀⠀⠀⠀⠀⠀⠀⠀⠀⠀⠀⠀⠀⠀⠀⠀⠀⠀⠀⠀⠀⠀⢸⠀⠀│ 
                      │⠀⠀⡇⠀⠀⠀⠀⠀⠀⠀⠀⠀⠀⠀⠀⠀⠀⠀⠀⠀⠀⠀⠀⠀⠀⠀⠀⠀⠀⠀⠀⠀⠀⠀⠀⠀⠀⢸⠀⠀│ 
                      │⠀⠀⡇⠀⠀⠀⠀⠀⠀⡄⠀⠀⠀⠀⠀⠀⠀⠀⠀⠀⠀⠀⠀⠀⠀⠀⠀⠀⠀⠀⢠⠀⠀⠀⠀⠀⠀⢸⠀⠀│ 
                      │⠀⠀⡇⠀⠀⠀⠀⠀⠀⡇⠀⠀⠀⠀⠀⠀⠀⠀⠀⠀⠀⠀⠀⠀⠀⠀⠀⠀⠀⠀⢸⠀⠀⠀⠀⠀⠀⢸⠀⠀│ 
                      │⠀⠀⡇⠀⠀⠀⢀⠀⠀⡇⠀⠀⠀⠀⠀⠀⠀⠀⠀⠀⠀⠀⠀⠀⠀⠀⠀⠀⠀⠀⢸⠀⠀⡀⠀⠀⠀⢸⠀⠀│ 
                      │⡀⠀⡇⠀⠀⢸⢸⣤⠀⡇⠀⠀⠀⠀⠀⠀⠀⠀⠀⠀⠀⠀⠀⠀⠀⠀⠀⠀⠀⠀⢸⠀⣠⡇⡇⠀⠀⢸⠀⢀│ 
   Probability        │⡇⠀⣷⡄⠀⢸⢸⣿⠀⡇⢸⣇⢠⠀⡀⠀⠀⠀⠀⢀⡀⠀⠀⠀⠀⢀⠀⡄⣸⡇⢸⠀⣿⡇⡇⠀⢠⣾⠀⢸│ 
                      │⡇⢸⣿⣷⠀⣸⢸⣿⡀⣧⢸⣿⢸⢸⡇⠀⠀⠀⠀⢸⡇⠀⠀⠀⠀⢸⡇⡇⣿⡇⣼⠀⣿⡇⣇⠀⣾⣿⡇⢸│ 
                      │⡇⢸⣿⣿⡆⣿⢸⣿⣷⣿⢸⣿⢸⣼⣇⠀⠀⠀⠀⢸⡇⠀⠀⠀⠀⣸⣧⡇⣿⡇⣿⣾⣿⡇⣿⢰⣿⣿⡇⢸│ 
                      │⡇⣸⣿⣿⣷⣿⣼⣿⣿⣿⣿⣿⣿⣿⣿⢀⢰⢰⢀⢸⡇⡀⡆⡆⡀⣿⣿⣿⣿⣿⣿⣿⣿⣧⣿⣾⣿⣿⣇⢸│ 
                      │⣿⣿⣿⣿⣿⣿⣿⣿⣿⣿⣿⣿⣿⣿⣿⣼⢸⣼⣿⣼⣧⣿⣧⡇⣧⣿⣿⣿⣿⣿⣿⣿⣿⣿⣿⣿⣿⣿⣿⣿│ 
                      │⣿⣿⣿⣿⣿⣿⣿⣿⣿⣿⣿⣿⣿⣿⣿⣿⣿⣿⣿⣿⣿⣿⣿⣿⣿⣿⣿⣿⣿⣿⣿⣿⣿⣿⣿⣿⣿⣿⣿⣿│ 
                      │⣿⣿⣿⣿⣿⣿⣿⣿⣿⣿⣿⣿⣿⣿⣿⣿⣿⣿⣿⣿⣿⣿⣿⣿⣿⣿⣿⣿⣿⣿⣿⣿⣿⣿⣿⣿⣿⣿⣿⣿│ 
                    0 │⣿⣿⣿⣿⣿⣿⣿⣿⣿⣿⣿⣿⣿⣿⣿⣿⣿⣿⣿⣿⣿⣿⣿⣿⣿⣿⣿⣿⣿⣿⣿⣿⣿⣿⣿⣿⣿⣿⣿⣿│ 
                      └────────────────────────────────────────┘ 
                      ⠀0⠀⠀⠀⠀⠀⠀⠀⠀⠀⠀⠀⠀⠀⠀⠀⠀⠀⠀⠀⠀⠀⠀⠀⠀⠀⠀⠀⠀⠀⠀⠀⠀⠀⠀20000⠀ 
                      ⠀⠀⠀⠀⠀⠀⠀⠀⠀⠀⠀⠀⠀⠀⠀⠀⠀Molecule⠀⠀⠀⠀⠀⠀⠀⠀⠀⠀⠀⠀⠀⠀⠀⠀⠀ 

Exciton profile at time = 37.0 ps
                      ┌────────────────────────────────────────┐ 
               0.0004 │⠀⠀⠀⠀⠀⠀⠀⠀⠀⠀⠀⠀⠀⠀⠀⠀⠀⠀⠀⠀⠀⠀⠀⠀⠀⠀⠀⠀⠀⠀⠀⠀⠀⠀⠀⠀⠀⠀⠀⠀│ 
                      │⠀⠀⠀⠀⠀⠀⠀⠀⠀⠀⠀⠀⠀⠀⠀⠀⠀⠀⠀⠀⠀⠀⠀⠀⠀⠀⠀⠀⠀⠀⠀⠀⠀⠀⠀⠀⠀⠀⠀⠀│ 
                      │⠀⠀⠀⠀⠀⠀⠀⠀⠀⠀⠀⠀⠀⠀⠀⡄⠀⠀⠀⠀⠀⠀⠀⠀⢠⠀⠀⠀⠀⠀⠀⠀⠀⠀⠀⠀⠀⠀⠀⠀│ 
                      │⠀⠀⠀⠀⠀⠀⢸⠀⠀⠀⠀⠀⠀⠀⠀⡇⠀⠀⠀⠀⠀⠀⠀⠀⢸⠀⠀⠀⠀⠀⠀⠀⠀⡇⠀⠀⠀⠀⠀⠀│ 
                      │⡄⠀⠀⠀⠀⠀⢸⠀⠀⠀⡆⠀⠀⡇⠀⡇⠀⠀⠀⠀⠀⠀⠀⠀⢸⠀⢸⠀⠀⢰⠀⠀⠀⡇⠀⠀⠀⠀⠀⢠│ 
                      │⡇⠀⠀⠀⠀⠀⢸⠀⠀⠀⡇⠀⡀⡇⠀⡇⠀⠀⠀⠀⡄⠀⠀⠀⢸⠀⢸⢀⠀⢸⠀⠀⠀⡇⠀⠀⠀⠀⠀⢸│ 
                      │⡇⡆⠀⠀⠀⠀⣸⠀⠀⠀⡇⠀⡇⡇⠀⡇⢀⠀⠀⢸⡇⠀⠀⡀⢸⠀⢸⢸⠀⢸⠀⠀⠀⣇⠀⠀⠀⠀⢰⢸│ 
   Probability        │⡇⡇⠀⠀⡄⣦⣿⣧⠀⠀⡇⡆⡇⡇⢸⣷⣸⠀⠀⢸⡇⠀⠀⣇⣾⡇⢸⢸⢰⢸⠀⠀⣼⣿⣴⢠⠀⠀⢸⢸│ 
                      │⡇⡇⠀⡀⡇⣿⣿⣿⡄⣴⣿⣷⣿⣿⢸⣿⣿⠀⡇⢸⡇⢸⠀⣿⣿⡇⣿⣿⣾⣿⣦⢠⣿⣿⣿⢸⢀⠀⢸⢸│ 
                      │⣿⣇⢸⣷⣿⣿⣿⣿⣇⣿⣿⣿⣿⣿⣸⣿⣿⡀⣷⢸⡇⣾⢀⣿⣿⣇⣿⣿⣿⣿⣿⣸⣿⣿⣿⣿⣾⡇⣸⣿│ 
                      │⣿⣿⣿⣿⣿⣿⣿⣿⣿⣿⣿⣿⣿⣿⣿⣿⣿⣇⣿⢸⡇⣿⣸⣿⣿⣿⣿⣿⣿⣿⣿⣿⣿⣿⣿⣿⣿⣿⣿⣿│ 
                      │⣿⣿⣿⣿⣿⣿⣿⣿⣿⣿⣿⣿⣿⣿⣿⣿⣿⣿⣿⣾⣷⣿⣿⣿⣿⣿⣿⣿⣿⣿⣿⣿⣿⣿⣿⣿⣿⣿⣿⣿│ 
                      │⣿⣿⣿⣿⣿⣿⣿⣿⣿⣿⣿⣿⣿⣿⣿⣿⣿⣿⣿⣿⣿⣿⣿⣿⣿⣿⣿⣿⣿⣿⣿⣿⣿⣿⣿⣿⣿⣿⣿⣿│ 
                      │⣿⣿⣿⣿⣿⣿⣿⣿⣿⣿⣿⣿⣿⣿⣿⣿⣿⣿⣿⣿⣿⣿⣿⣿⣿⣿⣿⣿⣿⣿⣿⣿⣿⣿⣿⣿⣿⣿⣿⣿│ 
                    0 │⣿⣿⣿⣿⣿⣿⣿⣿⣿⣿⣿⣿⣿⣿⣿⣿⣿⣿⣿⣿⣿⣿⣿⣿⣿⣿⣿⣿⣿⣿⣿⣿⣿⣿⣿⣿⣿⣿⣿⣿│ 
                      └────────────────────────────────────────┘ 
                      ⠀0⠀⠀⠀⠀⠀⠀⠀⠀⠀⠀⠀⠀⠀⠀⠀⠀⠀⠀⠀⠀⠀⠀⠀⠀⠀⠀⠀⠀⠀⠀⠀⠀⠀⠀20000⠀ 
                      ⠀⠀⠀⠀⠀⠀⠀⠀⠀⠀⠀⠀⠀⠀⠀⠀⠀Molecule⠀⠀⠀⠀⠀⠀⠀⠀⠀⠀⠀⠀⠀⠀⠀⠀⠀ 

Exciton profile at time = 38.0 ps
                      ┌────────────────────────────────────────┐ 
               0.0004 │⠀⠀⠀⠀⠀⠀⠀⠀⠀⠀⠀⠀⠀⠀⠀⠀⠀⠀⠀⠀⠀⠀⠀⠀⠀⠀⠀⠀⠀⠀⠀⠀⠀⠀⠀⠀⠀⠀⠀⠀│ 
                      │⠀⠀⠀⠀⠀⠀⠀⠀⠀⠀⠀⠀⠀⠀⠀⠀⠀⠀⠀⠀⠀⠀⠀⠀⠀⠀⠀⠀⠀⠀⠀⠀⠀⠀⠀⠀⠀⠀⠀⠀│ 
                      │⠀⠀⠀⠀⠀⠀⠀⠀⠀⠀⠀⠀⠀⠀⠀⠀⠀⠀⠀⠀⠀⠀⠀⠀⠀⠀⠀⠀⠀⠀⠀⠀⠀⠀⠀⠀⠀⠀⠀⠀│ 
                      │⠀⠀⠀⠀⠀⠀⠀⠀⠀⠀⠀⠀⠀⠀⠀⢰⠀⠀⠀⡀⢀⠀⠀⠀⡆⠀⠀⠀⠀⠀⠀⠀⠀⠀⠀⠀⠀⠀⠀⠀│ 
                      │⠀⠀⠀⠀⠀⠀⠀⠀⢸⠀⢀⠀⠀⠀⠀⢸⠀⠀⠀⡇⢸⠀⠀⠀⡇⠀⠀⠀⠀⡀⠀⡇⠀⠀⠀⠀⠀⠀⠀⠀│ 
                      │⠀⠀⠀⠀⠀⠀⠀⠀⢸⣾⢸⠀⠀⠀⢠⢸⠀⠀⠀⡇⢸⠀⠀⠀⡇⡄⠀⠀⠀⡇⡇⡇⠀⠀⠀⠀⠀⠀⠀⠀│ 
                      │⠀⣴⠀⠀⠀⠀⠀⠀⢸⣿⢸⠀⠀⠀⣸⣸⢰⠀⠀⣿⣿⠀⠀⡆⣇⣇⠀⠀⠀⡇⡇⡇⠀⠀⠀⠀⠀⠀⣦⠀│ 
   Probability        │⠀⣿⡀⠀⢠⢰⢠⠀⢸⣿⢸⠀⠀⠀⣿⣿⢸⠀⢀⣿⣿⡀⠀⡇⣿⣿⠀⠀⠀⡇⣷⡇⠀⡄⡆⡄⠀⢀⣿⠀│ 
                      │⢸⣿⣇⡀⢸⣾⢸⢀⣸⣿⢸⠀⠀⠀⣿⣿⢸⡄⣿⣿⣿⣿⢠⡇⣿⣿⠀⠀⠀⡇⣿⣇⡀⡇⣷⡇⢀⣸⣿⡇│ 
                      │⢸⣿⣿⣷⢸⣿⣼⢸⣿⣿⣸⡄⢠⣿⣿⣿⣾⡇⣿⣿⣿⣿⢸⣷⣿⣿⣿⡄⢠⣇⣿⣿⡇⣧⣿⡇⣾⣿⣿⡇│ 
                      │⣾⣿⣿⣿⣿⣿⣿⣿⣿⣿⣿⣇⣼⣿⣿⣿⣿⣷⣿⣿⣿⣿⣾⣿⣿⣿⣿⣧⣸⣿⣿⣿⣿⣿⣿⣿⣿⣿⣿⣷│ 
                      │⣿⣿⣿⣿⣿⣿⣿⣿⣿⣿⣿⣿⣿⣿⣿⣿⣿⣿⣿⣿⣿⣿⣿⣿⣿⣿⣿⣿⣿⣿⣿⣿⣿⣿⣿⣿⣿⣿⣿⣿│ 
                      │⣿⣿⣿⣿⣿⣿⣿⣿⣿⣿⣿⣿⣿⣿⣿⣿⣿⣿⣿⣿⣿⣿⣿⣿⣿⣿⣿⣿⣿⣿⣿⣿⣿⣿⣿⣿⣿⣿⣿⣿│ 
                      │⣿⣿⣿⣿⣿⣿⣿⣿⣿⣿⣿⣿⣿⣿⣿⣿⣿⣿⣿⣿⣿⣿⣿⣿⣿⣿⣿⣿⣿⣿⣿⣿⣿⣿⣿⣿⣿⣿⣿⣿│ 
                    0 │⣿⣿⣿⣿⣿⣿⣿⣿⣿⣿⣿⣿⣿⣿⣿⣿⣿⣿⣿⣿⣿⣿⣿⣿⣿⣿⣿⣿⣿⣿⣿⣿⣿⣿⣿⣿⣿⣿⣿⣿│ 
                      └────────────────────────────────────────┘ 
                      ⠀0⠀⠀⠀⠀⠀⠀⠀⠀⠀⠀⠀⠀⠀⠀⠀⠀⠀⠀⠀⠀⠀⠀⠀⠀⠀⠀⠀⠀⠀⠀⠀⠀⠀⠀20000⠀ 
                      ⠀⠀⠀⠀⠀⠀⠀⠀⠀⠀⠀⠀⠀⠀⠀⠀⠀Molecule⠀⠀⠀⠀⠀⠀⠀⠀⠀⠀⠀⠀⠀⠀⠀⠀⠀ 

Exciton profile at time = 39.0 ps
                      ┌────────────────────────────────────────┐ 
               0.0005 │⠀⠀⠀⠀⠀⠀⠀⠀⠀⠀⠀⠀⠀⠀⠀⠀⠀⠀⠀⠀⠀⠀⠀⠀⠀⠀⠀⠀⠀⠀⠀⠀⠀⠀⠀⠀⠀⠀⠀⠀│ 
                      │⠀⠀⠀⠀⠀⠀⠀⠀⠀⠀⠀⠀⠀⠀⠀⠀⠀⡆⠀⠀⠀⠀⢰⠀⠀⠀⠀⠀⠀⠀⠀⠀⠀⠀⠀⠀⠀⠀⠀⠀│ 
                      │⠀⠀⠀⠀⠀⠀⠀⠀⠀⠀⠀⠀⠀⠀⠀⠀⠀⡇⠀⠀⠀⠀⢸⠀⠀⠀⠀⠀⠀⠀⠀⠀⠀⠀⠀⠀⠀⠀⠀⠀│ 
                      │⠀⠀⠀⠀⠀⠀⠀⠀⠀⠀⠀⠀⠀⠀⠀⠀⠀⡇⠀⠀⠀⠀⢸⠀⠀⠀⠀⠀⠀⠀⠀⠀⠀⠀⠀⠀⠀⠀⠀⠀│ 
                      │⠀⠀⠀⠀⠀⠀⠀⠀⠀⠀⠀⠀⠀⠀⠀⠀⠀⡇⠀⠀⠀⠀⢸⠀⠀⠀⠀⠀⠀⠀⠀⠀⠀⠀⠀⠀⠀⠀⠀⠀│ 
                      │⠀⠀⠀⠀⠀⠀⠀⠀⠀⠀⢸⠀⠀⢠⠀⠀⠀⡇⠀⢰⡆⠀⢸⠀⠀⠀⡄⠀⠀⡇⠀⠀⠀⠀⠀⠀⠀⠀⠀⠀│ 
                      │⠀⠀⠀⠀⠀⠀⠀⠀⠀⠀⢸⠀⠀⢸⠀⠀⠀⡇⠀⢸⡇⠀⢸⠀⠀⠀⡇⠀⠀⡇⠀⠀⠀⠀⠀⠀⠀⠀⠀⠀│ 
   Probability        │⡀⠀⠀⠀⠀⡄⠀⠀⠀⢸⢸⠀⡇⢸⠀⠀⠀⡇⠀⢸⡇⠀⢸⠀⠀⠀⡇⢸⠀⡇⡇⠀⠀⠀⢠⠀⠀⠀⠀⢀│ 
                      │⡇⠀⢠⠀⠀⡇⠀⠀⠀⢸⢸⡆⡇⢸⠀⠀⢰⡇⠀⣼⣧⠀⢸⡆⠀⠀⡇⢸⢰⡇⡇⠀⠀⠀⢸⠀⠀⡄⠀⢸│ 
                      │⡇⠀⢸⠀⡀⡇⣶⢰⡇⢸⣸⣿⡇⢸⢠⢀⢸⡇⢰⣿⣿⡆⢸⡇⡀⡄⡇⢸⣿⣇⡇⢸⡆⣶⢸⢀⠀⡇⠀⢸│ 
                      │⣧⠀⣼⣠⡇⡇⣿⣼⣧⣿⣿⣿⣧⣿⣿⢸⣸⣷⣸⣿⣿⣇⣾⣇⡇⣿⣿⣼⣿⣿⣿⣼⣧⣿⢸⢸⣄⣧⠀⣼│ 
                      │⣿⣷⣿⣿⣿⣷⣿⣿⣿⣿⣿⣿⣿⣿⣿⣿⣿⣿⣿⣿⣿⣿⣿⣿⣿⣿⣿⣿⣿⣿⣿⣿⣿⣿⣾⣿⣿⣿⣾⣿│ 
                      │⣿⣿⣿⣿⣿⣿⣿⣿⣿⣿⣿⣿⣿⣿⣿⣿⣿⣿⣿⣿⣿⣿⣿⣿⣿⣿⣿⣿⣿⣿⣿⣿⣿⣿⣿⣿⣿⣿⣿⣿│ 
                      │⣿⣿⣿⣿⣿⣿⣿⣿⣿⣿⣿⣿⣿⣿⣿⣿⣿⣿⣿⣿⣿⣿⣿⣿⣿⣿⣿⣿⣿⣿⣿⣿⣿⣿⣿⣿⣿⣿⣿⣿│ 
                    0 │⣿⣿⣿⣿⣿⣿⣿⣿⣿⣿⣿⣿⣿⣿⣿⣿⣿⡿⣿⣿⣿⣿⢿⣿⣿⣿⣿⣿⣿⣿⣿⣿⣿⣿⣿⣿⣿⣿⣿⣿│ 
                      └────────────────────────────────────────┘ 
                      ⠀0⠀⠀⠀⠀⠀⠀⠀⠀⠀⠀⠀⠀⠀⠀⠀⠀⠀⠀⠀⠀⠀⠀⠀⠀⠀⠀⠀⠀⠀⠀⠀⠀⠀⠀20000⠀ 
                      ⠀⠀⠀⠀⠀⠀⠀⠀⠀⠀⠀⠀⠀⠀⠀⠀⠀Molecule⠀⠀⠀⠀⠀⠀⠀⠀⠀⠀⠀⠀⠀⠀⠀⠀⠀ 

Exciton profile at time = 40.0 ps
                      ┌────────────────────────────────────────┐ 
               0.0004 │⠀⠀⠀⠀⠀⠀⠀⠀⠀⠀⠀⠀⠀⠀⠀⠀⠀⠀⠀⠀⠀⠀⠀⠀⠀⠀⠀⠀⠀⠀⠀⠀⠀⠀⠀⠀⠀⠀⠀⠀│ 
                      │⠀⠀⠀⠀⠀⠀⠀⠀⠀⠀⠀⠀⠀⠀⠀⠀⠀⠀⠀⠀⠀⠀⠀⠀⠀⠀⠀⠀⠀⠀⠀⠀⠀⠀⠀⠀⠀⠀⠀⠀│ 
                      │⠀⠀⠀⠀⠀⠀⠀⠀⠀⠀⠀⠀⠀⠀⠀⠀⠀⠀⠀⠀⠀⠀⠀⠀⠀⠀⠀⠀⠀⠀⠀⠀⠀⠀⠀⠀⠀⠀⠀⠀│ 
                      │⠀⠀⠀⠀⠀⠀⠀⠀⠀⠀⠀⠀⠀⠀⠀⠀⠀⠀⡇⠀⠀⢸⠀⠀⠀⠀⠀⠀⠀⠀⠀⠀⠀⠀⠀⠀⠀⠀⠀⠀│ 
                      │⠀⠀⠀⠀⠀⠀⠀⠀⠀⠀⠀⢠⠀⠀⢸⠀⠀⠀⡇⠀⠀⢸⠀⠀⠀⡇⠀⠀⣄⠀⠀⠀⠀⠀⠀⠀⠀⠀⠀⠀│ 
                      │⠀⠀⠀⠀⠀⠀⠀⠀⠀⠀⠀⣼⠀⢰⣼⠀⠀⠀⡇⠀⠀⢸⠀⠀⠀⣧⡆⠀⣿⠀⠀⠀⠀⠀⠀⠀⠀⠀⠀⠀│ 
                      │⠀⣠⠀⠀⠀⡆⠀⡄⠀⡆⢠⣿⠀⢸⣿⢸⠀⠀⡇⠀⠀⢸⠀⠀⡇⣿⡇⠀⣿⡄⢰⠀⢠⠀⢰⠀⠀⠀⣄⠀│ 
   Probability        │⢰⣿⣤⡄⠀⡇⠀⡇⠀⣧⢸⣿⠀⣿⣿⢸⠀⣀⣷⠀⠀⣾⣀⠀⡇⣿⣿⠀⣿⡇⣼⠀⢸⠀⢸⠀⢠⢠⣿⣦│ 
                      │⣾⣿⣿⡇⢀⡇⡀⣷⠀⣿⢸⣿⠀⣿⣿⣿⢸⣿⣿⢸⡇⣿⣿⣧⣿⣿⣿⠀⣿⡇⣿⠀⣾⢀⢸⡀⢸⣾⣿⣿│ 
                      │⣿⣿⣿⣷⣸⡇⣧⣿⣾⣿⣼⣿⢠⣿⣿⣿⣾⣿⣿⣿⣿⣿⣿⣿⣿⣿⣿⡄⣿⣧⣿⣷⣿⣼⢸⣇⣾⣿⣿⣿│ 
                      │⣿⣿⣿⣿⣿⣧⣿⣿⣿⣿⣿⣿⣾⣿⣿⣿⣿⣿⣿⣿⣿⣿⣿⣿⣿⣿⣿⣷⣿⣿⣿⣿⣿⣿⣿⣿⣿⣿⣿⣿│ 
                      │⣿⣿⣿⣿⣿⣿⣿⣿⣿⣿⣿⣿⣿⣿⣿⣿⣿⣿⣿⣿⣿⣿⣿⣿⣿⣿⣿⣿⣿⣿⣿⣿⣿⣿⣿⣿⣿⣿⣿⣿│ 
                      │⣿⣿⣿⣿⣿⣿⣿⣿⣿⣿⣿⣿⣿⣿⣿⣿⣿⣿⣿⣿⣿⣿⣿⣿⣿⣿⣿⣿⣿⣿⣿⣿⣿⣿⣿⣿⣿⣿⣿⣿│ 
                      │⣿⣿⣿⣿⣿⣿⣿⣿⣿⣿⣿⣿⣿⣿⣿⣿⣿⣿⣿⣿⣿⣿⣿⣿⣿⣿⣿⣿⣿⣿⣿⣿⣿⣿⣿⣿⣿⣿⣿⣿│ 
                    0 │⣿⣿⣿⣿⣿⣿⣿⣿⣿⣿⣿⣿⣿⣿⣿⣿⣿⣿⣿⣿⣿⣿⣿⣿⣿⣿⣿⣿⣿⣿⣿⣿⣿⣿⣿⣿⣿⣿⣿⣿│ 
                      └────────────────────────────────────────┘ 
                      ⠀0⠀⠀⠀⠀⠀⠀⠀⠀⠀⠀⠀⠀⠀⠀⠀⠀⠀⠀⠀⠀⠀⠀⠀⠀⠀⠀⠀⠀⠀⠀⠀⠀⠀⠀20000⠀ 
                      ⠀⠀⠀⠀⠀⠀⠀⠀⠀⠀⠀⠀⠀⠀⠀⠀⠀Molecule⠀⠀⠀⠀⠀⠀⠀⠀⠀⠀⠀⠀⠀⠀⠀⠀⠀ 

Exciton profile at time = 41.0 ps
                      ┌────────────────────────────────────────┐ 
               0.0005 │⠀⠀⠀⠀⠀⠀⠀⠀⠀⠀⠀⠀⠀⠀⠀⠀⠀⠀⠀⠀⠀⠀⠀⠀⠀⠀⠀⠀⠀⠀⠀⠀⠀⠀⠀⠀⠀⠀⠀⠀│ 
                      │⠀⠀⠀⠀⠀⠀⠀⠀⠀⠀⠀⠀⠀⠀⠀⠀⠀⠀⠀⠀⠀⠀⠀⠀⠀⠀⠀⠀⠀⠀⠀⠀⠀⠀⠀⠀⠀⠀⠀⠀│ 
                      │⠀⠀⠀⠀⠀⠀⠀⠀⠀⠀⠀⢀⢀⠀⠀⠀⠀⠀⠀⠀⠀⠀⠀⠀⠀⠀⠀⡀⡀⠀⠀⠀⠀⠀⠀⠀⠀⠀⠀⠀│ 
                      │⠀⠀⠀⠀⠀⠀⠀⠀⠀⠀⠀⢸⢸⠀⠀⠀⠀⠀⠀⠀⠀⠀⠀⠀⠀⠀⠀⡇⡇⠀⠀⠀⠀⠀⠀⠀⠀⠀⠀⠀│ 
                      │⠀⠀⠀⠀⠀⠀⠀⠀⠀⠀⠀⢸⢸⠀⠀⠀⠀⠀⠀⠀⠀⠀⠀⠀⠀⠀⠀⡇⡇⠀⠀⠀⠀⠀⠀⠀⠀⠀⠀⠀│ 
                      │⠀⠀⠀⠀⠀⠀⠀⠀⠀⠀⠀⢸⢸⠀⠀⠀⠀⠀⠀⠀⠀⠀⠀⠀⠀⠀⠀⡇⡇⠀⠀⠀⠀⠀⠀⠀⠀⠀⠀⠀│ 
                      │⡀⠀⠀⠀⠀⠀⠀⠀⠀⠀⢰⣿⢸⢰⠀⠀⠀⠀⠀⠀⠀⠀⠀⠀⠀⠀⡆⡇⣿⡆⠀⠀⠀⠀⠀⠀⠀⠀⠀⢀│ 
   Probability        │⡇⠀⢰⠀⠀⡀⠀⠀⠀⠀⣾⣿⢸⢸⠀⠀⠀⠀⠀⠀⠀⠀⠀⠀⠀⠀⡇⡇⣿⣷⠀⠀⠀⠀⢀⠀⠀⡆⠀⢸│ 
                      │⡇⠀⣿⣦⠀⡇⠀⠀⠀⢰⣿⣿⣾⢸⡇⠀⠀⢠⠀⠀⠀⠀⡄⠀⠀⢸⡇⣷⣿⣿⡆⠀⠀⠀⢸⠀⣴⣿⠀⢸│ 
                      │⡇⡇⣿⣿⣸⡇⣠⡄⢰⢸⣿⣿⣿⢸⡇⡄⢸⢸⠀⢀⡄⠀⡇⡇⢠⢸⡇⣿⣿⣿⡇⡆⢠⣄⢸⣇⣿⣿⢸⢸│ 
                      │⣷⣷⣿⣿⣿⡇⣿⣿⣼⢸⣿⣿⣿⣾⣿⣿⢸⣸⣴⣿⣿⣦⣇⡇⣿⣿⣷⣿⣿⣿⡇⣧⣿⣿⢸⣿⣿⣿⣾⣾│ 
                      │⣿⣿⣿⣿⣿⣧⣿⣿⣿⣿⣿⣿⣿⣿⣿⣿⣾⣿⣿⣿⣿⣿⣿⣷⣿⣿⣿⣿⣿⣿⣿⣿⣿⣿⣼⣿⣿⣿⣿⣿│ 
                      │⣿⣿⣿⣿⣿⣿⣿⣿⣿⣿⣿⣿⣿⣿⣿⣿⣿⣿⣿⣿⣿⣿⣿⣿⣿⣿⣿⣿⣿⣿⣿⣿⣿⣿⣿⣿⣿⣿⣿⣿│ 
                      │⣿⣿⣿⣿⣿⣿⣿⣿⣿⣿⣿⣿⣿⣿⣿⣿⣿⣿⣿⣿⣿⣿⣿⣿⣿⣿⣿⣿⣿⣿⣿⣿⣿⣿⣿⣿⣿⣿⣿⣿│ 
                    0 │⣿⣿⣿⣿⣿⣿⣿⣿⣿⣿⣿⣿⣿⣿⣿⣿⣿⣿⣿⣿⣿⣿⣿⣿⣿⣿⣿⣿⣿⣿⣿⣿⣿⣿⣿⣿⣿⣿⣿⣿│ 
                      └────────────────────────────────────────┘ 
                      ⠀0⠀⠀⠀⠀⠀⠀⠀⠀⠀⠀⠀⠀⠀⠀⠀⠀⠀⠀⠀⠀⠀⠀⠀⠀⠀⠀⠀⠀⠀⠀⠀⠀⠀⠀20000⠀ 
                      ⠀⠀⠀⠀⠀⠀⠀⠀⠀⠀⠀⠀⠀⠀⠀⠀⠀Molecule⠀⠀⠀⠀⠀⠀⠀⠀⠀⠀⠀⠀⠀⠀⠀⠀⠀ 

Exciton profile at time = 42.0 ps
                      ┌────────────────────────────────────────┐ 
               0.0004 │⠀⠀⠀⠀⠀⠀⠀⠀⠀⠀⠀⠀⠀⠀⠀⠀⠀⠀⠀⠀⠀⠀⠀⠀⠀⠀⠀⠀⠀⠀⠀⠀⠀⠀⠀⠀⠀⠀⠀⠀│ 
                      │⠀⠀⠀⠀⠀⠀⠀⠀⠀⠀⠀⠀⠀⠀⠀⠀⠀⠀⠀⠀⠀⠀⠀⠀⠀⠀⠀⠀⠀⠀⠀⠀⠀⠀⠀⠀⠀⠀⠀⠀│ 
                      │⠀⠀⠀⠀⠀⠀⠀⠀⡄⠀⠀⠀⠀⠀⠀⠀⠀⠀⠀⠀⠀⠀⠀⠀⠀⠀⠀⠀⠀⠀⠀⢠⠀⠀⠀⠀⠀⠀⠀⠀│ 
                      │⠀⠀⠀⠀⠀⠀⠀⠀⡇⢠⠀⠀⠀⠀⠀⠀⠀⠀⠀⠀⠀⠀⠀⠀⠀⠀⠀⠀⠀⠀⡄⢸⠀⠀⠀⠀⠀⠀⠀⠀│ 
                      │⠀⠀⠀⠀⠀⠀⠀⢰⡇⢸⢸⠀⠀⠀⠀⡇⡀⠀⠀⢰⡆⠀⠀⢀⢸⠀⠀⠀⠀⡇⡇⢸⡆⠀⠀⠀⠀⠀⠀⠀│ 
                      │⠀⠀⠀⠀⠀⠀⠀⢸⡇⢸⢸⠀⡀⠀⠀⡇⡇⠀⠀⢸⡇⠀⠀⢸⢸⠀⠀⢀⠀⡇⡇⢸⡇⠀⠀⠀⠀⠀⠀⠀│ 
                      │⠀⠀⠀⠀⢸⠀⢰⢸⡇⣸⢸⢸⡇⢰⠀⡇⣇⢠⠀⢸⡇⠀⡄⣸⢸⠀⡆⢸⡇⡇⣇⢸⡇⡆⠀⡇⠀⠀⠀⠀│ 
   Probability        │⡀⠀⢠⢀⢸⡄⢸⢸⣷⣿⣼⢸⣿⢸⠀⡇⣿⢸⠀⢸⡇⠀⡇⣿⢸⠀⡇⣿⡇⣧⣿⣾⡇⡇⢠⡇⡀⡄⠀⢀│ 
                      │⡇⡆⢸⢸⣼⣿⣼⣾⣿⣿⣿⣿⣿⢸⠀⣿⣿⢸⠀⢸⡇⠀⡇⣿⣿⠀⡇⣿⣿⣿⣿⣿⣷⣇⣿⣧⡇⡇⢰⢸│ 
                      │⣧⣇⣿⢸⣿⣿⣿⣿⣿⣿⣿⣿⣿⢸⢠⣿⣿⢸⢠⣼⣧⡄⡇⣿⣿⡄⡇⣿⣿⣿⣿⣿⣿⣿⣿⣿⡇⣿⣸⣸│ 
                      │⣿⣿⣿⣿⣿⣿⣿⣿⣿⣿⣿⣿⣿⣸⣾⣿⣿⣼⣾⣿⣿⣷⣧⣿⣿⣷⣇⣿⣿⣿⣿⣿⣿⣿⣿⣿⣿⣿⣿⣿│ 
                      │⣿⣿⣿⣿⣿⣿⣿⣿⣿⣿⣿⣿⣿⣿⣿⣿⣿⣿⣿⣿⣿⣿⣿⣿⣿⣿⣿⣿⣿⣿⣿⣿⣿⣿⣿⣿⣿⣿⣿⣿│ 
                      │⣿⣿⣿⣿⣿⣿⣿⣿⣿⣿⣿⣿⣿⣿⣿⣿⣿⣿⣿⣿⣿⣿⣿⣿⣿⣿⣿⣿⣿⣿⣿⣿⣿⣿⣿⣿⣿⣿⣿⣿│ 
                      │⣿⣿⣿⣿⣿⣿⣿⣿⣿⣿⣿⣿⣿⣿⣿⣿⣿⣿⣿⣿⣿⣿⣿⣿⣿⣿⣿⣿⣿⣿⣿⣿⣿⣿⣿⣿⣿⣿⣿⣿│ 
                    0 │⣿⣿⣿⣿⣿⣿⣿⣿⣿⣿⣿⣿⣿⣿⣿⣿⣿⣿⣿⣿⣿⣿⣿⣿⣿⣿⣿⣿⣿⣿⣿⣿⣿⣿⣿⣿⣿⣿⣿⣿│ 
                      └────────────────────────────────────────┘ 
                      ⠀0⠀⠀⠀⠀⠀⠀⠀⠀⠀⠀⠀⠀⠀⠀⠀⠀⠀⠀⠀⠀⠀⠀⠀⠀⠀⠀⠀⠀⠀⠀⠀⠀⠀⠀20000⠀ 
                      ⠀⠀⠀⠀⠀⠀⠀⠀⠀⠀⠀⠀⠀⠀⠀⠀⠀Molecule⠀⠀⠀⠀⠀⠀⠀⠀⠀⠀⠀⠀⠀⠀⠀⠀⠀ 

Exciton profile at time = 43.0 ps
                      ┌────────────────────────────────────────┐ 
               0.0005 │⠀⠀⠀⠀⠀⠀⠀⠀⠀⠀⠀⠀⠀⠀⠀⠀⠀⠀⠀⠀⠀⠀⠀⠀⠀⠀⠀⠀⠀⠀⠀⠀⠀⠀⠀⠀⠀⠀⠀⠀│ 
                      │⠀⠀⠀⠀⢀⠀⠀⠀⠀⠀⠀⠀⠀⠀⠀⠀⠀⠀⠀⠀⠀⠀⠀⠀⠀⠀⠀⠀⠀⠀⠀⠀⠀⠀⠀⡀⠀⠀⠀⠀│ 
                      │⠀⠀⠀⠀⢸⠀⠀⠀⠀⠀⠀⠀⠀⠀⠀⠀⠀⠀⠀⠀⠀⠀⠀⠀⠀⠀⠀⠀⠀⠀⠀⠀⠀⠀⠀⡇⠀⠀⠀⠀│ 
                      │⠀⠀⠀⠀⢸⠀⠀⠀⠀⠀⠀⠀⠀⠀⠀⠀⠀⠀⠀⠀⠀⠀⠀⠀⠀⠀⠀⠀⠀⠀⠀⠀⠀⠀⠀⡇⠀⠀⠀⠀│ 
                      │⠀⠀⠀⠀⢸⠀⠀⠀⠀⠀⠀⠀⠀⠀⠀⠀⠀⠀⠀⠀⠀⠀⠀⠀⠀⠀⠀⠀⠀⠀⠀⠀⠀⠀⠀⡇⠀⠀⠀⠀│ 
                      │⠀⠀⠀⠀⢸⠀⠀⠀⠀⠀⠀⠀⠀⠀⠀⠀⠀⠀⠀⠀⠀⠀⠀⠀⠀⠀⠀⠀⠀⠀⠀⠀⠀⠀⠀⡇⠀⠀⠀⠀│ 
                      │⠀⠀⠀⠀⣾⠀⠀⠀⠀⠀⠀⠀⠀⠀⠀⠀⠀⠀⠀⠀⠀⠀⠀⠀⠀⠀⠀⠀⠀⠀⠀⠀⠀⠀⠀⣷⠀⠀⠀⠀│ 
   Probability        │⠀⠀⠀⠀⣿⡆⢰⢀⠀⠀⠀⠀⠀⠀⠀⠀⠀⠀⠀⠀⠀⠀⠀⠀⠀⠀⠀⠀⠀⠀⠀⠀⡀⡆⢰⣿⠀⠀⠀⠀│ 
                      │⠀⠀⠀⠀⣿⡇⣾⢸⢰⡆⢸⠀⠀⠀⠀⢸⠀⠀⠀⡆⢰⠀⠀⠀⡇⠀⠀⠀⠀⡇⢰⡆⡇⣷⢸⣿⠀⠀⠀⠀│ 
                      │⡄⣤⠀⣦⣿⡇⣿⣿⣼⣿⢸⢸⡇⡄⢀⢸⠀⠀⢠⣧⣼⡄⠀⠀⡇⡀⢠⢸⡇⡇⣿⣧⣿⣿⢸⣿⣴⠀⣤⢠│ 
                      │⣷⣿⢠⣿⣿⣇⣿⣿⣿⣿⢸⣸⣿⣇⣿⣼⢠⣷⢸⣿⣿⡇⣾⡄⣧⣿⣸⣿⣇⡇⣿⣿⣿⣿⣸⣿⣿⡄⣿⣾│ 
                      │⣿⣿⣿⣿⣿⣿⣿⣿⣿⣿⣿⣿⣿⣿⣿⣿⢸⣿⣿⣿⣿⣿⣿⡇⣿⣿⣿⣿⣿⣿⣿⣿⣿⣿⣿⣿⣿⣿⣿⣿│ 
                      │⣿⣿⣿⣿⣿⣿⣿⣿⣿⣿⣿⣿⣿⣿⣿⣿⣾⣿⣿⣿⣿⣿⣿⣷⣿⣿⣿⣿⣿⣿⣿⣿⣿⣿⣿⣿⣿⣿⣿⣿│ 
                      │⣿⣿⣿⣿⣿⣿⣿⣿⣿⣿⣿⣿⣿⣿⣿⣿⣿⣿⣿⣿⣿⣿⣿⣿⣿⣿⣿⣿⣿⣿⣿⣿⣿⣿⣿⣿⣿⣿⣿⣿│ 
                    0 │⣿⣿⣿⣿⣿⣿⣿⣿⣿⣿⣿⣿⣿⣿⣿⣿⣿⣿⣿⣿⣿⣿⣿⣿⣿⣿⣿⣿⣿⣿⣿⣿⣿⣿⣿⣿⣿⣿⣿⣿│ 
                      └────────────────────────────────────────┘ 
                      ⠀0⠀⠀⠀⠀⠀⠀⠀⠀⠀⠀⠀⠀⠀⠀⠀⠀⠀⠀⠀⠀⠀⠀⠀⠀⠀⠀⠀⠀⠀⠀⠀⠀⠀⠀20000⠀ 
                      ⠀⠀⠀⠀⠀⠀⠀⠀⠀⠀⠀⠀⠀⠀⠀⠀⠀Molecule⠀⠀⠀⠀⠀⠀⠀⠀⠀⠀⠀⠀⠀⠀⠀⠀⠀ 

Exciton profile at time = 44.0 ps
                      ┌────────────────────────────────────────┐ 
               0.0004 │⠀⠀⠀⠀⠀⠀⠀⠀⠀⠀⠀⠀⠀⠀⠀⠀⠀⠀⠀⠀⠀⠀⠀⠀⠀⠀⠀⠀⠀⠀⠀⠀⠀⠀⠀⠀⠀⠀⠀⠀│ 
                      │⠀⠀⢰⠀⠀⠀⠀⠀⠀⠀⠀⠀⠀⠀⠀⠀⠀⠀⠀⠀⠀⠀⠀⠀⠀⠀⠀⠀⠀⠀⠀⠀⠀⠀⠀⠀⠀⡆⠀⠀│ 
                      │⠀⠀⢸⠀⠀⡀⠀⠀⠀⠀⠀⠀⠀⠀⠀⠀⠀⠀⠀⠀⠀⠀⠀⠀⠀⠀⠀⠀⠀⠀⠀⠀⠀⠀⢀⠀⠀⡇⠀⠀│ 
                      │⠀⠀⢸⠀⠀⡇⠀⠀⠀⠀⠀⠀⠀⠀⠀⠀⠀⠀⠀⠀⠀⠀⠀⠀⠀⠀⠀⠀⠀⠀⠀⠀⠀⠀⢸⠀⠀⡇⠀⠀│ 
                      │⠀⣴⢸⡆⠀⡇⠀⠀⠀⠀⠀⠀⠀⡀⠀⠀⠀⠀⠀⠀⠀⠀⠀⠀⠀⠀⢀⠀⠀⠀⠀⠀⠀⠀⢸⠀⢰⡇⣦⠀│ 
                      │⠀⣿⢸⡇⡀⡇⠀⠀⠀⠀⠀⠀⠀⡇⢀⠀⠀⠀⠀⠀⠀⠀⠀⠀⠀⡀⢸⠀⠀⠀⠀⠀⠀⠀⢸⢀⢸⡇⣿⠀│ 
                      │⠀⣿⣼⣧⡇⡇⠀⡇⠀⡆⢸⠀⠀⣿⣼⠀⠀⠀⠀⢸⡇⠀⠀⠀⠀⣧⢸⠀⠀⡇⢰⠀⢸⠀⢸⢸⣼⣧⣿⠀│ 
   Probability        │⠀⣿⣿⣿⡇⡇⠀⡇⡀⡇⢸⠀⡀⣿⣿⠀⢀⠀⢸⢸⡇⡇⠀⡀⠀⣿⣼⢀⠀⡇⢸⢀⢸⠀⢸⢸⣿⣿⣿⠀│ 
                      │⠀⣿⣿⣿⣇⡇⣸⣷⣿⡇⢸⣼⡇⣿⣿⣤⢸⢀⢸⣸⣇⡇⡀⡇⣤⣿⣿⢸⣧⡇⢸⣿⣾⣇⢸⢸⣿⣿⣿⠀│ 
                      │⣤⣿⣿⣿⣿⣿⣿⣿⣿⡇⢸⣿⣧⣿⣿⣿⣼⢸⢸⣿⣿⡇⡇⣧⣿⣿⣿⣼⣿⡇⢸⣿⣿⣿⣿⣼⣿⣿⣿⣤│ 
                      │⣿⣿⣿⣿⣿⣿⣿⣿⣿⣿⣿⣿⣿⣿⣿⣿⣿⢸⣾⣿⣿⣷⡇⣿⣿⣿⣿⣿⣿⣿⣿⣿⣿⣿⣿⣿⣿⣿⣿⣿│ 
                      │⣿⣿⣿⣿⣿⣿⣿⣿⣿⣿⣿⣿⣿⣿⣿⣿⣿⣿⣿⣿⣿⣿⣿⣿⣿⣿⣿⣿⣿⣿⣿⣿⣿⣿⣿⣿⣿⣿⣿⣿│ 
                      │⣿⣿⣿⣿⣿⣿⣿⣿⣿⣿⣿⣿⣿⣿⣿⣿⣿⣿⣿⣿⣿⣿⣿⣿⣿⣿⣿⣿⣿⣿⣿⣿⣿⣿⣿⣿⣿⣿⣿⣿│ 
                      │⣿⣿⣿⣿⣿⣿⣿⣿⣿⣿⣿⣿⣿⣿⣿⣿⣿⣿⣿⣿⣿⣿⣿⣿⣿⣿⣿⣿⣿⣿⣿⣿⣿⣿⣿⣿⣿⣿⣿⣿│ 
                    0 │⣿⣿⣿⣿⣿⣿⣿⣿⣿⣿⣿⣿⣿⣿⣿⣿⣿⣿⣿⣿⣿⣿⣿⣿⣿⣿⣿⣿⣿⣿⣿⣿⣿⣿⣿⣿⣿⣿⣿⣿│ 
                      └────────────────────────────────────────┘ 
                      ⠀0⠀⠀⠀⠀⠀⠀⠀⠀⠀⠀⠀⠀⠀⠀⠀⠀⠀⠀⠀⠀⠀⠀⠀⠀⠀⠀⠀⠀⠀⠀⠀⠀⠀⠀20000⠀ 
                      ⠀⠀⠀⠀⠀⠀⠀⠀⠀⠀⠀⠀⠀⠀⠀⠀⠀Molecule⠀⠀⠀⠀⠀⠀⠀⠀⠀⠀⠀⠀⠀⠀⠀⠀⠀ 

Exciton profile at time = 45.0 ps
                      ┌────────────────────────────────────────┐ 
               0.0004 │⡄⠀⠀⠀⠀⠀⠀⠀⠀⠀⠀⠀⠀⠀⠀⠀⠀⠀⠀⠀⠀⠀⠀⠀⠀⠀⠀⠀⠀⠀⠀⠀⠀⠀⠀⠀⠀⠀⠀⢠│ 
                      │⡇⠀⠀⠀⠀⠀⠀⠀⠀⠀⠀⠀⠀⠀⠀⠀⠀⠀⠀⠀⠀⠀⠀⠀⠀⠀⠀⠀⠀⠀⠀⠀⠀⠀⠀⠀⠀⠀⠀⢸│ 
                      │⡇⠀⠀⠀⠀⠀⠀⠀⠀⠀⠀⠀⠀⠀⠀⠀⠀⠀⠀⠀⠀⠀⠀⠀⠀⠀⠀⠀⠀⠀⠀⠀⠀⠀⠀⠀⠀⠀⠀⢸│ 
                      │⣷⠀⠀⢸⠀⠀⠀⠀⠀⠀⠀⠀⠀⠀⠀⠀⠀⠀⠀⠀⠀⠀⠀⠀⠀⠀⠀⠀⠀⠀⠀⠀⠀⠀⠀⠀⡇⠀⠀⣾│ 
                      │⣿⢰⠀⢸⠀⠀⠀⠀⠀⡀⠀⠀⠀⠀⠀⠀⡀⠀⠀⠀⠀⠀⠀⢀⠀⠀⠀⠀⠀⠀⢀⠀⠀⠀⠀⠀⡇⠀⡆⣿│ 
                      │⣿⢸⠀⢸⠀⠀⠀⠀⠀⡇⠀⡆⡆⡆⠀⠀⡇⠀⠀⠀⠀⠀⠀⢸⠀⠀⢰⢰⢰⠀⢸⠀⠀⠀⠀⠀⡇⠀⡇⣿│ 
                      │⣿⢸⣸⣸⢰⠀⠀⠀⠀⡇⠀⡇⡇⣿⢀⠀⡇⠀⠀⠀⠀⠀⠀⢸⠀⡀⣿⢸⢸⠀⢸⠀⠀⠀⠀⡆⣇⣇⡇⣿│ 
   Probability        │⣿⣾⣿⣿⣸⠀⠀⠀⡄⡇⡆⡇⡇⣿⢸⢠⡇⠀⠀⠀⠀⠀⠀⢸⡄⡇⣿⢸⢸⢰⢸⢠⠀⠀⠀⣇⣿⣿⣷⣿│ 
                      │⣿⣿⣿⣿⣿⢀⡇⡄⣇⣿⡇⣇⡇⣿⢸⣼⡇⠀⠀⢀⡀⠀⠀⢸⣧⡇⣿⢸⣸⢸⣿⣸⢠⢸⡀⣿⣿⣿⣿⣿│ 
                      │⣿⣿⣿⣿⣿⣿⡇⣿⣿⣿⣷⣿⡇⣿⣸⣿⣧⡀⠀⢸⡇⠀⢀⣼⣿⣇⣿⢸⣿⣾⣿⣿⣿⢸⣿⣿⣿⣿⣿⣿│ 
                      │⣿⣿⣿⣿⣿⣿⣿⣿⣿⣿⣿⣿⣷⣿⣿⣿⣿⣿⢰⢸⡇⡆⣿⣿⣿⣿⣿⣾⣿⣿⣿⣿⣿⣿⣿⣿⣿⣿⣿⣿│ 
                      │⣿⣿⣿⣿⣿⣿⣿⣿⣿⣿⣿⣿⣿⣿⣿⣿⣿⣿⢸⢸⡇⡇⣿⣿⣿⣿⣿⣿⣿⣿⣿⣿⣿⣿⣿⣿⣿⣿⣿⣿│ 
                      │⣿⣿⣿⣿⣿⣿⣿⣿⣿⣿⣿⣿⣿⣿⣿⣿⣿⣿⣾⣿⣿⣷⣿⣿⣿⣿⣿⣿⣿⣿⣿⣿⣿⣿⣿⣿⣿⣿⣿⣿│ 
                      │⣿⣿⣿⣿⣿⣿⣿⣿⣿⣿⣿⣿⣿⣿⣿⣿⣿⣿⣿⣿⣿⣿⣿⣿⣿⣿⣿⣿⣿⣿⣿⣿⣿⣿⣿⣿⣿⣿⣿⣿│ 
                    0 │⣿⣿⣿⣿⣿⣿⣿⣿⣿⣿⣿⣿⣿⣿⣿⣿⣿⣿⣿⣿⣿⣿⣿⣿⣿⣿⣿⣿⣿⣿⣿⣿⣿⣿⣿⣿⣿⣿⣿⣿│ 
                      └────────────────────────────────────────┘ 
                      ⠀0⠀⠀⠀⠀⠀⠀⠀⠀⠀⠀⠀⠀⠀⠀⠀⠀⠀⠀⠀⠀⠀⠀⠀⠀⠀⠀⠀⠀⠀⠀⠀⠀⠀⠀20000⠀ 
                      ⠀⠀⠀⠀⠀⠀⠀⠀⠀⠀⠀⠀⠀⠀⠀⠀⠀Molecule⠀⠀⠀⠀⠀⠀⠀⠀⠀⠀⠀⠀⠀⠀⠀⠀⠀ 

Exciton profile at time = 46.0 ps
                      ┌────────────────────────────────────────┐ 
               0.0004 │⠀⠀⠀⠀⠀⠀⠀⠀⠀⠀⠀⠀⠀⠀⠀⠀⠀⠀⠀⠀⠀⠀⠀⠀⠀⠀⠀⠀⠀⠀⠀⠀⠀⠀⠀⠀⠀⠀⠀⠀│ 
                      │⠀⠀⠀⢠⠀⠀⠀⠀⠀⠀⠀⠀⠀⠀⠀⠀⠀⠀⠀⠀⠀⠀⠀⠀⠀⠀⠀⠀⠀⠀⠀⠀⠀⠀⠀⠀⡄⠀⠀⠀│ 
                      │⠀⡇⠀⢸⠀⠀⠀⠀⠀⠀⠀⠀⠀⠀⠀⠀⠀⠀⠀⠀⠀⠀⠀⠀⠀⠀⠀⠀⠀⠀⠀⠀⠀⠀⠀⠀⡇⠀⢸⠀│ 
                      │⠀⡇⠀⢸⡆⠀⠀⠀⠀⠀⠀⠀⠀⠀⠀⠀⠀⠀⠀⠀⠀⠀⠀⠀⠀⠀⠀⠀⠀⠀⠀⠀⠀⠀⠀⢰⡇⠀⢸⠀│ 
                      │⠀⡇⢸⢸⣿⠀⠀⠀⠀⠀⠀⠀⠀⢰⠀⠀⠀⠀⠀⠀⠀⠀⠀⠀⠀⠀⡆⠀⠀⠀⠀⠀⠀⠀⠀⣿⡇⡇⢸⠀│ 
                      │⠀⣇⢸⢸⣿⢸⠀⠀⠀⠀⠀⠀⠀⢸⠀⠀⡀⠀⠀⠀⠀⠀⠀⢀⠀⠀⡇⠀⠀⠀⠀⠀⠀⠀⡇⣿⡇⡇⣸⠀│ 
                      │⡄⣿⢸⢸⣿⢸⠀⠀⠀⠀⠀⠀⠀⣼⠀⠀⡇⠀⠀⠀⠀⠀⠀⢸⠀⠀⣧⠀⠀⠀⠀⠀⠀⠀⡇⣿⡇⡇⣿⢠│ 
   Probability        │⡇⣿⢸⣼⣿⣿⠀⠀⠀⢀⠀⠀⡆⣿⠀⠀⡇⢸⡀⠀⠀⢀⡇⢸⠀⠀⣿⢰⠀⠀⡀⠀⠀⠀⣿⣿⣧⡇⣿⢸│ 
                      │⡇⣿⣸⣿⣿⣿⢀⣿⠀⢸⢸⠀⣷⣿⢀⠀⡇⢸⣧⣄⣠⣼⡇⢸⠀⡀⣿⣾⠀⡇⡇⠀⣿⡀⣿⣿⣿⣇⣿⢸│ 
                      │⡇⣿⣿⣿⣿⣿⣿⣿⢀⣿⣾⣄⣿⣿⣼⡄⡇⣾⣿⣿⣿⣿⣷⢸⢠⣧⣿⣿⣠⣷⣿⡀⣿⣿⣿⣿⣿⣿⣿⢸│ 
                      │⣿⣿⣿⣿⣿⣿⣿⣿⣿⣿⣿⣿⣿⣿⣿⡇⣷⣿⣿⣿⣿⣿⣿⣾⢸⣿⣿⣿⣿⣿⣿⣿⣿⣿⣿⣿⣿⣿⣿⣿│ 
                      │⣿⣿⣿⣿⣿⣿⣿⣿⣿⣿⣿⣿⣿⣿⣿⣷⣿⣿⣿⣿⣿⣿⣿⣿⣾⣿⣿⣿⣿⣿⣿⣿⣿⣿⣿⣿⣿⣿⣿⣿│ 
                      │⣿⣿⣿⣿⣿⣿⣿⣿⣿⣿⣿⣿⣿⣿⣿⣿⣿⣿⣿⣿⣿⣿⣿⣿⣿⣿⣿⣿⣿⣿⣿⣿⣿⣿⣿⣿⣿⣿⣿⣿│ 
                      │⣿⣿⣿⣿⣿⣿⣿⣿⣿⣿⣿⣿⣿⣿⣿⣿⣿⣿⣿⣿⣿⣿⣿⣿⣿⣿⣿⣿⣿⣿⣿⣿⣿⣿⣿⣿⣿⣿⣿⣿│ 
                    0 │⣿⣿⣿⣿⣿⣿⣿⣿⣿⣿⣿⣿⣿⣿⣿⣿⣿⣿⣿⣿⣿⣿⣿⣿⣿⣿⣿⣿⣿⣿⣿⣿⣿⣿⣿⣿⣿⣿⣿⣿│ 
                      └────────────────────────────────────────┘ 
                      ⠀0⠀⠀⠀⠀⠀⠀⠀⠀⠀⠀⠀⠀⠀⠀⠀⠀⠀⠀⠀⠀⠀⠀⠀⠀⠀⠀⠀⠀⠀⠀⠀⠀⠀⠀20000⠀ 
                      ⠀⠀⠀⠀⠀⠀⠀⠀⠀⠀⠀⠀⠀⠀⠀⠀⠀Molecule⠀⠀⠀⠀⠀⠀⠀⠀⠀⠀⠀⠀⠀⠀⠀⠀⠀ 

Exciton profile at time = 47.0 ps
                      ┌────────────────────────────────────────┐ 
               0.0004 │⠀⠀⠀⠀⠀⠀⠀⢠⠀⠀⠀⠀⠀⠀⠀⠀⠀⠀⠀⠀⠀⠀⠀⠀⠀⠀⠀⠀⠀⠀⠀⠀⡄⠀⠀⠀⠀⠀⠀⠀│ 
                      │⠀⠀⠀⠀⠀⠀⠀⢸⠀⠀⠀⠀⠀⠀⠀⠀⠀⠀⠀⠀⠀⠀⠀⠀⠀⠀⠀⠀⠀⠀⠀⠀⡇⠀⠀⠀⠀⠀⠀⠀│ 
                      │⠀⠀⠀⠀⠀⠀⠀⣸⠀⠀⠀⠀⠀⠀⠀⠀⠀⠀⠀⠀⠀⠀⠀⠀⠀⠀⠀⠀⠀⠀⠀⠀⣇⠀⠀⠀⠀⠀⠀⠀│ 
                      │⠀⠀⠀⠀⠀⠀⠀⣿⡇⠀⠀⠀⠀⠀⠀⠀⠀⠀⠀⠀⠀⠀⠀⠀⠀⠀⠀⠀⠀⠀⠀⢸⣿⠀⠀⠀⠀⠀⠀⠀│ 
                      │⠀⢸⠀⠀⠀⡆⡇⣿⡇⠀⠀⠀⠀⠀⠀⠀⠀⠀⠀⠀⠀⠀⠀⠀⠀⠀⠀⠀⠀⠀⠀⢸⣿⢸⢰⠀⠀⠀⡇⠀│ 
                      │⡆⢸⠀⢀⠀⡇⣿⣿⡇⠀⠀⠀⠀⠀⠀⠀⠀⠀⣤⠀⠀⢠⠀⠀⠀⠀⠀⠀⠀⠀⠀⢸⣿⣿⢸⠀⡀⠀⡇⢰│ 
                      │⡇⢸⢀⣸⠀⡇⣿⣿⡇⢰⡇⡆⠀⢰⠀⠀⠀⠀⣿⢸⡇⣾⠀⠀⠀⠀⡆⠀⢰⢰⡇⢸⣿⣿⢸⠀⣇⡀⡇⢸│ 
   Probability        │⣿⣸⢸⣿⢸⡇⣿⣿⡇⢸⡇⡇⡆⢸⠀⠀⠀⢀⣿⢸⡇⣿⡀⠀⠀⠀⡇⢰⢸⢸⡇⢸⣿⣿⢸⡇⣿⡇⡇⣿│ 
                      │⣿⣿⣾⣿⢸⡇⣿⣿⣷⢸⣇⣇⣿⢸⠀⠀⠀⢸⣿⢸⡇⣿⡇⠀⠀⠀⡇⣿⣸⣸⡇⣾⣿⣿⢸⡇⣿⣷⣧⣿│ 
                      │⣿⣿⣿⣿⣼⣿⣿⣿⣿⣼⣿⣿⣿⢸⣰⠀⢠⢸⣿⢸⡇⣿⡇⡄⠀⣆⡇⣿⣿⣿⣧⣿⣿⣿⣿⣧⣿⣿⣿⣿│ 
                      │⣿⣿⣿⣿⣿⣿⣿⣿⣿⣿⣿⣿⣿⣾⣿⡇⣿⣾⣿⣿⣿⣿⣷⣿⢸⣿⣷⣿⣿⣿⣿⣿⣿⣿⣿⣿⣿⣿⣿⣿│ 
                      │⣿⣿⣿⣿⣿⣿⣿⣿⣿⣿⣿⣿⣿⣿⣿⣧⣿⣿⣿⣿⣿⣿⣿⣿⣼⣿⣿⣿⣿⣿⣿⣿⣿⣿⣿⣿⣿⣿⣿⣿│ 
                      │⣿⣿⣿⣿⣿⣿⣿⣿⣿⣿⣿⣿⣿⣿⣿⣿⣿⣿⣿⣿⣿⣿⣿⣿⣿⣿⣿⣿⣿⣿⣿⣿⣿⣿⣿⣿⣿⣿⣿⣿│ 
                      │⣿⣿⣿⣿⣿⣿⣿⣿⣿⣿⣿⣿⣿⣿⣿⣿⣿⣿⣿⣿⣿⣿⣿⣿⣿⣿⣿⣿⣿⣿⣿⣿⣿⣿⣿⣿⣿⣿⣿⣿│ 
                    0 │⣿⣿⣿⣿⣿⣿⣿⣿⣿⣿⣿⣿⣿⣿⣿⣿⣿⣿⣿⣿⣿⣿⣿⣿⣿⣿⣿⣿⣿⣿⣿⣿⣿⣿⣿⣿⣿⣿⣿⣿│ 
                      └────────────────────────────────────────┘ 
                      ⠀0⠀⠀⠀⠀⠀⠀⠀⠀⠀⠀⠀⠀⠀⠀⠀⠀⠀⠀⠀⠀⠀⠀⠀⠀⠀⠀⠀⠀⠀⠀⠀⠀⠀⠀20000⠀ 
                      ⠀⠀⠀⠀⠀⠀⠀⠀⠀⠀⠀⠀⠀⠀⠀⠀⠀Molecule⠀⠀⠀⠀⠀⠀⠀⠀⠀⠀⠀⠀⠀⠀⠀⠀⠀ 

Exciton profile at time = 48.0 ps
                      ┌────────────────────────────────────────┐ 
               0.0005 │⠀⠀⠀⠀⠀⠀⠀⠀⠀⠀⠀⠀⠀⠀⠀⠀⠀⠀⠀⠀⡆⠀⠀⠀⠀⠀⠀⠀⠀⠀⠀⠀⠀⠀⠀⠀⠀⠀⠀⠀│ 
                      │⠀⠀⠀⠀⠀⠀⠀⠀⠀⠀⠀⠀⠀⠀⠀⠀⠀⠀⠀⢸⡇⠀⠀⠀⠀⠀⠀⠀⠀⠀⠀⠀⠀⠀⠀⠀⠀⠀⠀⠀│ 
                      │⠀⠀⠀⠀⠀⠀⠀⠀⠀⠀⠀⡄⠀⠀⠀⠀⠀⠀⠀⢸⡇⠀⠀⠀⠀⠀⠀⠀⢠⠀⠀⠀⠀⠀⠀⠀⠀⠀⠀⠀│ 
                      │⠀⠀⠀⠀⠀⠀⠀⠀⠀⠀⠀⡇⠀⠀⠀⠀⠀⠀⠀⢸⡇⠀⠀⠀⠀⠀⠀⠀⢸⠀⠀⠀⠀⠀⠀⠀⠀⠀⠀⠀│ 
                      │⠀⠀⠀⠀⠀⠀⠀⠀⠀⠀⢸⡇⠀⠀⠀⠀⠀⠀⠀⢸⡇⠀⠀⠀⠀⠀⠀⠀⢸⡇⠀⠀⠀⠀⠀⠀⠀⠀⠀⠀│ 
                      │⠀⠀⠀⠀⠀⠀⠀⠀⠀⠀⢸⡇⠀⠀⠀⠀⠀⠀⠀⢸⡇⠀⠀⠀⠀⠀⠀⠀⢸⡇⠀⠀⠀⠀⠀⠀⠀⠀⠀⠀│ 
                      │⠀⠀⠀⠀⠀⢰⠀⠀⠀⠀⢸⡇⠀⠀⠀⠀⠀⠀⠀⢸⡇⠀⠀⠀⠀⠀⠀⠀⢸⡇⠀⠀⠀⠀⡆⠀⠀⠀⠀⠀│ 
   Probability        │⠀⠀⡄⠀⢀⣼⢀⢸⠀⠀⣾⡇⠀⠀⠀⢀⠀⠀⠀⢸⡇⠀⠀⠀⡀⠀⠀⠀⢸⣷⠀⠀⡇⡀⣧⡀⠀⢠⠀⠀│ 
                      │⠀⠀⡇⠀⢸⣿⣼⣸⠀⠀⣿⡇⠀⢠⠀⢸⠀⠀⠀⢸⡇⠀⠀⠀⡇⠀⡄⠀⢸⣿⠀⠀⣇⡇⣿⡇⠀⢸⠀⠀│ 
                      │⡇⠀⡇⠀⣼⣿⣿⣿⣄⣾⣿⡇⢀⣸⡄⢸⠀⠀⠀⢸⡇⠀⠀⠀⡇⠀⣇⡀⢸⣿⣷⣠⣿⣿⣿⣧⠀⢸⠀⢸│ 
                      │⣷⢰⣿⣇⣿⣿⣿⣿⣿⣿⣿⣧⢸⣿⡇⢸⠀⣠⢸⣸⣇⡇⣄⠀⡇⠀⣿⡇⣼⣿⣿⣿⣿⣿⣿⣿⣸⣿⡆⣾│ 
                      │⣿⣿⣿⣿⣿⣿⣿⣿⣿⣿⣿⣿⢸⣿⣿⣼⣴⣿⣾⣿⣿⣷⣿⣦⣧⣿⣿⡇⣿⣿⣿⣿⣿⣿⣿⣿⣿⣿⣿⣿│ 
                      │⣿⣿⣿⣿⣿⣿⣿⣿⣿⣿⣿⣿⣿⣿⣿⣿⣿⣿⣿⣿⣿⣿⣿⣿⣿⣿⣿⣿⣿⣿⣿⣿⣿⣿⣿⣿⣿⣿⣿⣿│ 
                      │⣿⣿⣿⣿⣿⣿⣿⣿⣿⣿⣿⣿⣿⣿⣿⣿⣿⣿⣿⣿⣿⣿⣿⣿⣿⣿⣿⣿⣿⣿⣿⣿⣿⣿⣿⣿⣿⣿⣿⣿│ 
                    0 │⣿⣿⣿⣿⣿⣿⣿⣿⣿⣿⣿⣿⣿⣿⣿⣿⣿⣿⣿⣿⣿⣿⣿⣿⣿⣿⣿⣿⣿⣿⣿⣿⣿⣿⣿⣿⣿⣿⣿⣿│ 
                      └────────────────────────────────────────┘ 
                      ⠀0⠀⠀⠀⠀⠀⠀⠀⠀⠀⠀⠀⠀⠀⠀⠀⠀⠀⠀⠀⠀⠀⠀⠀⠀⠀⠀⠀⠀⠀⠀⠀⠀⠀⠀20000⠀ 
                      ⠀⠀⠀⠀⠀⠀⠀⠀⠀⠀⠀⠀⠀⠀⠀⠀⠀Molecule⠀⠀⠀⠀⠀⠀⠀⠀⠀⠀⠀⠀⠀⠀⠀⠀⠀ 

Exciton profile at time = 49.0 ps
                      ┌────────────────────────────────────────┐ 
               0.0004 │⠀⠀⠀⠀⠀⠀⠀⡀⠀⠀⠀⠀⠀⠀⠀⠀⠀⠀⠀⠀⠀⠀⠀⠀⠀⠀⠀⠀⠀⠀⠀⠀⢀⠀⠀⠀⠀⠀⠀⠀│ 
                      │⠀⠀⠀⠀⠀⠀⠀⡇⠀⠀⠀⠀⠀⠀⠀⠀⠀⠀⠀⠀⠀⠀⠀⠀⠀⠀⠀⠀⠀⠀⠀⠀⢸⠀⠀⠀⠀⠀⠀⠀│ 
                      │⠀⠀⠀⠀⠀⠀⠀⡇⠀⠀⠀⠀⠀⠀⡄⠀⠀⠀⠀⠀⠀⠀⠀⠀⠀⢠⠀⠀⠀⠀⠀⠀⢸⠀⠀⠀⠀⠀⠀⠀│ 
                      │⠀⠀⠀⠀⠀⠀⠀⡇⠀⠀⠀⠀⠀⠀⡇⠀⠀⠀⠀⠀⠀⠀⠀⠀⠀⢸⠀⠀⠀⠀⠀⠀⢸⠀⠀⠀⠀⠀⠀⠀│ 
                      │⠀⠀⠀⢰⠀⡄⠀⡇⠀⠀⠀⠀⠀⠀⡇⠀⠀⠀⠀⠀⠀⠀⠀⠀⠀⢸⠀⠀⠀⠀⠀⠀⢸⠀⢠⠀⡆⠀⠀⠀│ 
                      │⠀⠀⢀⢸⠀⣿⡇⡇⠀⠀⠀⠀⠀⡆⡇⠀⠀⠀⠀⢀⡀⠀⠀⠀⠀⢸⢰⠀⠀⠀⠀⠀⢸⠀⣿⠀⡇⡀⠀⠀│ 
                      │⠀⡇⣸⢸⠀⣿⡇⡇⠀⡀⠀⠀⡀⣿⡇⠀⠀⢀⠀⢸⡇⠀⡀⠀⠀⢸⣿⢀⠀⠀⢀⠀⢸⢸⣿⠀⡇⣇⢸⠀│ 
   Probability        │⠀⣷⣿⣾⡀⣿⡇⣇⠀⣷⢠⡇⡇⣿⡇⠀⠀⢸⠀⢸⡇⠀⡇⠀⠀⢸⣿⢸⢸⡄⣾⠀⣸⢸⣿⢀⣷⣿⣾⠀│ 
                      │⡇⣿⣿⣿⡇⣿⣷⣿⠀⣿⣾⣿⣇⣿⣧⡆⠀⢸⢀⢸⡇⡀⡇⠀⢰⣼⣿⣸⣿⣷⣿⠀⣿⣾⣿⢸⣿⣿⣿⢰│ 
                      │⣇⣿⣿⣿⣷⣿⣿⣿⣄⣿⣿⣿⣿⣿⣿⣷⡇⢸⣸⣿⣿⣇⡇⢸⣾⣿⣿⣿⣿⣿⣿⣠⣿⣿⣿⣾⣿⣿⣿⣸│ 
                      │⣿⣿⣿⣿⣿⣿⣿⣿⣿⣿⣿⣿⣿⣿⣿⣿⡇⣼⣿⣿⣿⣿⣧⢸⣿⣿⣿⣿⣿⣿⣿⣿⣿⣿⣿⣿⣿⣿⣿⣿│ 
                      │⣿⣿⣿⣿⣿⣿⣿⣿⣿⣿⣿⣿⣿⣿⣿⣿⣿⣿⣿⣿⣿⣿⣿⣿⣿⣿⣿⣿⣿⣿⣿⣿⣿⣿⣿⣿⣿⣿⣿⣿│ 
                      │⣿⣿⣿⣿⣿⣿⣿⣿⣿⣿⣿⣿⣿⣿⣿⣿⣿⣿⣿⣿⣿⣿⣿⣿⣿⣿⣿⣿⣿⣿⣿⣿⣿⣿⣿⣿⣿⣿⣿⣿│ 
                      │⣿⣿⣿⣿⣿⣿⣿⣿⣿⣿⣿⣿⣿⣿⣿⣿⣿⣿⣿⣿⣿⣿⣿⣿⣿⣿⣿⣿⣿⣿⣿⣿⣿⣿⣿⣿⣿⣿⣿⣿│ 
                    0 │⣿⣿⣿⣿⣿⣿⣿⣿⣿⣿⣿⣿⣿⣿⣿⣿⣿⣿⣿⣿⣿⣿⣿⣿⣿⣿⣿⣿⣿⣿⣿⣿⣿⣿⣿⣿⣿⣿⣿⣿│ 
                      └────────────────────────────────────────┘ 
                      ⠀0⠀⠀⠀⠀⠀⠀⠀⠀⠀⠀⠀⠀⠀⠀⠀⠀⠀⠀⠀⠀⠀⠀⠀⠀⠀⠀⠀⠀⠀⠀⠀⠀⠀⠀20000⠀ 
                      ⠀⠀⠀⠀⠀⠀⠀⠀⠀⠀⠀⠀⠀⠀⠀⠀⠀Molecule⠀⠀⠀⠀⠀⠀⠀⠀⠀⠀⠀⠀⠀⠀⠀⠀⠀ 

Exciton profile at time = 50.0 ps
                      ┌────────────────────────────────────────┐ 
               0.0004 │⠀⠀⠀⠀⠀⠀⠀⠀⠀⠀⠀⠀⠀⠀⡀⠀⠀⠀⠀⠀⠀⠀⠀⠀⠀⢀⠀⠀⠀⠀⠀⠀⠀⠀⠀⠀⠀⠀⠀⠀│ 
                      │⠀⠀⠀⠀⠀⠀⠀⠀⠀⠀⠀⠀⠀⠀⡇⠀⠀⠀⠀⠀⠀⠀⠀⠀⠀⢸⠀⠀⠀⠀⠀⠀⠀⠀⠀⠀⠀⠀⠀⠀│ 
                      │⠀⠀⠀⠀⠀⠀⠀⠀⠀⠀⠀⠀⠀⠀⡇⠀⠀⠀⠀⠀⠀⠀⠀⠀⠀⢸⠀⠀⠀⠀⠀⠀⠀⠀⠀⠀⠀⠀⠀⠀│ 
                      │⠀⠀⠀⠀⠀⠀⠀⠀⠀⠀⠀⠀⠀⠀⡇⠀⠀⠀⠀⠀⠀⠀⠀⠀⠀⢸⠀⠀⠀⠀⠀⠀⠀⠀⠀⠀⠀⠀⠀⠀│ 
                      │⠀⠀⠀⠀⠀⠀⠀⠀⡆⢀⠀⠀⠀⠀⡇⡆⠀⠀⠀⠀⠀⠀⠀⠀⢰⢸⠀⠀⠀⠀⡀⢰⠀⠀⠀⠀⠀⠀⠀⠀│ 
                      │⠀⠀⠀⠀⢰⠀⠀⢀⡇⢸⠀⠀⠀⠀⡇⡇⠀⠀⠀⠀⠀⠀⠀⠀⢸⢸⠀⠀⠀⠀⡇⢸⡀⠀⠀⡆⠀⠀⠀⠀│ 
                      │⠀⠀⢰⠀⢸⠀⠀⣸⡇⢸⠀⢸⠀⠀⡇⣧⠀⣷⠀⡇⢸⠀⣾⠀⣼⢸⠀⠀⡇⠀⡇⢸⣇⠀⠀⡇⠀⡆⠀⠀│ 
   Probability        │⠀⡇⢸⣾⢸⡆⢸⣿⡇⢸⢸⣿⣆⣦⡇⣿⠀⣿⢀⣧⣼⡀⣿⠀⣿⢸⣴⡀⣷⡇⡇⢸⣿⡇⢰⡇⣷⡇⢸⠀│ 
                      │⠀⣷⣼⣿⣾⣿⢸⣿⣧⣼⢸⣿⣿⣿⡇⣿⠀⣿⢸⣿⣿⡇⣿⠀⣿⢸⣿⣧⣿⡇⡇⣼⣿⡇⣿⣷⣿⣧⣾⠀│ 
                      │⣄⣿⣿⣿⣿⣿⣾⣿⣿⣿⣼⣿⣿⣿⡇⣿⠀⣿⣼⣿⣿⣧⣿⠀⣿⢸⣿⣿⣿⣧⣿⣿⣿⣷⣿⣿⣿⣿⣿⣠│ 
                      │⣿⣿⣿⣿⣿⣿⣿⣿⣿⣿⣿⣿⣿⣿⣿⣿⣰⣿⣿⣿⣿⣿⣿⣆⣿⣿⣿⣿⣿⣿⣿⣿⣿⣿⣿⣿⣿⣿⣿⣿│ 
                      │⣿⣿⣿⣿⣿⣿⣿⣿⣿⣿⣿⣿⣿⣿⣿⣿⣿⣿⣿⣿⣿⣿⣿⣿⣿⣿⣿⣿⣿⣿⣿⣿⣿⣿⣿⣿⣿⣿⣿⣿│ 
                      │⣿⣿⣿⣿⣿⣿⣿⣿⣿⣿⣿⣿⣿⣿⣿⣿⣿⣿⣿⣿⣿⣿⣿⣿⣿⣿⣿⣿⣿⣿⣿⣿⣿⣿⣿⣿⣿⣿⣿⣿│ 
                      │⣿⣿⣿⣿⣿⣿⣿⣿⣿⣿⣿⣿⣿⣿⣿⣿⣿⣿⣿⣿⣿⣿⣿⣿⣿⣿⣿⣿⣿⣿⣿⣿⣿⣿⣿⣿⣿⣿⣿⣿│ 
                    0 │⣿⣿⣿⣿⣿⣿⣿⣿⣿⣿⣿⣿⣿⣿⣿⣿⣿⣿⣿⣿⣿⣿⣿⣿⣿⣿⣿⣿⣿⣿⣿⣿⣿⣿⣿⣿⣿⣿⣿⣿│ 
                      └────────────────────────────────────────┘ 
                      ⠀0⠀⠀⠀⠀⠀⠀⠀⠀⠀⠀⠀⠀⠀⠀⠀⠀⠀⠀⠀⠀⠀⠀⠀⠀⠀⠀⠀⠀⠀⠀⠀⠀⠀⠀20000⠀ 
                      ⠀⠀⠀⠀⠀⠀⠀⠀⠀⠀⠀⠀⠀⠀⠀⠀⠀Molecule⠀⠀⠀⠀⠀⠀⠀⠀⠀⠀⠀⠀⠀⠀⠀⠀⠀ 
Time evolution computations finished.
Mean square displacement saved as "mean_square_disp" in /fire/ribeiro/gjribei/QuantumEnergyDiffusion/Data/20_size_study/Nm20000_Nc800_R0p2_a10_0_Em2_0_sx60/out.h5
Time range [t0, δt, tf] saved as "time_range" in /fire/ribeiro/gjribei/QuantumEnergyDiffusion/Data/20_size_study/Nm20000_Nc800_R0p2_a10_0_Em2_0_sx60/out.h5
Exiting code sucessfully.
October, 18 2022 - 08:32:21
