Initilizing Simulation.
October, 06 2022 - 20:41:19
           ---Quantum System Input Parameters---       

              # Light-Matter Interaction #             
Rabi Frequency (ΩR):                                   0.05 eV

                # Molecular Properties #               
Number of molecules (Nm):                              2000
Average intermolecular distance (a):                   20 nm
Intermolecular distance standard deviation (σa):       0 nm
Average molecular excitation energy (ωM):              2.0 eV
Molecular excitation energy standard deviation (σM):   0 eV

                # Cavity/Wire Properties #               
Number of positive cavity modes (Nc):                  200
Cavity y dimension size (Ly):                          200 nm
Cavity z dimension size (Lz):                          400 nm
y-momentum quantum number (ny):                        1
z-momentum quantum number (nz):                        1
Index of refraction squared (ϵ):                       3.0

Length along x (Nm * a) 40000.00000000 nm

 Minimum Cavity energy:    2.0007863989
 Maximum Cavity energy:    4.1003919444

 # Total System Dimensions: 2401x2401
Memory required for Hamiltonian Matrix: 0.092 Gb | 92.237 Mb

## Constructing Hamiltonian Matrix
Allocating memory... Done.
Populating diagonal... Done.
Populating off-diagonal... Done.

## Diagonalization
BLAS Config: LBTConfig([ILP64] libmkl_rt.so)
BLAS Number of Threads: 28

Diagonalization started... Done in   28.89047 seconds.


 --- System Summary

 Molecular Energies (eV)
              ┌                                        ┐ 
   [2.0, 3.0) ┤██████████████████████████████████  2000  
              └                                        ┘ 
                               Frequency                 

 Cavity Energies
                 ┌────────────────────────────────────────┐ 
               5 │⠀⠀⠀⠀⠀⠀⠀⠀⠀⠀⠀⠀⠀⠀⠀⠀⠀⠀⠀⠀⠀⠀⠀⠀⠀⠀⠀⠀⠀⠀⠀⠀⠀⠀⠀⠀⠀⠀⠀⠀│ 
                 │⠀⠀⠀⠀⠀⠀⠀⠀⠀⠀⠀⠀⠀⠀⠀⠀⠀⠀⠀⠀⠀⠀⠀⠀⠀⠀⠀⠀⠀⠀⠀⠀⠀⠀⠀⠀⠀⠀⠀⠀│ 
                 │⠀⠀⠀⠀⠀⠀⠀⠀⠀⠀⠀⠀⠀⠀⠀⠀⠀⠀⠀⠀⠀⠀⠀⠀⠀⠀⠀⠀⠀⠀⠀⠀⠀⠀⠀⠀⠀⠀⠀⠀│ 
                 │⠀⠀⠀⠀⠀⠀⠀⠀⠀⠀⠀⠀⠀⠀⠀⠀⠀⠀⠀⠀⠀⠀⠀⠀⠀⠀⠀⠀⠀⠀⠀⠀⠀⠀⠀⠀⠀⠀⠀⠀│ 
                 │⠀⠀⠀⠀⠀⠀⠀⠀⠀⠀⠀⠀⠀⠀⠀⠀⠀⠀⠀⠀⠀⠀⠀⠀⠀⠀⠀⠀⠀⠀⠀⡠⠂⠀⠀⠀⠀⠀⠀⠀│ 
                 │⠀⠀⠀⠀⠀⠀⠀⠀⠀⠀⠀⠀⠀⠀⠀⠀⠀⠀⠀⠀⠀⠀⠀⠀⠀⠀⠀⠀⢀⡤⠎⠀⠀⠀⠀⠀⠀⠀⠀⠀│ 
                 │⠀⠀⠀⠀⠀⠀⠀⠀⠀⠀⠀⠀⠀⠀⠀⠀⠀⠀⠀⠀⠀⠀⠀⠀⠀⠀⢀⡴⠋⠀⠀⠀⠀⠀⠀⠀⠀⠀⠀⠀│ 
   Energy (ev)   │⠀⠀⠀⠀⠀⠀⠀⠀⠀⠀⠀⠀⠀⠀⠀⠀⠀⠀⠀⠀⠀⠀⠀⠀⢀⡴⠋⠀⠀⠀⠀⠀⠀⠀⠀⠀⠀⠀⠀⠀│ 
                 │⠀⠀⠀⠀⠀⠀⠀⠀⠀⠀⠀⠀⠀⠀⠀⠀⠀⠀⠀⠀⠀⠀⣀⠔⠋⠀⠀⠀⠀⠀⠀⠀⠀⠀⠀⠀⠀⠀⠀⠀│ 
                 │⠀⠀⠀⠀⠀⠀⠀⠀⠀⠀⠀⠀⠀⠀⠀⠀⠀⠀⠀⠀⣠⠞⠁⠀⠀⠀⠀⠀⠀⠀⠀⠀⠀⠀⠀⠀⠀⠀⠀⠀│ 
                 │⠀⠀⠀⠀⠀⠀⠀⠀⠀⠀⠀⠀⠀⠀⠀⠀⠀⢀⡴⠊⠀⠀⠀⠀⠀⠀⠀⠀⠀⠀⠀⠀⠀⠀⠀⠀⠀⠀⠀⠀│ 
                 │⠀⠀⠀⠀⠀⠀⠀⠀⠀⠀⠀⠀⠀⠀⢀⣠⠞⠉⠀⠀⠀⠀⠀⠀⠀⠀⠀⠀⠀⠀⠀⠀⠀⠀⠀⠀⠀⠀⠀⠀│ 
                 │⠀⠀⠀⠀⠀⠀⠀⠀⠀⠀⠀⠀⣠⠖⠋⠀⠀⠀⠀⠀⠀⠀⠀⠀⠀⠀⠀⠀⠀⠀⠀⠀⠀⠀⠀⠀⠀⠀⠀⠀│ 
                 │⠀⠀⠀⠀⠀⠀⠀⠀⣀⡤⠖⠉⠀⠀⠀⠀⠀⠀⠀⠀⠀⠀⠀⠀⠀⠀⠀⠀⠀⠀⠀⠀⠀⠀⠀⠀⠀⠀⠀⠀│ 
               2 │⣀⣀⣀⣀⠤⠴⠒⠉⠁⠀⠀⠀⠀⠀⠀⠀⠀⠀⠀⠀⠀⠀⠀⠀⠀⠀⠀⠀⠀⠀⠀⠀⠀⠀⠀⠀⠀⠀⠀⠀│ 
                 └────────────────────────────────────────┘ 
                 ⠀0⠀⠀⠀⠀⠀⠀⠀⠀⠀⠀⠀⠀⠀⠀⠀⠀⠀⠀⠀⠀⠀⠀⠀⠀⠀⠀⠀⠀⠀⠀⠀⠀⠀⠀⠀⠀500⠀ 
                 ⠀⠀⠀⠀⠀⠀⠀⠀⠀⠀⠀⠀⠀⠀⠀⠀⠀⠀⠀⠀⠀q⠀⠀⠀⠀⠀⠀⠀⠀⠀⠀⠀⠀⠀⠀⠀⠀⠀⠀⠀⠀ 

 System Eigenenergies
                 ┌────────────────────────────────────────┐ 
               5 │⠀⠀⠀⠀⠀⠀⠀⠀⠀⠀⠀⠀⠀⠀⠀⠀⠀⠀⠀⠀⠀⠀⠀⠀⠀⠀⠀⠀⠀⠀⠀⠀⠀⠀⠀⠀⠀⠀⠀⠀│ 
                 │⠀⠀⠀⠀⠀⠀⠀⠀⠀⠀⠀⠀⠀⠀⠀⠀⠀⠀⠀⠀⠀⠀⠀⠀⠀⠀⠀⠀⠀⠀⠀⠀⠀⠀⠀⠀⠀⠀⠀⠀│ 
                 │⠀⠀⠀⠀⠀⠀⠀⠀⠀⠀⠀⠀⠀⠀⠀⠀⠀⠀⠀⠀⠀⠀⠀⠀⠀⠀⠀⠀⠀⠀⠀⠀⠀⠀⠀⠀⠀⠀⠀⠀│ 
                 │⠀⠀⠀⠀⠀⠀⠀⠀⠀⠀⠀⠀⠀⠀⠀⠀⠀⠀⠀⠀⠀⠀⠀⠀⠀⠀⠀⠀⠀⠀⠀⢰⠂⠀⠀⠀⠀⠀⠀⠀│ 
                 │⠀⠀⠀⠀⠀⠀⠀⠀⠀⠀⠀⠀⠀⠀⠀⠀⠀⠀⠀⠀⠀⠀⠀⠀⠀⠀⠀⠀⠀⠀⠀⡞⠀⠀⠀⠀⠀⠀⠀⠀│ 
                 │⠀⠀⠀⠀⠀⠀⠀⠀⠀⠀⠀⠀⠀⠀⠀⠀⠀⠀⠀⠀⠀⠀⠀⠀⠀⠀⠀⠀⠀⠀⢠⠇⠀⠀⠀⠀⠀⠀⠀⠀│ 
                 │⠀⠀⠀⠀⠀⠀⠀⠀⠀⠀⠀⠀⠀⠀⠀⠀⠀⠀⠀⠀⠀⠀⠀⠀⠀⠀⠀⠀⠀⠀⡼⠀⠀⠀⠀⠀⠀⠀⠀⠀│ 
   Energy (ev)   │⠀⠀⠀⠀⠀⠀⠀⠀⠀⠀⠀⠀⠀⠀⠀⠀⠀⠀⠀⠀⠀⠀⠀⠀⠀⠀⠀⠀⠀⢠⠃⠀⠀⠀⠀⠀⠀⠀⠀⠀│ 
                 │⠀⠀⠀⠀⠀⠀⠀⠀⠀⠀⠀⠀⠀⠀⠀⠀⠀⠀⠀⠀⠀⠀⠀⠀⠀⠀⠀⠀⠀⡞⠀⠀⠀⠀⠀⠀⠀⠀⠀⠀│ 
                 │⠀⠀⠀⠀⠀⠀⠀⠀⠀⠀⠀⠀⠀⠀⠀⠀⠀⠀⠀⠀⠀⠀⠀⠀⠀⠀⠀⠀⣸⠁⠀⠀⠀⠀⠀⠀⠀⠀⠀⠀│ 
                 │⠀⠀⠀⠀⠀⠀⠀⠀⠀⠀⠀⠀⠀⠀⠀⠀⠀⠀⠀⠀⠀⠀⠀⠀⠀⠀⠀⣠⠇⠀⠀⠀⠀⠀⠀⠀⠀⠀⠀⠀│ 
                 │⠒⠒⠒⠒⠒⠒⠒⠒⠒⠒⠒⠒⠒⠒⠒⠒⠋⠉⠉⠉⠉⠉⠉⠉⠉⠉⠉⠁⠀⠀⠀⠀⠀⠀⠀⠀⠀⠀⠀⠀│ 
                 │⠀⠀⠀⠀⠀⠀⠀⠀⠀⠀⠀⠀⠀⠀⠀⠀⠀⠀⠀⠀⠀⠀⠀⠀⠀⠀⠀⠀⠀⠀⠀⠀⠀⠀⠀⠀⠀⠀⠀⠀│ 
                 │⠀⠀⠀⠀⠀⠀⠀⠀⠀⠀⠀⠀⠀⠀⠀⠀⠀⠀⠀⠀⠀⠀⠀⠀⠀⠀⠀⠀⠀⠀⠀⠀⠀⠀⠀⠀⠀⠀⠀⠀│ 
               1 │⠀⠀⠀⠀⠀⠀⠀⠀⠀⠀⠀⠀⠀⠀⠀⠀⠀⠀⠀⠀⠀⠀⠀⠀⠀⠀⠀⠀⠀⠀⠀⠀⠀⠀⠀⠀⠀⠀⠀⠀│ 
                 └────────────────────────────────────────┘ 
                 ⠀0⠀⠀⠀⠀⠀⠀⠀⠀⠀⠀⠀⠀⠀⠀⠀⠀⠀⠀⠀⠀⠀⠀⠀⠀⠀⠀⠀⠀⠀⠀⠀⠀⠀⠀⠀3000⠀ 
                 ⠀⠀⠀⠀⠀⠀⠀⠀⠀⠀⠀⠀⠀Eigenstate index⠀⠀⠀⠀⠀⠀⠀⠀⠀⠀⠀⠀⠀ 


## Time evolution Started

Initial time:     0.0   ps
Final time:       50.000 ps
Time intervals:   0.010 ps

Total Number of steps:  5001

 Displaying results for every 100 steps

Exciton profile at time = 0.0 ps
                   ┌────────────────────────────────────────┐ 
               0.2 │⠀⠀⠀⠀⠀⠀⠀⠀⠀⠀⠀⠀⠀⠀⠀⠀⠀⠀⠀⠀⠀⠀⠀⠀⠀⠀⠀⠀⠀⠀⠀⠀⠀⠀⠀⠀⠀⠀⠀⠀│ 
                   │⠀⠀⠀⠀⠀⠀⠀⠀⠀⠀⠀⠀⠀⠀⠀⠀⠀⠀⠀⠀⠀⠀⠀⠀⠀⠀⠀⠀⠀⠀⠀⠀⠀⠀⠀⠀⠀⠀⠀⠀│ 
                   │⠀⠀⠀⠀⠀⠀⠀⠀⠀⠀⠀⠀⠀⠀⠀⠀⠀⠀⠀⠀⠀⠀⠀⠀⠀⠀⠀⠀⠀⠀⠀⠀⠀⠀⠀⠀⠀⠀⠀⠀│ 
                   │⠀⠀⠀⠀⠀⠀⠀⠀⠀⠀⠀⠀⠀⠀⠀⠀⠀⠀⠀⠀⠀⠀⠀⠀⠀⠀⠀⠀⠀⠀⠀⠀⠀⠀⠀⠀⠀⠀⠀⠀│ 
                   │⠀⠀⠀⠀⠀⠀⠀⠀⠀⠀⠀⠀⠀⠀⠀⠀⠀⠀⠀⠀⠀⠀⠀⠀⠀⠀⠀⠀⠀⠀⠀⠀⠀⠀⠀⠀⠀⠀⠀⠀│ 
                   │⠀⠀⠀⠀⠀⠀⠀⠀⠀⠀⠀⠀⠀⠀⠀⠀⠀⠀⠀⢀⡇⠀⠀⠀⠀⠀⠀⠀⠀⠀⠀⠀⠀⠀⠀⠀⠀⠀⠀⠀│ 
                   │⠀⠀⠀⠀⠀⠀⠀⠀⠀⠀⠀⠀⠀⠀⠀⠀⠀⠀⠀⢸⡇⠀⠀⠀⠀⠀⠀⠀⠀⠀⠀⠀⠀⠀⠀⠀⠀⠀⠀⠀│ 
   Probability     │⠀⠀⠀⠀⠀⠀⠀⠀⠀⠀⠀⠀⠀⠀⠀⠀⠀⠀⠀⢸⡇⠀⠀⠀⠀⠀⠀⠀⠀⠀⠀⠀⠀⠀⠀⠀⠀⠀⠀⠀│ 
                   │⠀⠀⠀⠀⠀⠀⠀⠀⠀⠀⠀⠀⠀⠀⠀⠀⠀⠀⠀⢸⡇⠀⠀⠀⠀⠀⠀⠀⠀⠀⠀⠀⠀⠀⠀⠀⠀⠀⠀⠀│ 
                   │⠀⠀⠀⠀⠀⠀⠀⠀⠀⠀⠀⠀⠀⠀⠀⠀⠀⠀⠀⢸⡇⠀⠀⠀⠀⠀⠀⠀⠀⠀⠀⠀⠀⠀⠀⠀⠀⠀⠀⠀│ 
                   │⠀⠀⠀⠀⠀⠀⠀⠀⠀⠀⠀⠀⠀⠀⠀⠀⠀⠀⠀⢸⡇⠀⠀⠀⠀⠀⠀⠀⠀⠀⠀⠀⠀⠀⠀⠀⠀⠀⠀⠀│ 
                   │⠀⠀⠀⠀⠀⠀⠀⠀⠀⠀⠀⠀⠀⠀⠀⠀⠀⠀⠀⢸⡇⠀⠀⠀⠀⠀⠀⠀⠀⠀⠀⠀⠀⠀⠀⠀⠀⠀⠀⠀│ 
                   │⠀⠀⠀⠀⠀⠀⠀⠀⠀⠀⠀⠀⠀⠀⠀⠀⠀⠀⠀⢸⡇⠀⠀⠀⠀⠀⠀⠀⠀⠀⠀⠀⠀⠀⠀⠀⠀⠀⠀⠀│ 
                   │⠀⠀⠀⠀⠀⠀⠀⠀⠀⠀⠀⠀⠀⠀⠀⠀⠀⠀⠀⢸⡇⠀⠀⠀⠀⠀⠀⠀⠀⠀⠀⠀⠀⠀⠀⠀⠀⠀⠀⠀│ 
                 0 │⣀⣀⣀⣀⣀⣀⣀⣀⣀⣀⣀⣀⣀⣀⣀⣀⣀⣀⣀⣸⣇⣀⣀⣀⣀⣀⣀⣀⣀⣀⣀⣀⣀⣀⣀⣀⣀⣀⣀⣀│ 
                   └────────────────────────────────────────┘ 
                   ⠀0⠀⠀⠀⠀⠀⠀⠀⠀⠀⠀⠀⠀⠀⠀⠀⠀⠀⠀⠀⠀⠀⠀⠀⠀⠀⠀⠀⠀⠀⠀⠀⠀⠀⠀⠀2000⠀ 
                   ⠀⠀⠀⠀⠀⠀⠀⠀⠀⠀⠀⠀⠀⠀⠀⠀⠀Molecule⠀⠀⠀⠀⠀⠀⠀⠀⠀⠀⠀⠀⠀⠀⠀⠀⠀ 

Exciton profile at time = 1.0 ps
                    ┌────────────────────────────────────────┐ 
               0.01 │⠀⠀⠀⠀⠀⠀⠀⠀⠀⠀⠀⠀⠀⠀⠀⠀⠀⠀⠀⢰⡆⠀⠀⠀⠀⠀⠀⠀⠀⠀⠀⠀⠀⠀⠀⠀⠀⠀⠀⠀│ 
                    │⠀⠀⠀⠀⠀⠀⠀⠀⠀⠀⠀⠀⠀⠀⠀⠀⠀⠀⠀⢸⡇⠀⠀⠀⠀⠀⠀⠀⠀⠀⠀⠀⠀⠀⠀⠀⠀⠀⠀⠀│ 
                    │⠀⠀⠀⠀⠀⠀⠀⠀⠀⠀⠀⠀⠀⠀⠀⠀⠀⠀⠀⢸⡇⠀⠀⠀⠀⠀⠀⠀⠀⠀⠀⠀⠀⠀⠀⠀⠀⠀⠀⠀│ 
                    │⠀⠀⠀⠀⠀⠀⠀⠀⠀⠀⠀⠀⠀⠀⠀⠀⠀⠀⠀⢸⡇⠀⠀⠀⠀⠀⠀⠀⠀⠀⠀⠀⠀⠀⠀⠀⠀⠀⠀⠀│ 
                    │⠀⠀⠀⠀⠀⠀⠀⠀⠀⠀⠀⠀⠀⠀⠀⠀⠀⠀⠀⢸⡇⠀⠀⠀⠀⠀⠀⠀⠀⠀⠀⠀⠀⠀⠀⠀⠀⠀⠀⠀│ 
                    │⠀⠀⠀⠀⠀⠀⠀⠀⠀⠀⠀⠀⠀⠀⠀⠀⠀⠀⠀⢸⡇⠀⠀⠀⠀⠀⠀⠀⠀⠀⠀⠀⠀⠀⠀⠀⠀⠀⠀⠀│ 
                    │⠀⠀⠀⠀⠀⠀⠀⠀⠀⠀⠀⠀⠀⠀⠀⠀⠀⠀⠀⢸⡇⠀⠀⠀⠀⠀⠀⠀⠀⠀⠀⠀⠀⠀⠀⠀⠀⠀⠀⠀│ 
   Probability      │⠀⠀⠀⠀⠀⠀⠀⠀⠀⠀⠀⠀⠀⠀⠀⠀⠀⠀⠀⢸⡇⠀⠀⠀⠀⠀⠀⠀⠀⠀⠀⠀⠀⠀⠀⠀⠀⠀⠀⠀│ 
                    │⠀⠀⠀⠀⠀⠀⠀⠀⠀⠀⠀⠀⠀⠀⠀⠀⠀⠀⠀⢸⡇⠀⠀⠀⠀⠀⠀⠀⠀⠀⠀⠀⠀⠀⠀⠀⠀⠀⠀⠀│ 
                    │⠀⠀⠀⠀⠀⠀⠀⠀⠀⠀⠀⠀⠀⠀⠀⠀⠀⠀⠀⣿⣿⠀⠀⠀⠀⠀⠀⠀⠀⠀⠀⠀⠀⠀⠀⠀⠀⠀⠀⠀│ 
                    │⠀⠀⠀⠀⠀⠀⠀⠀⠀⠀⠀⠀⠀⠀⠀⠀⠀⠀⠀⣿⣿⠀⠀⠀⠀⠀⠀⠀⠀⠀⠀⠀⠀⠀⠀⠀⠀⠀⠀⠀│ 
                    │⠀⠀⠀⠀⠀⠀⠀⠀⠀⠀⠀⠀⠀⠀⠀⠀⠀⠀⣷⣿⡿⣸⠀⠀⠀⠀⠀⠀⠀⠀⠀⠀⠀⠀⠀⠀⠀⠀⠀⠀│ 
                    │⠀⠀⠀⠀⠀⠀⠀⠀⠀⠀⠀⠀⠀⠀⠀⢀⡀⣆⣿⢻⡇⣿⢰⠀⡀⠀⠀⠀⠀⠀⠀⠀⠀⠀⠀⠀⠀⠀⠀⠀│ 
                    │⠀⠀⠀⠀⠀⠀⠀⠀⠀⠀⠀⠀⠀⡼⡇⣸⣇⣿⣿⠸⠇⣿⡟⣼⣇⢰⢳⠀⠀⠀⠀⠀⠀⠀⠀⠀⠀⠀⠀⠀│ 
                  0 │⣀⣀⣀⣀⣀⣀⣀⣀⣀⣀⣀⣀⡼⠁⢹⡇⢿⠸⠉⠀⠀⠁⠇⣿⢸⡎⠈⢧⣀⣀⣀⣀⣀⣀⣀⣀⣀⣀⣀⣀│ 
                    └────────────────────────────────────────┘ 
                    ⠀0⠀⠀⠀⠀⠀⠀⠀⠀⠀⠀⠀⠀⠀⠀⠀⠀⠀⠀⠀⠀⠀⠀⠀⠀⠀⠀⠀⠀⠀⠀⠀⠀⠀⠀⠀2000⠀ 
                    ⠀⠀⠀⠀⠀⠀⠀⠀⠀⠀⠀⠀⠀⠀⠀⠀⠀Molecule⠀⠀⠀⠀⠀⠀⠀⠀⠀⠀⠀⠀⠀⠀⠀⠀⠀ 

Exciton profile at time = 2.0 ps
                     ┌────────────────────────────────────────┐ 
               0.005 │⠀⠀⠀⠀⠀⠀⠀⠀⠀⠀⠀⠀⠀⠀⠀⠀⠀⠀⠀⢸⡇⠀⠀⠀⠀⠀⠀⠀⠀⠀⠀⠀⠀⠀⠀⠀⠀⠀⠀⠀│ 
                     │⠀⠀⠀⠀⠀⠀⠀⠀⠀⠀⠀⠀⠀⠀⠀⠀⠀⠀⠀⢸⡇⠀⠀⠀⠀⠀⠀⠀⠀⠀⠀⠀⠀⠀⠀⠀⠀⠀⠀⠀│ 
                     │⠀⠀⠀⠀⠀⠀⠀⠀⠀⠀⠀⠀⠀⠀⠀⠀⠀⠀⠀⢸⡇⠀⠀⠀⠀⠀⠀⠀⠀⠀⠀⠀⠀⠀⠀⠀⠀⠀⠀⠀│ 
                     │⠀⠀⠀⠀⠀⠀⠀⠀⠀⠀⠀⠀⠀⠀⠀⠀⠀⠀⠀⣾⣷⠀⠀⠀⠀⠀⠀⠀⠀⠀⠀⠀⠀⠀⠀⠀⠀⠀⠀⠀│ 
                     │⠀⠀⠀⠀⠀⠀⠀⠀⠀⠀⠀⠀⠀⠀⠀⠀⠀⠀⠀⣿⣿⠀⠀⠀⠀⠀⠀⠀⠀⠀⠀⠀⠀⠀⠀⠀⠀⠀⠀⠀│ 
                     │⠀⠀⠀⠀⠀⠀⠀⠀⠀⠀⠀⠀⠀⠀⠀⠀⠀⠀⠀⣿⣿⠀⠀⠀⠀⠀⠀⠀⠀⠀⠀⠀⠀⠀⠀⠀⠀⠀⠀⠀│ 
                     │⠀⠀⠀⠀⠀⠀⠀⠀⠀⠀⠀⠀⠀⠀⠀⠀⠀⠀⠀⣿⣿⠀⠀⠀⠀⠀⠀⠀⠀⠀⠀⠀⠀⠀⠀⠀⠀⠀⠀⠀│ 
   Probability       │⠀⠀⠀⠀⠀⠀⠀⠀⠀⠀⠀⠀⠀⠀⠀⠀⠀⠀⢰⣿⣿⡇⠀⠀⠀⠀⠀⠀⠀⠀⠀⠀⠀⠀⠀⠀⠀⠀⠀⠀│ 
                     │⠀⠀⠀⠀⠀⠀⠀⠀⠀⠀⠀⠀⠀⠀⠀⠀⠀⠀⢸⣿⣿⡇⠀⠀⠀⠀⠀⠀⠀⠀⠀⠀⠀⠀⠀⠀⠀⠀⠀⠀│ 
                     │⠀⠀⠀⠀⠀⠀⠀⠀⠀⠀⠀⠀⠀⠀⠀⠀⠀⠀⣾⣿⣿⣷⠀⠀⠀⠀⠀⠀⠀⠀⠀⠀⠀⠀⠀⠀⠀⠀⠀⠀│ 
                     │⠀⠀⠀⠀⠀⠀⠀⠀⠀⠀⠀⠀⠀⠀⠀⠀⠀⣿⣿⢹⡏⣿⣸⠀⠀⠀⠀⠀⠀⠀⠀⠀⠀⠀⠀⠀⠀⠀⠀⠀│ 
                     │⠀⠀⠀⠀⠀⠀⠀⠀⠀⠀⠀⠀⠀⠀⠀⣤⠀⣿⣿⢸⡇⣿⣿⠀⣠⠀⠀⠀⠀⠀⠀⠀⠀⠀⠀⠀⠀⠀⠀⠀│ 
                     │⠀⠀⠀⠀⠀⠀⠀⠀⠀⠀⠀⡀⢠⡄⠀⣿⣶⣿⠙⢸⡇⠃⣿⣶⣿⠀⢠⡄⢀⠀⠀⠀⠀⠀⠀⠀⠀⠀⠀⠀│ 
                     │⠀⠀⠀⠀⠀⢀⣶⣤⠀⣶⠀⣿⢸⣷⢳⣿⣿⣿⠀⠀⠀⠀⣿⣿⣿⡞⣾⣇⡾⡀⣶⠀⣠⣶⡀⠀⠀⠀⠀⠀│ 
                   0 │⣀⣀⣀⡴⡼⠛⠈⢹⣰⠛⣾⠸⡏⢿⠸⠿⠇⠁⠀⠀⠀⠀⠈⠹⠟⠇⣿⢸⡇⣧⠏⢧⡏⠁⠓⢧⢦⣀⣀⣀│ 
                     └────────────────────────────────────────┘ 
                     ⠀0⠀⠀⠀⠀⠀⠀⠀⠀⠀⠀⠀⠀⠀⠀⠀⠀⠀⠀⠀⠀⠀⠀⠀⠀⠀⠀⠀⠀⠀⠀⠀⠀⠀⠀⠀2000⠀ 
                     ⠀⠀⠀⠀⠀⠀⠀⠀⠀⠀⠀⠀⠀⠀⠀⠀⠀Molecule⠀⠀⠀⠀⠀⠀⠀⠀⠀⠀⠀⠀⠀⠀⠀⠀⠀ 

Exciton profile at time = 3.0 ps
                     ┌────────────────────────────────────────┐ 
               0.003 │⠀⠀⠀⠀⠀⠀⠀⠀⠀⠀⠀⠀⠀⠀⠀⠀⠀⠀⠀⢰⡆⠀⠀⠀⠀⠀⠀⠀⠀⠀⠀⠀⠀⠀⠀⠀⠀⠀⠀⠀│ 
                     │⠀⠀⠀⠀⠀⠀⠀⠀⠀⠀⠀⠀⠀⠀⠀⠀⠀⠀⠀⢸⣇⠀⠀⠀⠀⠀⠀⠀⠀⠀⠀⠀⠀⠀⠀⠀⠀⠀⠀⠀│ 
                     │⠀⠀⠀⠀⠀⠀⠀⠀⠀⠀⠀⠀⠀⠀⠀⠀⠀⠀⠀⢸⣿⠀⠀⠀⠀⠀⠀⠀⠀⠀⠀⠀⠀⠀⠀⠀⠀⠀⠀⠀│ 
                     │⠀⠀⠀⠀⠀⠀⠀⠀⠀⠀⠀⠀⠀⠀⠀⠀⠀⠀⢀⣿⣿⡀⠀⠀⠀⠀⠀⠀⠀⠀⠀⠀⠀⠀⠀⠀⠀⠀⠀⠀│ 
                     │⠀⠀⠀⠀⠀⠀⠀⠀⠀⠀⠀⠀⠀⠀⠀⠀⠀⠀⢸⣿⣿⡇⠀⠀⠀⠀⠀⠀⠀⠀⠀⠀⠀⠀⠀⠀⠀⠀⠀⠀│ 
                     │⠀⠀⠀⠀⠀⠀⠀⠀⠀⠀⠀⠀⠀⠀⠀⠀⠀⠀⢸⣿⣿⡇⠀⠀⠀⠀⠀⠀⠀⠀⠀⠀⠀⠀⠀⠀⠀⠀⠀⠀│ 
                     │⠀⠀⠀⠀⠀⠀⠀⠀⠀⠀⠀⠀⠀⠀⠀⠀⠀⠀⢸⣿⣿⡇⠀⠀⠀⠀⠀⠀⠀⠀⠀⠀⠀⠀⠀⠀⠀⠀⠀⠀│ 
   Probability       │⠀⠀⠀⠀⠀⠀⠀⠀⠀⠀⠀⠀⠀⠀⠀⠀⠀⢀⣼⣿⣿⣧⡄⠀⠀⠀⠀⠀⠀⠀⠀⠀⠀⠀⠀⠀⠀⠀⠀⠀│ 
                     │⠀⢀⠀⠀⠀⠀⠀⠀⠀⠀⠀⠀⠀⠀⠀⠀⠀⢸⣿⣿⡇⣿⡇⠀⠀⠀⠀⠀⠀⠀⠀⠀⠀⠀⠀⠀⠀⠀⡀⠀│ 
                     │⠀⢸⡆⠀⠀⠀⠀⠀⠀⠀⠀⠀⠀⠀⠀⠀⡀⣸⡿⢻⡇⢿⣇⢀⠀⠀⠀⠀⠀⠀⠀⠀⠀⠀⠀⠀⠀⢀⡇⠀│ 
                     │⢠⣼⡇⠀⠀⠀⠀⠀⠀⠀⠀⠀⠀⠀⠀⢰⣿⣿⡇⢸⡇⢸⣿⣼⡆⠀⠀⠀⠀⠀⠀⠀⠀⠀⠀⠀⠀⢸⡇⡄│ 
                     │⣸⣿⣿⡆⠀⠀⠀⠀⠀⠀⠀⡆⠀⠀⣴⢸⣿⢿⡇⢸⡇⢸⡿⣿⡇⣶⠀⠀⢰⡀⠀⠀⠀⠀⠀⠀⢠⣿⣿⣇│ 
                     │⣿⣿⣿⡇⠀⠀⠀⠀⣷⠀⢰⡇⣶⣴⣿⣼⣿⠈⠀⢸⡇⠀⠁⣿⣿⣿⣶⣶⢸⡇⠀⣼⠀⠀⠀⠀⢸⣿⣿⣿│ 
                     │⣿⣿⣿⣧⣸⡇⣿⣀⣿⢠⣼⢇⣿⣿⡏⡟⡏⠀⠀⠀⠀⠀⠀⢹⢿⢻⣿⣿⢸⣧⡄⡟⣄⣾⢰⣇⣼⣿⢿⣿│ 
                   0 │⣿⠃⡿⣿⡿⢹⠟⢻⠈⠋⢻⠘⠃⠛⠃⠀⠀⠀⠀⠀⠀⠀⠀⠀⠀⠘⠛⠛⠋⡿⠙⠃⡿⠻⡏⢻⢿⢻⠘⢿│ 
                     └────────────────────────────────────────┘ 
                     ⠀0⠀⠀⠀⠀⠀⠀⠀⠀⠀⠀⠀⠀⠀⠀⠀⠀⠀⠀⠀⠀⠀⠀⠀⠀⠀⠀⠀⠀⠀⠀⠀⠀⠀⠀⠀2000⠀ 
                     ⠀⠀⠀⠀⠀⠀⠀⠀⠀⠀⠀⠀⠀⠀⠀⠀⠀Molecule⠀⠀⠀⠀⠀⠀⠀⠀⠀⠀⠀⠀⠀⠀⠀⠀⠀ 

Exciton profile at time = 4.0 ps
                     ┌────────────────────────────────────────┐ 
               0.003 │⠀⠀⠀⠀⠀⠀⠀⠀⠀⠀⠀⠀⠀⠀⠀⠀⠀⠀⠀⠀⠀⠀⠀⠀⠀⠀⠀⠀⠀⠀⠀⠀⠀⠀⠀⠀⠀⠀⠀⠀│ 
                     │⠀⠀⠀⠀⠀⠀⠀⠀⠀⠀⠀⠀⠀⠀⠀⠀⠀⠀⠀⠀⠀⠀⠀⠀⠀⠀⠀⠀⠀⠀⠀⠀⠀⠀⠀⠀⠀⠀⠀⠀│ 
                     │⠀⠀⠀⠀⠀⠀⠀⠀⠀⠀⠀⠀⠀⠀⠀⠀⠀⠀⠀⠀⠀⠀⠀⠀⠀⠀⠀⠀⠀⠀⠀⠀⠀⠀⠀⠀⠀⠀⠀⠀│ 
                     │⠀⠀⠀⠀⠀⠀⠀⠀⠀⠀⠀⠀⠀⠀⠀⠀⠀⠀⠀⡀⢀⠀⠀⠀⠀⠀⠀⠀⠀⠀⠀⠀⠀⠀⠀⠀⠀⠀⠀⠀│ 
                     │⠀⠀⠀⠀⠀⠀⠀⠀⠀⠀⠀⠀⠀⠀⠀⠀⠀⠀⠀⡇⢸⠀⠀⠀⠀⠀⠀⠀⠀⠀⠀⠀⠀⠀⠀⠀⠀⠀⠀⠀│ 
                     │⠀⠀⠀⠀⠀⠀⠀⠀⠀⠀⠀⠀⠀⠀⠀⠀⠀⠀⢠⣧⣼⡄⠀⠀⠀⠀⠀⠀⠀⠀⠀⠀⠀⠀⠀⠀⠀⠀⠀⠀│ 
                     │⠀⠀⠀⠀⠀⠀⠀⠀⠀⠀⠀⠀⠀⠀⠀⠀⠀⠀⣿⣿⣿⣿⠀⠀⠀⠀⠀⠀⠀⠀⠀⠀⠀⠀⠀⠀⠀⠀⠀⠀│ 
   Probability       │⠀⠀⠀⠀⠀⠀⠀⠀⠀⠀⠀⠀⠀⠀⠀⠀⠀⠀⣿⣿⣿⣿⠀⠀⠀⠀⠀⠀⠀⠀⠀⠀⠀⠀⠀⠀⠀⠀⠀⠀│ 
                     │⠀⠀⠀⠀⠀⠀⠀⠀⠀⠀⠀⠀⠀⠀⠀⠀⠀⢠⣿⢿⡿⣿⡄⠀⠀⠀⠀⠀⠀⠀⠀⠀⠀⠀⠀⠀⠀⠀⠀⠀│ 
                     │⠀⠀⠀⠀⠀⠀⠀⠀⣤⢀⠀⠀⠀⠀⠀⠀⠀⢸⣿⢸⡇⣿⡇⠀⠀⠀⠀⠀⠀⠀⡀⣤⠀⠀⠀⠀⠀⠀⠀⠀│ 
                     │⠀⠀⠀⠀⠀⡇⠀⠀⣿⣿⡀⠀⠀⠀⠀⠀⣤⣿⣿⢸⡇⣿⣿⣦⠀⠀⠀⠀⠀⢀⣇⣿⡄⠀⢸⠀⠀⠀⠀⠀│ 
                     │⡄⠀⡇⠀⣤⡇⠀⢰⣿⣿⣿⠀⠀⠀⢸⡆⣿⣿⠏⢸⡇⠁⣿⣿⢰⣇⠀⠀⠀⣼⣿⣿⡇⠀⢸⢠⠀⢸⠀⢀│ 
                     │⣇⣤⡇⢀⣿⡇⠀⣾⣿⣿⣿⢸⡄⢰⣾⣿⣿⠹⠀⢸⡇⠀⠏⣿⣿⣿⡆⢀⡇⣿⣿⣿⣷⠀⢸⣿⡀⢸⣤⣸│ 
                     │⣿⣿⣷⣾⣿⢻⣾⣿⣿⣿⣿⢸⣷⠎⣿⡇⠃⠀⠀⢸⡇⠀⠀⠘⢹⣿⠻⣾⣇⣿⣿⣿⣿⣧⣾⣿⣷⣾⣿⣿│ 
                   0 │⣿⣿⢹⡿⣿⢸⡟⢹⢿⡟⡿⠏⠀⠀⠉⠁⠀⠀⠀⠈⠁⠀⠀⠀⠈⠉⠀⠀⠘⢿⣿⣿⡏⢹⡇⣿⣿⡏⣿⢿│ 
                     └────────────────────────────────────────┘ 
                     ⠀0⠀⠀⠀⠀⠀⠀⠀⠀⠀⠀⠀⠀⠀⠀⠀⠀⠀⠀⠀⠀⠀⠀⠀⠀⠀⠀⠀⠀⠀⠀⠀⠀⠀⠀⠀2000⠀ 
                     ⠀⠀⠀⠀⠀⠀⠀⠀⠀⠀⠀⠀⠀⠀⠀⠀⠀Molecule⠀⠀⠀⠀⠀⠀⠀⠀⠀⠀⠀⠀⠀⠀⠀⠀⠀ 

Exciton profile at time = 5.0 ps
                     ┌────────────────────────────────────────┐ 
               0.002 │⠀⠀⠀⠀⠀⠀⠀⠀⠀⠀⠀⠀⠀⠀⠀⢀⠀⠀⢀⠀⠀⡀⠀⠀⡀⠀⠀⠀⠀⠀⠀⠀⠀⠀⠀⠀⠀⠀⠀⠀│ 
                     │⠀⠀⠀⠀⠀⠀⠀⠀⠀⠀⠀⠀⠀⠀⠀⢸⠀⠀⢸⣦⣤⣇⠀⠀⡇⠀⠀⠀⠀⠀⠀⠀⠀⠀⠀⠀⠀⠀⠀⠀│ 
                     │⠀⠀⠀⠀⠀⠀⠀⠀⠀⠀⠀⠀⠀⠀⠀⢸⣇⡇⢸⣿⣿⣿⢸⣸⣇⠀⠀⠀⠀⠀⠀⠀⠀⠀⠀⠀⠀⠀⠀⠀│ 
                     │⠀⠀⠀⠀⠀⠀⠀⠀⠀⠀⠀⠀⠀⠀⠀⢸⣿⡇⣾⣿⣿⣿⢸⣿⣿⠀⠀⠀⠀⠀⠀⠀⠀⠀⠀⠀⠀⠀⠀⠀│ 
                     │⠀⠀⠀⠀⠀⠀⠀⠀⠀⠀⠀⠀⠀⠀⠀⢸⣿⡇⣿⣿⣿⣿⢸⣿⣿⠀⠀⠀⠀⠀⠀⠀⠀⠀⠀⠀⠀⠀⠀⠀│ 
                     │⠀⠀⠀⠀⠀⠀⠀⠀⠀⠀⠀⠀⠀⠀⢠⣿⣿⡇⣿⣿⣿⣿⣿⣿⣿⡇⠀⠀⠀⠀⠀⠀⠀⠀⠀⠀⠀⠀⠀⠀│ 
                     │⠀⠀⠀⠀⠀⠀⠀⠀⠀⠀⠀⠀⣤⠀⣼⣿⣿⣧⣿⢻⡟⣿⣿⣿⣿⣧⠀⣤⠀⠀⠀⠀⠀⠀⠀⠀⠀⠀⠀⠀│ 
   Probability       │⠀⠀⠀⠀⠀⠀⠀⠀⠀⠀⠀⣼⣿⠀⣿⣿⣿⣿⣿⢸⡇⣿⣿⣿⣿⣿⠀⣿⣾⠀⠀⠀⠀⠀⠀⠀⠀⠀⠀⠀│ 
                     │⠀⠀⠀⠀⠀⠀⠀⠀⠀⢠⠀⣿⣿⠀⣿⣿⣿⣿⣿⢸⡇⣿⣿⣿⣿⣿⠀⣿⣿⠀⡄⠀⠀⠀⠀⠀⠀⠀⠀⠀│ 
                     │⠀⠀⠀⠀⠀⠀⠀⠀⠀⣾⠀⣿⣿⠀⣿⣿⣿⣿⡏⢸⡇⢹⣿⣿⣿⣿⠀⣿⣿⠀⣷⠀⠀⠀⠀⠀⠀⠀⠀⠀│ 
                     │⠀⢀⡀⠀⠀⡇⠀⡇⢀⣿⠀⣿⣿⣦⣿⣿⣿⣿⡇⢸⡇⢸⣿⣿⣿⣿⢰⣿⣿⠀⣿⡇⢸⠀⢸⠀⠀⠀⡀⠀│ 
                     │⠀⣸⣧⠀⣸⣇⣰⡇⣿⣿⡄⣿⣿⣿⣿⣿⣿⣿⠁⢸⡇⠈⢹⣿⣿⣿⣿⣿⣿⢠⣿⣿⢸⣶⣸⣷⠀⣴⣇⠀│ 
                     │⣿⣿⣿⣶⣿⣿⣿⣧⣿⣿⣿⣿⣿⡟⣿⣿⣿⡏⠀⢸⡇⠀⠈⣿⣿⣿⣿⣿⣿⣼⣿⣿⣼⣿⣿⣿⣶⣿⣿⣷│ 
                     │⣿⣿⣿⣿⣿⣿⣿⣿⣿⣿⡿⣿⣿⡇⣿⣿⣿⠃⠀⢸⡇⠀⠀⣿⣿⣿⢹⣿⣿⢿⢻⣿⣿⣿⣿⣿⣿⣿⣿⣿│ 
                   0 │⣿⣿⣿⡿⢿⢿⣿⠹⠿⡟⠃⣿⣿⠇⠟⣿⠛⠀⠀⢸⡇⠀⠀⠛⣿⠻⠸⢹⣿⠘⢸⠿⠿⣿⡏⡿⠿⣿⡿⣿│ 
                     └────────────────────────────────────────┘ 
                     ⠀0⠀⠀⠀⠀⠀⠀⠀⠀⠀⠀⠀⠀⠀⠀⠀⠀⠀⠀⠀⠀⠀⠀⠀⠀⠀⠀⠀⠀⠀⠀⠀⠀⠀⠀⠀2000⠀ 
                     ⠀⠀⠀⠀⠀⠀⠀⠀⠀⠀⠀⠀⠀⠀⠀⠀⠀Molecule⠀⠀⠀⠀⠀⠀⠀⠀⠀⠀⠀⠀⠀⠀⠀⠀⠀ 

Exciton profile at time = 6.0 ps
                     ┌────────────────────────────────────────┐ 
               0.003 │⠀⠀⠀⠀⠀⠀⠀⠀⠀⠀⠀⠀⠀⠀⠀⠀⠀⠀⡆⡄⢠⢰⠀⠀⠀⠀⠀⠀⠀⠀⠀⠀⠀⠀⠀⠀⠀⠀⠀⠀│ 
                     │⠀⠀⠀⠀⠀⠀⠀⠀⠀⠀⠀⠀⠀⠀⠀⠀⠀⠀⡇⡇⢸⢸⡇⠀⠀⠀⠀⠀⠀⠀⠀⠀⠀⠀⠀⠀⠀⠀⠀⠀│ 
                     │⠀⠀⠀⠀⠀⠀⠀⠀⠀⠀⠀⠀⠀⠀⠀⠀⠀⠀⡇⡇⢸⢸⡇⠀⠀⠀⠀⠀⠀⠀⠀⠀⠀⠀⠀⠀⠀⠀⠀⠀│ 
                     │⠀⠀⠀⠀⠀⠀⠀⠀⠀⠀⠀⠀⠀⠀⠀⠀⡄⣷⡇⡇⢸⢸⣿⢠⠀⠀⠀⠀⠀⠀⠀⠀⠀⠀⠀⠀⠀⠀⠀⠀│ 
                     │⠀⠀⠀⠀⠀⠀⠀⠀⠀⠀⠀⠀⠀⠀⠀⠀⡇⣿⡇⣇⢸⢸⣿⢸⠀⠀⠀⠀⠀⠀⠀⠀⠀⠀⠀⠀⠀⠀⠀⠀│ 
                     │⠀⠀⠀⠀⠀⠀⠀⠀⠀⠀⠀⠀⠀⠀⠀⠀⣿⣿⣷⣿⣿⣾⣿⢸⠀⠀⠀⠀⠀⠀⠀⠀⠀⠀⠀⠀⠀⠀⠀⠀│ 
                     │⠀⠀⠀⠀⠀⠀⠀⠀⠀⠀⠀⠀⠀⠀⠀⠀⣿⣿⣿⣿⣿⣿⣿⢸⠀⠀⠀⠀⠀⠀⠀⠀⠀⠀⠀⠀⠀⠀⠀⠀│ 
   Probability       │⠀⠀⠀⠀⠀⠀⠀⠀⠀⠀⠀⠀⠀⠀⣾⠀⣿⣿⣿⣿⣿⣿⣿⣿⠀⣾⠀⠀⠀⠀⠀⠀⠀⠀⠀⠀⠀⠀⠀⠀│ 
                     │⠀⠀⠀⠀⠀⠀⠀⠀⠀⠀⠀⠀⠀⡀⣿⠀⣿⣿⣿⣿⣿⣿⣿⣿⠀⣿⢀⠀⠀⠀⠀⠀⠀⠀⠀⠀⠀⠀⠀⠀│ 
                     │⠀⠀⠀⠀⠀⠀⠀⠀⠀⠀⠀⠀⠀⡇⣿⣸⣿⣿⣿⣿⣿⣿⣿⣿⣇⣿⢸⠀⠀⠀⠀⠀⠀⠀⠀⠀⠀⠀⠀⠀│ 
                     │⠀⠀⠀⠀⠀⠀⠀⠀⠀⠀⠀⠀⠀⣇⣿⣿⣿⣿⣿⣿⣿⣿⣿⣿⣿⣿⣸⠀⠀⠀⠀⠀⠀⠀⠀⠀⠀⠀⠀⠀│ 
                     │⠀⠀⠀⠀⠀⡄⠀⠀⠀⠀⡀⡇⠀⣿⣿⣿⣿⣿⣿⣿⣿⣿⣿⣿⣿⣿⣿⠀⢸⢀⠀⠀⠀⠀⢠⠀⠀⠀⠀⠀│ 
                     │⣇⣤⠀⢰⡀⣿⣦⣸⣸⣾⣧⣷⣿⣿⣿⡇⣿⣿⡇⣿⣿⣿⣿⣿⣿⣿⣿⣾⣾⣼⣿⣇⣇⣴⣾⢀⣦⠀⣤⣸│ 
                     │⣿⣿⣴⣿⣇⣿⣿⣿⣿⣿⣿⣿⣿⣿⡟⡇⣿⣿⡇⢻⡟⢻⣿⣿⢹⣿⣿⣿⣿⣿⣿⣿⣿⣿⣿⣸⣿⣧⣿⣿│ 
                   0 │⣿⣿⢿⣿⣿⢿⡟⣿⡿⣿⢻⠻⢿⡟⡇⡇⡏⠋⠇⢸⡇⠸⠙⢻⢸⢹⢻⡿⠿⡟⣿⢿⢿⢻⡿⣿⣿⡿⣿⣿│ 
                     └────────────────────────────────────────┘ 
                     ⠀0⠀⠀⠀⠀⠀⠀⠀⠀⠀⠀⠀⠀⠀⠀⠀⠀⠀⠀⠀⠀⠀⠀⠀⠀⠀⠀⠀⠀⠀⠀⠀⠀⠀⠀⠀2000⠀ 
                     ⠀⠀⠀⠀⠀⠀⠀⠀⠀⠀⠀⠀⠀⠀⠀⠀⠀Molecule⠀⠀⠀⠀⠀⠀⠀⠀⠀⠀⠀⠀⠀⠀⠀⠀⠀ 

Exciton profile at time = 7.0 ps
                     ┌────────────────────────────────────────┐ 
               0.003 │⠀⠀⠀⠀⠀⠀⠀⠀⠀⠀⠀⠀⠀⠀⠀⠀⠀⠀⠀⠀⠀⠀⠀⠀⠀⠀⠀⠀⠀⠀⠀⠀⠀⠀⠀⠀⠀⠀⠀⠀│ 
                     │⠀⠀⠀⠀⠀⠀⠀⠀⠀⠀⠀⠀⠀⠀⠀⠀⠀⠀⠀⡄⢠⠀⠀⠀⠀⠀⠀⠀⠀⠀⠀⠀⠀⠀⠀⠀⠀⠀⠀⠀│ 
                     │⠀⠀⠀⠀⠀⠀⠀⠀⠀⠀⠀⠀⠀⠀⠀⠀⠀⠀⠀⡇⢸⡇⠀⠀⠀⠀⠀⠀⠀⠀⠀⠀⠀⠀⠀⠀⠀⠀⠀⠀│ 
                     │⠀⠀⠀⠀⠀⠀⠀⠀⠀⠀⠀⠀⠀⠀⠀⠀⠀⠀⠀⡇⢸⡇⠀⠀⠀⠀⠀⠀⠀⠀⠀⠀⠀⠀⠀⠀⠀⠀⠀⠀│ 
                     │⠀⠀⠀⠀⠀⠀⠀⠀⠀⠀⠀⠀⠀⠀⠀⠀⠀⢠⠀⡇⢸⡇⡄⠀⠀⠀⠀⠀⠀⠀⠀⠀⠀⠀⠀⠀⠀⠀⠀⠀│ 
                     │⠀⠀⠀⠀⠀⠀⠀⠀⠀⠀⠀⠀⠀⠀⠀⠀⢠⢸⢸⡇⢸⡇⣷⡄⠀⠀⠀⠀⠀⠀⠀⠀⠀⠀⠀⠀⠀⠀⠀⠀│ 
                     │⠀⠀⠀⠀⠀⠀⠀⠀⠀⠀⠀⠀⠀⠀⢀⢠⢸⣸⢸⡇⢸⡇⣿⡇⡄⡀⠀⠀⠀⠀⠀⠀⠀⠀⠀⠀⠀⠀⠀⠀│ 
   Probability       │⠀⠀⠀⠀⠀⠀⠀⠀⠀⠀⠀⠀⠀⢀⢸⢸⣼⣿⣿⣷⢸⣿⣿⡇⡇⣇⡀⠀⠀⠀⠀⠀⠀⠀⠀⠀⠀⠀⠀⠀│ 
                     │⠀⠀⠀⠀⠀⠀⢸⠀⠀⣀⠀⠀⠀⢸⢸⢸⣿⣿⣿⣿⣼⣿⣿⡇⡇⣿⣿⠀⠀⠀⢀⠀⠀⡇⠀⠀⠀⠀⠀⠀│ 
                     │⡄⠀⠀⠀⠀⠀⢸⠀⠀⣿⠀⠀⢰⣾⣾⢸⣿⣿⣿⣿⣿⣿⣿⣷⡇⣿⣿⡆⠀⠀⣾⠀⠀⡇⠀⠀⠀⠀⠀⢀│ 
                     │⡇⠀⠀⠀⠀⠀⢸⠀⠀⣿⠀⠀⣼⣿⣿⢸⣿⣿⣿⣿⣿⣿⣿⣿⡇⣿⣿⣧⡀⠀⣿⠀⠀⡇⠀⠀⠀⠀⠀⢸│ 
                     │⡇⠀⠀⡀⠀⠀⢸⢸⡇⣿⣾⢀⣿⣿⣿⣾⣿⣿⣿⣿⣿⣿⣿⣿⣷⣿⣿⣿⡇⣿⣿⢸⡇⣇⠀⠀⢀⠀⠀⢸│ 
                     │⡇⢀⢠⣷⢀⣰⣸⢸⢧⣿⣿⣼⣿⣿⣿⣿⣿⣿⢿⣿⣿⡿⣿⣿⣿⣿⣿⣿⣷⣿⣿⢸⡇⣿⣆⣀⣸⡄⡀⢸│ 
                     │⣧⣿⣼⣿⣿⣿⡟⣼⢸⣿⣿⣿⣿⡿⡟⣿⣿⣿⠀⣿⣿⠀⣿⣿⣿⢿⢿⣿⣿⣿⣿⡞⡇⣿⣿⣿⣿⣧⣿⣼│ 
                   0 │⢿⣿⣿⣿⡿⣿⠇⣿⠸⡏⡟⢹⡟⡇⡇⠹⠹⠇⠀⠁⠈⠀⠸⠏⠏⢸⢸⢻⡏⢻⢹⠇⣷⠛⣿⢿⣿⣿⣿⡿│ 
                     └────────────────────────────────────────┘ 
                     ⠀0⠀⠀⠀⠀⠀⠀⠀⠀⠀⠀⠀⠀⠀⠀⠀⠀⠀⠀⠀⠀⠀⠀⠀⠀⠀⠀⠀⠀⠀⠀⠀⠀⠀⠀⠀2000⠀ 
                     ⠀⠀⠀⠀⠀⠀⠀⠀⠀⠀⠀⠀⠀⠀⠀⠀⠀Molecule⠀⠀⠀⠀⠀⠀⠀⠀⠀⠀⠀⠀⠀⠀⠀⠀⠀ 

Exciton profile at time = 8.0 ps
                     ┌────────────────────────────────────────┐ 
               0.003 │⠀⠀⠀⠀⠀⠀⠀⠀⠀⠀⠀⠀⠀⠀⠀⠀⠀⠀⠀⠀⠀⠀⠀⠀⠀⠀⠀⠀⠀⠀⠀⠀⠀⠀⠀⠀⠀⠀⠀⠀│ 
                     │⠀⠀⠀⠀⠀⠀⠀⠀⠀⠀⠀⠀⠀⠀⠀⠀⠀⠀⠀⠀⠀⠀⠀⠀⠀⠀⠀⠀⠀⠀⠀⠀⠀⠀⠀⠀⠀⠀⠀⠀│ 
                     │⠀⠀⠀⠀⠀⠀⠀⠀⠀⠀⠀⠀⠀⠀⠀⠀⢰⠀⠀⠀⠀⠀⠀⡆⠀⠀⠀⠀⠀⠀⠀⠀⠀⠀⠀⠀⠀⠀⠀⠀│ 
                     │⠀⠀⠀⠀⠀⠀⠀⠀⠀⠀⠀⠀⠀⠀⠀⠀⢸⠀⠀⠀⠀⠀⠀⡇⠀⠀⠀⠀⠀⠀⠀⠀⠀⠀⠀⠀⠀⠀⠀⠀│ 
                     │⠀⠀⠀⠀⠀⠀⠀⠀⠀⠀⠀⠀⠀⠀⠀⠀⢸⠀⠀⠀⠀⠀⠀⡇⠀⠀⠀⠀⠀⠀⠀⠀⠀⠀⠀⠀⠀⠀⠀⠀│ 
                     │⠀⠀⠀⠀⠀⠀⠀⠀⠀⠀⠀⠀⠀⡀⠀⠀⢸⠀⠀⡀⢀⠀⠀⡇⠀⠀⢀⠀⠀⠀⠀⠀⠀⠀⠀⠀⠀⠀⠀⠀│ 
                     │⠀⠀⠀⠀⠀⠀⠀⠀⠀⠀⠀⠀⠀⡇⢀⠀⢸⠀⢸⡇⢸⡇⠀⡇⠀⡀⢸⠀⠀⠀⠀⠀⠀⠀⠀⠀⠀⠀⠀⠀│ 
   Probability       │⠀⠀⠀⠀⠀⠀⠀⠀⠀⠀⠀⠀⠀⣧⢸⢀⢸⡄⣿⡇⢸⣿⢠⡇⡀⡇⢸⠀⠀⠀⠀⠀⠀⠀⠀⠀⠀⠀⠀⠀│ 
                     │⡆⢰⠀⠀⠀⢠⠀⠀⠀⠀⠀⠀⠀⣿⢸⢸⢸⡇⣿⡇⢸⣿⢸⡇⡇⡇⢸⠀⠀⠀⠀⠀⠀⠀⡄⠀⠀⠀⣦⢠│ 
                     │⡇⣿⠀⠀⠀⢸⠀⣷⠀⠀⠀⠀⠀⣿⢸⢸⢸⣧⣿⣧⣼⣿⣾⡇⣧⡇⣼⠀⠀⠀⠀⠀⢸⠀⡇⠀⠀⠀⣿⢸│ 
                     │⡇⣿⠀⠀⠀⢸⡇⣿⠀⠀⣤⢀⡀⣿⢸⢸⣸⣿⣿⣿⣿⣿⣿⣇⣿⡇⣿⠀⡀⣠⠀⠀⣿⠀⡇⠀⠀⠀⣿⢸│ 
                     │⣇⣿⡆⡄⠀⢸⡇⣿⢠⣶⣿⣸⡇⣿⢸⣿⣿⣿⣿⣿⣿⣿⣿⣿⣿⡇⣿⢸⣇⣿⣰⡄⣿⢸⡇⠀⢠⢰⣿⣸│ 
                     │⣿⣿⡇⣿⡀⢸⣇⣿⢸⣿⣿⣿⢿⣿⣸⣿⣿⣿⣿⣿⣿⣿⣿⣿⣿⡇⣿⣸⣿⣿⣿⡇⣿⣸⡇⢀⣿⢸⣿⣿│ 
                     │⣿⣿⡇⣿⣷⢸⣿⣿⣿⣿⣿⣿⢸⣿⣿⣿⢿⣿⢻⣿⣿⣿⣿⡿⣿⣿⣿⡇⣿⣿⣿⣿⣿⣿⡇⣾⣿⣼⣿⣿│ 
                   0 │⡇⠈⢷⠿⣿⡿⣿⡇⣿⢿⡟⢻⢸⡿⠃⠃⠘⡏⠈⠸⠇⠉⢹⠃⠘⠛⢿⡇⡟⢻⡿⣿⢸⣿⢻⣿⡿⡿⠁⢸│ 
                     └────────────────────────────────────────┘ 
                     ⠀0⠀⠀⠀⠀⠀⠀⠀⠀⠀⠀⠀⠀⠀⠀⠀⠀⠀⠀⠀⠀⠀⠀⠀⠀⠀⠀⠀⠀⠀⠀⠀⠀⠀⠀⠀2000⠀ 
                     ⠀⠀⠀⠀⠀⠀⠀⠀⠀⠀⠀⠀⠀⠀⠀⠀⠀Molecule⠀⠀⠀⠀⠀⠀⠀⠀⠀⠀⠀⠀⠀⠀⠀⠀⠀ 

Exciton profile at time = 9.0 ps
                     ┌────────────────────────────────────────┐ 
               0.003 │⠀⠀⠀⠀⠀⠀⠀⠀⠀⠀⠀⠀⠀⠀⠀⠀⠀⠀⠀⠀⠀⠀⠀⠀⠀⠀⠀⠀⠀⠀⠀⠀⠀⠀⠀⠀⠀⠀⠀⠀│ 
                     │⠀⠀⠀⠀⠀⠀⠀⠀⠀⠀⠀⠀⠀⠀⠀⠀⠀⠀⠀⠀⠀⠀⠀⠀⠀⠀⠀⠀⠀⠀⠀⠀⠀⠀⠀⠀⠀⠀⠀⠀│ 
                     │⠀⠀⠀⠀⠀⠀⠀⠀⠀⠀⠀⠀⠀⠀⠀⠀⠀⠀⠀⠀⠀⠀⠀⠀⠀⠀⠀⠀⠀⠀⠀⠀⠀⠀⠀⠀⠀⠀⠀⠀│ 
                     │⠀⠀⠀⠀⠀⠀⠀⠀⠀⠀⠀⠀⠀⠀⠀⠀⠀⠀⢀⠀⠀⡀⠀⠀⠀⠀⠀⠀⠀⠀⠀⠀⠀⠀⠀⠀⠀⠀⠀⠀│ 
                     │⠀⠀⠀⠀⠀⠀⠀⠀⠀⠀⠀⠀⠀⠀⠀⠀⠀⠀⣼⠀⠀⣧⠀⠀⠀⠀⠀⠀⠀⠀⠀⠀⠀⠀⠀⠀⠀⠀⠀⠀│ 
                     │⠀⠀⠀⠀⠀⠀⠀⠀⠀⠀⠀⠀⠀⠀⠀⠀⠀⠀⣿⡆⢰⣿⠀⠀⠀⠀⠀⠀⠀⠀⠀⠀⠀⠀⠀⠀⠀⠀⠀⠀│ 
                     │⠀⠀⠀⠀⠀⢰⠀⠀⠀⠀⠀⠀⠀⠀⠀⠀⠀⠀⣿⡇⢸⣿⠀⠀⠀⠀⠀⠀⠀⠀⠀⠀⠀⠀⡆⠀⠀⠀⠀⠀│ 
   Probability       │⠀⠀⠀⠀⠀⢸⠀⢸⠀⠀⠀⠀⠀⠀⠀⠀⠀⠀⣿⣇⣸⣿⠀⠀⠀⠀⠀⠀⠀⠀⠀⠀⡇⠀⡇⠀⠀⠀⠀⠀│ 
                     │⠀⢰⡇⠀⠀⢸⠀⢸⠀⠀⠀⠀⠀⠀⢰⠀⠀⣄⣿⣿⣿⣿⣠⠀⠀⡆⠀⠀⠀⠀⠀⠀⣿⠀⣷⠀⠀⢰⡇⠀│ 
                     │⠀⢸⡇⠀⠀⣸⠀⣾⠀⠀⠀⠀⠀⡇⢸⢠⢸⣿⣿⣿⣿⣿⣿⡇⡄⣷⢸⠀⠀⠀⠀⠀⣿⠀⣿⠀⠀⢸⡇⠀│ 
                     │⠀⢸⡇⠀⠀⣿⢠⣿⠀⣠⠀⠀⢠⡇⣸⢸⣸⣿⣿⣿⣿⣿⣿⣇⡇⣿⢸⡄⠀⠀⣤⠀⣿⡇⣿⠀⠀⢸⡇⠀│ 
                     │⣴⢸⡇⢀⢠⣿⢸⣿⠀⣿⣷⣴⣾⣇⣿⣿⣿⣿⣿⣿⣿⣿⣿⣿⣿⣿⣸⣷⡆⣾⣿⠀⣿⡇⣿⡇⡀⢸⡇⣶│ 
                     │⣿⢸⣧⣼⣾⣿⢸⣿⣆⣿⣿⣿⣿⣿⣿⣿⣿⣿⣿⣿⣿⡿⣿⣿⣿⣿⣿⣿⣿⣿⣿⣴⣿⡇⣿⣷⣿⣼⡇⣿│ 
                     │⣿⡾⣿⣿⢿⢿⣿⣿⣿⣿⣿⣿⣿⣿⣿⡿⣿⡿⢻⣿⣿⡇⢿⢻⢿⣿⣿⣿⣿⢿⣿⣿⣿⣿⡿⡟⣿⣿⢳⣿│ 
                   0 │⢹⡇⢿⣿⠸⠀⣿⢹⢿⢻⡇⢻⡏⠿⡇⠇⡿⠇⢸⠿⠿⡇⠸⢸⠸⢸⠿⢿⡟⢸⡟⡿⡏⣿⠀⠇⣿⡿⢸⡏│ 
                     └────────────────────────────────────────┘ 
                     ⠀0⠀⠀⠀⠀⠀⠀⠀⠀⠀⠀⠀⠀⠀⠀⠀⠀⠀⠀⠀⠀⠀⠀⠀⠀⠀⠀⠀⠀⠀⠀⠀⠀⠀⠀⠀2000⠀ 
                     ⠀⠀⠀⠀⠀⠀⠀⠀⠀⠀⠀⠀⠀⠀⠀⠀⠀Molecule⠀⠀⠀⠀⠀⠀⠀⠀⠀⠀⠀⠀⠀⠀⠀⠀⠀ 

Exciton profile at time = 10.0 ps
                     ┌────────────────────────────────────────┐ 
               0.003 │⠀⠀⠀⠀⠀⠀⠀⠀⠀⠀⠀⠀⠀⠀⠀⠀⠀⠀⠀⠀⠀⠀⠀⠀⠀⠀⠀⠀⠀⠀⠀⠀⠀⠀⠀⠀⠀⠀⠀⠀│ 
                     │⠀⠀⠀⠀⠀⠀⠀⠀⠀⠀⠀⠀⠀⠀⠀⠀⠀⠀⠀⠀⠀⠀⠀⠀⠀⠀⠀⠀⠀⠀⠀⠀⠀⠀⠀⠀⠀⠀⠀⠀│ 
                     │⠀⠀⠀⠀⠀⠀⠀⠀⠀⠀⠀⠀⠀⠀⠀⠀⠀⠀⠀⠀⠀⠀⠀⠀⠀⠀⠀⠀⠀⠀⠀⠀⠀⠀⠀⠀⠀⠀⠀⠀│ 
                     │⠀⠀⠀⠀⠀⠀⠀⠀⠀⠀⠀⠀⠀⠀⠀⠀⡆⠀⠀⠀⠀⠀⠀⢰⠀⠀⠀⠀⠀⠀⠀⠀⠀⠀⠀⠀⠀⠀⠀⠀│ 
                     │⠀⠀⠀⠀⠀⠀⠀⠀⠀⠀⠀⠀⠀⠀⠀⠀⡇⠀⠀⠀⠀⠀⠀⢸⠀⠀⠀⠀⠀⠀⠀⠀⠀⠀⠀⠀⠀⠀⠀⠀│ 
                     │⠀⠀⠀⠀⠀⠀⠀⠀⡇⠀⠀⠀⠀⠀⠀⠀⡇⣀⠀⡄⢠⠀⣀⢸⠀⠀⠀⠀⠀⠀⠀⢸⠀⠀⠀⠀⠀⠀⠀⠀│ 
                     │⡄⠀⠀⠀⠀⠀⠀⠀⡇⠀⠀⠀⠀⠀⠀⠀⡇⣿⢸⡇⢸⣧⣿⢸⠀⠀⠀⠀⠀⠀⠀⢸⠀⠀⠀⠀⠀⠀⠀⢀│ 
   Probability       │⡇⢠⠀⠀⠀⠀⠀⠀⣷⠀⠀⠀⢀⠀⢰⠀⡇⣿⢸⡇⢸⣿⣿⢸⡇⡆⠀⡀⠀⠀⠀⢸⠀⠀⠀⠀⠀⠀⡄⢸│ 
                     │⡇⢸⡆⠀⠀⠀⠀⠀⣿⠀⠀⠀⢸⠀⢸⠀⡇⣿⣼⡇⢸⣿⣿⢸⡇⡇⠀⡇⠀⠀⠀⣼⠀⠀⠀⠀⠀⠀⡇⢸│ 
                     │⡇⢸⡇⠀⢰⡀⠀⠀⣿⡀⠀⠀⢸⡀⢸⣆⡇⣿⣿⡇⢸⣿⣿⢸⣷⡇⢀⡇⠀⠀⢀⣿⠀⠀⠀⡆⠀⢰⡇⢸│ 
                     │⡇⢸⡇⠀⣼⡇⠀⢰⣿⡇⡆⡀⢸⡇⣾⣿⡇⣿⣿⣷⣾⣿⣿⢸⣿⣷⢸⡇⢀⣰⢸⣿⡆⠀⢀⣧⠀⢸⡇⢸│ 
                     │⡇⢸⣇⠀⣿⡇⠀⢸⣿⡇⣷⡇⢸⣿⣿⣿⣿⣿⣿⣿⣿⣿⣿⣿⣿⣿⣿⡇⢸⣿⣿⣿⡇⠀⢸⣿⠀⢸⡇⢸│ 
                     │⡇⢸⣿⡄⣿⡇⢸⣸⣿⣷⣿⣿⢸⣿⣿⣿⣿⣿⣿⣿⣿⣿⣿⣿⣿⣿⣿⡇⣿⣿⣿⣿⣇⡇⢸⣿⢀⣿⡇⢸│ 
                     │⣷⣿⣿⡇⣿⣿⣿⣿⣿⣿⣿⣿⣼⣿⢿⣿⣿⡿⢿⣿⣿⡿⢿⣿⣿⡟⣿⣧⣿⣿⣿⣿⣿⣿⣿⣿⢸⣿⣷⣿│ 
                   0 │⡿⣿⣿⣷⣿⣿⠹⡿⠟⡿⣿⡇⡿⣿⢸⢿⡇⡇⠸⢿⣿⠇⢸⢸⡿⡇⢿⣿⢻⣿⢻⠋⢿⡟⣿⣿⣾⣿⣿⢿│ 
                     └────────────────────────────────────────┘ 
                     ⠀0⠀⠀⠀⠀⠀⠀⠀⠀⠀⠀⠀⠀⠀⠀⠀⠀⠀⠀⠀⠀⠀⠀⠀⠀⠀⠀⠀⠀⠀⠀⠀⠀⠀⠀⠀2000⠀ 
                     ⠀⠀⠀⠀⠀⠀⠀⠀⠀⠀⠀⠀⠀⠀⠀⠀⠀Molecule⠀⠀⠀⠀⠀⠀⠀⠀⠀⠀⠀⠀⠀⠀⠀⠀⠀ 

Exciton profile at time = 11.0 ps
                     ┌────────────────────────────────────────┐ 
               0.003 │⠀⠀⠀⠀⠀⠀⠀⠀⠀⠀⠀⠀⠀⠀⠀⠀⠀⠀⠀⠀⠀⠀⠀⠀⠀⠀⠀⠀⠀⠀⠀⠀⠀⠀⠀⠀⠀⠀⠀⠀│ 
                     │⠀⠀⠀⠀⠀⠀⠀⠀⠀⠀⠀⠀⠀⠀⠀⠀⠀⠀⢀⠀⠀⡀⠀⠀⠀⠀⠀⠀⠀⠀⠀⠀⠀⠀⠀⠀⠀⠀⠀⠀│ 
                     │⠀⠀⠀⠀⠀⠀⠀⠀⠀⠀⠀⠀⠀⠀⠀⠀⠀⠀⢸⠀⠀⡇⠀⠀⠀⠀⠀⠀⠀⠀⠀⠀⠀⠀⠀⠀⠀⠀⠀⠀│ 
                     │⠀⠀⠀⠀⠀⠀⠀⠀⠀⠀⠀⠀⠀⠀⠀⠀⡀⠀⢸⠀⠀⡇⠀⢀⠀⠀⠀⠀⠀⠀⠀⠀⠀⠀⠀⠀⠀⠀⠀⠀│ 
                     │⠀⠀⠀⠀⠀⠀⠀⠀⠀⠀⠀⠀⠀⠀⠀⠀⡇⠀⣿⠀⠀⣿⠀⢸⠀⠀⠀⠀⠀⠀⠀⠀⠀⠀⠀⠀⠀⠀⠀⠀│ 
                     │⠀⠀⠀⠀⠀⠀⠀⠀⠀⠀⠀⢠⠀⠀⢀⠀⡇⠀⣿⡀⠀⣿⠀⢸⠀⡀⠀⠀⡄⠀⠀⠀⠀⠀⠀⠀⠀⠀⠀⠀│ 
                     │⠀⠀⠀⠀⠀⠀⠀⠀⠀⠀⠀⢸⡄⠀⢸⠀⣷⠀⣿⡇⠀⣿⡄⢸⠀⡇⠀⠀⡇⠀⠀⠀⠀⠀⠀⠀⠀⠀⠀⠀│ 
   Probability       │⠀⠀⠀⠀⠀⠀⡀⠀⠀⠀⠀⢸⡇⠀⢸⡆⣿⠀⣿⡇⢸⣿⡇⢸⢰⡇⠀⢀⡇⠀⠀⠀⠀⢀⠀⠀⠀⠀⠀⠀│ 
                     │⢀⠀⠀⢠⠀⠀⡇⠀⠀⠀⠀⢸⣧⠀⢸⣷⣿⠀⣿⣷⢸⣿⡇⣸⣾⡇⠀⢸⡇⠀⠀⠀⠀⢸⠀⠀⡄⠀⠀⡀│ 
                     │⢸⡆⠀⢸⠀⠀⡇⢀⠀⠀⠀⢸⣿⠀⢸⣿⣿⣦⣿⣿⣾⣿⣷⣿⣿⡇⠀⢸⡇⠀⠀⠀⢀⢸⠀⠀⡇⠀⠀⡇│ 
                     │⢸⡇⠀⢸⠀⠀⣷⣿⢸⡆⠀⢸⣿⠀⢸⣿⣿⣿⣿⣿⣿⣿⣿⣿⣿⡇⠀⣿⡇⠀⢰⡇⣿⣾⡇⠀⡇⠀⢰⡇│ 
                     │⢸⡇⠀⣾⠀⢰⣿⣿⢸⡇⢀⣸⣿⣦⢸⣿⣿⣿⣿⣿⣿⣿⣿⣿⣿⡇⣴⣿⣇⡀⢸⡇⣿⣿⡇⠀⣷⠀⢸⡇│ 
                     │⣿⣧⠀⣿⡆⢸⢹⣿⣿⡇⢸⣿⣿⣿⣸⣿⣿⣿⣿⣿⣿⣿⣿⣿⣿⣇⣿⣿⣿⣇⢸⣿⣿⡏⣷⠀⣿⠀⣸⣿│ 
                     │⡿⣿⣷⣿⣇⣾⢸⣿⣿⣿⣾⣿⣿⣿⣿⣿⣿⣿⣿⣿⣿⣿⣿⣿⢹⣿⣿⣿⣿⣿⣿⣿⣿⡇⣿⣠⣿⣦⣿⢿│ 
                   0 │⠇⣿⢿⣿⣿⡟⢸⠟⡟⢸⡇⣿⣿⢿⠁⡿⡟⢸⢸⢻⡟⡇⡇⢻⢸⠏⡟⣿⣿⢸⡟⢻⠿⡇⠻⣿⣿⣿⣿⠸│ 
                     └────────────────────────────────────────┘ 
                     ⠀0⠀⠀⠀⠀⠀⠀⠀⠀⠀⠀⠀⠀⠀⠀⠀⠀⠀⠀⠀⠀⠀⠀⠀⠀⠀⠀⠀⠀⠀⠀⠀⠀⠀⠀⠀2000⠀ 
                     ⠀⠀⠀⠀⠀⠀⠀⠀⠀⠀⠀⠀⠀⠀⠀⠀⠀Molecule⠀⠀⠀⠀⠀⠀⠀⠀⠀⠀⠀⠀⠀⠀⠀⠀⠀ 

Exciton profile at time = 12.0 ps
                     ┌────────────────────────────────────────┐ 
               0.004 │⠀⠀⠀⠀⠀⠀⠀⠀⠀⠀⠀⠀⠀⠀⠀⠀⠀⠀⠀⠀⠀⠀⠀⠀⠀⠀⠀⠀⠀⠀⠀⠀⠀⠀⠀⠀⠀⠀⠀⠀│ 
                     │⠀⠀⠀⠀⠀⠀⠀⠀⠀⠀⠀⠀⠀⠀⠀⠀⠀⠀⠀⠀⠀⠀⠀⠀⠀⠀⠀⠀⠀⠀⠀⠀⠀⠀⠀⠀⠀⠀⠀⠀│ 
                     │⠀⠀⠀⠀⠀⠀⠀⠀⠀⠀⠀⠀⠀⠀⠀⠀⠀⠀⠀⠀⠀⠀⠀⠀⠀⠀⠀⠀⠀⠀⠀⠀⠀⠀⠀⠀⠀⠀⠀⠀│ 
                     │⠀⠀⠀⠀⠀⠀⠀⠀⠀⠀⡇⠀⠀⠀⠀⠀⠀⠀⠀⠀⠀⠀⠀⠀⠀⠀⠀⠀⠀⢸⠀⠀⠀⠀⠀⠀⠀⠀⠀⠀│ 
                     │⠀⠀⠀⠀⠀⠀⠀⠀⠀⠀⡇⠀⠀⠀⠀⠀⠀⠀⠀⡀⢀⠀⠀⠀⠀⠀⠀⠀⠀⢸⠀⠀⠀⠀⠀⠀⠀⠀⠀⠀│ 
                     │⠀⠀⠀⠀⠀⠀⠀⠀⠀⠀⡇⠀⠀⠀⠀⠀⡄⠀⠀⡇⢸⠀⠀⢠⠀⠀⠀⠀⠀⢸⠀⠀⠀⠀⠀⠀⠀⠀⠀⠀│ 
                     │⠀⠀⠀⠀⠀⠀⠀⠀⠀⠀⡇⠀⠀⠀⠀⠀⡇⠀⠀⡇⢸⠀⠀⢸⠀⠀⠀⠀⠀⢸⠀⠀⠀⠀⠀⠀⠀⠀⠀⠀│ 
   Probability       │⠀⠀⠀⠀⠀⠀⠀⠀⠀⠀⣇⠀⢀⠀⠀⠀⡇⠀⠀⡇⢸⠀⠀⢸⠀⠀⠀⡀⠀⢸⠀⠀⠀⠀⠀⠀⠀⠀⠀⠀│ 
                     │⠀⠀⠀⠀⠀⠀⠀⠀⠀⠀⣿⠀⢸⠀⠀⠀⡇⠀⠀⡇⢸⠀⠀⢸⠀⠀⠀⡇⠀⢸⠀⠀⠀⠀⠀⠀⠀⠀⠀⠀│ 
                     │⠀⠀⠀⠀⠀⠀⠀⠀⠀⠀⣿⠀⢸⠀⠀⠀⣧⣇⡆⡇⢸⣷⣰⣿⠀⠀⠀⡇⠀⢸⠀⠀⠀⠀⠀⠀⠀⠀⠀⠀│ 
                     │⠀⠀⠀⠀⠀⡀⠀⠀⠀⠀⣿⠀⢸⡄⠀⠀⣿⣿⣧⣇⣸⣿⣿⣿⠀⠀⢠⡇⠀⣿⠀⠀⠀⠀⢀⠀⠀⠀⠀⠀│ 
                     │⠀⠀⠀⠀⢀⡇⢸⠀⣀⡀⣿⡆⢸⣧⣆⠀⣿⣿⣿⣿⣿⣿⣿⣿⠀⢰⣼⡇⢰⣿⢀⣀⠀⡇⢸⣇⠀⠀⠀⠀│ 
                     │⡆⣇⢰⡀⣾⡇⢸⡇⣿⡇⣿⣷⣾⣿⣿⣴⣿⣿⣿⣿⣿⣿⣿⣿⣴⣼⣿⣷⣾⣿⢸⣿⢸⡇⢸⣿⢀⡆⣸⢠│ 
                     │⣿⣿⢸⡇⣿⣧⣸⡇⣿⣧⣿⣿⣿⣿⣿⣿⣿⣿⣿⣿⣿⣿⣿⣿⣿⣿⣿⣿⣿⣿⣸⣿⣸⡇⣼⣿⢸⡇⣿⣼│ 
                   0 │⢸⡏⣿⣿⣿⣿⡿⣿⠿⣿⠋⡿⠿⠛⢻⠹⢿⠟⠿⣿⣿⠿⠻⢻⠏⡟⠘⠻⢹⠉⣿⠿⣿⣷⢿⣿⣿⣿⢿⡇│ 
                     └────────────────────────────────────────┘ 
                     ⠀0⠀⠀⠀⠀⠀⠀⠀⠀⠀⠀⠀⠀⠀⠀⠀⠀⠀⠀⠀⠀⠀⠀⠀⠀⠀⠀⠀⠀⠀⠀⠀⠀⠀⠀⠀2000⠀ 
                     ⠀⠀⠀⠀⠀⠀⠀⠀⠀⠀⠀⠀⠀⠀⠀⠀⠀Molecule⠀⠀⠀⠀⠀⠀⠀⠀⠀⠀⠀⠀⠀⠀⠀⠀⠀ 

Exciton profile at time = 13.0 ps
                     ┌────────────────────────────────────────┐ 
               0.003 │⠀⠀⠀⠀⠀⠀⠀⠀⠀⠀⠀⠀⠀⠀⠀⠀⠀⠀⠀⠀⠀⠀⠀⠀⠀⠀⠀⠀⠀⠀⠀⠀⠀⠀⠀⠀⠀⠀⠀⠀│ 
                     │⠀⠀⠀⠀⠀⠀⠀⠀⠀⠀⠀⠀⠀⠀⠀⠀⠀⠀⠀⠀⠀⠀⠀⠀⠀⠀⠀⠀⠀⠀⠀⠀⠀⠀⠀⠀⠀⠀⠀⠀│ 
                     │⠀⠀⠀⠀⠀⠀⠀⠀⠀⠀⠀⠀⠀⠀⠀⠀⠀⠀⠀⠀⠀⠀⠀⠀⠀⠀⠀⠀⠀⠀⠀⠀⠀⠀⠀⠀⠀⠀⠀⠀│ 
                     │⠀⠀⠀⠀⠀⠀⠀⠀⠀⠀⠀⠀⠀⠀⠀⠀⠀⢠⠀⠀⠀⠀⡄⠀⠀⠀⠀⠀⠀⠀⠀⠀⠀⠀⠀⠀⠀⠀⠀⠀│ 
                     │⠀⠀⠀⠀⠀⠀⠀⠀⠀⠀⠀⠀⠀⠀⢰⠀⠀⢸⠀⠀⠀⠀⡇⠀⠀⡆⠀⠀⠀⠀⠀⠀⠀⠀⠀⠀⠀⠀⠀⠀│ 
                     │⠀⠀⠀⠀⠀⠀⠀⠀⠀⠀⠀⠀⠀⠀⢸⠀⠀⢸⢸⠀⠀⡇⡇⠀⠀⡇⠀⠀⠀⠀⠀⠀⠀⠀⠀⠀⠀⠀⠀⠀│ 
                     │⠀⠀⠀⠀⠀⠀⠀⠀⠀⠀⠀⠀⠀⠀⢸⠀⠀⣾⢸⠀⠀⡇⣷⠀⠀⡇⠀⠀⠀⠀⠀⠀⠀⠀⠀⠀⠀⠀⠀⠀│ 
   Probability       │⡆⠀⠀⠀⣧⠀⠀⢸⠀⠀⠀⠀⠀⠀⢸⠀⠀⣿⢸⡇⢸⡇⣿⠀⠀⡇⠀⠀⠀⠀⠀⠀⡇⠀⠀⢸⠀⠀⠀⢠│ 
                     │⡇⠀⠀⠀⣿⠀⠀⢸⡄⢀⣾⠀⠀⠀⣾⠀⢀⣿⣾⣇⢸⣷⣿⡀⠀⣷⡆⠀⠀⣧⡆⠀⡇⠀⠀⣸⠀⠀⠀⢸│ 
                     │⣷⠀⡄⠀⣿⠀⢀⢸⡇⢸⣿⡄⠀⢠⣿⢸⢸⣿⣿⣿⢸⣿⣿⣿⡇⣿⡇⠀⢠⣿⡇⠀⡇⡀⠀⣿⠀⢠⠀⢸│ 
                     │⣿⠀⣿⠀⣿⡄⢸⢸⡇⢸⣿⡇⠀⢸⣿⣼⣾⣿⣿⣿⢸⣿⣿⣿⡇⣿⡇⠀⢸⣿⡇⢸⡇⣷⢠⣿⠀⣿⠀⣿│ 
                     │⢹⠀⣿⢠⣿⡇⣾⢸⣷⢸⣿⡇⢀⣾⣿⣿⣿⣿⣿⣿⣼⣿⣿⣿⡇⣿⣷⡀⢸⣿⡇⢸⡇⣿⢸⣿⡄⣿⠀⡏│ 
                     │⢸⢠⣿⣿⣿⡇⣿⢸⣿⣿⣿⣧⣾⣿⣿⣿⣿⣿⣿⣿⣿⣿⣿⣿⣷⣿⣿⣿⣼⣿⣿⣾⡇⣿⢸⣿⣿⣿⡄⡇│ 
                     │⢸⢸⣿⣿⢿⣧⣿⣼⣿⣿⢻⣿⣿⣿⣿⡿⣿⣿⣿⣿⣿⣿⣿⣿⢿⣿⣿⣿⣿⡟⣿⣿⣧⣿⣼⡿⣿⣿⡇⡇│ 
                   0 │⢸⣿⡇⣿⢸⣿⣿⡟⣿⣿⠀⣿⠉⡿⣿⠃⠃⣿⢻⣿⣿⡟⣿⠟⠘⣿⢻⡏⣿⠀⡟⣿⢻⣿⣿⡇⣿⠀⣷⡇│ 
                     └────────────────────────────────────────┘ 
                     ⠀0⠀⠀⠀⠀⠀⠀⠀⠀⠀⠀⠀⠀⠀⠀⠀⠀⠀⠀⠀⠀⠀⠀⠀⠀⠀⠀⠀⠀⠀⠀⠀⠀⠀⠀⠀2000⠀ 
                     ⠀⠀⠀⠀⠀⠀⠀⠀⠀⠀⠀⠀⠀⠀⠀⠀⠀Molecule⠀⠀⠀⠀⠀⠀⠀⠀⠀⠀⠀⠀⠀⠀⠀⠀⠀ 

Exciton profile at time = 14.0 ps
                     ┌────────────────────────────────────────┐ 
               0.003 │⠀⠀⠀⠀⠀⠀⠀⠀⠀⠀⠀⠀⠀⠀⠀⠀⠀⠀⠀⠀⠀⠀⠀⠀⠀⠀⠀⠀⠀⠀⠀⠀⠀⠀⠀⠀⠀⠀⠀⠀│ 
                     │⠀⠀⠀⠀⠀⠀⠀⠀⠀⠀⠀⠀⠀⠀⠀⠀⠀⠀⠀⠀⠀⠀⠀⠀⠀⠀⠀⠀⠀⠀⠀⠀⠀⠀⠀⠀⠀⠀⠀⠀│ 
                     │⠀⠀⠀⠀⠀⠀⠀⠀⠀⠀⠀⠀⠀⠀⠀⠀⠀⠀⢀⠀⠀⡀⠀⠀⠀⠀⠀⠀⠀⠀⠀⠀⠀⠀⠀⠀⠀⠀⠀⠀│ 
                     │⠀⠀⠀⠀⠀⠀⠀⠀⠀⠀⠀⠀⠀⠀⠀⠀⠀⠀⢸⠀⠀⡇⠀⠀⠀⠀⠀⠀⠀⠀⠀⠀⠀⠀⠀⠀⠀⠀⠀⠀│ 
                     │⠀⠀⠀⠀⠀⠀⠀⠀⠀⠀⠀⠀⠀⠀⠀⠀⠀⠀⢸⠀⠀⡇⠀⠀⠀⠀⠀⠀⠀⠀⠀⠀⠀⠀⠀⠀⠀⠀⠀⠀│ 
                     │⠀⠀⠀⠀⠀⠀⠀⠀⠀⠀⠀⠀⠀⠀⠀⠀⠀⢀⢸⠀⠀⡇⡀⠀⠀⠀⠀⠀⠀⠀⠀⠀⠀⠀⠀⠀⠀⠀⠀⠀│ 
                     │⠀⠀⡇⠀⠀⠀⡇⠀⠀⠀⠀⠀⠀⢀⠀⠀⠀⣾⢸⡇⠀⡇⣷⠀⠀⠀⡀⠀⠀⠀⠀⠀⠀⢸⠀⠀⠀⢸⠀⠀│ 
   Probability       │⠀⠀⡇⠀⠀⠀⡇⠀⠀⠀⠀⠀⠀⢸⢠⠀⠀⣿⢸⡇⠀⡇⣿⠀⠀⡄⡇⠀⠀⠀⠀⠀⠀⢸⡇⠀⠀⢸⡀⠀│ 
                     │⠀⠀⡇⠀⠀⣤⡇⠀⢸⠀⢠⠀⠀⢸⢸⠀⠀⣿⣾⡇⢸⣷⣿⠀⠀⡇⡇⠀⠀⣄⠀⣇⠀⢸⣧⠀⠀⢸⡇⠀│ 
                     │⠀⢠⣇⠀⠀⣿⡇⠀⢸⢰⣼⡀⡀⢸⣿⠀⠀⣿⣿⡇⢸⣿⣿⠀⠀⣿⡇⢀⠀⣿⡆⣿⠀⢸⣿⠀⠀⣸⡇⠀│ 
                     │⡀⢸⣿⠀⠀⣿⡇⠀⣿⢸⣿⡇⡇⢸⣿⢰⢀⣿⣿⡇⢸⣿⣿⡀⣦⣿⡇⢸⢸⣿⡇⣿⠀⢸⣿⠀⠀⣿⡇⠀│ 
                     │⣷⢸⣿⢀⡄⣿⡇⢰⣿⢸⣿⣿⡇⢸⣿⣿⣾⣿⣿⣧⢸⣿⣿⣷⣿⣿⣇⢸⣿⣿⡇⣿⡆⢸⣿⢠⡀⣿⡇⢸│ 
                     │⣿⢸⣿⢸⡇⣿⢇⣸⣿⢸⣿⣿⣧⢸⣿⣿⣿⣿⣿⣿⣼⣿⣿⣿⣿⣿⣿⣼⣿⣿⡇⣿⣇⢸⡟⣾⡇⣿⡇⣿│ 
                     │⣿⣸⣿⣿⣧⢿⢸⣿⣿⣿⣿⣿⣿⣿⣿⣿⣿⣿⣿⣿⣿⣿⣿⣿⣿⣿⣿⣿⣿⣿⣿⣿⣿⡜⡇⣿⣿⣿⣇⣿│ 
                   0 │⢿⣿⡏⣿⣿⢸⢸⣿⡿⠛⠹⢻⡏⣿⡟⡏⢿⣿⢿⣿⣿⡿⡟⡿⢹⣿⣿⠻⡿⠏⠛⢿⣿⡇⡇⣿⣿⢹⣿⡿│ 
                     └────────────────────────────────────────┘ 
                     ⠀0⠀⠀⠀⠀⠀⠀⠀⠀⠀⠀⠀⠀⠀⠀⠀⠀⠀⠀⠀⠀⠀⠀⠀⠀⠀⠀⠀⠀⠀⠀⠀⠀⠀⠀⠀2000⠀ 
                     ⠀⠀⠀⠀⠀⠀⠀⠀⠀⠀⠀⠀⠀⠀⠀⠀⠀Molecule⠀⠀⠀⠀⠀⠀⠀⠀⠀⠀⠀⠀⠀⠀⠀⠀⠀ 

Exciton profile at time = 15.0 ps
                     ┌────────────────────────────────────────┐ 
               0.003 │⠀⠀⠀⠀⠀⠀⠀⠀⠀⠀⠀⠀⠀⠀⠀⠀⠀⠀⠀⠀⠀⠀⠀⠀⠀⠀⠀⠀⠀⠀⠀⠀⠀⠀⠀⠀⠀⠀⠀⠀│ 
                     │⠀⠀⠀⠀⠀⠀⠀⠀⠀⠀⠀⠀⠀⠀⠀⠀⠀⠀⠀⠀⠀⠀⠀⠀⠀⠀⠀⠀⠀⠀⠀⠀⠀⠀⠀⠀⠀⠀⠀⠀│ 
                     │⠀⠀⠀⠀⠀⠀⠀⠀⠀⠀⠀⠀⠀⠀⠀⠀⠀⠀⠀⠀⠀⠀⠀⠀⠀⠀⠀⠀⠀⠀⠀⠀⠀⠀⠀⠀⠀⠀⠀⠀│ 
                     │⠀⠀⠀⠀⠀⠀⠀⠀⠀⠀⠀⠀⠀⠀⠀⠀⠀⠀⡄⠀⠀⢠⠀⠀⠀⠀⠀⠀⠀⠀⠀⠀⠀⠀⠀⠀⠀⠀⠀⠀│ 
                     │⠀⠀⠀⠀⠀⠀⠀⠀⠀⠀⠀⣤⠀⠀⠀⠀⠀⠀⡇⠀⠀⢸⠀⠀⠀⠀⠀⠀⢠⠀⠀⠀⠀⠀⠀⠀⠀⠀⠀⠀│ 
                     │⠀⠀⠀⠀⠀⠀⠀⠀⠀⠀⠀⣿⠀⠀⠀⠀⠀⡀⡇⠀⠀⢸⢀⠀⠀⠀⠀⠀⣿⠀⠀⠀⠀⠀⠀⠀⠀⠀⠀⠀│ 
                     │⠀⠀⠀⠀⠀⠀⠀⠀⠀⠀⠀⣿⠀⡇⡀⠀⠀⡇⡇⠀⠀⢸⢸⠀⠀⢀⢸⠀⣿⠀⠀⠀⠀⠀⠀⠀⠀⠀⠀⠀│ 
   Probability       │⡄⠀⠀⠀⠀⠀⠀⠀⠀⠀⠀⣿⠀⡇⣧⠀⠀⣇⣇⠀⠀⣸⣸⠀⠀⢸⢸⠀⣿⠀⠀⠀⠀⠀⠀⠀⠀⠀⠀⢀│ 
                     │⡇⠀⠀⠀⢸⢀⠀⠀⡆⡆⠀⣿⡀⡇⣿⡄⠀⣿⣿⠀⠀⣿⣿⠀⢠⢸⢸⢀⣿⠀⢰⢰⠀⠀⡀⡇⠀⠀⠀⢸│ 
                     │⡇⢰⠀⠀⢸⢸⠀⠀⡇⡇⠀⣿⡇⣿⣿⡇⣠⣿⣿⡇⢸⣿⣿⣧⢸⣼⢸⢸⣿⠀⢸⢸⠀⠀⡇⡇⠀⠀⡆⢸│ 
                     │⡇⢸⠀⠀⢸⢸⠀⠀⡇⡇⢀⣿⡇⣿⣿⣿⣿⣿⣿⡇⢸⣿⣿⣿⣿⣿⢸⢸⣿⡆⢸⢸⠀⠀⡇⣿⠀⠀⡇⢸│ 
                     │⣷⢸⣰⡄⣼⢸⡆⣀⣧⡇⣾⣿⣧⣿⣿⣿⣿⣿⣿⡇⢸⣿⣿⣿⣿⣿⣾⢸⣿⣷⢸⢸⢀⢰⡇⣿⠀⣶⡇⣼│ 
                     │⣿⣸⣿⣧⣿⢸⡇⣿⣿⣿⣿⣿⣿⣿⣿⣿⣿⣿⣿⣿⣿⣿⣿⣿⣿⣿⣿⣼⣿⣿⣿⢸⣿⢸⡇⣿⣼⣿⣇⣿│ 
                     │⣿⣿⣿⣿⣿⣿⣇⣿⣿⣿⣿⢿⣿⣿⣿⣿⣿⣿⣿⣿⣿⣿⣿⣿⣿⣿⣿⣿⡿⣿⣿⣿⣿⢸⣿⣿⣿⣿⢿⣿│ 
                   0 │⣿⡿⢻⣿⠻⠟⣿⢿⢿⠛⠻⠘⣿⣿⣿⣿⢹⡟⣿⣿⣿⣿⢻⡏⣿⡿⣿⣿⠃⠿⠋⡿⡿⣿⠻⠟⣿⡟⢸⣿│ 
                     └────────────────────────────────────────┘ 
                     ⠀0⠀⠀⠀⠀⠀⠀⠀⠀⠀⠀⠀⠀⠀⠀⠀⠀⠀⠀⠀⠀⠀⠀⠀⠀⠀⠀⠀⠀⠀⠀⠀⠀⠀⠀⠀2000⠀ 
                     ⠀⠀⠀⠀⠀⠀⠀⠀⠀⠀⠀⠀⠀⠀⠀⠀⠀Molecule⠀⠀⠀⠀⠀⠀⠀⠀⠀⠀⠀⠀⠀⠀⠀⠀⠀ 

Exciton profile at time = 16.0 ps
                     ┌────────────────────────────────────────┐ 
               0.004 │⠀⠀⠀⠀⠀⠀⠀⠀⠀⠀⠀⠀⠀⠀⠀⠀⠀⠀⠀⠀⠀⠀⠀⠀⠀⠀⠀⠀⠀⠀⠀⠀⠀⠀⠀⠀⠀⠀⠀⠀│ 
                     │⠀⠀⠀⠀⠀⠀⠀⠀⠀⠀⠀⠀⠀⠀⠀⠀⠀⠀⠀⠀⠀⠀⠀⠀⠀⠀⠀⠀⠀⠀⠀⠀⠀⠀⠀⠀⠀⠀⠀⠀│ 
                     │⠀⠀⠀⠀⠀⠀⠀⠀⠀⠀⠀⠀⠀⠀⠀⠀⠀⠀⠀⠀⠀⠀⠀⠀⠀⠀⠀⠀⠀⠀⠀⠀⠀⠀⠀⠀⠀⠀⠀⠀│ 
                     │⠀⠀⠀⠀⠀⠀⠀⠀⠀⠀⠀⠀⠀⠀⡄⠀⠀⠀⠀⠀⠀⠀⠀⠀⠀⢠⠀⠀⠀⠀⠀⠀⠀⠀⠀⠀⠀⠀⠀⠀│ 
                     │⠀⠀⠀⠀⠀⠀⠀⠀⠀⠀⠀⠀⠀⠀⡇⠀⠀⢰⠀⠀⠀⠀⡆⠀⠀⢸⠀⠀⠀⠀⠀⠀⠀⠀⠀⠀⠀⠀⠀⠀│ 
                     │⠀⠀⠀⠀⠀⠀⠀⠀⠀⠀⠀⠀⠀⠀⡇⠀⠀⢸⠀⠀⠀⠀⡇⠀⠀⢸⠀⠀⠀⠀⠀⠀⠀⠀⠀⠀⠀⠀⠀⠀│ 
                     │⠀⠀⠀⠀⠀⠀⠀⠀⠀⠀⠀⠀⠀⠀⡇⠀⠀⢸⢸⠀⠀⡇⡇⠀⠀⢸⠀⠀⠀⠀⠀⠀⠀⠀⠀⠀⠀⠀⠀⠀│ 
   Probability       │⠀⠀⠀⠀⠀⠀⠀⠀⠀⠀⠀⠀⠀⠀⡇⠀⠀⢸⢸⠀⠀⡇⡇⠀⠀⢸⠀⠀⠀⠀⠀⠀⠀⠀⠀⠀⠀⠀⠀⠀│ 
                     │⠀⠀⠀⠀⠀⠀⠀⠀⠀⠀⠀⠀⠀⠀⡇⠀⠀⢸⣾⠀⠀⣷⡇⠀⠀⢸⠀⠀⠀⠀⠀⠀⠀⠀⠀⠀⠀⠀⠀⠀│ 
                     │⠀⢀⠀⠀⠀⠀⠀⠀⠀⠀⢰⠀⠀⠀⡇⠀⢀⢸⣿⠀⠀⣿⡇⡀⠀⢸⠀⠀⠀⡆⠀⠀⠀⠀⠀⠀⠀⠀⡀⠀│ 
                     │⣤⢸⠀⠀⣀⡆⠀⠀⣄⠀⢸⠀⡆⠀⡇⠀⢸⢸⣿⠀⠀⣿⡇⣿⠀⢸⠀⢰⠀⡇⠀⣠⠀⠀⢰⢀⠀⠀⡇⢠│ 
                     │⣿⢸⠀⠀⣿⡇⠀⠀⣿⡆⣼⡆⣷⠀⡇⡇⣿⣾⣿⠀⠀⣿⣷⣿⢸⢸⡆⢸⠀⣧⢰⣿⠀⠀⢸⣾⠀⠀⣇⣿│ 
                     │⣿⣸⣿⠀⣿⣧⡇⢀⣿⣷⣿⡇⣿⣆⣿⣿⣿⣿⣿⣤⣤⣿⣿⣿⣿⣿⣷⣼⡀⣿⢸⣿⡄⢸⣼⣿⠀⣾⣿⣿│ 
                     │⣿⣿⣿⣧⣿⢻⣇⣿⣿⣿⣿⣿⣿⣿⣿⣿⣿⣿⣿⣿⣿⣿⣿⣿⣿⣿⣿⣿⣿⣿⣿⣿⣿⣸⣿⣿⣼⣿⣿⣿│ 
                   0 │⣿⣿⡿⣿⣿⠸⣿⣿⠻⢻⣿⣿⢿⠛⣿⣿⣿⡿⢿⣿⣿⡿⢿⣿⣿⣿⠋⡿⢿⡿⡟⠟⣿⣿⠟⡏⣿⢿⣿⣿│ 
                     └────────────────────────────────────────┘ 
                     ⠀0⠀⠀⠀⠀⠀⠀⠀⠀⠀⠀⠀⠀⠀⠀⠀⠀⠀⠀⠀⠀⠀⠀⠀⠀⠀⠀⠀⠀⠀⠀⠀⠀⠀⠀⠀2000⠀ 
                     ⠀⠀⠀⠀⠀⠀⠀⠀⠀⠀⠀⠀⠀⠀⠀⠀⠀Molecule⠀⠀⠀⠀⠀⠀⠀⠀⠀⠀⠀⠀⠀⠀⠀⠀⠀ 

Exciton profile at time = 17.0 ps
                     ┌────────────────────────────────────────┐ 
               0.003 │⠀⠀⠀⠀⠀⠀⠀⠀⠀⠀⠀⠀⠀⠀⠀⠀⠀⠀⠀⠀⠀⠀⠀⠀⠀⠀⠀⠀⠀⠀⠀⠀⠀⠀⠀⠀⠀⠀⠀⠀│ 
                     │⠀⠀⠀⠀⠀⠀⠀⠀⠀⠀⠀⠀⠀⠀⢀⡀⠀⠀⠀⠀⠀⠀⠀⠀⠀⡀⠀⠀⠀⠀⠀⠀⠀⠀⠀⠀⠀⠀⠀⠀│ 
                     │⠀⠀⠀⠀⠀⠀⠀⠀⠀⠀⠀⠀⠀⠀⢸⡇⠀⠀⠀⠀⠀⠀⠀⠀⢀⡇⠀⠀⠀⠀⠀⠀⠀⠀⠀⠀⠀⠀⠀⠀│ 
                     │⠀⠀⠀⠀⠀⠀⠀⠀⠀⠀⠀⠀⠀⠀⣾⡇⠀⠀⠀⠀⠀⠀⠀⠀⢸⣷⠀⠀⠀⠀⠀⠀⠀⠀⠀⠀⠀⠀⠀⠀│ 
                     │⠀⠀⠀⠀⠀⠀⠀⠀⠀⠀⢠⠀⠀⠀⣿⡇⠀⠀⠀⡇⢸⠀⠀⠀⢸⣿⠀⠀⠀⡄⠀⠀⠀⠀⠀⠀⠀⠀⠀⠀│ 
                     │⠀⠀⠀⠀⠀⠀⠀⠀⠀⠀⢸⠀⠀⠀⣿⡇⠀⠀⠀⡇⢸⠀⠀⠀⢸⣿⠀⠀⠀⡇⠀⠀⠀⠀⠀⠀⠀⠀⠀⠀│ 
                     │⠀⠀⠀⠀⠀⠀⠀⠀⠀⠀⢸⠀⠀⠀⣿⡇⠀⠀⠀⡇⢸⠀⠀⠀⢸⣿⠀⠀⠀⡇⠀⠀⠀⠀⠀⠀⠀⠀⠀⠀│ 
   Probability       │⡀⠀⠀⠀⠀⠀⠀⠀⠀⠀⢸⠀⠀⢠⣿⡇⡆⠀⡆⡇⢸⢠⡆⢰⢸⣿⡄⠀⠀⡇⠀⠀⠀⠀⠀⠀⠀⠀⠀⠀│ 
                     │⡇⠀⠀⠀⠀⠀⠀⠀⠀⠀⢸⠀⡄⢸⣿⡇⡇⢀⣷⡇⢸⣿⡇⢸⢸⣿⣧⢠⠀⡇⠀⠀⠀⠀⠀⠀⠀⠀⠀⢸│ 
                     │⡇⠀⠀⠀⢰⢰⠀⠀⡇⠀⢸⠀⡇⢸⣿⡇⡇⢸⣿⡇⢸⣿⡇⢸⢸⣿⣿⢸⠀⡇⠀⢸⠀⠀⡆⡆⠀⠀⠀⢸│ 
                     │⣿⢀⡆⠀⢸⢸⠀⣀⣷⠀⢸⣷⡇⣼⣿⡇⣿⣾⣿⣇⣸⣿⣷⣿⢸⣿⣿⢸⢸⣿⠀⢸⣀⠀⡇⡇⠀⢠⡆⣸│ 
                     │⣿⢸⣿⣄⣸⢸⠀⣿⣿⡆⢸⣿⣷⣿⣿⣿⣿⣿⣿⣿⣿⣿⣿⣿⣿⣿⣿⣾⣿⣿⢰⢸⣿⠀⡇⡇⣠⣿⡇⣿│ 
                     │⣿⢸⣿⣿⣿⣾⡆⣿⣿⣷⣼⣿⣿⣿⣿⣿⣿⣿⣿⣿⣿⣿⣿⣿⣿⢿⣿⣿⣿⣿⣾⣿⣿⢰⣷⣿⣿⣿⣷⣿│ 
                     │⣿⣾⣿⣿⣿⣿⣧⣿⣿⣿⣿⣿⣿⣿⣿⣿⣿⣿⣿⣿⣿⣿⣿⣿⣿⢸⣿⣿⣿⣿⣿⣿⣿⢸⢻⣿⣿⣿⣿⣿│ 
                   0 │⣿⣿⣿⡟⢿⠇⢿⣿⣿⡏⣿⢿⢸⣿⡏⠙⡿⣿⡟⡟⢻⢻⣿⢹⠛⠸⣿⡇⡿⣿⡏⣿⣿⡿⠸⡿⢻⣿⣿⣿│ 
                     └────────────────────────────────────────┘ 
                     ⠀0⠀⠀⠀⠀⠀⠀⠀⠀⠀⠀⠀⠀⠀⠀⠀⠀⠀⠀⠀⠀⠀⠀⠀⠀⠀⠀⠀⠀⠀⠀⠀⠀⠀⠀⠀2000⠀ 
                     ⠀⠀⠀⠀⠀⠀⠀⠀⠀⠀⠀⠀⠀⠀⠀⠀⠀Molecule⠀⠀⠀⠀⠀⠀⠀⠀⠀⠀⠀⠀⠀⠀⠀⠀⠀ 

Exciton profile at time = 18.0 ps
                     ┌────────────────────────────────────────┐ 
               0.003 │⠀⠀⠀⠀⠀⠀⠀⠀⠀⠀⠀⠀⠀⠀⠀⠀⠀⠀⠀⠀⠀⠀⠀⠀⠀⠀⠀⠀⠀⠀⠀⠀⠀⠀⠀⠀⠀⠀⠀⠀│ 
                     │⠀⠀⠀⠀⠀⠀⠀⠀⠀⠀⠀⠀⠀⠀⡀⠀⠀⠀⠀⠀⠀⠀⠀⠀⠀⢀⠀⠀⠀⠀⠀⠀⠀⠀⠀⠀⠀⠀⠀⠀│ 
                     │⠀⠀⠀⠀⢀⠀⠀⠀⠀⠀⠀⠀⠀⠀⡇⠀⠀⠀⠀⡀⢀⠀⠀⠀⠀⢸⠀⠀⠀⠀⠀⠀⠀⠀⠀⡀⠀⠀⠀⠀│ 
                     │⠀⠀⠀⠀⢸⠀⠀⠀⠀⠀⠀⠀⠀⠀⡇⠀⠀⠀⠀⡇⢸⠀⠀⠀⠀⢸⠀⠀⠀⠀⠀⠀⠀⠀⠀⡇⠀⠀⠀⠀│ 
                     │⠀⠀⠀⠀⢸⠀⠀⠀⠀⠀⠀⠀⠀⠀⡇⠀⠀⠀⠀⡇⢸⡀⠀⠀⠀⢸⠀⠀⠀⠀⠀⠀⠀⠀⠀⡇⠀⠀⠀⠀│ 
                     │⠀⠀⠀⠀⢸⠀⠀⠀⠀⠀⠀⠀⠀⠀⡇⠀⠀⠀⠀⡇⢸⡇⠀⠀⠀⢸⠀⠀⠀⠀⠀⠀⠀⠀⠀⡇⠀⠀⠀⠀│ 
                     │⠀⠀⠀⠀⢸⠀⠀⠀⠀⢠⠀⠀⠀⠀⡇⡇⠀⣀⠀⡇⢸⡇⢀⠀⢸⢸⠀⠀⠀⠀⡄⠀⠀⠀⠀⡇⠀⠀⠀⠀│ 
   Probability       │⠀⠀⠀⠀⢸⠀⠀⠀⠀⢸⠀⠀⡀⠀⡇⡇⡇⣿⠀⡇⢸⡇⣼⢸⢸⢸⠀⢀⠀⠀⡇⠀⠀⠀⠀⡇⠀⠀⠀⠀│ 
                     │⡀⠀⠀⠀⢸⠀⠀⢠⠀⢸⢀⠀⡇⠀⣿⡇⡇⣿⠀⡇⢸⡇⣿⢸⢸⣿⠀⢸⠀⡀⡇⠀⡄⠀⠀⡇⠀⠀⠀⢀│ 
                     │⡇⠀⠀⠀⢸⠀⢰⢸⠀⢸⢸⠀⡇⡀⣿⡇⡇⣿⣠⡇⢸⣇⣿⢸⢸⣿⢀⢸⠀⡇⣿⠀⡇⡆⠀⡇⠀⠀⠀⢸│ 
                     │⣷⠀⡄⠀⢸⠀⢸⣾⠀⣾⣾⠀⡇⡇⣿⡇⣿⣿⣿⡇⢸⣿⣿⣿⢸⣿⣸⢸⠀⣷⣿⠀⣷⡇⠀⡇⠀⢠⠀⢸│ 
                     │⣿⢰⣿⠀⢸⣠⢸⣿⡄⣿⣿⠀⣿⣿⣿⣷⣿⣿⣿⡇⢸⣿⣿⣿⣾⣿⣿⣿⠀⣿⣿⢠⣿⡇⣤⡇⠀⣿⡆⣾│ 
                     │⣿⢸⣿⢸⣿⣿⢸⣿⡇⣿⣿⡀⣿⣿⣿⣿⣿⣿⣿⣇⣼⣿⣿⣿⣿⣿⣿⣿⢀⣿⣿⢸⣿⡇⣿⣿⡇⣿⡇⣿│ 
                     │⢹⣸⣿⣿⣿⡏⣿⣿⣿⣿⣿⣿⣿⣿⣿⣿⣿⣿⣿⣿⣿⣿⣿⣿⣿⣿⣿⣿⣿⣿⣿⣿⣿⣷⣿⣿⣿⣿⣷⡏│ 
                   0 │⠸⣿⣿⡿⠋⡇⣿⡿⢿⡿⡿⡿⠙⣿⣿⠛⡿⡟⡿⢿⣿⢿⢻⢹⠙⣿⣿⠙⢿⢿⢿⡿⢿⣿⢸⡟⢻⣿⣿⠇│ 
                     └────────────────────────────────────────┘ 
                     ⠀0⠀⠀⠀⠀⠀⠀⠀⠀⠀⠀⠀⠀⠀⠀⠀⠀⠀⠀⠀⠀⠀⠀⠀⠀⠀⠀⠀⠀⠀⠀⠀⠀⠀⠀⠀2000⠀ 
                     ⠀⠀⠀⠀⠀⠀⠀⠀⠀⠀⠀⠀⠀⠀⠀⠀⠀Molecule⠀⠀⠀⠀⠀⠀⠀⠀⠀⠀⠀⠀⠀⠀⠀⠀⠀ 

Exciton profile at time = 19.0 ps
                     ┌────────────────────────────────────────┐ 
               0.003 │⠀⠀⠀⠀⠀⠀⠀⠀⠀⠀⠀⠀⠀⠀⠀⠀⠀⠀⠀⠀⠀⠀⠀⠀⠀⠀⠀⠀⠀⠀⠀⠀⠀⠀⠀⠀⠀⠀⠀⠀│ 
                     │⠀⠀⡀⠀⠀⠀⠀⠀⠀⠀⠀⠀⠀⠀⠀⠀⠀⠀⠀⠀⠀⠀⠀⠀⠀⠀⠀⠀⠀⠀⠀⠀⠀⠀⠀⠀⠀⢀⠀⠀│ 
                     │⠀⠀⡇⠀⠀⠀⠀⠀⠀⠀⠀⠀⠀⠀⠀⠀⠀⠀⠀⠀⠀⠀⠀⠀⠀⠀⠀⠀⠀⠀⠀⠀⠀⠀⠀⠀⠀⢸⠀⠀│ 
                     │⠀⠀⡇⠀⠀⠀⠀⠀⠀⣼⠀⠀⠀⠀⠀⠀⠀⠀⠀⠀⠀⠀⠀⠀⠀⠀⠀⠀⠀⠀⣿⠀⠀⠀⠀⠀⠀⢸⠀⠀│ 
                     │⠀⠀⡇⠀⠀⠀⠀⠀⠀⣿⠀⠀⠀⠀⠀⠀⡇⠀⠀⠀⠀⠀⠀⢸⡇⠀⠀⠀⠀⠀⣿⠀⠀⠀⠀⠀⠀⢸⠀⠀│ 
                     │⠀⠀⡇⠀⠀⠀⠀⠀⠀⣿⠀⠀⠀⠀⠀⢸⡇⠀⠀⠀⠀⠀⠀⢸⡇⠀⠀⠀⠀⠀⣿⠀⠀⠀⠀⠀⠀⢸⠀⠀│ 
                     │⠀⠀⡇⠀⠀⠀⠀⠀⠀⣿⠀⠀⠀⠀⠀⢸⡇⠀⠀⠀⠀⠀⠀⢸⡇⠀⠀⠀⠀⠀⣿⠀⠀⠀⠀⠀⠀⢸⠀⠀│ 
   Probability       │⠀⡇⡇⠀⢠⠀⢰⠀⠀⣿⠀⠀⠀⣄⣸⢸⣧⠀⠀⠀⠀⠀⠀⣼⡇⣿⣠⠀⠀⠀⣿⠀⠀⣆⠀⡄⠀⢸⢸⠀│ 
                     │⠀⡇⣇⠀⢸⠀⢸⠀⠀⣿⠀⠀⠀⣿⣿⢸⣿⠀⢰⡄⣤⡆⠀⣿⡇⣿⣿⠀⠀⠀⣿⠀⠀⣿⠀⡇⠀⢸⢸⠀│ 
                     │⠀⡇⣿⠀⢸⠀⣿⠀⠀⣿⢀⠀⠀⣿⣿⢸⣿⣴⢸⣿⣿⡇⣴⣿⡇⣿⣿⡄⠀⡀⣿⠀⠀⣿⠀⡇⠀⢸⢸⠀│ 
                     │⡀⡇⣿⠀⢸⢀⣿⡇⡇⣿⢸⠀⠀⣿⣿⣾⣿⣿⣼⣿⣿⣧⣿⣿⣷⣿⣿⡇⠀⡇⣿⢸⢸⣿⡀⡇⠀⢸⢸⠀│ 
                     │⡇⡇⣿⢠⢸⣸⣿⣇⡇⣿⣼⠀⣤⣿⣿⣿⣿⣿⣿⣿⣿⣿⣿⣿⣿⣿⣿⣧⡀⡇⣿⢸⣼⣿⣇⣇⡄⣼⢸⢸│ 
                     │⣷⡇⣿⣸⢸⣿⣿⣿⣿⣿⣿⡇⣿⣿⣿⣿⣿⣿⣿⣿⣿⣿⣿⣿⣿⣿⣿⣿⣿⣧⣿⣿⣿⣿⣿⣿⣇⣿⢸⣾│ 
                     │⣿⣿⣿⣿⣿⣿⡟⣿⣿⣿⣿⣿⢻⣿⣿⢸⣿⣿⣿⣿⣿⣿⣿⣿⣿⣿⣿⣿⣿⣿⣿⣿⣿⢻⣿⣿⣿⣿⣿⣿│ 
                   0 │⡿⢹⢻⢿⣿⣿⠁⢿⡿⢻⡟⢿⢸⡿⢿⢸⡿⣿⡟⡟⢻⢻⣿⢿⡏⡿⢿⡟⣿⢻⡟⢿⣿⠀⢻⣿⡿⡟⡿⢿│ 
                     └────────────────────────────────────────┘ 
                     ⠀0⠀⠀⠀⠀⠀⠀⠀⠀⠀⠀⠀⠀⠀⠀⠀⠀⠀⠀⠀⠀⠀⠀⠀⠀⠀⠀⠀⠀⠀⠀⠀⠀⠀⠀⠀2000⠀ 
                     ⠀⠀⠀⠀⠀⠀⠀⠀⠀⠀⠀⠀⠀⠀⠀⠀⠀Molecule⠀⠀⠀⠀⠀⠀⠀⠀⠀⠀⠀⠀⠀⠀⠀⠀⠀ 

Exciton profile at time = 20.0 ps
                     ┌────────────────────────────────────────┐ 
               0.004 │⠀⠀⠀⠀⠀⠀⠀⠀⠀⠀⠀⠀⠀⠀⠀⠀⠀⠀⠀⠀⠀⠀⠀⠀⠀⠀⠀⠀⠀⠀⠀⠀⠀⠀⠀⠀⠀⠀⠀⠀│ 
                     │⠀⠀⠀⠀⠀⠀⠀⠀⠀⠀⠀⠀⠀⠀⠀⠀⠀⠀⠀⠀⠀⠀⠀⠀⠀⠀⠀⠀⠀⠀⠀⠀⠀⠀⠀⠀⠀⠀⠀⠀│ 
                     │⠀⠀⠀⠀⠀⠀⠀⠀⠀⠀⠀⠀⠀⠀⠀⠀⠀⠀⠀⠀⠀⠀⠀⠀⠀⠀⠀⠀⠀⠀⠀⠀⠀⠀⠀⠀⠀⠀⠀⠀│ 
                     │⠀⠀⠀⠀⠀⠀⠀⠀⠀⠀⠀⠀⠀⡆⠀⠀⠀⠀⠀⠀⠀⠀⠀⠀⠀⠀⢰⠀⠀⠀⠀⠀⠀⠀⠀⠀⠀⠀⠀⠀│ 
                     │⠀⠀⠀⠀⠀⠀⠀⠀⠀⠀⠀⠀⠀⡇⠀⠀⠀⠀⠀⠀⠀⠀⠀⠀⠀⠀⢸⠀⠀⠀⠀⠀⠀⠀⠀⠀⠀⠀⠀⠀│ 
                     │⠀⠀⠀⠀⠀⠀⠀⠀⠀⠀⠀⠀⠀⡇⠀⠀⠀⠀⠀⠀⠀⠀⠀⠀⠀⠀⢸⠀⠀⠀⠀⠀⠀⠀⠀⠀⠀⠀⠀⠀│ 
                     │⠀⠀⠀⠀⠀⠀⠀⠀⠀⠀⠀⠀⠀⡇⠀⠀⠀⠀⠀⠀⠀⠀⠀⠀⠀⠀⢸⠀⠀⠀⠀⠀⠀⠀⠀⠀⠀⠀⠀⠀│ 
   Probability       │⠀⠀⢀⡄⠀⠀⠀⠀⠀⠀⠀⠀⠀⡇⠀⣀⠀⠀⠀⢀⡆⠀⠀⠀⢀⠀⢸⠀⠀⠀⠀⠀⠀⠀⠀⠀⢀⡄⠀⠀│ 
                     │⠀⠀⢸⡇⠀⠀⠀⠀⠀⠀⠀⠀⠀⡇⠀⣿⠀⠀⠀⣸⣇⡀⠀⠀⣼⠀⢸⠀⠀⠀⠀⠀⠀⠀⠀⠀⢸⡇⠀⠀│ 
                     │⠀⠀⢸⡇⠀⠀⠀⠀⢀⠀⠀⠀⠀⡇⠀⣿⡀⠀⢀⣿⣿⡇⠀⢀⣿⠀⢸⠀⠀⠀⠀⡀⠀⠀⠀⠀⢸⡇⠀⠀│ 
                     │⠀⠀⢸⡇⠀⠀⢠⠀⣼⠀⠀⠀⢀⡇⠀⣿⣿⠀⣼⣿⣿⣧⠀⣿⣿⠀⢸⡀⠀⠀⠀⣧⡄⡄⠀⠀⢸⡇⠀⠀│ 
                     │⢠⢰⣾⡇⢰⡆⣸⣼⣿⡇⠀⠀⣸⡇⢠⣿⣿⣄⣿⣿⣿⣿⣀⣿⣿⡄⢸⣿⠀⠀⢸⣿⣧⣇⢀⡆⢸⣧⣦⡄│ 
                     │⣾⣿⣿⣿⣼⡇⣿⣿⣿⣇⡀⣶⣿⡇⣾⣿⣿⣿⣿⣿⣿⣿⣿⣿⣿⣷⢸⣿⣴⢀⣸⣿⣿⣿⢸⣧⣸⣿⣿⣧│ 
                     │⣿⣿⣿⣿⣿⣧⣿⣿⣿⣿⣿⣿⣿⣿⣿⣿⣿⣿⣿⣿⣿⣿⣿⣿⣿⣿⣿⣿⣿⣿⣿⢹⣿⣿⣼⣿⣿⢻⣿⣿│ 
                   0 │⣿⣿⠁⢸⢿⣿⡿⣿⡇⣿⣿⢿⢿⣿⠿⣿⢿⡿⣿⠟⠻⣿⢿⣿⣿⡿⢿⡟⡿⣿⣿⢸⣿⢿⣿⡏⡇⠈⣿⣿│ 
                     └────────────────────────────────────────┘ 
                     ⠀0⠀⠀⠀⠀⠀⠀⠀⠀⠀⠀⠀⠀⠀⠀⠀⠀⠀⠀⠀⠀⠀⠀⠀⠀⠀⠀⠀⠀⠀⠀⠀⠀⠀⠀⠀2000⠀ 
                     ⠀⠀⠀⠀⠀⠀⠀⠀⠀⠀⠀⠀⠀⠀⠀⠀⠀Molecule⠀⠀⠀⠀⠀⠀⠀⠀⠀⠀⠀⠀⠀⠀⠀⠀⠀ 

Exciton profile at time = 21.0 ps
                     ┌────────────────────────────────────────┐ 
               0.003 │⠀⠀⠀⠀⠀⠀⠀⠀⠀⠀⠀⠀⠀⠀⠀⠀⠀⠀⠀⠀⠀⠀⠀⠀⠀⠀⠀⠀⠀⠀⠀⠀⠀⠀⠀⠀⠀⠀⠀⠀│ 
                     │⠀⠀⠀⠀⠀⠀⠀⠀⠀⠀⠀⠀⠀⠀⠀⠀⠀⠀⠀⠀⠀⠀⠀⠀⠀⠀⠀⠀⠀⠀⠀⠀⠀⠀⠀⠀⠀⠀⠀⠀│ 
                     │⠀⠀⠀⠀⠀⠀⠀⠀⠀⠀⠀⠀⠀⠀⠀⠀⠀⠀⠀⠀⠀⠀⠀⠀⠀⠀⠀⠀⠀⠀⠀⠀⠀⠀⠀⠀⠀⠀⠀⠀│ 
                     │⠀⠀⠀⠀⠀⠀⠀⠀⠀⠀⠀⠀⠀⠀⠀⠀⢸⡀⠀⡄⢠⠀⠀⡇⠀⠀⠀⠀⠀⠀⠀⠀⠀⠀⠀⠀⠀⠀⠀⠀│ 
                     │⠀⠀⠀⠀⠀⠀⠀⠀⠀⠀⠀⠀⠀⠀⠀⠀⢸⡇⠀⡇⢸⠀⠀⡇⠀⠀⠀⠀⠀⠀⠀⠀⠀⠀⠀⠀⠀⠀⠀⠀│ 
                     │⠀⠀⠀⠀⠀⠀⠀⠀⠀⠀⠀⡆⡀⠀⠀⠀⣾⡇⠀⡇⢸⡄⠀⣷⠀⠀⠀⢀⢰⠀⠀⠀⠀⠀⠀⠀⠀⠀⠀⠀│ 
                     │⠀⠀⠀⡄⠀⠀⠀⠀⠀⠀⠀⡇⡇⠀⠀⠀⣿⡇⢀⡇⢸⡇⢰⣿⠀⠀⠀⢸⢸⠀⠀⠀⠀⠀⠀⠀⢠⠀⠀⠀│ 
   Probability       │⠀⠀⠀⡇⠀⢸⠀⠀⢸⢸⠀⡇⡇⠀⢸⡀⣿⡇⣸⡇⢸⣇⢸⣿⠀⡇⠀⢸⢸⠀⣇⣿⠀⠀⡇⠀⢸⠀⠀⠀│ 
                     │⠀⠀⠀⡇⠀⢸⠀⠀⣿⢸⠀⡇⡇⠀⢸⡇⣿⣷⣿⡇⢸⣿⣾⣿⢸⡇⠀⢸⢸⠀⣿⣿⠀⠀⣧⠀⢸⠀⠀⠀│ 
                     │⠀⡀⠀⣷⠀⢸⠀⠀⣿⣿⠀⡇⡇⠀⣾⣇⣿⣿⣿⡇⢸⣿⣿⣿⣸⣷⠀⢸⢸⠀⣿⣿⠀⠀⣿⠀⢸⠀⢀⠀│ 
                     │⠀⡇⠀⣿⢸⣾⠀⠀⣿⣿⠀⡇⣷⣰⣿⣿⣿⣿⣿⡇⢸⣿⣿⣿⣿⣿⣆⢸⢸⠀⣿⣿⠀⠀⣿⡇⢸⠀⢸⠀│ 
                     │⢰⡇⡆⣿⣿⣿⢰⠀⣿⣿⣇⣷⣿⣿⣿⣿⣿⣿⣿⡇⢸⣿⣿⣿⣿⣿⣿⢸⣾⣠⣿⣿⠀⡆⣿⣿⣾⢰⢸⡆│ 
                     │⣼⣇⣷⣿⣿⣿⣼⡇⣿⣿⣿⣿⣿⣿⣿⣿⣿⣿⣿⣇⣸⣿⣿⣿⣿⣿⣿⣿⣿⣿⣿⣿⢸⣇⣿⣿⣿⣾⣸⣧│ 
                     │⣿⣿⣿⣿⣿⣿⣿⣿⣿⣿⣿⣿⣿⣿⣿⣿⣿⣿⣿⣿⣿⣿⣿⣿⣿⢿⣿⣿⣿⣿⣿⣿⣾⣿⣿⡿⣿⣿⣿⣿│ 
                   0 │⢻⣿⡟⢿⠇⣿⢿⣿⡏⣿⣿⢿⣿⣿⡏⢿⡟⣿⢿⠿⡿⡿⣿⢻⡿⢸⣿⣿⣿⢻⣿⢹⡿⡿⣿⠇⡿⢸⣿⣿│ 
                     └────────────────────────────────────────┘ 
                     ⠀0⠀⠀⠀⠀⠀⠀⠀⠀⠀⠀⠀⠀⠀⠀⠀⠀⠀⠀⠀⠀⠀⠀⠀⠀⠀⠀⠀⠀⠀⠀⠀⠀⠀⠀⠀2000⠀ 
                     ⠀⠀⠀⠀⠀⠀⠀⠀⠀⠀⠀⠀⠀⠀⠀⠀⠀Molecule⠀⠀⠀⠀⠀⠀⠀⠀⠀⠀⠀⠀⠀⠀⠀⠀⠀ 

Exciton profile at time = 22.0 ps
                     ┌────────────────────────────────────────┐ 
               0.003 │⠀⠀⠀⠀⠀⠀⠀⠀⠀⠀⠀⠀⠀⠀⠀⠀⢰⠀⠀⠀⠀⠀⠀⡆⠀⠀⠀⠀⠀⠀⠀⠀⠀⠀⠀⠀⠀⠀⠀⠀│ 
                     │⠀⠀⠀⠀⠀⠀⠀⠀⠀⠀⠀⠀⠀⠀⠀⠀⢸⠀⠀⠀⠀⠀⠀⡇⠀⠀⠀⠀⠀⠀⠀⠀⠀⠀⠀⠀⠀⠀⠀⠀│ 
                     │⠀⠀⠀⠀⠀⠀⠀⠀⠀⠀⠀⠀⠀⠀⠀⠀⢸⠀⠀⠀⠀⠀⠀⡇⠀⠀⠀⠀⠀⠀⠀⠀⠀⠀⠀⠀⠀⠀⠀⠀│ 
                     │⠀⠀⠀⠀⠀⠀⠀⠀⠀⠀⠀⠀⠀⠀⠀⠀⢸⠀⠀⠀⠀⠀⠀⡇⠀⠀⠀⠀⠀⠀⠀⠀⠀⠀⠀⠀⠀⠀⠀⠀│ 
                     │⠀⠀⠀⠀⠀⠀⠀⠀⠀⠀⣀⠀⠀⠀⠀⠀⢸⡇⠀⠀⠀⠀⢸⡇⠀⠀⠀⠀⠀⢀⠀⠀⠀⠀⠀⠀⠀⠀⠀⠀│ 
                     │⠀⠀⠀⠀⠀⠀⠀⠀⠀⠀⣿⠀⠀⠀⠀⠀⢸⡇⡇⠀⠀⢸⢸⡇⠀⠀⠀⠀⠀⣾⠀⠀⠀⠀⠀⠀⠀⠀⠀⠀│ 
                     │⠀⠀⠀⠀⠀⠀⠀⠀⠀⠀⣿⠀⠀⠀⠀⠀⢸⣇⡇⠀⠀⢸⣸⡇⠀⠀⠀⠀⠀⣿⠀⠀⠀⠀⠀⠀⠀⠀⠀⠀│ 
   Probability       │⠀⠀⠀⠀⠀⠀⠀⠀⠀⡄⣿⠀⡇⠀⠀⠀⢸⣿⡇⠀⠀⢸⣿⡇⠀⠀⠀⢸⠀⣿⢠⠀⠀⠀⠀⠀⠀⠀⠀⠀│ 
                     │⠀⢀⠀⠀⡇⡀⠀⠀⠀⡇⣿⠀⣿⠀⠀⡇⢸⣿⡇⠀⠀⢸⣿⡇⢸⠀⠀⣿⠀⣿⢸⠀⠀⠀⢀⢸⠀⠀⡀⠀│ 
                     │⡄⢸⠀⠀⣇⡇⠀⣧⠀⡇⣿⣧⣿⣶⢸⡇⢸⣿⡇⠀⠀⢸⣿⡇⢸⡇⢰⣿⣼⣿⢸⠀⣼⠀⢸⢸⠀⠀⡇⢀│ 
                     │⡇⢸⠀⡄⣿⡇⠀⣿⡄⡇⣿⣿⣿⣿⣾⣇⢸⣿⣿⡀⢀⣿⣿⡇⢸⣷⣾⣿⣿⣿⣾⢠⣿⠀⢸⣸⢠⠀⡇⢸│ 
                     │⣧⣸⠀⣧⣿⣷⡀⣿⣇⣇⣿⣿⣿⣿⣿⣿⣿⣿⣿⣧⣼⣿⣿⣿⢸⣿⣿⣿⣿⣿⣿⣸⣿⠀⣾⣿⣼⠀⣇⢸│ 
                     │⣿⣿⣼⣿⣿⣿⡇⣿⣿⣿⣿⣿⣿⣿⣿⣿⣿⣿⣿⣿⣿⣿⣿⣿⣸⣿⣿⣿⣿⣿⣿⣿⣿⢀⣿⣿⣿⡇⣿⣿│ 
                     │⣿⣿⣿⡿⣿⣿⣷⣿⣿⣿⣿⣿⣿⣿⣿⣿⣿⣿⣿⣿⣿⣿⣿⣿⣿⣿⣿⣿⣿⣿⣿⣿⣿⣾⣿⣿⢿⣧⣿⣿│ 
                   0 │⡟⣿⡿⡇⣿⢿⣿⢿⣿⢻⣿⣿⢿⣿⢻⡿⠿⣿⣿⡏⢹⣿⣿⠏⢿⡟⣿⡿⣿⣿⣿⣿⡿⣿⡿⣿⢸⢿⣿⢿│ 
                     └────────────────────────────────────────┘ 
                     ⠀0⠀⠀⠀⠀⠀⠀⠀⠀⠀⠀⠀⠀⠀⠀⠀⠀⠀⠀⠀⠀⠀⠀⠀⠀⠀⠀⠀⠀⠀⠀⠀⠀⠀⠀⠀2000⠀ 
                     ⠀⠀⠀⠀⠀⠀⠀⠀⠀⠀⠀⠀⠀⠀⠀⠀⠀Molecule⠀⠀⠀⠀⠀⠀⠀⠀⠀⠀⠀⠀⠀⠀⠀⠀⠀ 

Exciton profile at time = 23.0 ps
                     ┌────────────────────────────────────────┐ 
               0.003 │⠀⠀⠀⠀⠀⠀⠀⠀⠀⠀⠀⠀⠀⠀⠀⠀⠀⠀⠀⠀⠀⠀⠀⠀⠀⠀⠀⠀⠀⠀⠀⠀⠀⠀⠀⠀⠀⠀⠀⠀│ 
                     │⠀⠀⠀⠀⠀⠀⠀⠀⠀⠀⠀⠀⠀⠀⠀⠀⠀⠀⠀⠀⠀⠀⠀⠀⠀⠀⠀⠀⠀⠀⠀⠀⠀⠀⠀⠀⠀⠀⠀⠀│ 
                     │⠀⠀⠀⠀⠀⠀⠀⠀⠀⠀⠀⠀⠀⠀⠀⢰⠀⠀⠀⠀⠀⠀⠀⠀⡆⠀⠀⠀⠀⠀⠀⠀⠀⠀⠀⠀⠀⠀⠀⠀│ 
                     │⠀⠀⠀⠀⠀⠀⠀⠀⠀⠀⠀⠀⠀⠀⠀⢸⠀⠀⠀⠀⠀⠀⠀⠀⡇⠀⠀⠀⠀⠀⠀⠀⠀⠀⠀⠀⠀⠀⠀⠀│ 
                     │⠀⠀⠀⠀⠀⠀⡆⠀⠀⠀⠀⠀⠀⠀⠀⢸⠀⠀⠀⠀⠀⠀⠀⠀⡇⠀⠀⠀⠀⠀⠀⠀⠀⢰⠀⠀⠀⠀⠀⠀│ 
                     │⠀⠀⠀⠀⠀⠀⡇⠀⠀⠀⠀⠀⠀⢀⠀⢸⠀⠀⠀⠀⠀⠀⠀⠀⡇⠀⡀⠀⠀⠀⠀⠀⠀⢸⠀⠀⠀⠀⠀⠀│ 
                     │⢀⠀⠀⠀⠀⠀⡇⠀⠀⠀⠀⠀⠀⢸⡆⢸⡄⡇⠀⠀⠀⠀⢸⢠⡇⠀⡇⠀⠀⠀⠀⠀⠀⢸⠀⠀⠀⠀⠀⡀│ 
   Probability       │⢸⠀⡇⠀⠀⠀⡇⢠⠀⠀⠀⠀⠀⢸⡇⢸⡇⡇⠀⡄⢠⠀⢸⢸⡇⠀⡇⠀⠀⠀⠀⠀⡄⢸⠀⠀⠀⢸⠀⡇│ 
                     │⢸⠀⡇⠀⡄⠀⡇⢸⠀⠀⠀⠀⠀⢸⡇⢸⡇⣧⢸⡇⢸⡇⣼⢸⡇⢰⡇⠀⠀⠀⠀⠀⣷⢸⠀⢠⠀⢸⠀⡇│ 
                     │⢸⠀⡇⠀⡇⠀⡇⢸⢠⡆⠀⢸⣧⢸⡇⣿⡇⣿⣿⣷⢸⡇⣿⢸⣿⢸⡇⡄⡇⠀⢰⡄⣿⢸⡆⢸⠀⢸⠀⡇│ 
                     │⢸⠀⣷⠀⡇⠀⣿⣿⣿⣷⡀⢸⣿⣼⡇⣿⡇⣿⣿⣿⣾⡇⣿⢸⣿⢸⣧⣿⡇⢀⣾⣇⣿⡜⡇⢸⠀⣾⠀⡇│ 
                     │⢸⠀⣿⢸⡇⣆⢿⣿⣿⣿⣧⣾⣿⣿⣿⣿⣇⣿⣿⣿⣿⣿⣿⣸⣿⣿⣿⣿⣧⣾⣿⣿⣿⡇⣷⢸⣇⣿⠀⡇│ 
                     │⢸⣀⣿⢸⣿⣿⢸⣿⣿⣿⣿⣿⣿⣿⣿⣿⣿⣿⣿⣿⣿⣿⣿⣿⣿⣿⣿⣿⣿⣿⣿⣿⣿⡇⣿⣾⣿⣿⣀⡇│ 
                     │⣾⣿⣿⣿⣿⣿⢸⣿⣿⣿⣿⣿⣿⣿⣿⡟⣿⣿⣿⣿⣿⣿⣿⣿⢻⣿⣿⣿⢻⣿⣿⣿⣿⡇⣿⣿⣿⣿⣿⣷│ 
                   0 │⣿⣿⡇⣿⣿⣿⢸⡿⢿⣿⢻⡏⠏⢿⣿⠇⣿⢿⡿⣿⣿⢿⡿⣿⠸⢿⡿⠹⢸⣿⢻⡿⢿⡇⣿⣿⣿⢻⣿⢿│ 
                     └────────────────────────────────────────┘ 
                     ⠀0⠀⠀⠀⠀⠀⠀⠀⠀⠀⠀⠀⠀⠀⠀⠀⠀⠀⠀⠀⠀⠀⠀⠀⠀⠀⠀⠀⠀⠀⠀⠀⠀⠀⠀⠀2000⠀ 
                     ⠀⠀⠀⠀⠀⠀⠀⠀⠀⠀⠀⠀⠀⠀⠀⠀⠀Molecule⠀⠀⠀⠀⠀⠀⠀⠀⠀⠀⠀⠀⠀⠀⠀⠀⠀ 

Exciton profile at time = 24.0 ps
                     ┌────────────────────────────────────────┐ 
               0.003 │⠀⠀⠀⠀⠀⠀⠀⠀⠀⠀⠀⠀⠀⠀⠀⠀⠀⠀⠀⠀⠀⠀⠀⠀⠀⠀⠀⠀⠀⠀⠀⠀⠀⠀⠀⠀⠀⠀⠀⠀│ 
                     │⠀⠀⠀⠀⠀⠀⠀⠀⠀⠀⠀⠀⠀⠀⠀⠀⠀⠀⠀⠀⠀⠀⠀⠀⠀⠀⠀⠀⠀⠀⠀⠀⠀⠀⠀⠀⠀⠀⠀⠀│ 
                     │⠀⡀⠀⠀⠀⠀⠀⠀⠀⠀⠀⠀⠀⠀⠀⠀⠀⠀⠀⠀⠀⠀⠀⠀⠀⠀⠀⠀⠀⠀⠀⠀⠀⠀⠀⠀⠀⠀⢀⠀│ 
                     │⠀⡇⠀⠀⠀⠀⠀⠀⠀⠀⠀⠀⠀⠀⠀⠀⠀⠀⠀⠀⠀⠀⠀⠀⠀⠀⠀⠀⠀⠀⠀⠀⠀⠀⠀⠀⠀⠀⢸⠀│ 
                     │⠀⡇⠀⠀⠀⠀⠀⠀⠀⠀⠀⠀⠀⠀⠀⠀⠀⠀⠀⠀⠀⠀⠀⠀⠀⠀⠀⠀⠀⠀⠀⠀⠀⠀⠀⠀⠀⠀⢸⡄│ 
                     │⠀⡇⠀⠀⠀⠀⡀⠀⠀⠀⠀⠀⠀⠀⠀⠀⠀⠀⠀⠀⠀⠀⠀⠀⠀⠀⠀⠀⠀⠀⠀⠀⠀⢀⡀⠀⠀⠀⢸⡇│ 
                     │⢀⡇⠀⠀⠀⢠⡇⠀⠀⠀⠀⠀⠀⠀⠀⢰⢀⠀⢠⠀⠀⡄⠀⡀⡆⠀⠀⠀⠀⠀⠀⠀⠀⢸⡇⠀⠀⠀⢸⡇│ 
   Probability       │⢸⡇⠀⡇⠀⢸⡇⠀⠀⠀⠀⠀⢠⠀⠀⢸⢸⡆⢸⠀⠀⡇⢰⡇⡇⠀⠀⣠⠀⠀⠀⠀⠀⢸⡇⠀⢸⠀⢸⡇│ 
                     │⢸⡇⠀⡇⠀⢸⡇⠀⢀⢸⠀⠀⣿⡀⡄⢸⣼⡇⢸⡇⢸⡇⢸⣧⡇⢠⣀⣿⠀⠀⣾⢀⠀⢸⡇⠀⢸⠀⢸⡇│ 
                     │⢸⡇⢀⡇⢀⢸⣷⠀⣾⣿⠀⠀⣿⡇⡇⢸⣿⣿⢸⡇⢸⡇⣿⣿⡇⢸⣿⣿⠀⠀⣿⣿⠀⣾⡇⡀⢸⡀⢸⡇│ 
                     │⢸⣇⢸⡇⢸⢸⣿⠀⣿⣿⠀⣧⣿⣷⣷⢸⣿⣿⣼⡇⢸⣧⣿⣿⡇⣾⣿⣿⣼⠀⣿⣿⠀⣿⡇⡇⢸⡇⣸⡇│ 
                     │⣿⣿⢸⡇⢸⢸⣿⠀⣿⣿⢀⣿⣿⣿⣿⣼⣿⣿⣿⣿⣿⣿⣿⣿⣧⣿⣿⣿⣿⣄⣿⣿⠀⣿⡇⡇⢸⡇⣿⣷│ 
                     │⣿⣿⢸⡇⢸⣼⣿⢸⣿⣿⣿⣿⣿⣿⣿⣿⣿⣿⣿⣿⣿⣿⣿⣿⣿⣿⣿⣿⣿⣿⣿⣿⡇⣿⣧⡇⢸⡇⣿⣿│ 
                     │⣿⣿⣸⣷⣼⣿⣿⣾⣿⣿⣿⣿⣿⢿⣿⣿⣿⣿⣿⣿⣿⣿⣿⣿⣿⣿⣿⣿⣿⣿⣿⣿⣇⣿⣿⣿⣾⣇⣿⢹│ 
                   0 │⡟⠙⣿⣿⡟⢻⡏⢿⢿⢻⣿⢻⡏⠘⢿⣿⡏⣿⣿⠏⠹⣿⣿⢹⣿⢿⠋⢹⡟⣿⡏⡿⡿⢹⣿⢹⢿⣿⠟⢸│ 
                     └────────────────────────────────────────┘ 
                     ⠀0⠀⠀⠀⠀⠀⠀⠀⠀⠀⠀⠀⠀⠀⠀⠀⠀⠀⠀⠀⠀⠀⠀⠀⠀⠀⠀⠀⠀⠀⠀⠀⠀⠀⠀⠀2000⠀ 
                     ⠀⠀⠀⠀⠀⠀⠀⠀⠀⠀⠀⠀⠀⠀⠀⠀⠀Molecule⠀⠀⠀⠀⠀⠀⠀⠀⠀⠀⠀⠀⠀⠀⠀⠀⠀ 

Exciton profile at time = 25.0 ps
                     ┌────────────────────────────────────────┐ 
               0.003 │⠀⠀⠀⠀⠀⠀⠀⠀⠀⠀⠀⠀⠀⠀⠀⠀⠀⠀⠀⠀⠀⠀⠀⠀⠀⠀⠀⠀⠀⠀⠀⠀⠀⠀⠀⠀⠀⠀⠀⠀│ 
                     │⠀⠀⠀⠀⠀⠀⠀⠀⠀⠀⠀⠀⠀⠀⠀⠀⠀⠀⠀⠀⠀⠀⠀⠀⠀⠀⠀⠀⠀⠀⠀⠀⠀⠀⠀⠀⠀⠀⠀⠀│ 
                     │⠀⠀⠀⠀⠀⠀⠀⠀⠀⠀⠀⠀⠀⠀⠀⠀⠀⠀⠀⠀⠀⠀⠀⠀⠀⠀⠀⠀⠀⠀⠀⠀⠀⠀⠀⠀⠀⠀⠀⠀│ 
                     │⠀⠀⠀⠀⠀⠀⠀⠀⠀⠀⠀⠀⠀⠀⠀⠀⠀⠀⠀⠀⠀⠀⠀⠀⠀⠀⠀⠀⠀⠀⠀⠀⠀⠀⠀⠀⠀⠀⠀⠀│ 
                     │⠀⠀⠀⠀⠀⡆⠀⠀⠀⠀⠀⠀⠀⠀⠀⠀⠀⠀⠀⠀⠀⠀⠀⠀⠀⠀⠀⠀⠀⠀⠀⠀⠀⠀⢰⠀⠀⠀⠀⠀│ 
                     │⠀⠀⠀⠀⠀⡇⠀⠀⠀⠀⠀⡇⠀⠀⠀⠀⠀⠀⠀⠀⠀⠀⠀⠀⠀⠀⠀⠀⢸⡆⠀⠀⠀⠀⢸⠀⠀⠀⠀⠀│ 
                     │⠀⠀⠀⠀⠀⡇⠀⠀⠀⠀⠀⡇⠀⠀⠀⢰⠀⡄⠀⠀⠀⠀⢠⠀⡆⠀⠀⠀⢸⡇⠀⠀⠀⠀⢸⠀⠀⠀⠀⠀│ 
   Probability       │⠀⢀⠀⡀⠀⡇⠀⠀⠀⠀⢰⡇⢀⠀⡆⣸⠀⡇⠀⠀⠀⠀⢸⡄⣇⢰⠀⡀⢸⡇⠀⠀⠀⠀⢸⠀⢀⠀⡀⠀│ 
                     │⡇⢸⠀⡇⠀⡇⠀⢰⠀⠀⣾⡇⢸⢠⡇⣿⢰⡇⡄⢀⡀⢠⢸⡇⣿⢸⡄⡇⢸⣷⠀⠀⡆⠀⢸⠀⢸⠀⡇⢸│ 
                     │⡇⢸⠀⣧⡄⡇⠀⢸⠀⠀⣿⡇⢸⣸⡇⣿⣾⡇⡇⢸⣷⢸⢸⡇⣿⢸⣇⡇⢸⣿⠀⠀⡇⠀⢸⢠⣼⠀⡇⢸│ 
                     │⣧⢸⠀⣿⡇⡇⢀⣿⠀⣧⣿⡇⢸⣿⡇⣿⣿⡇⣷⣼⣿⣾⣼⡇⣿⣸⣿⡇⢸⣿⣾⠀⣿⡇⢸⢸⣿⠀⡇⢸│ 
                     │⣿⣿⠀⣿⡇⡇⢸⣿⡇⣿⣿⣇⣸⣿⣧⣿⣿⣧⣿⣿⣿⣿⣿⣧⣿⣿⣿⡇⣸⣿⣿⣾⣿⡇⢸⢸⣿⠀⣿⣾│ 
                     │⣿⣿⢀⣿⣧⣷⣼⣿⣧⣿⣿⣿⣿⣿⣿⣿⣿⣿⣿⣿⣿⣿⣿⣿⣿⣿⣿⣷⣿⣿⣿⣿⣿⣧⣾⣼⣿⡀⣿⣿│ 
                     │⢸⣿⣼⣿⣿⣿⣿⣿⣿⣿⣿⣿⣿⣿⣿⣿⣿⣿⣿⡟⣿⣿⣿⣿⣿⣿⣿⣿⣿⣿⣿⣿⣿⣿⣿⣿⡟⣧⣿⡇│ 
                   0 │⠸⠻⡿⢻⡏⣿⡿⠀⢻⣿⠃⣿⣿⢹⢹⢹⣿⣿⢿⡇⢸⡿⣿⣿⡟⡏⡏⣿⣿⠘⣿⡿⠀⢻⣿⣿⡇⢿⡿⠇│ 
                     └────────────────────────────────────────┘ 
                     ⠀0⠀⠀⠀⠀⠀⠀⠀⠀⠀⠀⠀⠀⠀⠀⠀⠀⠀⠀⠀⠀⠀⠀⠀⠀⠀⠀⠀⠀⠀⠀⠀⠀⠀⠀⠀2000⠀ 
                     ⠀⠀⠀⠀⠀⠀⠀⠀⠀⠀⠀⠀⠀⠀⠀⠀⠀Molecule⠀⠀⠀⠀⠀⠀⠀⠀⠀⠀⠀⠀⠀⠀⠀⠀⠀ 

Exciton profile at time = 26.0 ps
                     ┌────────────────────────────────────────┐ 
               0.004 │⠀⠀⠀⠀⠀⠀⠀⠀⠀⠀⠀⠀⠀⠀⠀⠀⠀⠀⠀⠀⠀⠀⠀⠀⠀⠀⠀⠀⠀⠀⠀⠀⠀⠀⠀⠀⠀⠀⠀⠀│ 
                     │⠀⠀⠀⠀⠀⠀⠀⠀⠀⠀⠀⠀⠀⠀⠀⠀⠀⠀⠀⠀⠀⠀⠀⠀⠀⠀⠀⠀⠀⠀⠀⠀⠀⠀⠀⠀⠀⠀⠀⠀│ 
                     │⠀⠀⠀⠀⠀⠀⠀⠀⠀⠀⠀⠀⠀⠀⠀⠀⠀⠀⠀⠀⠀⠀⠀⠀⠀⠀⠀⠀⠀⠀⠀⠀⠀⠀⠀⠀⠀⠀⠀⠀│ 
                     │⠀⠀⠀⠀⠀⠀⠀⠀⠀⠀⠀⠀⠀⠀⠀⣤⠀⠀⠀⠀⠀⠀⠀⠀⢠⠀⠀⠀⠀⠀⠀⠀⠀⠀⠀⠀⠀⠀⠀⠀│ 
                     │⠀⠀⠀⠀⠀⠀⠀⠀⠀⠀⠀⠀⠀⠀⠀⣿⠀⠀⠀⠀⠀⠀⠀⠀⣸⠀⠀⠀⠀⠀⠀⠀⠀⠀⠀⠀⠀⠀⠀⠀│ 
                     │⠀⠀⠀⠀⠀⠀⠀⠀⠀⠀⠀⠀⠀⠀⠀⣿⠀⠀⠀⠀⠀⠀⠀⠀⣿⠀⠀⠀⠀⠀⠀⠀⠀⠀⠀⠀⠀⠀⠀⠀│ 
                     │⠀⠀⠀⠀⠀⠀⠀⠀⠀⠀⠀⠀⠀⣦⠀⣿⠀⠀⠀⠀⠀⠀⠀⠀⣿⠀⢰⠀⠀⠀⠀⠀⠀⠀⠀⠀⠀⠀⠀⠀│ 
   Probability       │⠀⠀⠀⠀⠀⠀⠀⢸⠀⠀⠀⠀⠀⣿⠀⣿⢸⠀⠀⠀⠀⠀⠀⡇⣿⠀⣼⠀⠀⠀⠀⠀⡇⠀⠀⠀⠀⠀⠀⠀│ 
                     │⠀⠀⡀⠀⠀⠀⠀⢸⠀⠀⠀⠀⣤⣿⠀⣿⢸⢀⠀⠀⠀⠀⡀⡇⣿⠀⣿⢠⠀⠀⠀⠀⡇⠀⠀⠀⠀⢀⠀⠀│ 
                     │⠀⠀⡇⠀⡀⠀⠀⢸⠀⠀⠀⠀⣿⣿⠀⣿⢸⢸⢀⠀⠀⡀⡇⡇⣿⠀⣿⢸⠀⠀⠀⠀⡇⠀⠀⢀⠀⢸⠀⠀│ 
                     │⢀⢸⣿⠀⡇⠀⢸⢸⢸⠀⠀⠀⣿⣿⠀⣿⢸⢸⢸⡆⠀⡇⡇⡇⣿⠀⣿⣿⠀⠀⠀⣇⡇⡇⠀⢸⠀⣿⡇⡀│ 
                     │⢸⢸⣿⠀⡇⠀⣼⣿⣾⡇⣰⠀⣿⣿⣾⣿⢸⢸⢸⣷⣦⡇⡇⡇⣿⣷⣿⣿⠀⣆⠀⣿⣿⣿⠀⢸⠀⣿⡇⡇│ 
                     │⣸⢸⣿⢸⡇⢀⣿⣿⣿⡇⣿⣸⣿⣿⣿⣿⣿⣿⢸⣿⣿⡇⣿⣿⣿⣿⣿⣿⣷⣿⢸⣿⣿⣿⡀⢸⡇⣿⡇⣇│ 
                     │⣿⣿⣿⣾⣷⣾⣿⣿⣿⣷⣿⣿⣿⣿⣿⣿⣿⣿⣿⣿⣿⣿⣿⣿⣿⣿⣿⣿⣿⣿⣾⣿⣿⣿⣿⣾⣷⣿⣿⣿│ 
                   0 │⣿⡇⡏⣿⡿⣿⡿⡿⣿⡿⣿⣿⡟⣿⢿⡏⢻⣿⣿⡿⢿⣿⣿⡟⢹⢻⣿⢻⣿⣿⢿⣿⢿⡿⣿⡟⣿⢿⢸⣿│ 
                     └────────────────────────────────────────┘ 
                     ⠀0⠀⠀⠀⠀⠀⠀⠀⠀⠀⠀⠀⠀⠀⠀⠀⠀⠀⠀⠀⠀⠀⠀⠀⠀⠀⠀⠀⠀⠀⠀⠀⠀⠀⠀⠀2000⠀ 
                     ⠀⠀⠀⠀⠀⠀⠀⠀⠀⠀⠀⠀⠀⠀⠀⠀⠀Molecule⠀⠀⠀⠀⠀⠀⠀⠀⠀⠀⠀⠀⠀⠀⠀⠀⠀ 

Exciton profile at time = 27.0 ps
                     ┌────────────────────────────────────────┐ 
               0.003 │⠀⠀⠀⠀⠀⠀⠀⠀⠀⠀⠀⠀⠀⠀⠀⠀⠀⢀⠀⠀⠀⠀⡀⠀⠀⠀⠀⠀⠀⠀⠀⠀⠀⠀⠀⠀⠀⠀⠀⠀│ 
                     │⠀⠀⠀⠀⠀⠀⠀⠀⠀⠀⠀⠀⠀⠀⠀⠀⠀⢸⠀⠀⠀⠀⡇⠀⠀⠀⠀⠀⠀⠀⠀⠀⠀⠀⠀⠀⠀⠀⠀⠀│ 
                     │⠀⠀⠀⠀⠀⠀⠀⠀⠀⠀⠀⠀⠀⠀⠀⠀⠀⢸⠀⠀⠀⠀⡇⠀⠀⠀⠀⠀⠀⠀⠀⠀⠀⠀⠀⠀⠀⠀⠀⠀│ 
                     │⠀⠀⠀⠀⠀⠀⠀⠀⠀⠀⠀⠀⠀⠀⠀⠀⠀⢸⠀⠀⠀⠀⡇⠀⠀⠀⠀⠀⠀⠀⠀⠀⠀⠀⠀⠀⠀⠀⠀⠀│ 
                     │⠀⡄⠀⠀⠀⠀⠀⠀⠀⠀⠀⠀⠀⢠⠀⠀⠀⢸⡀⠀⠀⠀⡇⠀⠀⠀⡄⠀⠀⠀⠀⠀⠀⠀⠀⠀⠀⠀⢠⡀│ 
                     │⠀⡇⠀⠀⠀⠀⠀⠀⢀⠀⠀⠀⠀⢸⢸⡆⠀⢸⡇⠀⠀⠀⡇⠀⢰⡇⡇⠀⠀⠀⠀⢀⠀⠀⠀⠀⠀⠀⢸⡇│ 
                     │⢰⡇⠀⠀⠀⠀⠀⠀⣿⢀⠀⠀⠀⢸⢸⡇⠀⢸⡇⠀⠀⠀⡇⠀⢸⡇⡇⠀⠀⠀⢀⣼⠀⠀⠀⠀⠀⠀⢸⡇│ 
   Probability       │⢸⡇⠀⠀⠀⠀⠀⠀⣿⣿⠀⠀⠀⢸⢸⡇⠀⣸⡇⠀⠀⠀⣇⠀⢸⡇⡇⠀⠀⠀⣸⣿⠀⠀⠀⠀⠀⠀⢸⡇│ 
                     │⢸⡇⠀⡀⠀⢰⡇⠀⣿⣿⠀⢸⠀⢸⢸⡇⠀⣿⣧⠀⠀⡄⣿⠀⢸⡇⡇⠀⡇⠀⣿⣿⠀⢸⡆⠀⢀⠀⢸⡇│ 
                     │⢸⡇⠀⣿⠀⣸⡇⠀⣿⣿⢰⢸⢠⢸⢸⡇⠀⣿⣿⠀⠀⣿⣿⠀⢸⡇⡇⡄⡇⡆⣿⣿⠀⢸⣇⠀⢸⠀⢸⡇│ 
                     │⢸⡇⠀⣿⠀⣿⡇⠀⣿⣿⢸⣸⢸⣿⢸⡇⣤⣿⣿⠀⠀⣿⢸⣤⢸⡇⡇⡇⣇⡇⣿⣿⠀⢸⣿⠀⣼⠀⢸⡇│ 
                     │⢸⡇⡀⣿⠀⣿⡇⣀⣿⣿⣸⣿⣸⣿⣼⣿⣿⡇⣿⣷⣾⣿⢸⣿⣿⡇⣿⣇⣿⣇⣿⣿⣀⢸⣿⡇⣿⢀⢸⡇│ 
                     │⣼⣷⡇⣿⢰⣿⣿⣿⣿⣿⣿⣿⣿⣿⣿⣿⣿⡇⣿⣿⣿⣿⢸⣿⣿⡇⣿⣿⣿⣿⣿⣿⣿⣿⣿⡇⣿⣿⣿⣧│ 
                     │⣿⣿⣷⣿⣾⣿⣿⣿⣿⣿⣿⣿⣿⣿⣿⢿⣿⡇⣿⣿⣿⣿⢸⣿⡿⣷⣿⣿⣿⣿⣿⣿⣿⣿⣿⣷⣿⣿⣿⣿│ 
                   0 │⣿⢿⣿⢿⡟⡟⠿⡿⣿⢿⠟⣿⣿⣿⣿⢸⣿⠇⣿⠋⠛⣿⠸⣿⡇⣿⣿⣿⣿⠋⡟⣿⣿⡟⢿⢻⡿⣿⡿⢿│ 
                     └────────────────────────────────────────┘ 
                     ⠀0⠀⠀⠀⠀⠀⠀⠀⠀⠀⠀⠀⠀⠀⠀⠀⠀⠀⠀⠀⠀⠀⠀⠀⠀⠀⠀⠀⠀⠀⠀⠀⠀⠀⠀⠀2000⠀ 
                     ⠀⠀⠀⠀⠀⠀⠀⠀⠀⠀⠀⠀⠀⠀⠀⠀⠀Molecule⠀⠀⠀⠀⠀⠀⠀⠀⠀⠀⠀⠀⠀⠀⠀⠀⠀ 

Exciton profile at time = 28.0 ps
                     ┌────────────────────────────────────────┐ 
               0.003 │⠀⠀⠀⠀⠀⠀⠀⠀⠀⠀⠀⠀⠀⠀⠀⠀⠀⠀⠀⠀⠀⠀⠀⠀⠀⠀⠀⠀⠀⠀⠀⠀⠀⠀⠀⠀⠀⠀⠀⠀│ 
                     │⠀⠀⠀⠀⠀⠀⠀⠀⠀⠀⠀⠀⠀⠀⠀⠀⠀⠀⠀⠀⠀⠀⠀⠀⠀⠀⠀⠀⠀⠀⠀⠀⠀⠀⠀⠀⠀⠀⠀⠀│ 
                     │⠀⠀⠀⠀⠀⠀⠀⠀⠀⠀⠀⠀⠀⠀⠀⠀⠀⠀⠀⠀⠀⠀⠀⠀⠀⠀⠀⠀⠀⠀⠀⠀⠀⠀⠀⠀⠀⠀⠀⠀│ 
                     │⠀⠀⠀⠀⠀⠀⠀⠀⠀⠀⠀⠀⠀⠀⠀⠀⠀⠀⠀⠀⠀⠀⠀⠀⠀⠀⠀⠀⠀⠀⠀⠀⠀⠀⠀⠀⠀⠀⠀⠀│ 
                     │⠀⠀⠀⠀⠀⠀⠀⠀⠀⠀⡄⠀⠀⠀⠀⠀⠀⠀⠀⡄⢠⠀⠀⠀⠀⠀⠀⠀⠀⢠⡄⠀⠀⠀⠀⠀⠀⠀⠀⠀│ 
                     │⠀⠀⠀⠀⠀⠀⠀⠀⠀⢰⡇⠀⠀⡄⠀⠀⠀⠀⠀⡇⢸⠀⠀⠀⠀⠀⢠⠀⠀⢸⡇⠀⠀⠀⠀⠀⠀⠀⠀⠀│ 
                     │⠀⠀⡇⠀⠀⠀⠀⠀⠀⢸⡇⢸⢸⡇⠀⢰⣴⠀⠀⡇⢸⠀⠀⣴⡆⠀⢸⡇⡇⢸⡇⠀⠀⠀⠀⠀⠀⢸⠀⠀│ 
   Probability       │⠀⠀⡇⠀⠀⠀⠀⡇⠀⢸⡇⢸⢸⡇⠀⢸⣿⠀⠀⣷⣸⠀⠀⣿⡇⠀⢸⡇⡇⢸⡇⠀⢸⠀⠀⠀⠀⢸⠀⠀│ 
                     │⠀⠀⡇⠀⠀⣇⠀⡇⠀⣼⡇⢸⣿⡇⠀⢸⣿⠀⠀⣿⣿⠀⠀⣿⡇⠀⢸⡇⡇⢸⣧⠀⢸⡇⢸⠀⠀⢸⠀⠀│ 
                     │⠀⠀⣷⠀⠀⣿⠀⡇⡇⣿⡇⣾⣿⡇⠀⢸⣿⠀⡇⣿⣿⢸⠀⣿⡇⠀⢸⣇⣷⢸⣿⢸⢸⡇⢸⠀⠀⢸⠀⠀│ 
                     │⠀⠀⣿⢀⡆⣿⢰⡇⡇⣿⡇⣿⣿⣷⠀⢸⣿⢸⣇⣿⣿⢸⣿⣿⡇⠀⣾⣿⣿⢸⣿⢸⣼⡇⣿⢰⡀⢸⠀⠀│ 
                     │⣇⢠⣿⣼⣧⣿⢸⣇⡇⣿⣧⣿⣿⣿⡄⢸⣿⣾⣿⣿⣿⢸⣿⣿⡇⢠⣿⣿⣿⣼⣿⢸⣿⡇⣿⣼⣧⣸⡄⣸│ 
                     │⣿⢸⣿⣿⣿⣿⢸⣿⣷⣿⣿⣿⣿⣿⣷⣸⣿⣿⣿⣿⣿⣿⣿⣿⣇⣾⣿⣿⣿⣿⣿⣾⣿⡇⡏⣿⣿⣿⡇⣿│ 
                     │⣿⣾⣿⣿⣿⢸⢸⣿⣿⣿⣿⡏⣿⣿⣿⣿⣿⣿⣿⣿⣿⣿⣿⣿⣿⣿⣿⣿⢸⣿⣿⣿⣿⡇⡇⣿⣿⣿⣷⣿│ 
                   0 │⢿⡿⡏⢸⠻⠸⣿⢸⡿⣿⣿⡇⠸⣿⣿⣿⢹⡿⢿⡿⠇⡿⢿⡏⣿⢿⣿⠟⢸⢿⣿⢿⡇⣿⡇⠿⡏⢹⢿⣿│ 
                     └────────────────────────────────────────┘ 
                     ⠀0⠀⠀⠀⠀⠀⠀⠀⠀⠀⠀⠀⠀⠀⠀⠀⠀⠀⠀⠀⠀⠀⠀⠀⠀⠀⠀⠀⠀⠀⠀⠀⠀⠀⠀⠀2000⠀ 
                     ⠀⠀⠀⠀⠀⠀⠀⠀⠀⠀⠀⠀⠀⠀⠀⠀⠀Molecule⠀⠀⠀⠀⠀⠀⠀⠀⠀⠀⠀⠀⠀⠀⠀⠀⠀ 

Exciton profile at time = 29.0 ps
                     ┌────────────────────────────────────────┐ 
               0.003 │⠀⠀⠀⠀⠀⠀⠀⠀⠀⠀⠀⠀⠀⠀⠀⠀⠀⠀⠀⠀⠀⠀⠀⠀⠀⠀⠀⠀⠀⠀⠀⠀⠀⠀⠀⠀⠀⠀⠀⠀│ 
                     │⠀⠀⠀⠀⠀⠀⠀⠀⠀⠀⠀⠀⠀⠀⠀⠀⠀⠀⠀⠀⠀⠀⠀⠀⠀⠀⠀⠀⠀⠀⠀⠀⠀⠀⠀⠀⠀⠀⠀⠀│ 
                     │⠀⠀⠀⠀⠀⠀⡄⠀⠀⠀⠀⠀⠀⠀⠀⠀⠀⠀⠀⠀⠀⠀⠀⠀⠀⠀⠀⠀⠀⠀⠀⠀⠀⠀⡄⠀⠀⠀⠀⠀│ 
                     │⠀⠀⠀⠀⠀⢸⡇⠀⠀⡆⠀⠀⠀⠀⠀⠀⠀⠀⠀⠀⠀⠀⠀⠀⠀⠀⠀⠀⠀⠀⢰⠀⠀⢸⡇⠀⠀⠀⠀⠀│ 
                     │⠀⠀⠀⠀⠀⢸⡇⠀⠀⡇⠀⠀⠀⠀⠀⠀⠀⠀⠀⠀⠀⠀⠀⠀⠀⠀⠀⠀⠀⠀⢸⠀⠀⢸⡇⠀⠀⠀⠀⠀│ 
                     │⠀⠀⠀⠀⡄⢸⡇⠀⠀⡇⠀⠀⡄⠀⣦⡀⢀⡄⠀⠀⠀⠀⢠⡀⠀⣴⠀⢠⠀⠀⢸⠀⠀⢸⡇⢠⠀⠀⠀⠀│ 
                     │⠀⠀⠀⠀⡇⢸⡇⠀⠀⡇⠀⠀⡇⠀⣿⡇⢸⡇⡀⠀⠀⢀⢸⡇⠀⣿⠀⢸⠀⠀⢸⠀⠀⢸⡇⢸⠀⠀⠀⠀│ 
   Probability       │⠀⠀⠀⠀⡇⢸⡇⠀⠀⡇⠀⠀⡇⠀⣿⡇⢸⡇⡇⠀⠀⢸⢸⡇⠀⣿⠀⢸⡀⠀⢸⠀⠀⢸⡇⢸⠀⠀⠀⠀│ 
                     │⠀⠀⠀⠀⡇⢸⡇⢰⡄⡇⠀⡇⣇⢠⣿⡇⢸⡇⡇⠀⠀⢸⢸⡇⢸⣿⣤⢸⣿⠀⢸⠀⡆⢸⡇⢸⠀⠀⠀⠀│ 
                     │⣾⡇⠀⢰⡇⢸⡇⢸⡇⣿⠀⡇⣿⣾⣿⡇⢸⣷⡇⠀⠀⢸⣾⡇⢸⣿⣿⢸⣿⠀⣿⢰⡇⢸⡇⢸⡇⠀⢸⣧│ 
                     │⣿⡇⢀⢸⣇⢸⡇⢸⣿⣿⠀⣿⣿⣿⣿⡇⣿⣿⣇⡇⢸⣸⣿⣿⢸⣿⣿⢸⣿⠀⣿⣿⡇⢸⡇⢸⡇⡀⢸⣿│ 
                     │⣿⣧⣸⢸⣿⢸⡇⣸⣿⣿⡇⣿⣿⣿⣿⣷⣿⣿⣿⡇⢸⣿⣿⣿⣾⣿⣿⣾⣿⡄⣿⣿⡇⣸⡇⢸⡇⣇⣼⣿│ 
                     │⣿⣿⣿⣼⢿⢸⣿⣿⣿⣿⣇⣿⢿⣿⣿⣿⣿⣿⣿⡇⢸⣿⣿⣿⣿⣿⣿⡿⣿⣇⣿⣿⣿⣿⡇⢸⣧⣿⣿⣿│ 
                     │⣿⣿⣿⣿⢸⣼⣿⣿⣿⣿⣿⣿⢸⣿⣿⣿⣿⣿⣿⣷⣾⣿⣿⣿⣿⣿⣿⡇⣿⣿⣿⣿⣿⣿⣧⡏⣿⣿⣿⣿│ 
                   0 │⢹⣿⢹⡿⢸⣿⣿⢻⡿⠃⣿⢸⢸⣿⡿⣿⣿⠻⣿⣿⣿⣿⠟⣿⣿⢿⣿⡇⡏⣿⠘⢿⡟⣿⣿⡇⢿⡏⣿⡏│ 
                     └────────────────────────────────────────┘ 
                     ⠀0⠀⠀⠀⠀⠀⠀⠀⠀⠀⠀⠀⠀⠀⠀⠀⠀⠀⠀⠀⠀⠀⠀⠀⠀⠀⠀⠀⠀⠀⠀⠀⠀⠀⠀⠀2000⠀ 
                     ⠀⠀⠀⠀⠀⠀⠀⠀⠀⠀⠀⠀⠀⠀⠀⠀⠀Molecule⠀⠀⠀⠀⠀⠀⠀⠀⠀⠀⠀⠀⠀⠀⠀⠀⠀ 

Exciton profile at time = 30.0 ps
                     ┌────────────────────────────────────────┐ 
               0.004 │⠀⠀⠀⠀⠀⠀⠀⠀⠀⠀⠀⠀⠀⠀⠀⠀⠀⠀⠀⠀⠀⠀⠀⠀⠀⠀⠀⠀⠀⠀⠀⠀⠀⠀⠀⠀⠀⠀⠀⠀│ 
                     │⠀⠀⠀⠀⠀⠀⠀⠀⠀⠀⠀⠀⠀⠀⠀⠀⠀⠀⠀⠀⠀⠀⠀⠀⠀⠀⠀⠀⠀⠀⠀⠀⠀⠀⠀⠀⠀⠀⠀⠀│ 
                     │⠀⠀⠀⠀⠀⠀⠀⠀⠀⠀⠀⠀⠀⠀⠀⠀⠀⠀⠀⠀⠀⠀⠀⠀⠀⠀⠀⠀⠀⠀⠀⠀⠀⠀⠀⠀⠀⠀⠀⠀│ 
                     │⠀⠀⠀⡆⠀⠀⠀⠀⠀⠀⠀⠀⠀⠀⠀⠀⠀⠀⠀⠀⠀⠀⠀⠀⠀⠀⠀⠀⠀⠀⠀⠀⠀⠀⠀⠀⢰⠀⠀⠀│ 
                     │⠀⠀⠀⡇⠀⠀⠀⠀⠀⠀⠀⠀⠀⠀⠀⠀⠀⠀⠀⠀⠀⠀⠀⠀⠀⠀⠀⠀⠀⠀⠀⠀⠀⠀⠀⠀⢸⠀⠀⠀│ 
                     │⠀⠀⠀⡇⠀⠀⠀⠀⠀⠀⠀⠀⠀⠀⠀⠀⠀⠀⠀⠀⠀⠀⠀⠀⠀⠀⠀⠀⠀⠀⠀⠀⠀⠀⠀⠀⢸⠀⠀⠀│ 
                     │⠀⠀⠀⡇⠀⠀⠀⠀⠀⠀⠀⠀⠀⢠⠀⠀⠀⠀⠀⠀⠀⠀⠀⠀⠀⠀⡄⠀⠀⠀⠀⠀⠀⠀⠀⠀⢸⠀⠀⠀│ 
   Probability       │⠀⠀⠀⡇⠀⠀⠀⠀⠀⠀⠀⠀⠀⢸⠀⠀⡀⠀⠀⠀⠀⠀⠀⢀⠀⠀⡇⠀⠀⠀⠀⠀⠀⠀⠀⠀⢸⠀⠀⠀│ 
                     │⠀⠀⠀⣧⡄⠀⠀⠀⠀⠀⠀⠀⠀⢸⠀⡀⡇⠀⠀⢰⡆⠀⠀⢸⢀⠀⡇⠀⠀⠀⠀⠀⠀⠀⠀⢠⢸⠀⠀⠀│ 
                     │⠀⠀⠀⣿⡇⠀⠀⢠⢀⣇⠀⢠⠀⢸⠀⡇⣿⡇⠀⢸⡇⠀⠀⣿⢸⠀⡇⠀⡄⠀⢸⡀⡄⠀⠀⢸⢸⠀⠀⠀│ 
                     │⡀⡆⠀⣿⡇⡇⢸⢸⢸⣿⠀⢸⡄⢸⠀⡇⣿⡇⠀⢸⡇⠀⢰⣿⢸⠀⡇⠀⡇⠀⢸⣿⡇⡇⢸⢸⢸⠀⢰⢀│ 
                     │⡇⡇⢠⣿⡇⡇⢸⢸⣾⣿⣦⢸⡇⣿⠀⡇⣿⡇⠀⢸⡇⠀⢸⣿⢸⠀⣿⠀⡇⣴⣼⣿⡇⡇⢸⢸⣿⡄⢸⢸│ 
                     │⡇⣇⣸⣿⣧⡇⣼⣾⣿⣿⣿⢸⣿⣿⣇⣇⣿⡇⣼⣾⣷⣧⢸⣿⢸⣰⣿⣾⡇⣿⣿⣿⣇⣧⢸⣼⣿⣧⣸⢸│ 
                     │⣿⣿⣿⣿⣿⣷⣿⣿⡇⣿⣿⣾⣿⣿⣿⣿⣿⣿⣿⣿⣿⣿⣿⣿⣾⣿⣿⣿⢳⣿⣿⢸⣿⣿⣾⣿⣿⣿⣿⣿│ 
                   0 │⢿⣿⣿⢻⡿⣿⡿⡟⡇⣿⣿⡟⣿⣿⣿⣿⣿⢹⣿⣿⣿⣿⡿⣿⣿⢻⣿⣿⢸⣿⣿⢸⢻⢻⣿⣿⡟⣿⣿⡿│ 
                     └────────────────────────────────────────┘ 
                     ⠀0⠀⠀⠀⠀⠀⠀⠀⠀⠀⠀⠀⠀⠀⠀⠀⠀⠀⠀⠀⠀⠀⠀⠀⠀⠀⠀⠀⠀⠀⠀⠀⠀⠀⠀⠀2000⠀ 
                     ⠀⠀⠀⠀⠀⠀⠀⠀⠀⠀⠀⠀⠀⠀⠀⠀⠀Molecule⠀⠀⠀⠀⠀⠀⠀⠀⠀⠀⠀⠀⠀⠀⠀⠀⠀ 

Exciton profile at time = 31.0 ps
                     ┌────────────────────────────────────────┐ 
               0.004 │⠀⠀⠀⠀⠀⠀⠀⠀⠀⠀⠀⠀⠀⠀⠀⠀⠀⠀⠀⠀⠀⠀⠀⠀⠀⠀⠀⠀⠀⠀⠀⠀⠀⠀⠀⠀⠀⠀⠀⠀│ 
                     │⠀⠀⠀⠀⠀⠀⠀⠀⠀⠀⠀⠀⠀⠀⠀⠀⠀⠀⠀⠀⠀⠀⠀⠀⠀⠀⠀⠀⠀⠀⠀⠀⠀⠀⠀⠀⠀⠀⠀⠀│ 
                     │⠀⠀⠀⠀⠀⠀⠀⠀⠀⠀⠀⠀⠀⠀⠀⠀⠀⠀⠀⠀⠀⠀⠀⠀⠀⠀⠀⠀⠀⠀⠀⠀⠀⠀⠀⠀⠀⠀⠀⠀│ 
                     │⠀⠀⠀⠀⠀⠀⠀⠀⠀⠀⠀⠀⠀⠀⠀⢠⠀⠀⠀⠀⠀⠀⠀⠀⢠⠀⠀⠀⠀⠀⠀⠀⠀⠀⠀⠀⠀⠀⠀⠀│ 
                     │⠀⠀⠀⠀⠀⠀⠀⠀⠀⠀⠀⠀⠀⠀⠀⣿⠀⠀⠀⠀⠀⠀⠀⠀⣿⠀⠀⠀⠀⠀⠀⠀⠀⠀⠀⠀⠀⠀⠀⠀│ 
                     │⠀⠀⠀⠀⠀⠀⠀⠀⠀⠀⠀⠀⠀⠀⠀⣿⠀⠀⠀⠀⠀⠀⠀⠀⣿⠀⠀⠀⠀⠀⠀⠀⠀⠀⠀⠀⠀⠀⠀⠀│ 
                     │⠀⠀⠀⠀⠀⠀⠀⠀⠀⠀⠀⠀⠀⠀⠀⣿⠀⠀⠀⠀⠀⠀⠀⠀⣿⠀⠀⠀⠀⠀⠀⠀⠀⠀⠀⠀⠀⠀⠀⠀│ 
   Probability       │⠀⠀⠀⠀⠀⢠⠀⠀⠀⠀⠀⠀⡄⠀⢀⣿⠀⠀⠀⠀⠀⠀⠀⠀⣿⡀⠀⢠⠀⠀⠀⠀⠀⠀⡄⠀⠀⠀⠀⠀│ 
                     │⡆⠀⠀⠀⠀⢸⠀⠀⢠⠀⠀⠀⡇⠀⢸⣿⠀⠀⠀⠀⠀⠀⠀⠀⣿⡇⠀⢸⠀⠀⠀⡄⠀⠀⡇⠀⠀⠀⠀⢠│ 
                     │⡇⢠⠀⠀⠀⢸⠀⠀⢸⢀⣇⠀⡇⠀⢸⣿⠀⠀⠀⠀⠀⠀⠀⠀⣿⡇⠀⢸⠀⣸⡇⡇⠀⠀⡇⠀⠀⠀⡄⢸│ 
                     │⡇⢸⠀⠀⡄⢸⣾⠀⢸⢸⣿⢀⡇⢀⢸⣿⢠⣀⠀⠀⠀⠀⢀⣄⣿⡇⡀⢸⡆⣿⡇⡇⠀⣾⡇⢠⠀⠀⡇⢸│ 
                     │⣇⢸⡇⢰⡇⢸⣿⠀⢸⢸⣿⣿⡇⣾⣾⣿⢸⣿⣦⠀⠀⣤⣾⣿⣿⣷⣷⢸⣿⣿⡇⡇⠀⣿⡇⢸⣆⢸⡇⢸│ 
                     │⣿⢸⣿⣼⣷⢸⣿⣧⢸⣸⣿⣿⣇⣿⣿⣿⣿⣿⣿⠀⠀⣿⣿⣿⣿⣿⣿⣼⣿⣿⣇⡇⣤⣿⡇⣾⣿⣿⣧⣾│ 
                     │⣿⣿⣿⣿⣿⣿⣿⣿⣾⣿⣿⣿⣿⣿⣿⣿⣿⣿⣿⠀⠀⣿⣿⣿⣿⣿⣿⣿⣿⣿⣿⣷⣿⣿⣿⣿⣿⣿⣿⣿│ 
                   0 │⢿⡟⡿⡇⡿⣿⣿⢿⣿⣿⢿⣿⢿⣿⡟⡿⣿⣿⢿⣷⣿⡿⣿⣿⢿⡟⣿⡿⣿⡿⢿⣿⡿⣿⣿⢻⢿⣿⢿⡿│ 
                     └────────────────────────────────────────┘ 
                     ⠀0⠀⠀⠀⠀⠀⠀⠀⠀⠀⠀⠀⠀⠀⠀⠀⠀⠀⠀⠀⠀⠀⠀⠀⠀⠀⠀⠀⠀⠀⠀⠀⠀⠀⠀⠀2000⠀ 
                     ⠀⠀⠀⠀⠀⠀⠀⠀⠀⠀⠀⠀⠀⠀⠀⠀⠀Molecule⠀⠀⠀⠀⠀⠀⠀⠀⠀⠀⠀⠀⠀⠀⠀⠀⠀ 

Exciton profile at time = 32.0 ps
                     ┌────────────────────────────────────────┐ 
               0.004 │⠀⠀⠀⠀⠀⠀⠀⠀⠀⠀⠀⠀⠀⠀⠀⠀⠀⠀⠀⠀⠀⠀⠀⠀⠀⠀⠀⠀⠀⠀⠀⠀⠀⠀⠀⠀⠀⠀⠀⠀│ 
                     │⠀⠀⠀⠀⠀⠀⠀⠀⠀⠀⠀⠀⠀⠀⠀⠀⠀⠀⠀⠀⠀⠀⠀⠀⠀⠀⠀⠀⠀⠀⠀⠀⠀⠀⠀⠀⠀⠀⠀⠀│ 
                     │⠀⠀⠀⠀⠀⠀⠀⠀⠀⠀⠀⠀⠀⠀⠀⠀⠀⠀⠀⠀⠀⠀⠀⠀⠀⠀⠀⠀⠀⠀⠀⠀⠀⠀⠀⠀⠀⠀⠀⠀│ 
                     │⠀⠀⠀⠀⠀⠀⠀⠀⠀⠀⠀⠀⠀⠀⠀⠀⠀⡄⠀⠀⠀⠀⢠⠀⠀⠀⠀⠀⠀⠀⠀⠀⠀⠀⠀⠀⠀⠀⠀⠀│ 
                     │⠀⠀⢠⠀⠀⠀⠀⠀⠀⠀⠀⠀⠀⠀⠀⠀⠀⡇⠀⠀⠀⠀⢸⠀⠀⠀⠀⠀⠀⠀⠀⠀⠀⠀⠀⠀⠀⡄⠀⠀│ 
                     │⠀⠀⢸⠀⠀⠀⠀⠀⠀⠀⠀⠀⠀⠀⠀⠀⠀⡇⠀⠀⠀⠀⢸⠀⠀⠀⠀⠀⠀⠀⠀⠀⠀⠀⠀⠀⠀⡇⠀⠀│ 
                     │⠀⠀⢸⡄⠀⠀⠀⠀⠀⠀⠀⠀⠀⠀⠀⠀⠀⡇⠀⠀⠀⠀⢸⠀⠀⠀⠀⠀⠀⠀⠀⠀⠀⠀⠀⠀⠀⡇⠀⠀│ 
   Probability       │⠀⠀⢸⡇⠀⠀⠀⠀⠀⠀⠀⠀⠀⠀⠀⠀⠀⡇⠀⠀⠀⠀⢸⠀⠀⠀⠀⠀⠀⠀⠀⠀⠀⠀⠀⠀⠀⡇⠀⠀│ 
                     │⢰⡀⢸⡇⠀⠀⡇⠀⠀⢸⠀⢰⠀⠀⠀⠀⠀⡇⠀⠀⠀⠀⢸⠀⠀⠀⠀⠀⡆⠀⣿⠀⠀⢸⠀⠀⠀⡇⠀⡆│ 
                     │⢸⡇⢸⡇⠀⠀⡇⠀⠀⣿⠀⢸⠀⠀⠀⡇⠀⣇⠀⠀⠀⠀⣸⠀⢸⠀⠀⠀⡇⠀⣿⠀⠀⢸⠀⠀⢰⡇⠀⡇│ 
                     │⢸⡇⢸⡇⠀⠀⡇⠀⠀⣿⠀⢸⡄⠀⠀⡇⠀⣿⠀⠀⠀⠀⣿⠀⢸⠀⠀⢠⡇⠀⣿⠀⠀⢸⡀⠀⢸⡇⢰⡇│ 
                     │⢸⡇⢸⡇⠀⢀⣧⢰⣠⣿⠀⣾⡇⣇⣀⡇⡀⣿⡇⣶⣷⢸⣿⢀⢸⣀⢸⢸⣷⠀⣿⣇⡆⣼⣇⠀⢸⡇⢸⡇│ 
                     │⢸⡇⢸⡇⣠⣿⣿⣾⣿⣿⣷⣿⣧⣿⣿⣧⣧⣿⣇⣿⣿⣼⣿⣼⣼⣿⣼⣼⣿⣾⣿⣿⣷⣿⣿⣤⢸⣇⢸⡇│ 
                     │⣾⣧⣿⡇⣿⣿⣿⣿⣿⡿⣿⣿⣿⣿⣿⣿⣿⣿⣿⣿⣿⣿⡟⣿⣿⣿⣿⣿⣿⣿⣿⣿⣿⣿⣿⣿⢸⣿⣾⣷│ 
                   0 │⡟⣿⢸⢧⣿⠟⣿⠿⢻⡇⣿⡿⢿⣿⣿⠟⢿⢿⣿⢻⡟⣿⡇⡿⠿⣿⣿⡿⢿⣿⢿⣿⠿⣿⠛⣿⣼⡇⣿⢻│ 
                     └────────────────────────────────────────┘ 
                     ⠀0⠀⠀⠀⠀⠀⠀⠀⠀⠀⠀⠀⠀⠀⠀⠀⠀⠀⠀⠀⠀⠀⠀⠀⠀⠀⠀⠀⠀⠀⠀⠀⠀⠀⠀⠀2000⠀ 
                     ⠀⠀⠀⠀⠀⠀⠀⠀⠀⠀⠀⠀⠀⠀⠀⠀⠀Molecule⠀⠀⠀⠀⠀⠀⠀⠀⠀⠀⠀⠀⠀⠀⠀⠀⠀ 

Exciton profile at time = 33.0 ps
                     ┌────────────────────────────────────────┐ 
               0.003 │⠀⠀⠀⠀⠀⠀⠀⠀⠀⠀⠀⠀⠀⠀⠀⠀⠀⠀⠀⠀⠀⠀⠀⠀⠀⠀⠀⠀⠀⠀⠀⠀⠀⠀⠀⠀⠀⠀⠀⠀│ 
                     │⠀⠀⠀⠀⠀⠀⠀⠀⠀⠀⠀⠀⠀⠀⠀⣶⠀⠀⠀⠀⠀⠀⠀⠀⣶⠀⠀⠀⠀⠀⠀⠀⠀⠀⠀⠀⠀⠀⠀⠀│ 
                     │⠀⠀⠀⠀⠀⠀⠀⠀⠀⠀⠀⠀⠀⠀⠀⣿⠀⠀⠀⠀⠀⠀⠀⠀⣿⠀⠀⠀⠀⠀⠀⠀⠀⠀⠀⠀⠀⠀⠀⠀│ 
                     │⠀⠀⠀⠀⠀⠀⠀⠀⠀⠀⠀⠀⠀⠀⠀⣿⠀⠀⠀⠀⠀⠀⠀⠀⣿⠀⠀⠀⠀⠀⠀⠀⠀⠀⠀⠀⠀⠀⠀⠀│ 
                     │⡄⠀⠀⠀⠀⠀⠀⠀⠀⠀⠀⠀⠀⠀⠀⣿⠀⠀⠀⠀⠀⠀⠀⠀⣿⠀⠀⠀⠀⠀⠀⠀⠀⠀⠀⠀⠀⠀⠀⠀│ 
                     │⡇⠀⠀⠀⠀⠀⠀⠀⠀⠀⠀⠀⠀⠀⠀⣿⠀⠀⠀⠀⠀⠀⠀⠀⣿⠀⠀⠀⠀⠀⠀⠀⠀⠀⠀⠀⠀⠀⠀⢸│ 
                     │⡇⠀⠀⠀⠀⠀⡀⠀⠀⠀⠀⠀⠀⢀⠀⣿⠀⠀⡆⠀⠀⢰⠀⠀⣿⠀⡀⠀⠀⠀⠀⠀⠀⢀⠀⠀⠀⠀⠀⢸│ 
   Probability       │⡇⠀⠀⠀⠀⢰⡇⠀⠀⢸⠀⠀⢀⢸⠀⣿⡆⠀⡇⠀⠀⢸⠀⢰⣿⠀⡇⡀⠀⠀⡇⠀⠀⢸⡆⠀⠀⠀⠀⢸│ 
                     │⡇⠀⠀⠀⠀⣾⡇⠀⠀⢸⠀⠀⣿⢸⠀⣿⡇⠀⡇⠀⠀⢸⠀⢸⣿⠀⡇⣿⠀⠀⡇⠀⠀⢸⣷⠀⠀⠀⠀⢸│ 
                     │⡇⠀⠀⠀⣷⣿⡇⡆⠀⣿⠀⠀⣿⢸⠀⣿⡇⠀⡇⠀⠀⢸⠀⢸⣿⠀⡇⣿⠀⠀⣿⠀⢰⣾⣿⣾⠀⠀⠀⢸│ 
                     │⡇⣷⡀⢸⣿⣿⣷⣷⢸⣿⠀⢀⣿⢸⠀⣿⣿⣾⣇⡄⢠⣸⣷⣿⣿⠀⡇⣿⡀⠀⣿⡇⣾⣿⣿⣿⡇⢀⣾⢸│ 
                     │⡇⣿⡇⢸⣿⣿⣿⣿⢸⣿⣧⢸⣿⢸⣠⣿⣿⣿⣿⡇⢸⣿⣿⣿⣿⣄⡇⣿⣷⢸⣿⣿⣿⣿⣿⣿⡇⢸⣿⢸│ 
                     │⡇⣿⣇⣸⣿⣿⣿⣿⣼⣿⣿⣿⣿⣾⣿⣿⣿⣿⣿⣇⣸⣿⣿⣿⣿⣿⣷⣿⣿⣼⣿⣿⣿⣿⣿⣿⣇⣸⣿⢸│ 
                     │⣿⣿⣿⣿⣿⣿⢻⣿⡟⣿⣿⣿⣿⣿⣿⣿⣿⣿⣿⣿⣿⣿⣿⣿⣿⣿⣿⣿⣿⣿⣿⢻⣿⡿⣿⣿⣿⣿⣿⣿│ 
                   0 │⢹⡇⣿⢿⡿⡿⠘⣿⡇⠏⡟⡿⡟⣿⡏⠿⣿⢿⡿⠋⠙⢿⡿⢿⡿⢹⣿⢻⣿⢻⡿⢸⣿⠃⠻⣿⡿⣿⢹⣿│ 
                     └────────────────────────────────────────┘ 
                     ⠀0⠀⠀⠀⠀⠀⠀⠀⠀⠀⠀⠀⠀⠀⠀⠀⠀⠀⠀⠀⠀⠀⠀⠀⠀⠀⠀⠀⠀⠀⠀⠀⠀⠀⠀⠀2000⠀ 
                     ⠀⠀⠀⠀⠀⠀⠀⠀⠀⠀⠀⠀⠀⠀⠀⠀⠀Molecule⠀⠀⠀⠀⠀⠀⠀⠀⠀⠀⠀⠀⠀⠀⠀⠀⠀ 

Exciton profile at time = 34.0 ps
                     ┌────────────────────────────────────────┐ 
               0.003 │⠀⠀⠀⠀⠀⠀⠀⠀⠀⠀⠀⠀⠀⠀⠀⠀⠀⠀⠀⠀⡀⠀⠀⠀⠀⠀⠀⠀⠀⠀⠀⠀⠀⠀⠀⠀⠀⠀⠀⠀│ 
                     │⠀⠀⠀⠀⠀⠀⠀⠀⠀⠀⠀⢀⠀⠀⠀⠀⠀⠀⠀⢰⡇⠀⠀⠀⠀⠀⠀⠀⢀⠀⠀⠀⠀⠀⠀⠀⠀⠀⠀⠀│ 
                     │⠀⠀⠀⠀⠀⠀⠀⠀⠀⠀⠀⣾⠀⠀⠀⠀⠀⠀⠀⢸⡇⠀⠀⠀⠀⠀⠀⠀⣿⠀⠀⠀⠀⠀⠀⠀⠀⠀⠀⠀│ 
                     │⠀⡄⠀⠀⣧⠀⠀⠀⠀⠀⠀⣿⠀⠀⠀⠀⠀⠀⠀⢸⡇⠀⠀⠀⠀⠀⠀⠀⣿⠀⠀⠀⠀⠀⠀⢸⠀⠀⢠⠀│ 
                     │⠀⡇⠀⠀⣿⠀⠀⠀⠀⠀⠀⣿⠀⠀⠀⠀⠀⠀⠀⢸⡇⠀⠀⠀⠀⠀⠀⠀⣿⠀⠀⠀⠀⠀⠀⢸⠀⠀⢸⠀│ 
                     │⠀⡇⢸⠀⣿⠀⠀⠀⠀⠀⠀⣿⠀⡀⠀⠀⠀⠀⣀⢸⡇⢀⠀⠀⠀⠀⢀⠀⣿⠀⠀⠀⠀⠀⠀⣼⠀⡇⢸⠀│ 
                     │⠀⡇⢸⠀⣿⠀⠀⠀⠀⠀⠀⣿⠀⡇⠀⠀⠀⠀⣿⢸⡇⢸⠀⠀⠀⠀⢸⠀⣿⠀⠀⠀⠀⠀⠀⣿⠀⡇⢸⠀│ 
   Probability       │⢰⡇⢸⠀⣿⠀⠀⠀⠀⣄⡀⣿⠀⡇⠀⠀⠀⠀⣿⢸⡇⣸⠀⠀⠀⠀⢸⠀⣿⠀⣠⠀⠀⠀⠀⣿⠀⡇⢸⡆│ 
                     │⢸⡇⢸⡀⣿⠀⠀⡄⣿⣿⣇⣿⠀⣧⠀⠀⡇⠀⣿⢸⡇⣿⠀⢸⠀⠀⣼⠀⣿⣠⣿⣸⢠⠀⠀⣿⢀⡇⢸⡇│ 
                     │⢸⡇⢸⡇⣿⡀⠀⣧⣿⣿⣿⣿⠀⣿⠀⠀⡇⠀⣿⢸⡇⣿⠀⢸⠀⠀⣿⠀⣿⣿⣿⣿⣼⠀⢀⣿⢸⡇⢸⡇│ 
                     │⢸⡇⢸⡇⣿⡇⣄⣿⣿⣿⣿⣿⡆⣿⡄⣇⣇⠀⣿⣾⣿⣿⠀⣸⣸⢠⣿⢰⣿⣿⣿⣿⣿⣠⣼⣿⢸⡇⢸⡇│ 
                     │⣼⡇⢸⡇⣿⣷⣿⣿⣿⣿⣿⣿⡇⣿⡇⣿⣿⣰⣿⣿⣿⣿⣆⣿⣿⢸⣿⢸⣿⣿⣿⣿⣿⣿⣿⣿⢸⡇⢸⣧│ 
                     │⣿⣿⢸⡇⣿⣿⣿⣿⣿⣿⣿⣿⡇⣿⡇⣿⣿⣿⣿⣿⣿⣿⣿⣿⣿⣿⣿⣿⣿⣿⣿⣿⣿⣿⣿⣿⢸⡇⢸⣿│ 
                     │⣿⣿⣾⡇⣿⣿⣿⣿⣿⣿⣿⣿⣿⣿⣷⣿⣿⣿⣿⣿⣿⣿⣿⣿⣿⣿⣿⣿⣿⣿⣿⣿⣿⣿⣿⣿⢸⣷⣼⣿│ 
                   0 │⢿⣿⢻⣿⡟⣿⠟⢻⣿⢿⣿⡿⢿⣿⢿⣿⣿⣿⣿⣿⣿⣿⣿⣿⣿⣿⣿⡿⢿⣿⡿⣿⡟⠹⣿⠻⣿⡟⣿⡿│ 
                     └────────────────────────────────────────┘ 
                     ⠀0⠀⠀⠀⠀⠀⠀⠀⠀⠀⠀⠀⠀⠀⠀⠀⠀⠀⠀⠀⠀⠀⠀⠀⠀⠀⠀⠀⠀⠀⠀⠀⠀⠀⠀⠀2000⠀ 
                     ⠀⠀⠀⠀⠀⠀⠀⠀⠀⠀⠀⠀⠀⠀⠀⠀⠀Molecule⠀⠀⠀⠀⠀⠀⠀⠀⠀⠀⠀⠀⠀⠀⠀⠀⠀ 

Exciton profile at time = 35.0 ps
                     ┌────────────────────────────────────────┐ 
               0.004 │⠀⠀⠀⠀⠀⠀⠀⠀⠀⠀⠀⠀⠀⠀⠀⡀⠀⠀⠀⠀⠀⠀⠀⠀⢀⠀⠀⠀⠀⠀⠀⠀⠀⠀⠀⠀⠀⠀⠀⠀│ 
                     │⠀⠀⠀⠀⠀⠀⠀⠀⠀⠀⠀⠀⠀⠀⠀⡇⠀⠀⠀⠀⠀⠀⠀⠀⢸⠀⠀⠀⠀⠀⠀⠀⠀⠀⠀⠀⠀⠀⠀⠀│ 
                     │⠀⠀⠀⠀⠀⠀⠀⠀⠀⠀⠀⠀⠀⠀⠀⡇⠀⠀⠀⠀⠀⠀⠀⠀⢸⠀⠀⠀⠀⠀⠀⠀⠀⠀⠀⠀⠀⠀⠀⠀│ 
                     │⠀⠀⠀⠀⠀⠀⠀⠀⠀⠀⠀⠀⠀⠀⠀⡇⠀⠀⠀⠀⠀⠀⠀⠀⢸⠀⠀⠀⠀⠀⠀⠀⠀⠀⠀⠀⠀⠀⠀⠀│ 
                     │⠀⠀⠀⠀⠀⠀⠀⠀⠀⠀⠀⠀⠀⠀⠀⡇⠀⠀⠀⠀⠀⠀⠀⠀⢸⠀⠀⠀⠀⠀⠀⠀⠀⠀⠀⠀⠀⠀⠀⠀│ 
                     │⠀⠀⠀⠀⠀⠀⠀⠀⠀⠀⠀⠀⠀⠀⠀⡇⠀⠀⠀⠀⠀⠀⠀⠀⢸⠀⠀⠀⠀⠀⠀⠀⠀⠀⠀⠀⠀⠀⠀⠀│ 
                     │⠀⠀⠀⠀⠀⠀⠀⠀⠀⠀⠀⠀⠀⠀⠀⡇⠀⠀⠀⠀⠀⠀⠀⠀⢸⠀⠀⠀⠀⠀⠀⠀⠀⠀⠀⠀⠀⠀⠀⠀│ 
   Probability       │⠀⠀⠀⠀⣼⡇⠀⠀⠀⠀⠀⠀⠀⠀⠀⣷⠀⢰⠀⠀⠀⠀⡆⠀⣾⠀⠀⠀⠀⠀⠀⠀⠀⠀⢸⣧⠀⠀⠀⠀│ 
                     │⠀⠀⠀⠀⣿⡇⠀⠀⠀⢠⠀⠀⠀⢀⠀⣿⠀⢸⠀⠀⠀⠀⡇⠀⣿⠀⡀⠀⠀⠀⡄⠀⠀⠀⢸⣿⠀⠀⠀⠀│ 
                     │⠀⠀⠀⠀⣿⡇⠀⠀⠀⣼⠀⢀⠀⢸⠀⣿⠀⢸⠀⠀⠀⠀⡇⠀⣿⠀⡇⠀⡀⠀⣧⠀⠀⠀⢸⣿⠀⠀⠀⠀│ 
                     │⡇⢠⠀⠀⣿⡇⠀⠀⢠⣿⠀⣾⡆⢸⠀⣿⠀⣾⢠⠀⠀⣤⣷⠀⣿⠀⡇⠀⣷⠀⣿⡄⠀⠀⢸⣿⡄⠀⣤⢸│ 
                     │⡇⣾⠀⠀⣿⡇⢠⠀⣼⣿⠀⣿⣧⢸⢠⣿⢀⣿⣸⠀⠀⣿⣿⡀⣿⡄⡇⣠⣿⠀⣿⣷⠀⡄⢸⣿⡇⠀⣿⢸│ 
                     │⡇⣿⡇⢸⣿⡇⢸⠀⣿⣿⣰⣿⣿⣿⢸⣿⣾⣿⣿⡆⢰⣿⣿⣷⣿⡇⣧⣿⣿⣶⣿⣿⡆⣿⢸⣿⡇⠀⣿⢸│ 
                     │⣿⣿⣿⣿⣿⣿⣿⣿⣿⣿⣿⣿⣿⣿⣿⣿⣿⣿⣿⡇⢸⣿⣿⣿⣿⣿⣿⣿⣿⣿⣿⣿⣷⣿⣿⣿⣿⣿⣿⢸│ 
                   0 │⣿⢹⣿⣿⢿⢹⣿⢿⠛⣿⣿⣿⣿⡟⣿⡟⣿⡿⣿⣧⣼⡟⣿⣿⣿⣿⣿⣿⣿⣿⣿⠛⡿⣿⡿⡿⣿⣿⡏⣿│ 
                     └────────────────────────────────────────┘ 
                     ⠀0⠀⠀⠀⠀⠀⠀⠀⠀⠀⠀⠀⠀⠀⠀⠀⠀⠀⠀⠀⠀⠀⠀⠀⠀⠀⠀⠀⠀⠀⠀⠀⠀⠀⠀⠀2000⠀ 
                     ⠀⠀⠀⠀⠀⠀⠀⠀⠀⠀⠀⠀⠀⠀⠀⠀⠀Molecule⠀⠀⠀⠀⠀⠀⠀⠀⠀⠀⠀⠀⠀⠀⠀⠀⠀ 

Exciton profile at time = 36.0 ps
                     ┌────────────────────────────────────────┐ 
               0.003 │⠀⠀⠀⠀⠀⠀⠀⠀⠀⠀⠀⠀⠀⠀⠀⠀⠀⠀⠀⠀⠀⠀⠀⠀⠀⠀⠀⠀⠀⠀⠀⠀⠀⠀⠀⠀⠀⠀⠀⠀│ 
                     │⠀⠀⠀⠀⠀⠀⠀⠀⠀⠀⠀⠀⠀⠀⠀⠀⠀⠀⠀⠀⠀⠀⠀⠀⠀⠀⠀⠀⠀⠀⠀⠀⠀⠀⠀⠀⠀⠀⠀⠀│ 
                     │⠀⠀⠀⠀⠀⠀⠀⠀⠀⠀⠀⠀⠀⠀⠀⠀⠀⠀⠀⠀⠀⠀⠀⠀⠀⠀⠀⠀⠀⠀⠀⠀⠀⠀⠀⠀⠀⠀⠀⠀│ 
                     │⠀⠀⠀⠀⠀⠀⠀⠀⠀⠀⢀⡀⠀⠀⠀⠀⠀⠀⠀⠀⠀⠀⠀⠀⠀⠀⠀⠀⠀⡀⠀⠀⠀⠀⠀⠀⠀⠀⠀⠀│ 
                     │⠀⠀⠀⠀⠀⠀⠀⠀⠀⠀⢸⡇⠀⠀⠀⠀⠀⠀⠀⠀⠀⠀⠀⠀⠀⠀⠀⠀⢀⡇⠀⠀⠀⠀⠀⠀⠀⠀⠀⠀│ 
                     │⠀⠀⠀⠀⠀⠀⠀⠀⠀⠀⢸⡇⢸⠀⠀⠀⡀⢸⠀⠀⠀⠀⡇⢀⠀⠀⠀⡇⢸⡇⠀⠀⠀⠀⠀⠀⠀⠀⠀⠀│ 
                     │⠀⠀⢸⠀⠀⠀⠀⢸⠀⠀⢸⡇⢸⠀⠀⠀⡇⢸⠀⠀⠀⠀⡇⢸⠀⠀⠀⡇⢸⡇⠀⠀⡇⠀⠀⠀⠀⡇⠀⠀│ 
   Probability       │⡆⡇⢸⠀⠀⠀⠀⣾⠀⠀⢸⡇⢸⡆⠀⠀⡇⢸⠀⡆⢰⠀⡇⢸⠀⠀⠀⡇⢸⡇⠀⠀⣷⠀⠀⠀⠀⡇⢸⢠│ 
                     │⡇⡇⢸⠀⠀⢸⡄⣿⢰⠀⢸⡇⢸⡇⠀⢸⡇⢸⠀⡇⢸⠀⡇⢸⡇⠀⢰⡇⢸⡇⠀⡆⣿⢠⡇⠀⠀⡇⢸⢸│ 
                     │⡇⡇⢸⠀⡀⢸⡇⣿⢸⠀⢸⡇⢸⡇⠀⢸⡇⢸⠀⣇⢸⠀⣇⢸⡇⠀⢸⡇⢸⡇⠀⡇⣿⢸⡇⢀⠀⡇⢸⢸│ 
                     │⣧⡇⣼⠀⡇⢸⡇⣿⣿⠀⣾⡇⣿⣇⢀⢸⣧⢸⠀⣿⣾⠀⣿⣼⣿⡀⣸⣿⢸⣷⠀⣿⣿⢸⣿⢸⠀⣧⢸⣼│ 
                     │⣿⡇⣿⠀⣷⣾⣿⣿⣿⣿⣿⡇⣿⣿⢸⢸⣿⣾⠀⣿⣿⠀⣿⣿⣿⡇⣿⣿⢸⣿⣼⣿⣿⣿⣿⣾⠀⣿⢸⣿│ 
                     │⣿⡇⣿⣇⣿⣿⣿⢿⣿⣿⣿⡇⣿⣿⣾⣼⣿⣿⡆⣿⡿⣰⣿⣿⣿⣷⣿⣿⢸⣿⣿⣿⣿⣿⣿⣿⣿⣿⢸⣿│ 
                     │⣿⣷⣿⣿⢹⣿⣿⢸⡟⣿⣿⣷⣿⢿⣿⣿⣿⣿⣧⣿⡇⣿⣿⣿⣿⣿⡿⣿⣾⣿⣿⣿⣿⣿⣿⣿⣿⣿⣾⣿│ 
                   0 │⡟⢻⠿⢿⢸⡿⡿⢸⠇⣿⡇⣿⣿⢸⣿⡿⣿⣿⣿⠛⠃⣿⣿⣿⢿⣿⡇⢿⣿⠘⣿⠹⡿⢸⣿⡏⡟⠟⡟⢻│ 
                     └────────────────────────────────────────┘ 
                     ⠀0⠀⠀⠀⠀⠀⠀⠀⠀⠀⠀⠀⠀⠀⠀⠀⠀⠀⠀⠀⠀⠀⠀⠀⠀⠀⠀⠀⠀⠀⠀⠀⠀⠀⠀⠀2000⠀ 
                     ⠀⠀⠀⠀⠀⠀⠀⠀⠀⠀⠀⠀⠀⠀⠀⠀⠀Molecule⠀⠀⠀⠀⠀⠀⠀⠀⠀⠀⠀⠀⠀⠀⠀⠀⠀ 

Exciton profile at time = 37.0 ps
                     ┌────────────────────────────────────────┐ 
               0.003 │⠀⠀⠀⠀⠀⠀⠀⠀⠀⠀⠀⠀⠀⠀⠀⠀⠀⠀⠀⠀⠀⠀⠀⠀⠀⠀⠀⠀⠀⠀⠀⠀⠀⠀⠀⠀⠀⠀⠀⠀│ 
                     │⠀⠀⠀⠀⠀⠀⠀⠀⠀⠀⠀⡇⠀⠀⠀⠀⠀⠀⠀⠀⠀⠀⠀⠀⠀⠀⠀⠀⢸⠀⠀⠀⠀⠀⠀⠀⠀⠀⠀⠀│ 
                     │⠀⠀⠀⠀⠀⠀⠀⠀⠀⠀⠀⣇⠀⠀⠀⠀⠀⠀⢀⠀⠀⡀⠀⠀⠀⠀⠀⠀⢸⠀⠀⠀⠀⠀⠀⠀⠀⠀⠀⠀│ 
                     │⠀⠀⠀⠀⠀⠀⠀⠀⠀⠀⠀⣿⠀⠀⠀⠀⠀⠀⢸⠀⠀⡇⠀⠀⠀⠀⠀⠀⢸⠀⠀⠀⠀⠀⠀⠀⠀⠀⠀⠀│ 
                     │⠀⠀⠀⠀⠀⠀⡄⠀⢰⠀⠀⣿⠀⠀⠀⠀⠀⢠⢸⠀⠀⡇⡄⠀⠀⠀⠀⠀⢸⠀⠀⡆⠀⢠⠀⠀⠀⠀⠀⠀│ 
                     │⠀⠀⠀⠀⠀⠀⣇⠀⢸⠀⠀⣿⠀⠀⠀⠀⠀⣿⣾⠀⠀⣷⣿⠀⠀⠀⠀⠀⢸⠀⠀⡇⠀⢸⠀⠀⠀⠀⠀⠀│ 
                     │⠀⢸⠀⠀⠀⠀⣿⠀⢸⠀⠀⣿⠀⠀⠀⠀⠀⣿⣿⠀⠀⣿⣿⠀⠀⠀⠀⠀⣼⠀⠀⡇⠀⢸⠀⠀⠀⠀⡇⠀│ 
   Probability       │⠀⢸⠀⠀⠀⠀⣿⠀⢸⠀⠀⣿⠀⠀⡄⠀⠀⣿⣿⠀⠀⣿⣿⠀⠀⢠⠀⠀⣿⠀⠀⡇⠀⢸⠀⠀⠀⠀⡇⠀│ 
                     │⡄⢸⠀⠀⡀⠀⣿⠀⢸⢀⣴⣿⠀⠀⣷⠀⠀⣿⣿⠀⠀⣿⣿⠀⠀⢸⠀⠀⣿⣶⡀⡇⠀⣼⠀⠀⡀⠀⡇⢠│ 
                     │⡇⢸⢸⢸⡇⠀⣿⢰⣾⢸⣿⣿⠀⣰⣿⡆⠀⣿⣿⠀⠀⣿⣿⠀⠀⣾⣆⠀⣿⣿⡇⣇⡆⣿⠀⢸⡇⡇⣇⢸│ 
                     │⡇⣿⢸⢸⡇⡀⣿⢸⣿⢸⣿⣿⢠⣿⣿⡇⠀⣿⣿⠀⠀⣿⣿⠀⢰⣿⣿⡄⣿⣿⡇⣿⡇⣿⢀⢸⡇⡇⣿⢸│ 
                     │⡇⣿⢸⢸⡇⣧⣿⢸⣿⣾⣿⣿⢸⣿⣿⡇⠀⣿⣿⣿⣷⣿⣿⠀⢸⣿⣿⣧⣿⣿⣷⣿⡇⣿⣼⢸⡇⡇⣿⢸│ 
                     │⡇⡿⣼⣸⡇⣿⣿⣿⣿⣿⣿⣿⣸⣿⣿⣧⣷⣿⣿⣿⣿⣿⣿⣸⣾⣿⣿⣿⣿⣿⣿⣿⣿⣿⣿⢸⣇⣧⣿⢸│ 
                     │⣿⡇⣿⣿⢇⣿⣿⣿⡟⣿⣿⣿⣿⣿⣿⣿⣿⣿⣿⣿⣿⣿⣿⣿⣿⣿⣿⣿⣿⣿⣿⣿⣿⣿⣿⣸⣿⣿⣿⣿│ 
                   0 │⣿⡇⡿⣿⢸⢻⢻⣿⡇⡿⣿⢿⣿⣿⢻⡟⡿⡿⠹⢿⣿⠏⢿⢿⢻⡟⣿⣿⡿⣿⢿⢿⣿⡟⡟⡿⢹⣿⢻⣿│ 
                     └────────────────────────────────────────┘ 
                     ⠀0⠀⠀⠀⠀⠀⠀⠀⠀⠀⠀⠀⠀⠀⠀⠀⠀⠀⠀⠀⠀⠀⠀⠀⠀⠀⠀⠀⠀⠀⠀⠀⠀⠀⠀⠀2000⠀ 
                     ⠀⠀⠀⠀⠀⠀⠀⠀⠀⠀⠀⠀⠀⠀⠀⠀⠀Molecule⠀⠀⠀⠀⠀⠀⠀⠀⠀⠀⠀⠀⠀⠀⠀⠀⠀ 

Exciton profile at time = 38.0 ps
                     ┌────────────────────────────────────────┐ 
               0.003 │⠀⠀⠀⠀⠀⠀⠀⠀⠀⠀⠀⠀⠀⢠⠀⠀⠀⠀⠀⠀⠀⠀⠀⠀⠀⠀⡄⠀⠀⠀⠀⠀⠀⠀⠀⠀⠀⠀⠀⠀│ 
                     │⠀⠀⠀⠀⠀⠀⠀⠀⠀⠀⠀⠀⠀⢸⠀⠀⢰⠀⠀⠀⠀⠀⠀⡆⠀⠀⡇⠀⠀⠀⠀⠀⠀⠀⠀⠀⠀⠀⠀⠀│ 
                     │⠀⠀⠀⠀⠀⠀⠀⠀⠀⠀⠀⠀⠀⢸⠀⠀⢸⠀⠀⠀⠀⠀⠀⡇⠀⠀⡇⠀⠀⠀⠀⠀⠀⠀⠀⠀⠀⠀⠀⠀│ 
                     │⠀⠀⠀⠀⠀⠀⠀⠀⠀⠀⠀⠀⠀⢸⠀⠀⢸⠀⠀⠀⠀⠀⠀⡇⠀⠀⡇⠀⠀⠀⠀⠀⠀⠀⠀⠀⠀⠀⠀⠀│ 
                     │⠀⠀⠀⠀⠀⠀⠀⠀⢰⠀⠀⠀⠀⢸⠀⠀⢸⠀⠀⠀⠀⠀⠀⡇⠀⠀⡇⠀⠀⠀⠀⡆⠀⠀⠀⠀⠀⠀⠀⠀│ 
                     │⢠⠀⠀⠀⠀⠀⠀⠀⢸⠀⠀⠀⠀⢸⠀⠀⢸⠀⠀⠀⠀⠀⠀⣇⠀⠀⡇⠀⠀⠀⠀⡇⠀⠀⠀⠀⠀⠀⠀⡄│ 
                     │⢸⡀⠀⠀⠀⠀⠀⠀⢸⠀⠀⠀⠀⢸⠀⠀⣾⡄⠀⠀⠀⠀⢠⣿⠀⠀⡇⠀⠀⠀⠀⡇⠀⠀⠀⠀⠀⠀⠀⡇│ 
   Probability       │⢸⡇⠀⠀⠀⣿⠀⢸⢸⠀⠀⠀⢠⢸⠀⡄⣿⡇⠀⠀⠀⠀⢸⣿⢠⠀⡇⡄⠀⠀⠀⡇⡇⠀⢸⠀⠀⠀⠀⡇│ 
                     │⢸⡇⢀⠀⠀⣿⢰⣼⢸⢰⢠⠀⢸⢸⠀⡇⣿⡇⠀⠀⠀⠀⢸⣿⣼⠀⡇⡇⠀⡄⡆⡇⡇⡆⣾⠀⠀⡀⠀⡇│ 
                     │⢸⡇⢸⡇⠀⣿⢸⣿⢸⢸⢸⢀⢸⣸⠀⡇⣿⡇⠀⠀⡀⠀⢸⣿⣿⠀⣇⡇⡀⡇⡇⡇⣇⡇⣿⠀⢸⡇⢠⡇│ 
                     │⢸⡇⢸⡇⠀⣿⢸⣿⢸⢸⢸⣿⣿⣿⢰⡇⣿⣧⡄⢸⡇⢠⣼⣿⣿⣶⣿⣿⣿⡇⣷⡇⣿⡇⣿⠀⢸⡇⢸⣿│ 
                     │⢸⣇⣾⡇⣧⣿⣸⣿⢸⢸⣸⣿⣿⣿⣿⣇⣿⣿⣷⢸⡇⣾⣿⣿⣿⣿⣿⣿⣿⣇⣿⡇⣿⣇⣿⣼⢸⣷⣸⣿│ 
                     │⣿⣿⣿⣧⣿⣿⣿⣿⣿⣿⣿⣿⣿⣿⣿⣿⣿⣿⣿⢸⡇⣿⣿⣿⣿⣿⣿⣿⣿⣿⣿⣿⣿⣿⣿⣿⣼⣿⣿⣿│ 
                     │⣿⣿⢹⣿⣿⣿⣿⣿⣿⣿⣿⣿⣿⣿⣿⣿⣿⣿⣿⣸⣇⣿⣿⣿⣿⣿⣿⣿⣿⣿⣿⣿⣿⣿⣿⣿⣿⣿⣿⣿│ 
                   0 │⣿⡿⠸⠻⡏⡇⣿⡟⡿⡏⣿⡿⡿⣿⣿⢻⢿⣿⣿⣿⣿⣿⡿⡿⡟⣿⣿⢿⠏⣿⢻⢿⢿⢿⢸⢿⡟⠏⢿⣿│ 
                     └────────────────────────────────────────┘ 
                     ⠀0⠀⠀⠀⠀⠀⠀⠀⠀⠀⠀⠀⠀⠀⠀⠀⠀⠀⠀⠀⠀⠀⠀⠀⠀⠀⠀⠀⠀⠀⠀⠀⠀⠀⠀⠀2000⠀ 
                     ⠀⠀⠀⠀⠀⠀⠀⠀⠀⠀⠀⠀⠀⠀⠀⠀⠀Molecule⠀⠀⠀⠀⠀⠀⠀⠀⠀⠀⠀⠀⠀⠀⠀⠀⠀ 

Exciton profile at time = 39.0 ps
                     ┌────────────────────────────────────────┐ 
               0.003 │⠀⠀⠀⠀⠀⠀⠀⠀⠀⠀⠀⠀⠀⠀⠀⠀⠀⠀⠀⠀⠀⠀⠀⠀⠀⠀⠀⠀⠀⠀⠀⠀⠀⠀⠀⠀⠀⠀⠀⠀│ 
                     │⠀⠀⠀⠀⠀⠀⠀⠀⠀⠀⠀⠀⠀⠀⠀⠀⠀⠀⠀⠀⠀⠀⠀⠀⠀⠀⠀⠀⠀⠀⠀⠀⠀⠀⠀⠀⠀⠀⠀⠀│ 
                     │⠀⠀⠀⠀⠀⠀⠀⠀⠀⠀⠀⠀⠀⠀⠀⠀⠀⠀⠀⠀⠀⠀⠀⠀⠀⠀⠀⠀⠀⠀⠀⠀⠀⠀⠀⠀⠀⠀⠀⠀│ 
                     │⠀⠀⡆⠀⠀⠀⠀⠀⠀⠀⠀⠀⠀⠀⠀⠀⠀⠀⠀⠀⠀⠀⠀⠀⠀⠀⠀⠀⠀⠀⠀⠀⠀⠀⠀⠀⠀⢰⠀⠀│ 
                     │⠀⠀⡇⠀⠀⠀⠀⠀⠀⠀⠀⠀⠀⠀⠀⠀⠀⠀⠀⠀⠀⠀⠀⠀⠀⠀⠀⠀⠀⠀⠀⠀⠀⠀⠀⠀⠀⢸⠀⠀│ 
                     │⠀⠀⡇⠀⠀⠀⠀⠀⢸⡄⠀⠀⠀⠀⠀⠀⠀⠀⠀⠀⠀⠀⠀⠀⠀⠀⠀⠀⠀⠀⠀⡇⠀⠀⠀⠀⠀⢸⠀⠀│ 
                     │⠀⠀⡇⡀⠀⠀⠀⠀⢸⡇⠀⠀⠀⢰⠀⠀⠀⠀⠀⠀⠀⠀⠀⠀⠀⠀⡆⠀⠀⠀⠀⡇⠀⠀⠀⠀⢀⢸⠀⠀│ 
   Probability       │⠀⠀⡇⡇⠀⠀⠀⠀⢸⡇⢀⠀⠀⢸⠀⠀⠀⠀⠀⠀⠀⠀⠀⠀⠀⠀⡇⠀⠀⡀⢠⡇⠀⠀⠀⠀⢸⢸⠀⠀│ 
                     │⠀⠀⡇⡇⠀⠀⣠⡀⢸⡇⢸⢠⠀⢸⠀⣸⠀⠀⠀⠀⠀⠀⠀⠀⣇⡀⡇⠀⡄⡇⢸⡇⠀⣄⠀⠀⢸⢸⠀⠀│ 
                     │⡀⠀⣇⣇⠀⣀⣿⡇⢸⡇⣼⢸⡄⣸⡇⣿⠀⠀⢰⡄⣠⡆⠀⠀⣿⣿⣇⣠⡇⣧⢸⡇⢠⣿⣀⠀⣸⣸⠀⢀│ 
                     │⡇⢰⣿⣿⡆⣿⣿⣷⣸⣧⣿⣾⣧⣿⣷⣿⡄⢀⢸⣷⣿⡇⡀⢠⣿⣿⣿⣿⣷⣿⣼⣇⣾⣿⣿⢰⣿⣿⡆⢸│ 
                     │⡇⢸⣿⣿⡇⣿⣿⣿⣿⣿⣿⣿⣿⣿⣿⣿⣇⣾⣸⣿⣿⣇⣷⢸⣿⣿⣿⣿⣿⣿⣿⣿⣿⣿⣿⢸⣿⣿⡇⢸│ 
                     │⣇⣼⣿⣿⡇⣿⣿⣿⣿⣿⣿⣿⣿⣿⣿⣿⣿⣿⣿⣿⣿⣿⣿⣿⣿⣿⣿⣿⣿⣿⣿⣿⣿⣿⣿⣸⣿⣿⣧⣸│ 
                     │⣿⣿⣿⣿⣷⣿⣿⡟⡿⣿⣿⣿⣿⣿⣿⣿⣿⣿⣿⡏⢹⣿⣿⣿⣿⣿⣿⣿⣿⣿⣿⢻⢿⣿⣿⣿⣿⣿⣿⣿│ 
                   0 │⣿⢹⠹⣿⣿⣿⣿⡇⠇⠻⣿⡿⢸⣿⣿⢻⣿⣿⣿⠇⠘⣿⢿⣿⡟⣿⣿⣿⢿⣿⠟⠸⢸⣿⣿⣿⣿⠏⡏⣿│ 
                     └────────────────────────────────────────┘ 
                     ⠀0⠀⠀⠀⠀⠀⠀⠀⠀⠀⠀⠀⠀⠀⠀⠀⠀⠀⠀⠀⠀⠀⠀⠀⠀⠀⠀⠀⠀⠀⠀⠀⠀⠀⠀⠀2000⠀ 
                     ⠀⠀⠀⠀⠀⠀⠀⠀⠀⠀⠀⠀⠀⠀⠀⠀⠀Molecule⠀⠀⠀⠀⠀⠀⠀⠀⠀⠀⠀⠀⠀⠀⠀⠀⠀ 

Exciton profile at time = 40.0 ps
                     ┌────────────────────────────────────────┐ 
               0.004 │⠀⠀⠀⠀⠀⠀⠀⠀⠀⠀⠀⠀⠀⠀⠀⠀⠀⠀⠀⠀⠀⠀⠀⠀⠀⠀⠀⠀⠀⠀⠀⠀⠀⠀⠀⠀⠀⠀⠀⠀│ 
                     │⠀⠀⠀⠀⡀⠀⠀⠀⠀⠀⠀⠀⠀⠀⠀⠀⠀⠀⠀⠀⠀⠀⠀⠀⠀⠀⠀⠀⠀⠀⠀⠀⠀⠀⠀⢀⠀⠀⠀⠀│ 
                     │⠀⠀⠀⠀⡇⠀⠀⠀⠀⠀⠀⠀⠀⠀⠀⠀⠀⠀⠀⠀⠀⠀⠀⠀⠀⠀⠀⠀⠀⠀⠀⠀⠀⠀⠀⢸⠀⠀⠀⠀│ 
                     │⠀⠀⠀⠀⣷⠀⠀⠀⠀⠀⠀⠀⠀⠀⠀⠀⠀⠀⠀⠀⠀⠀⠀⠀⠀⠀⠀⠀⠀⠀⠀⠀⠀⠀⠀⢸⠀⠀⠀⠀│ 
                     │⠀⠀⡄⠀⣿⠀⠀⠀⠀⠀⠀⠀⠀⠀⠀⠀⠀⠀⠀⠀⠀⠀⠀⠀⠀⠀⠀⠀⠀⠀⠀⠀⠀⠀⠀⢸⠀⢠⠀⠀│ 
                     │⠀⠀⡇⠀⣿⠀⠀⠀⠀⠀⠀⠀⠀⠀⠀⠀⠀⠀⠀⠀⠀⠀⠀⠀⠀⠀⠀⠀⠀⠀⠀⠀⠀⠀⠀⣸⠀⢸⠀⠀│ 
                     │⠀⠀⡇⠀⣿⠀⠀⠀⠀⠀⠀⠀⠀⠀⠀⠀⠀⠀⠀⠀⠀⠀⠀⠀⠀⠀⠀⠀⠀⠀⠀⠀⠀⠀⠀⣿⠀⢸⠀⠀│ 
   Probability       │⢠⠀⡇⠀⣿⠀⠀⠀⠀⠀⠀⠀⠀⠀⠀⠀⠀⠀⠀⠀⠀⠀⠀⠀⠀⠀⠀⠀⠀⠀⠀⠀⠀⠀⠀⣿⠀⢸⠀⡄│ 
                     │⣸⠀⣇⠀⣿⠀⠀⠀⢸⢸⠀⠀⠀⠀⠀⠀⠀⠀⠀⠀⠀⠀⠀⠀⠀⠀⠀⠀⠀⠀⡇⡇⠀⠀⠀⣿⠀⢸⠀⡇│ 
                     │⣿⡇⣿⡄⣿⠀⠀⠀⢸⣿⠀⠀⠀⠀⠀⣴⠀⣆⠀⠀⠀⠀⣰⠀⣦⠀⠀⠀⠀⠀⡇⡇⠀⠀⠀⣿⢠⢸⠀⣿│ 
                     │⣿⡇⣿⡇⣿⠀⠀⣦⢸⣿⠀⠀⠀⠀⠀⣿⠀⣿⠀⠀⠀⠀⣿⠀⣿⠀⠀⠀⠀⠀⣧⡇⢰⠀⠀⣿⢸⢸⠀⣿│ 
                     │⣿⡇⣿⡇⣿⡆⠀⣿⣸⣿⣇⢰⣤⣾⡄⣿⣿⣿⠀⠀⠀⠀⣿⣿⣿⢠⣷⣄⡆⣸⣿⣇⢸⠀⢰⣿⢸⣼⢰⣿│ 
                     │⣿⡇⣿⡇⣿⡇⣿⣿⣿⣿⣿⢸⣿⣿⣇⣿⣿⣿⣼⣼⣧⣾⣿⣿⣿⢸⣿⣿⡇⣿⣿⣿⣿⣿⢸⣿⢸⣿⢸⣿│ 
                     │⣿⣷⣿⣇⣿⣿⣿⣿⣿⣿⣿⣿⣿⣿⣿⣿⣿⣿⣿⣿⣿⣿⣿⣿⣿⣿⣿⣿⣿⣿⣿⣿⣿⣿⣿⡿⣸⣿⣾⣿│ 
                   0 │⣿⣿⢹⣿⢸⢻⣿⣿⣿⢿⣿⣿⡟⣿⣿⢿⡿⣿⣿⡟⢸⣿⣿⢹⡿⣿⣿⢻⣿⣿⣿⢿⣿⣿⡟⡇⣿⡏⣿⣿│ 
                     └────────────────────────────────────────┘ 
                     ⠀0⠀⠀⠀⠀⠀⠀⠀⠀⠀⠀⠀⠀⠀⠀⠀⠀⠀⠀⠀⠀⠀⠀⠀⠀⠀⠀⠀⠀⠀⠀⠀⠀⠀⠀⠀2000⠀ 
                     ⠀⠀⠀⠀⠀⠀⠀⠀⠀⠀⠀⠀⠀⠀⠀⠀⠀Molecule⠀⠀⠀⠀⠀⠀⠀⠀⠀⠀⠀⠀⠀⠀⠀⠀⠀ 

Exciton profile at time = 41.0 ps
                     ┌────────────────────────────────────────┐ 
               0.004 │⠀⠀⠀⠀⠀⠀⠀⠀⠀⠀⠀⠀⠀⠀⠀⠀⠀⠀⠀⠀⠀⠀⠀⠀⠀⠀⠀⠀⠀⠀⠀⠀⠀⠀⠀⠀⠀⠀⠀⠀│ 
                     │⠀⠀⠀⠀⠀⠀⠀⠀⠀⠀⠀⠀⠀⠀⠀⠀⠀⠀⠀⠀⠀⠀⠀⠀⠀⠀⠀⠀⠀⠀⠀⠀⠀⠀⠀⠀⠀⠀⠀⠀│ 
                     │⠀⠀⠀⠀⠀⠀⠀⠀⠀⠀⠀⠀⠀⠀⠀⠀⠀⠀⠀⠀⠀⠀⠀⠀⠀⠀⠀⠀⠀⠀⠀⠀⠀⠀⠀⠀⠀⠀⠀⠀│ 
                     │⡆⠀⠀⠀⠀⠀⠀⠀⠀⠀⠀⠀⠀⠀⠀⠀⠀⠀⠀⠀⠀⠀⠀⠀⠀⠀⠀⠀⠀⠀⠀⠀⠀⠀⠀⠀⠀⠀⠀⢠│ 
                     │⡇⠀⠀⠀⠀⠀⠀⠀⠀⠀⠀⠀⠀⠀⠀⡇⠀⠀⠀⠀⠀⠀⠀⠀⢸⠀⠀⠀⠀⠀⠀⠀⠀⠀⠀⠀⠀⠀⠀⢸│ 
                     │⡇⠀⠀⠀⠀⠀⠀⠀⠀⠀⠀⠀⠀⠀⠀⡇⠀⠀⠀⠀⠀⠀⠀⠀⢸⡆⠀⠀⠀⠀⠀⠀⠀⠀⠀⠀⠀⠀⠀⢸│ 
                     │⡇⠀⠀⠀⠀⠀⠀⢠⠀⠀⠀⠀⠀⠀⠀⡇⠀⠀⠀⠀⠀⠀⠀⠀⢸⡇⠀⠀⠀⠀⠀⠀⡄⠀⠀⠀⠀⠀⠀⢸│ 
   Probability       │⡇⠀⠀⠀⠀⠀⠀⢸⡄⡆⠀⠀⠀⠀⠀⡇⠀⠀⠀⠀⠀⠀⠀⠀⢸⡇⠀⠀⠀⠀⢰⢀⡇⠀⠀⠀⠀⠀⠀⢸│ 
                     │⡇⠀⡄⠀⡆⠀⠀⢸⡇⡇⠀⠀⠀⢀⢠⡇⠀⠀⠀⠀⠀⠀⠀⠀⢸⡇⢀⠀⠀⠀⢸⢸⡇⠀⠀⢰⠀⢠⠀⢸│ 
                     │⡇⠀⡇⠀⡇⠀⢀⢸⡇⡇⣿⡇⠀⣿⢸⡇⡇⣇⠀⠀⠀⠀⣸⢸⢸⡇⣼⠀⢸⢸⢸⢸⡇⡀⠀⢸⠀⢸⠀⢸│ 
                     │⡇⢀⡇⠀⡇⡀⢸⢸⡇⡇⣿⡇⡀⣿⢸⡇⡇⣿⠀⠀⠀⠀⣿⢸⢸⡇⣿⢀⢸⣿⢸⢸⡇⡇⢀⢸⠀⢸⣀⢸│ 
                     │⡇⣿⡇⢀⡇⡇⣿⢸⡇⡇⣿⡇⣧⣿⣾⡇⡇⣿⠀⠀⠀⠀⣿⢸⢸⣷⣿⢸⢸⣿⢸⣾⡇⣿⢸⢸⡀⢸⣿⢸│ 
                     │⡇⣿⡇⣾⣧⡇⣿⣼⡇⣷⣿⣿⣿⣿⣿⣷⣿⣿⣤⢰⡇⣤⣿⣿⣿⣿⣿⣼⣿⣿⣾⣿⡇⣿⢸⣼⣷⢸⣿⢸│ 
                     │⣿⣿⣿⣿⣿⣷⣿⣿⣧⣿⣿⣿⣿⣿⣿⣿⣿⣿⣿⣿⣿⣿⣿⣿⣿⣿⣿⣿⣿⣿⣿⣿⣧⣿⣾⣿⣿⣼⣿⣿│ 
                   0 │⣿⡿⡟⣿⡿⣿⣿⣿⢻⣿⣿⣿⠹⣿⣿⢻⢿⣿⣿⡟⢻⣿⣿⣿⡟⣿⣿⠏⣿⣿⣿⡟⣿⣿⣿⠟⣿⢻⢿⣿│ 
                     └────────────────────────────────────────┘ 
                     ⠀0⠀⠀⠀⠀⠀⠀⠀⠀⠀⠀⠀⠀⠀⠀⠀⠀⠀⠀⠀⠀⠀⠀⠀⠀⠀⠀⠀⠀⠀⠀⠀⠀⠀⠀⠀2000⠀ 
                     ⠀⠀⠀⠀⠀⠀⠀⠀⠀⠀⠀⠀⠀⠀⠀⠀⠀Molecule⠀⠀⠀⠀⠀⠀⠀⠀⠀⠀⠀⠀⠀⠀⠀⠀⠀ 

Exciton profile at time = 42.0 ps
                     ┌────────────────────────────────────────┐ 
               0.004 │⠀⠀⠀⠀⠀⠀⠀⠀⠀⠀⠀⠀⠀⠀⠀⠀⠀⠀⠀⠀⠀⠀⠀⠀⠀⠀⠀⠀⠀⠀⠀⠀⠀⠀⠀⠀⠀⠀⠀⠀│ 
                     │⠀⠀⠀⠀⠀⠀⠀⠀⠀⠀⠀⠀⠀⠀⠀⠀⠀⠀⠀⠀⠀⠀⠀⠀⠀⠀⠀⠀⠀⠀⠀⠀⠀⠀⠀⠀⠀⠀⠀⠀│ 
                     │⠀⠀⠀⠀⠀⠀⠀⠀⠀⠀⠀⠀⠀⠀⠀⠀⠀⠀⠀⠀⠀⠀⠀⠀⠀⠀⠀⠀⠀⠀⠀⠀⠀⠀⠀⠀⠀⠀⠀⠀│ 
                     │⠀⠀⠀⠀⠀⠀⠀⠀⠀⠀⠀⠀⠀⠀⠀⠀⠀⠀⢠⠀⠀⣠⠀⠀⠀⠀⠀⠀⠀⠀⠀⠀⠀⠀⠀⠀⠀⠀⠀⠀│ 
                     │⠀⠀⠀⠀⠀⠀⡀⠀⠀⠀⠀⠀⠀⠀⠀⠀⠀⠀⣿⠀⠀⣿⠀⠀⠀⠀⠀⠀⠀⠀⠀⠀⠀⢀⠀⠀⠀⠀⠀⠀│ 
                     │⠀⠀⠀⠀⠀⠀⡇⠀⠀⠀⠀⠀⠀⠀⠀⠀⠀⠀⣿⠀⠀⣿⠀⠀⠀⠀⠀⠀⠀⠀⠀⠀⠀⢸⠀⠀⠀⠀⠀⠀│ 
                     │⠀⠀⢸⠀⠀⠀⡇⠀⠀⠀⠀⠀⠀⠀⠀⡆⠀⠀⣿⠀⠀⣿⠀⠀⢰⠀⠀⠀⠀⠀⠀⠀⠀⢸⠀⠀⠀⡇⠀⠀│ 
   Probability       │⠀⠀⢸⠀⡀⠀⡇⠀⠀⠀⠀⠀⢰⠀⡄⡇⠀⠀⣿⠀⠀⣿⠀⠀⢸⢠⠀⡆⠀⠀⠀⠀⠀⢸⠀⢀⠀⡇⠀⠀│ 
                     │⠀⠀⢸⠀⡇⠀⡇⠀⠀⢰⢰⡄⢸⠀⡇⡇⠀⠀⣿⠀⠀⣿⠀⠀⢸⢸⠀⡇⠀⡆⡆⠀⠀⢸⡇⢸⠀⡇⠀⠀│ 
                     │⠀⠀⢸⠀⣧⢰⡇⠀⠀⢸⢸⡇⣿⠀⣇⡇⠀⠀⣿⠀⠀⣿⠀⠀⢸⢸⠀⣿⠀⡇⡇⠀⠀⢸⡇⢸⠀⡇⠀⠀│ 
                     │⠀⠀⢸⡀⣿⢸⡇⣄⠀⢸⣾⡇⣿⠀⣿⡇⠀⢀⣿⠀⠀⣿⡀⠀⢸⢸⠀⣿⢸⣷⡇⠀⣠⣼⡇⢸⠀⡇⠀⠀│ 
                     │⠀⢀⢸⡇⣿⢸⣿⣿⠀⢸⣿⣿⣿⣾⣿⣇⡀⣼⣿⠀⠀⣿⣧⢀⢸⢸⣷⣿⣿⣿⡇⠀⣿⣿⡇⣸⢸⣇⢀⠀│ 
                     │⢸⣿⢸⡇⣿⣼⣿⣿⣼⢸⣿⣿⣿⣿⣿⣿⣇⣿⣿⡇⢸⣿⣿⣾⢸⣾⣿⣿⣿⣿⣧⣧⣿⣿⣧⣿⢸⣿⣾⡇│ 
                     │⣿⣿⣼⡇⣿⣿⣿⣿⣿⣼⣿⣿⣿⣿⣿⣿⣿⣿⣿⡇⢸⣿⣿⣿⣿⣿⣿⣿⣿⣿⣿⣿⣿⣿⣿⣿⢸⣿⣿⣷│ 
                   0 │⢿⣿⣿⣿⢿⣿⢹⣿⣿⡟⡏⡿⢹⣿⣿⠿⣿⣿⠇⣧⣼⠈⣿⡿⡿⡏⣿⡟⢿⢸⢻⣿⣿⡟⣿⡟⣿⣿⣿⡿│ 
                     └────────────────────────────────────────┘ 
                     ⠀0⠀⠀⠀⠀⠀⠀⠀⠀⠀⠀⠀⠀⠀⠀⠀⠀⠀⠀⠀⠀⠀⠀⠀⠀⠀⠀⠀⠀⠀⠀⠀⠀⠀⠀⠀2000⠀ 
                     ⠀⠀⠀⠀⠀⠀⠀⠀⠀⠀⠀⠀⠀⠀⠀⠀⠀Molecule⠀⠀⠀⠀⠀⠀⠀⠀⠀⠀⠀⠀⠀⠀⠀⠀⠀ 

Exciton profile at time = 43.0 ps
                     ┌────────────────────────────────────────┐ 
               0.003 │⠀⠀⠀⠀⠀⠀⠀⠀⠀⠀⠀⠀⠀⠀⠀⠀⠀⠀⠀⠀⠀⠀⠀⠀⠀⠀⠀⠀⠀⠀⠀⠀⠀⠀⠀⠀⠀⠀⠀⠀│ 
                     │⡀⠀⠀⠀⠀⠀⠀⠀⠀⠀⠀⠀⢠⡇⠀⠀⠀⠀⠀⠀⠀⠀⠀⠀⠀⠀⢠⡇⠀⠀⠀⠀⠀⠀⠀⠀⠀⠀⠀⠀│ 
                     │⡇⠀⠀⠀⠀⠀⠀⠀⠀⠀⠀⠀⢸⡇⠀⢰⠀⠀⠀⠀⠀⠀⠀⠀⡆⠀⢸⡇⠀⠀⠀⠀⠀⠀⠀⠀⠀⠀⠀⢰│ 
                     │⡇⠀⠀⠀⠀⠀⠀⠀⠀⠀⠀⠀⢸⡇⠀⢸⠀⠀⠀⠀⠀⠀⠀⠀⡇⠀⢸⡇⠀⠀⠀⠀⠀⠀⠀⠀⠀⠀⠀⢸│ 
                     │⡇⠀⠀⠀⠀⠀⠀⠀⠀⠀⠀⠀⢸⡇⠀⢸⠀⠀⠀⠀⠀⠀⠀⠀⡇⠀⢸⡇⠀⠀⠀⠀⠀⠀⠀⠀⠀⠀⠀⢸│ 
                     │⡇⠀⠀⠀⠀⠀⠀⠀⠀⠀⠀⠀⢸⡇⠀⢸⠀⡄⠀⠀⠀⠀⢠⠀⡇⠀⢸⡇⠀⠀⠀⠀⠀⠀⠀⠀⠀⠀⠀⢸│ 
                     │⡇⠀⠀⠀⠀⠀⠀⠀⠀⠀⠀⠀⢸⡇⠀⢸⠀⡇⠀⠀⠀⠀⢸⠀⡇⠀⢸⣿⠀⠀⠀⠀⠀⠀⠀⠀⠀⠀⠀⢸│ 
   Probability       │⣿⢸⠀⠀⠀⠀⠀⠀⠀⠀⠀⠀⣼⡇⠀⢸⡄⡇⠀⠀⠀⠀⢸⢠⡇⠀⢸⣿⠀⠀⠀⠀⠀⠀⠀⠀⠀⠀⡇⣿│ 
                     │⣿⢸⠀⢀⡆⡀⠀⠀⡆⡀⠀⠀⣿⡇⠀⢸⣧⡇⠀⠀⠀⠀⢸⣼⡇⠀⢸⣿⠀⠀⢀⢰⠀⠀⢀⢰⢀⠀⡇⣿│ 
                     │⣿⢸⠀⣾⡇⡇⠀⠀⣿⡇⠀⡇⣿⡇⣴⢸⣿⡇⠀⡄⢠⠀⢸⣿⡇⣦⢸⣿⢸⠀⢸⢸⠀⠀⢸⢸⣾⠀⡇⣿│ 
                     │⣿⣸⠀⣿⣿⣧⢀⡀⣿⡇⢠⡇⣿⣧⣿⢸⣿⡇⠀⣇⣾⠀⢸⣿⡇⣿⣼⣿⢸⡄⢸⣸⢀⡀⣼⣿⣿⠀⡇⣿│ 
                     │⣿⣿⠀⣿⣿⣿⣼⡇⣿⡇⢸⡇⣿⣿⣿⣾⣿⡇⢰⣿⣿⡆⢸⣿⣷⣿⣿⣿⢸⡇⢸⣿⢸⣧⣿⣿⣿⠀⣇⣿│ 
                     │⣿⣿⣶⣿⣿⣿⣿⡇⣿⡇⣿⡇⣿⣿⣿⣿⣿⣇⢸⣿⣿⡇⣸⣿⣿⣿⣿⣿⢸⣿⣸⣿⣸⣿⣿⣿⣿⣶⣿⣿│ 
                     │⣿⣿⣿⣿⣿⣿⣿⣇⣿⣿⣿⣿⡏⣿⣿⣿⡟⣿⣸⣿⣿⣷⣿⢻⢻⣿⣿⢹⣿⣿⣿⣿⣿⣿⣿⣿⣿⣿⣿⣿│ 
                   0 │⢿⢹⣿⣿⡿⡟⡿⣿⢻⢹⣿⡿⡇⡿⢻⡟⡇⣿⣿⢸⡏⣿⣿⢸⢸⡟⢹⢸⢿⣿⡟⡇⣿⢿⢻⢿⣿⣿⡏⣿│ 
                     └────────────────────────────────────────┘ 
                     ⠀0⠀⠀⠀⠀⠀⠀⠀⠀⠀⠀⠀⠀⠀⠀⠀⠀⠀⠀⠀⠀⠀⠀⠀⠀⠀⠀⠀⠀⠀⠀⠀⠀⠀⠀⠀2000⠀ 
                     ⠀⠀⠀⠀⠀⠀⠀⠀⠀⠀⠀⠀⠀⠀⠀⠀⠀Molecule⠀⠀⠀⠀⠀⠀⠀⠀⠀⠀⠀⠀⠀⠀⠀⠀⠀ 

Exciton profile at time = 44.0 ps
                     ┌────────────────────────────────────────┐ 
               0.003 │⠀⠀⠀⠀⠀⠀⠀⠀⠀⠀⠀⠀⠀⠀⠀⠀⠀⠀⠀⠀⠀⠀⠀⠀⠀⠀⠀⠀⠀⠀⠀⠀⠀⠀⠀⠀⠀⠀⠀⠀│ 
                     │⠀⠀⠀⠀⠀⠀⠀⠀⠀⠀⠀⠀⠀⠀⠀⠀⠀⠀⠀⠀⠀⠀⠀⠀⠀⠀⠀⠀⠀⠀⠀⠀⠀⠀⠀⠀⠀⠀⠀⠀│ 
                     │⠀⠀⠀⠀⠀⠀⠀⠀⠀⠀⠀⠀⠀⠀⠀⠀⠀⠀⡀⠀⠀⢀⠀⠀⠀⠀⠀⠀⠀⠀⠀⠀⠀⠀⠀⠀⠀⠀⠀⠀│ 
                     │⠀⠀⠀⠀⠀⠀⠀⠀⠀⠀⠀⠀⠀⠀⠀⠀⠀⠀⡇⠀⠀⢸⠀⠀⠀⠀⠀⠀⠀⠀⠀⠀⠀⠀⠀⠀⠀⠀⠀⠀│ 
                     │⠀⠀⠀⠀⠀⠀⠀⠀⠀⠀⠀⠀⠀⠀⠀⠀⠀⠀⡇⡄⢠⢸⠀⠀⠀⠀⠀⠀⠀⠀⠀⠀⠀⠀⠀⠀⠀⠀⠀⠀│ 
                     │⠀⠀⠀⠀⠀⠀⠀⢸⢸⠀⠀⢀⠀⠀⠀⠀⠀⠀⣷⡇⢸⣾⠀⠀⠀⠀⠀⠀⡀⠀⠀⡇⡇⠀⠀⠀⠀⠀⠀⠀│ 
                     │⠀⠀⠀⠀⠀⠀⢀⢸⢸⠀⠀⢸⠀⠀⠀⠀⠀⠀⣿⡇⢸⣿⠀⠀⠀⠀⠀⠀⡇⠀⠀⡇⣷⡀⠀⠀⠀⠀⠀⠀│ 
   Probability       │⠀⠀⠀⠀⠀⠀⣿⢸⢸⠀⠀⢸⢸⠀⠀⠀⠀⠀⣿⣇⣾⣿⠀⠀⠀⠀⠀⡇⡇⠀⠀⡇⣿⣿⡀⠀⠀⠀⠀⠀│ 
                     │⠀⠀⠀⠀⠀⠀⣿⣸⢸⡆⠀⢸⢸⢰⡀⡄⠀⠀⣿⣿⣿⣿⡇⠀⢠⠀⡆⡇⡇⠀⢰⡇⣿⣿⡇⠀⠀⠀⠀⠀│ 
                     │⢰⠀⠀⠀⢠⣤⣿⣿⢸⡇⡆⢸⢸⢸⣿⡇⠀⡇⣿⣿⣿⣿⣿⠀⢸⢸⡇⡇⡇⢠⣾⣇⣿⣿⡇⡄⠀⠀⠀⡆│ 
                     │⢸⠀⢠⡆⢸⣿⣿⣿⢸⣷⡇⢸⣾⢸⣿⣧⣇⡇⣿⣿⣿⣿⣿⣿⣼⣼⡇⣇⡇⢸⣿⣿⣿⣿⣷⡇⢰⡄⠀⣇│ 
                     │⣼⡆⣸⡇⣾⣿⣿⣿⣼⣿⣇⢸⣿⢸⣿⣿⣿⡇⣿⣿⣿⣿⣿⣿⣿⣿⡇⣿⡇⣸⣿⣿⣿⣿⣿⣷⣾⣇⢰⣿│ 
                     │⣿⣿⣿⣿⣿⣿⣿⣿⣿⣿⣿⣼⣿⢸⣿⣿⣿⣿⣿⣿⣿⣿⣿⣿⣿⣿⡇⣿⣧⣿⣿⣿⣿⣿⣿⣿⣿⣿⣿⣿│ 
                     │⠿⣿⣿⣿⣿⣿⠟⣿⣿⣿⣿⣿⣿⣸⡿⣿⣿⣿⡿⣿⣿⢿⣿⣿⣿⢿⣧⣿⣿⣿⣿⣿⣿⠻⣿⣿⣿⣿⣿⡿│ 
                   0 │⠀⢻⠿⣿⡿⠿⠀⡿⠘⣿⣿⣿⣿⣿⡇⣿⣿⣿⡇⢿⡿⢸⣿⣿⣿⢸⣿⣿⣿⣿⣿⡇⢿⠀⠹⢿⣿⠻⡟⠃│ 
                     └────────────────────────────────────────┘ 
                     ⠀0⠀⠀⠀⠀⠀⠀⠀⠀⠀⠀⠀⠀⠀⠀⠀⠀⠀⠀⠀⠀⠀⠀⠀⠀⠀⠀⠀⠀⠀⠀⠀⠀⠀⠀⠀2000⠀ 
                     ⠀⠀⠀⠀⠀⠀⠀⠀⠀⠀⠀⠀⠀⠀⠀⠀⠀Molecule⠀⠀⠀⠀⠀⠀⠀⠀⠀⠀⠀⠀⠀⠀⠀⠀⠀ 

Exciton profile at time = 45.0 ps
                     ┌────────────────────────────────────────┐ 
               0.003 │⠀⠀⠀⠀⠀⠀⠀⠀⠀⠀⠀⠀⠀⠀⠀⠀⠀⠀⠀⠀⠀⠀⠀⠀⠀⠀⠀⠀⠀⠀⠀⠀⠀⠀⠀⠀⠀⠀⠀⠀│ 
                     │⠀⠀⠀⠀⠀⠀⠀⠀⠀⠀⠀⠀⠀⠀⠀⠀⠀⠀⠀⠀⠀⠀⠀⠀⠀⠀⠀⠀⠀⠀⠀⠀⠀⠀⠀⠀⠀⠀⠀⠀│ 
                     │⠀⠀⡆⠀⠀⠀⠀⠀⠀⠀⠀⠀⠀⠀⢀⠀⠀⠀⠀⠀⠀⠀⠀⠀⠀⡀⠀⠀⠀⠀⠀⠀⠀⠀⠀⠀⠀⢰⠀⠀│ 
                     │⠀⠀⡇⠀⠀⠀⠀⠀⠀⠀⢠⠀⠀⠀⢸⠀⠀⠀⠀⠀⠀⠀⠀⠀⠀⡇⠀⠀⠀⣠⠀⠀⠀⠀⠀⠀⠀⢸⠀⠀│ 
                     │⠀⠀⡇⠀⠀⠀⠀⠀⠀⠀⣾⠀⠀⠀⢸⠀⠀⠀⠀⠀⠀⠀⠀⠀⠀⡇⠀⠀⠀⣿⠀⠀⠀⠀⠀⠀⠀⢸⠀⠀│ 
                     │⠀⠀⡇⠀⠀⠀⠀⠀⠀⠀⣿⢀⠀⠀⢸⠀⠀⠀⡇⠀⠀⢸⠀⠀⠀⡇⠀⠀⡀⣿⠀⠀⠀⠀⠀⠀⠀⢸⠀⠀│ 
                     │⠀⠀⡇⠀⠀⠀⠀⠀⠀⠀⣿⢸⠀⠀⢸⠀⠀⠀⡇⠀⠀⢸⠀⠀⠀⡇⠀⠀⡇⣿⠀⠀⠀⠀⠀⠀⠀⢸⠀⠀│ 
   Probability       │⡀⠀⣧⠀⠀⠀⠀⠀⠀⠀⣿⢸⠀⠀⢸⠀⠀⠀⡇⠀⠀⢸⠀⠀⠀⡇⠀⠀⡇⣿⠀⠀⠀⠀⠀⠀⠀⣼⠀⢀│ 
                     │⡇⠀⣿⡀⠀⠀⠀⡇⠀⠀⣿⢸⠀⡄⢸⠀⠀⡆⡇⠀⠀⢸⢰⠀⠀⡇⢠⠀⡇⣿⠀⠀⢸⠀⠀⠀⢀⣿⠀⢸│ 
                     │⡇⢀⣿⣷⠀⢀⢀⣿⠀⠀⣿⣿⠀⣇⢸⡆⡄⡇⡇⠀⠀⢸⢸⢠⢰⡇⣸⠀⣿⣿⠀⠀⣿⡀⡀⠀⢸⣿⡄⢸│ 
                     │⣿⢸⣿⣿⢰⣿⢸⣿⡇⢸⣿⣿⢸⣿⣾⡇⡇⡇⡇⠀⠀⢸⢸⢸⣸⡇⣿⡇⣿⣿⡇⢸⣿⡇⣿⡆⣸⣿⡇⣿│ 
                     │⣿⢸⣿⣿⢸⣿⢸⣿⡇⢸⣿⣿⢸⣿⣿⣷⣷⣿⡇⢠⡄⢸⣿⣿⣿⣿⣿⡇⣿⣿⡇⢸⣿⣇⣿⡇⣿⣿⡇⣿│ 
                     │⣿⣿⣿⣿⢸⣿⢸⣿⡇⣾⣿⣿⢸⣿⣿⣿⣿⣿⣷⢸⣇⣾⣿⣿⣿⣿⣿⣇⣿⣿⣷⢸⣿⣿⣿⣷⣿⣿⣿⣿│ 
                     │⣿⣿⠙⣿⣸⣿⣾⣿⣿⣿⣿⣿⣾⢹⣿⣿⣿⣿⣿⣼⣿⣿⣿⣿⣿⣿⣿⣿⣿⣿⣿⣿⣿⣿⣿⣿⣿⡏⣿⣿│ 
                   0 │⣿⣿⠀⣿⣿⡏⣿⢿⣿⢿⡿⡟⢿⠈⡿⠟⢿⣿⢻⣿⣿⡟⣿⡿⠸⢿⠉⡿⢻⢿⣿⣿⡿⣿⠟⡿⣿⠇⣿⣿│ 
                     └────────────────────────────────────────┘ 
                     ⠀0⠀⠀⠀⠀⠀⠀⠀⠀⠀⠀⠀⠀⠀⠀⠀⠀⠀⠀⠀⠀⠀⠀⠀⠀⠀⠀⠀⠀⠀⠀⠀⠀⠀⠀⠀2000⠀ 
                     ⠀⠀⠀⠀⠀⠀⠀⠀⠀⠀⠀⠀⠀⠀⠀⠀⠀Molecule⠀⠀⠀⠀⠀⠀⠀⠀⠀⠀⠀⠀⠀⠀⠀⠀⠀ 

Exciton profile at time = 46.0 ps
                     ┌────────────────────────────────────────┐ 
               0.003 │⠀⠀⠀⠀⠀⠀⠀⠀⠀⠀⠀⠀⠀⠀⠀⠀⠀⠀⠀⠀⠀⠀⠀⠀⠀⠀⠀⠀⠀⠀⠀⠀⠀⠀⠀⠀⠀⠀⠀⠀│ 
                     │⠀⠀⠀⠀⠀⠀⠀⠀⢰⠀⠀⠀⠀⠀⠀⠀⠀⠀⠀⠀⠀⠀⠀⠀⠀⠀⠀⠀⠀⠀⠀⡆⠀⠀⠀⠀⠀⠀⠀⠀│ 
                     │⠀⠀⠀⠀⠀⠀⠀⠀⢸⠀⠀⠀⠀⠀⠀⠀⠀⠀⠀⠀⠀⠀⠀⠀⠀⠀⠀⠀⠀⠀⠀⡇⠀⠀⠀⠀⠀⠀⠀⠀│ 
                     │⠀⠀⠀⠀⡇⠀⠀⠀⢸⠀⠀⠀⠀⠀⠀⠀⡀⠀⠀⠀⠀⠀⠀⢀⠀⠀⠀⠀⠀⠀⠀⡇⠀⠀⠀⢸⠀⠀⠀⠀│ 
                     │⠀⠀⠀⠀⡇⢰⡄⠀⢸⠀⠀⠀⠀⢀⠀⠀⣇⠀⠀⠀⠀⠀⠀⣸⠀⠀⡀⠀⠀⠀⠀⡇⠀⠀⡆⢸⠀⠀⠀⠀│ 
                     │⠀⠀⠀⠀⡇⢸⡇⠀⢸⠀⠀⠀⠀⢸⠀⠀⣿⠀⠀⢀⡆⠀⠀⣿⠀⠀⡇⠀⠀⠀⠀⡇⠀⠀⡇⢸⠀⠀⠀⠀│ 
                     │⠀⠀⠀⡄⡇⢸⡇⠀⢸⠀⠀⡇⠀⢸⠀⠀⣿⠀⠀⢸⡇⠀⠀⣿⠀⠀⡇⠀⢸⠀⠀⡇⠀⢠⡇⢸⢠⠀⠀⠀│ 
   Probability       │⠀⠀⠀⣇⡇⢸⡇⠀⢸⡄⠀⡇⠀⢸⠀⠀⣿⠀⠀⢸⡇⠀⠀⣿⠀⠀⡇⠀⢸⠀⢠⡇⠀⢸⡇⢸⢸⠀⠀⠀│ 
                     │⠀⡀⠀⣿⡇⢸⡇⠀⢸⡇⠀⡇⠀⢸⠀⠀⣿⠀⠀⢸⡇⠀⠀⣿⠀⠀⡇⠀⢸⠀⢸⡇⠀⢸⡇⢸⢸⠀⢀⠀│ 
                     │⡇⡇⠀⣿⣿⢸⡇⢰⢸⡇⠀⡇⡆⢸⡆⡄⣿⠀⠀⢸⡇⠀⠀⣿⢠⢰⡇⢰⣼⠀⢸⡇⡆⢸⡇⣿⢸⠀⢸⢰│ 
                     │⡇⣷⢠⣿⣿⢸⡇⢸⢸⡇⢀⡇⣇⣼⡇⣇⣿⠀⢠⢸⡇⡄⠀⣿⣸⢸⣇⣼⣿⡀⢸⡇⡇⢸⡇⣿⣾⡄⢸⢸│ 
                     │⡇⣿⣼⣿⣿⣾⣧⢸⢸⡇⣾⣿⣿⣿⣧⣿⣿⣴⢸⣾⡇⡇⣰⣿⣿⣾⣿⣿⣿⣷⢸⡇⡇⣼⡇⣿⣿⣇⣼⢸│ 
                     │⡇⣿⣿⣿⣿⣿⣿⣸⣸⣿⣿⣿⣿⣿⣿⣿⣿⣿⣸⣿⣿⣇⣿⣿⣿⣿⣿⣿⣿⣿⣿⣇⣇⣿⡇⣿⣿⣿⣿⢸│ 
                     │⣷⣿⣿⣿⠋⣿⣿⣿⣿⣿⣿⣿⣿⣿⣿⣿⣿⣿⣿⣿⣿⣿⣿⣿⣿⣿⣿⣿⣿⣿⣿⣿⣿⣿⣿⠉⣿⢸⣿⣾│ 
                   0 │⠻⣿⠟⣿⠀⠻⣿⣿⣿⢿⣿⡿⢻⣿⣿⡿⢸⣿⣿⡿⢿⣿⣿⣿⢿⣿⣿⡟⢿⢻⣿⣿⣿⣿⠿⠀⣿⠸⣿⠿│ 
                     └────────────────────────────────────────┘ 
                     ⠀0⠀⠀⠀⠀⠀⠀⠀⠀⠀⠀⠀⠀⠀⠀⠀⠀⠀⠀⠀⠀⠀⠀⠀⠀⠀⠀⠀⠀⠀⠀⠀⠀⠀⠀⠀2000⠀ 
                     ⠀⠀⠀⠀⠀⠀⠀⠀⠀⠀⠀⠀⠀⠀⠀⠀⠀Molecule⠀⠀⠀⠀⠀⠀⠀⠀⠀⠀⠀⠀⠀⠀⠀⠀⠀ 

Exciton profile at time = 47.0 ps
                     ┌────────────────────────────────────────┐ 
               0.003 │⠀⡆⠀⠀⠀⠀⠀⠀⠀⠀⠀⠀⠀⠀⠀⠀⠀⠀⠀⠀⠀⠀⠀⠀⠀⠀⠀⠀⠀⠀⠀⠀⠀⠀⠀⠀⠀⠀⢰⠀│ 
                     │⠀⡇⠀⠀⠀⠀⠀⠀⠀⠀⠀⠀⠀⠀⠀⠀⠀⠀⠀⠀⠀⠀⠀⠀⠀⠀⠀⠀⠀⠀⠀⠀⠀⠀⠀⠀⠀⠀⢸⠀│ 
                     │⠀⡇⠀⠀⠀⠀⠀⠀⠀⠀⠀⠀⠀⠀⠀⠀⠀⠀⢸⠀⠀⡇⠀⠀⠀⠀⠀⠀⠀⠀⠀⠀⠀⠀⠀⠀⠀⠀⢸⠀│ 
                     │⠀⡇⠀⠀⠀⠀⠀⠀⠀⠀⠀⠀⠀⠀⠀⠀⠀⠀⢸⠀⠀⡇⠀⠀⠀⠀⠀⠀⠀⠀⠀⠀⠀⠀⠀⠀⠀⠀⢸⠀│ 
                     │⠀⡇⠀⠀⠀⠀⠀⠀⠀⠀⠀⠀⠀⠀⠀⠀⡀⠀⢸⠀⠀⡇⠀⢀⠀⠀⠀⠀⠀⠀⠀⠀⠀⠀⠀⠀⠀⠀⢸⠀│ 
                     │⠀⡇⠀⠀⠀⠀⠀⠀⠀⠀⠀⠀⠀⠀⠀⠀⡇⠀⢸⠀⠀⣇⠀⢸⡀⠀⠀⠀⠀⠀⠀⠀⠀⠀⠀⠀⠀⠀⢸⠀│ 
                     │⠀⡇⠀⠀⠀⡄⠀⢠⢀⠀⠀⢰⠀⠀⠀⠀⡇⠀⢸⠀⠀⣿⠀⢸⡇⠀⠀⠀⡆⠀⠀⡀⡄⠀⢠⠀⠀⠀⢸⠀│ 
   Probability       │⠀⡇⢸⠀⠀⡇⠀⣸⣼⠀⠀⢸⠀⠀⡇⡀⡇⠀⢸⠀⠀⣿⠀⢸⣇⢸⠀⠀⡇⠀⠀⡇⣇⠀⢸⠀⠀⡇⢸⠀│ 
                     │⡇⡇⢸⠀⠀⣧⡀⣿⣿⢠⠀⢸⡆⠀⣧⣇⡇⠀⢸⠀⠀⣿⠀⢸⣿⣼⠀⢰⡇⠀⣄⡇⣿⡄⣼⠀⠀⡇⢸⢠│ 
                     │⡇⡇⢸⠀⡆⣿⡇⣿⣿⢸⠀⢸⣧⠀⣿⣿⡇⡇⣿⠀⠀⣿⢸⢸⣿⣿⠀⢸⡇⠀⣿⣧⣿⡇⣿⣶⠀⣇⢸⣼│ 
                     │⡇⣿⢸⠀⡇⣿⣇⣿⣿⣾⢸⢸⣿⠀⣿⣿⡇⡇⣿⠀⠀⣿⢸⢸⣿⣿⠀⢸⡇⡇⣿⣿⣿⣿⣿⣿⠀⣿⣿⣿│ 
                     │⡇⣿⣾⡇⣧⣿⣿⣿⣿⣿⢸⢸⣿⠀⣿⣿⡇⣇⣿⢀⡄⣿⣸⢸⣿⣿⠀⣿⡇⡇⣿⣿⣿⣿⣿⣿⢀⣿⣿⣿│ 
                     │⣷⣿⣿⣷⣿⣿⣿⣿⣿⣿⣿⣸⣿⣦⣿⣿⣿⣿⣿⣿⣿⣿⣿⣿⣿⣿⣴⣿⣷⣿⣿⣿⢹⣿⣿⣿⣾⣿⣿⣿│ 
                     │⣿⡇⣿⣿⣿⢸⣿⡿⢻⣿⣿⣿⣿⣿⡏⣿⣿⣿⣿⣿⣿⣿⣿⣿⣿⣿⣿⣿⣿⣿⣿⡟⢸⣿⣿⣿⣿⣿⢿⣿│ 
                   0 │⣿⠃⣿⣿⣿⢸⠿⡇⠸⡿⡿⣿⣿⣿⠇⣿⢿⣿⣿⢻⡟⣿⣿⣿⣿⠻⣿⡿⣿⢿⢿⠇⢸⠿⡏⢻⣿⣿⠘⣿│ 
                     └────────────────────────────────────────┘ 
                     ⠀0⠀⠀⠀⠀⠀⠀⠀⠀⠀⠀⠀⠀⠀⠀⠀⠀⠀⠀⠀⠀⠀⠀⠀⠀⠀⠀⠀⠀⠀⠀⠀⠀⠀⠀⠀2000⠀ 
                     ⠀⠀⠀⠀⠀⠀⠀⠀⠀⠀⠀⠀⠀⠀⠀⠀⠀Molecule⠀⠀⠀⠀⠀⠀⠀⠀⠀⠀⠀⠀⠀⠀⠀⠀⠀ 

Exciton profile at time = 48.0 ps
                     ┌────────────────────────────────────────┐ 
               0.003 │⠀⠀⠀⠀⠀⠀⠀⠀⠀⠀⠀⠀⠀⠀⠀⠀⠀⠀⠀⠀⠀⠀⠀⠀⠀⠀⠀⠀⠀⠀⠀⠀⠀⠀⠀⠀⠀⠀⠀⠀│ 
                     │⠀⠀⠀⠀⠀⠀⠀⠀⠀⠀⠀⠀⠀⠀⠀⠀⠀⠀⠀⠀⠀⠀⠀⠀⠀⠀⠀⠀⠀⠀⠀⠀⠀⠀⠀⠀⠀⠀⠀⠀│ 
                     │⠀⠀⠀⠀⠀⠀⠀⠀⠀⠀⠀⠀⠀⠀⠀⠀⠀⠀⠀⠀⠀⠀⠀⠀⠀⠀⠀⠀⠀⠀⠀⠀⠀⠀⠀⠀⠀⠀⠀⠀│ 
                     │⠀⠀⡀⢠⠀⠀⡀⠀⠀⠀⠀⠀⠀⠀⠀⠀⠀⠀⠀⠀⠀⠀⠀⠀⠀⠀⠀⠀⠀⠀⠀⠀⠀⢀⠀⠀⡄⠀⡀⠀│ 
                     │⠀⢠⡇⢸⠀⡆⡇⠀⠀⠀⢀⠀⠀⠀⠀⠀⠀⠀⠀⠀⠀⠀⠀⠀⠀⠀⠀⠀⠀⡀⠀⠀⠀⢸⢰⠀⡇⢸⡇⠀│ 
                     │⠀⢸⡇⢸⠀⡇⡇⠀⠀⢸⣾⠀⠀⠀⠀⠀⡀⠀⠀⠀⠀⠀⠀⢀⠀⠀⠀⠀⠀⡇⡇⠀⠀⢸⢸⠀⡇⢸⡇⠀│ 
                     │⠀⢸⡇⢸⠀⡇⡇⠀⠀⢸⣿⠀⠀⠀⠀⠀⡇⡆⠀⠀⠀⠀⢰⢸⠀⠀⠀⠀⠀⡇⡇⠀⠀⢸⢸⠀⡇⢸⡇⠀│ 
   Probability       │⡆⢸⡇⢸⠀⡇⡇⠀⠀⢸⣿⠀⠀⠀⠀⢠⡇⣧⠀⠀⡄⠀⣼⢸⣤⠀⠀⠀⠀⣇⡇⠀⠀⢸⢸⠀⡇⢸⡇⢀│ 
                     │⡇⢸⡇⢸⠀⡇⡇⠀⠀⢸⣿⢸⠀⢸⠀⢸⣿⣿⢸⢸⡇⡇⣿⢸⣿⠀⡇⠀⡇⣿⡇⠀⠀⢸⢸⠀⡇⢸⡇⢸│ 
                     │⡇⢸⣷⢸⠀⣷⡇⠀⢠⢸⣿⢸⢰⣾⠀⣿⣿⣿⢸⢸⡇⡇⣿⢸⣿⠀⣷⡆⣧⣿⡇⡄⠀⢸⢸⠀⡇⣾⡇⢸│ 
                     │⡇⢸⣿⢸⠀⣿⡇⢸⢸⣿⣿⣿⣿⣿⡄⣿⣿⣿⢸⢸⡇⡇⣿⢸⣿⢠⣿⣿⣿⣿⡇⡇⡇⢸⢸⠀⡇⣿⡇⢸│ 
                     │⡇⢸⣿⣸⠀⣿⡇⢸⣾⣿⣿⣿⣿⣿⡇⣿⣿⣿⣼⢸⡇⣧⣿⣼⣿⢸⣿⣿⣿⣿⣧⣷⡇⢸⣸⠀⣇⣿⡇⢸│ 
                     │⣷⢸⣿⣿⣧⣿⣇⣾⣿⣿⣿⣿⣿⣿⣷⣿⣿⣿⣿⢸⣇⣿⣿⣿⣿⣾⣿⣿⣿⣿⣿⣿⣷⣾⣿⣶⣿⣿⡇⣾│ 
                     │⣿⣿⣿⣿⣿⣿⣿⣿⣿⣿⣿⣿⣿⣿⣿⣿⣿⣿⣿⣸⣿⣿⣿⣿⣿⣿⣿⣿⣿⣿⣿⣿⣿⣿⣿⣿⣿⣿⣿⣿│ 
                   0 │⣿⣿⠻⠿⣿⢿⣿⡿⡟⡿⠘⠟⡿⣿⣿⠇⣿⡿⡿⣿⣿⢿⠏⣿⠸⣿⣿⠿⡿⠇⢿⠻⣿⣿⡿⣿⠿⠟⣿⣿│ 
                     └────────────────────────────────────────┘ 
                     ⠀0⠀⠀⠀⠀⠀⠀⠀⠀⠀⠀⠀⠀⠀⠀⠀⠀⠀⠀⠀⠀⠀⠀⠀⠀⠀⠀⠀⠀⠀⠀⠀⠀⠀⠀⠀2000⠀ 
                     ⠀⠀⠀⠀⠀⠀⠀⠀⠀⠀⠀⠀⠀⠀⠀⠀⠀Molecule⠀⠀⠀⠀⠀⠀⠀⠀⠀⠀⠀⠀⠀⠀⠀⠀⠀ 

Exciton profile at time = 49.0 ps
                     ┌────────────────────────────────────────┐ 
               0.003 │⠀⠀⠀⠀⠀⠀⠀⠀⠀⠀⠀⠀⠀⠀⠀⠀⠀⠀⠀⠀⠀⠀⠀⠀⠀⠀⠀⠀⠀⠀⠀⠀⠀⠀⠀⠀⠀⠀⠀⠀│ 
                     │⠀⠀⠀⠀⠀⠀⠀⠀⠀⡄⠀⠀⠀⠀⠀⠀⠀⠀⠀⠀⠀⠀⠀⠀⠀⠀⠀⠀⠀⠀⢠⠀⠀⠀⠀⠀⠀⠀⠀⠀│ 
                     │⠀⠀⠀⠀⠀⠀⠀⠀⠀⡇⠀⠀⠀⠀⠀⠀⠀⠀⠀⠀⠀⠀⠀⠀⠀⠀⠀⠀⠀⠀⢸⠀⠀⠀⠀⠀⠀⠀⠀⠀│ 
                     │⠀⠀⢸⠀⠀⠀⠀⠀⠀⡇⠀⠀⠀⠀⠀⠀⠀⠀⠀⠀⠀⠀⠀⠀⠀⠀⠀⠀⠀⠀⢸⠀⠀⠀⠀⠀⠀⡇⠀⠀│ 
                     │⠀⠀⢸⠀⠀⠀⠀⠀⠀⡇⠀⠀⠀⢠⠀⠀⠀⠀⠀⠀⠀⠀⠀⠀⠀⠀⣠⠀⠀⠀⢸⠀⠀⠀⠀⠀⠀⡇⠀⠀│ 
                     │⢸⠀⢸⠀⠀⠀⠀⠀⠀⡇⠀⠀⢰⣼⠀⡄⠀⢸⠀⠀⠀⠀⡇⠀⢠⠀⣿⣶⠀⠀⢸⠀⠀⠀⠀⠀⠀⡇⠀⣇│ 
                     │⢸⠀⢸⠀⠀⠀⠀⠀⠀⣷⠀⢀⣿⣿⠀⡇⠀⢸⠀⠀⠀⠀⡇⠀⢸⠀⣿⣿⡀⠀⢸⠀⠀⠀⠀⠀⠀⡇⠀⣿│ 
   Probability       │⢸⠀⢸⠀⣠⠀⠀⠀⠀⣿⠀⢸⣿⣿⠀⡇⠀⢸⠀⠀⠀⠀⡇⠀⢸⠀⣿⣿⡇⠀⢸⠀⠀⠀⠀⢠⠀⡇⠀⣿│ 
                     │⣿⠀⢸⠀⣿⠀⠀⠀⠀⣿⡇⢸⣿⣿⠀⣇⠀⢸⠀⠀⠀⠀⡇⠀⣸⠀⣿⣿⡇⢀⣿⠀⠀⠀⠀⣾⠀⡇⠀⣿│ 
                     │⣿⠀⢸⠀⣿⣷⠀⠀⢰⣿⡇⣸⣿⣿⠀⣿⢸⢸⠀⢀⡀⠀⡇⡇⣿⠀⣿⣿⣇⢸⣿⡆⠀⠀⣾⣿⠀⡇⠀⣿│ 
                     │⣿⠀⢸⠀⣿⣿⡆⠀⣾⣿⡇⣿⣿⣿⢠⣿⣾⣾⣇⢸⡇⣸⣷⣷⣿⡄⣿⣿⣿⢸⣿⣷⠀⢰⣿⣿⠀⡇⠀⣿│ 
                     │⣿⡇⣿⣸⣿⣿⣇⣠⣿⣿⣧⣿⣿⣿⣸⣿⣿⣿⣿⢸⡇⣿⣿⣿⣿⣇⣿⣿⣿⣸⣿⣿⡄⣸⣿⣿⣇⣿⢸⣿│ 
                     │⣿⣇⣿⣿⣿⣿⣿⣿⣿⣿⣿⣿⣿⣿⣿⣿⣿⣿⣿⢸⣷⣿⣿⣿⣿⣿⣿⣿⣿⣿⣿⣿⣷⣿⣿⣿⣿⣿⣸⣿│ 
                     │⣿⣿⣿⣿⣿⣿⣿⣿⣿⣿⣿⣿⣿⣿⣿⡟⣿⣿⣿⣼⣿⣿⣿⣿⢻⣿⣿⣿⣿⣿⣿⣿⣿⣿⣿⣿⣿⣿⣿⣿│ 
                   0 │⠻⢿⠹⠛⢿⣿⣿⣿⠈⢻⣿⣿⠋⣿⢿⡇⢹⡟⣿⣿⣿⣿⢿⡏⢸⣿⣿⠙⣿⣿⡏⠃⣿⡟⣿⡿⠛⠏⣿⠟│ 
                     └────────────────────────────────────────┘ 
                     ⠀0⠀⠀⠀⠀⠀⠀⠀⠀⠀⠀⠀⠀⠀⠀⠀⠀⠀⠀⠀⠀⠀⠀⠀⠀⠀⠀⠀⠀⠀⠀⠀⠀⠀⠀⠀2000⠀ 
                     ⠀⠀⠀⠀⠀⠀⠀⠀⠀⠀⠀⠀⠀⠀⠀⠀⠀Molecule⠀⠀⠀⠀⠀⠀⠀⠀⠀⠀⠀⠀⠀⠀⠀⠀⠀ 

Exciton profile at time = 50.0 ps
                     ┌────────────────────────────────────────┐ 
               0.003 │⠀⠀⠀⠀⠀⠀⠀⠀⠀⠀⠀⠀⠀⠀⠀⠀⠀⠀⠀⠀⠀⠀⠀⠀⠀⠀⠀⠀⠀⠀⠀⠀⠀⠀⠀⠀⠀⠀⠀⠀│ 
                     │⠀⠀⠀⠀⠀⠀⠀⠀⠀⠀⠀⠀⠀⠀⠀⠀⠀⠀⠀⠀⠀⠀⠀⠀⠀⠀⠀⠀⠀⠀⠀⠀⠀⠀⠀⠀⠀⠀⠀⠀│ 
                     │⠀⠀⠀⠀⠀⠀⠀⢀⠀⠀⠀⠀⠀⠀⠀⡆⠀⠀⠀⠀⠀⠀⠀⠀⢰⠀⠀⠀⠀⠀⠀⠀⡀⠀⠀⠀⠀⠀⠀⠀│ 
                     │⠀⠀⠀⠀⠀⠀⠀⢸⠀⠀⠀⠀⠀⠀⠀⡇⠀⠀⠀⠀⠀⠀⠀⠀⢸⠀⠀⠀⠀⠀⠀⠀⡇⠀⠀⠀⠀⠀⠀⠀│ 
                     │⠀⠀⠀⠀⠀⠀⠀⢸⠀⠀⠀⠀⠀⠀⠀⡇⠀⠀⢀⠀⠀⡀⠀⠀⢸⠀⠀⠀⠀⠀⠀⠀⡇⠀⠀⠀⠀⠀⠀⠀│ 
                     │⠀⠀⠀⡇⠀⠀⢠⢸⠀⠀⠀⠀⠀⠀⠀⡇⠀⠀⢸⠀⠀⡇⠀⠀⢸⠀⠀⠀⠀⠀⠀⠀⡇⡄⠀⠀⢸⠀⠀⠀│ 
                     │⠀⠀⠀⡇⠀⠀⢸⢸⠀⠀⡀⠀⠀⠀⠀⡇⠀⠀⢸⠀⠀⡇⠀⠀⢸⠀⠀⠀⠀⢀⠀⠀⡇⡇⠀⠀⢸⠀⠀⠀│ 
   Probability       │⢀⠀⡀⡇⢠⡆⣾⢸⠀⠀⡇⠀⠀⠀⢰⡇⠀⠀⢸⠀⠀⡇⠀⠀⢸⡆⠀⠀⠀⢸⠀⠀⡇⣷⠀⡆⢸⢀⠀⡀│ 
                     │⢸⠀⡇⡇⢸⡇⣿⣸⠀⠀⣷⠀⢰⡆⢸⡇⠀⠀⣼⡀⢀⣧⠀⠀⢸⡇⠀⡆⠀⢸⠀⠀⣇⣿⢠⡇⢸⢸⠀⡇│ 
                     │⣿⢀⡇⡇⢸⡇⣿⣿⠀⠀⣿⢠⢸⡇⢸⡇⠀⠀⣿⡇⢸⣿⠀⠀⢸⡇⠀⡇⡄⣼⠀⠀⣿⣿⢸⡇⢸⢸⡆⣷│ 
                     │⣿⢸⡇⡇⢸⣇⣿⣿⠀⠀⣿⣾⣸⣷⢸⣷⠀⠀⣿⡇⢸⣿⠀⠀⣾⡇⣶⣇⣷⣿⠀⠀⣿⣿⣸⡇⢸⢸⡇⣿│ 
                     │⣿⣾⣇⡇⢸⣿⣿⣿⡇⠀⣿⣿⣿⣿⢸⣿⣿⠀⣿⡇⢸⣿⡄⢸⣿⡇⣿⣿⣿⣿⠀⢸⣿⣿⣿⡇⢸⣸⣷⣿│ 
                     │⣿⣿⣿⣿⣾⣿⣿⣿⣧⣾⣿⣿⣿⣿⣾⣿⣿⡆⣿⣧⣾⣿⣷⣾⣿⣧⣿⣿⣿⣿⣷⣼⣿⣿⣿⣷⣼⣿⣿⣿│ 
                     │⣿⣿⣿⣿⣿⣿⣿⣿⣿⣿⣿⣿⣿⣿⣿⣿⣿⣿⡟⣿⣿⢻⣿⣿⣿⣿⣿⣿⣿⣿⣿⣿⣿⣿⣿⣿⣿⣿⣿⣿│ 
                   0 │⣿⢸⣿⢹⢻⣿⡟⠻⣿⣿⡟⡿⣿⡟⣿⣿⣿⣿⡇⣿⢿⢸⣿⣿⣿⣿⢻⣿⢿⠛⣿⣿⠏⢻⣿⡟⡏⣿⡇⣿│ 
                     └────────────────────────────────────────┘ 
                     ⠀0⠀⠀⠀⠀⠀⠀⠀⠀⠀⠀⠀⠀⠀⠀⠀⠀⠀⠀⠀⠀⠀⠀⠀⠀⠀⠀⠀⠀⠀⠀⠀⠀⠀⠀⠀2000⠀ 
                     ⠀⠀⠀⠀⠀⠀⠀⠀⠀⠀⠀⠀⠀⠀⠀⠀⠀Molecule⠀⠀⠀⠀⠀⠀⠀⠀⠀⠀⠀⠀⠀⠀⠀⠀⠀ 
Time evolution computations finished.
Mean square displacement saved as "mean_square_disp" in /fire/ribeiro/gjribei/QuantumEnergyDiffusion/Data/size_study/Nm2000_Nc200_R0p05_a20_0_Em2_0_sx60/out.h5
Time range [t0, δt, tf] saved as "time_range" in /fire/ribeiro/gjribei/QuantumEnergyDiffusion/Data/size_study/Nm2000_Nc200_R0p05_a20_0_Em2_0_sx60/out.h5
Exiting code sucessfully.
October, 06 2022 - 20:42:20
