Initilizing Simulation.
December, 21 2023 - 09:43:08
Starting Realization 1
           ---Quantum System Input Parameters---       

              # Light-Matter Interaction #             
Rabi Frequency (ΩR):                                   0.1 eV

                # Molecular Properties #               
Number of molecules (Nm):                              5000
Average intermolecular distance (a):                   10.0 nm
Intermolecular distance standard deviation (σa):       1.0 nm
Average molecular excitation energy (ωM):              5.0 eV
Molecular excitation energy standard deviation (σM):   0.005 eV

                # Cavity/Wire Properties #               
Number of positive cavity modes (Nc):                  500
Cavity y dimension size (Ly):                          200 nm
Cavity z dimension size (Lz):                          400 nm
y-momentum quantum number (ny):                        1
z-momentum quantum number (nz):                        1
Index of refraction squared (ϵ):                       3.0

Length along x (Nm * a) 50000.00000000 nm

 Minimum Cavity energy:    2.0007863989
 Maximum Cavity energy:    7.4325915905

 # Total System Dimensions: 6001x6001
Memory required for Hamiltonian Matrix: 0.576 Gb | 576.192 Mb

## Constructing Hamiltonian Matrix
Allocating memory... Done.
Populating diagonal... Done.
Populating off-diagonal... Done.

## Diagonalization
BLAS Config: LBTConfig([ILP64] libmkl_rt.so, [LP64] libmkl_rt.so)
BLAS Number of Threads: 28

Diagonalization started... Done in  170.66083 seconds.


 --- System Summary

 Molecular Energies (eV)
